<html>
<head>
<title>TestNG:  Test</title>
<link href="../testng.css" rel="stylesheet" type="text/css" />
<link href="../my-testng.css" rel="stylesheet" type="text/css" />

<style type="text/css">
.log { display: none;} 
.stack-trace { display: none;} 
</style>
<script type="text/javascript">
<!--
function flip(e) {
  current = e.style.display;
  if (current == 'block') {
    e.style.display = 'none';
    return 0;
  }
  else {
    e.style.display = 'block';
    return 1;
  }
}

function toggleBox(szDivId, elem, msg1, msg2)
{
  var res = -1;  if (document.getElementById) {
    res = flip(document.getElementById(szDivId));
  }
  else if (document.all) {
    // this is the way old msie versions work
    res = flip(document.all[szDivId]);
  }
  if(elem) {
    if(res == 0) elem.innerHTML = msg1; else elem.innerHTML = msg2;
  }

}

function toggleAllBoxes() {
  if (document.getElementsByTagName) {
    d = document.getElementsByTagName('div');
    for (i = 0; i < d.length; i++) {
      if (d[i].className == 'log') {
        flip(d[i]);
      }
    }
  }
}

// -->
</script>

</head>
<body>
<h2 align='center'>Test</h2><table border='1' align="center">
<tr>
<td>Tests passed/Failed/Skipped:</td><td>0/49/0</td>
</tr><tr>
<td>Started on:</td><td>Wed Nov 30 17:01:12 ICT 2022</td>
</tr>
<tr><td>Total time:</td><td>3 seconds (3659 ms)</td>
</tr><tr>
<td>Included groups:</td><td></td>
</tr><tr>
<td>Excluded groups:</td><td></td>
</tr>
</table><p/>
<small><i>(Hover the method name to see the test class name)</i></small><p/>
<table width='100%' border='1' class='invocation-failed'>
<tr><td colspan='4' align='center'><b>FAILED TESTS</b></td></tr>
<tr><td><b>Test method</b></td>
<td width="30%"><b>Exception</b></td>
<td width="10%"><b>Time (seconds)</b></td>
<td><b>Instance</b></td>
</tr>
<tr>
<td title='com.etl.test.testscripts.TestCycIntf.CYCINTF_08__CYC_INTF__SRC_STM_NM_CheckValidateValues()'><b>CYCINTF_08__CYC_INTF__SRC_STM_NM_CheckValidateValues</b><br>Test class: com.etl.test.testscripts.TestCycIntf</td>
<td><div><pre>java.sql.SQLSyntaxErrorException: ORA-01756: quoted string not properly terminated

	at oracle.jdbc.driver.T4CTTIoer11.processError(T4CTTIoer11.java:629)
	at oracle.jdbc.driver.T4CTTIoer11.processError(T4CTTIoer11.java:563)
	at oracle.jdbc.driver.T4C8Oall.processError(T4C8Oall.java:1150)
	at oracle.jdbc.driver.T4CTTIfun.receive(T4CTTIfun.java:770)
	at oracle.jdbc.driver.T4CTTIfun.doRPC(T4CTTIfun.java:298)
	at oracle.jdbc.driver.T4C8Oall.doOALL(T4C8Oall.java:497)
	at oracle.jdbc.driver.T4CStatement.doOall8(T4CStatement.java:111)
	at oracle.jdbc.driver.T4CStatement.executeForDescribe(T4CStatement.java:895)
	at oracle.jdbc.driver.OracleStatement.prepareDefineBufferAndExecute(OracleStatement.java:1171)
	at oracle.jdbc.driver.OracleStatement.executeMaybeDescribe(OracleStatement.java:1100)
	at oracle.jdbc.driver.OracleStatement.executeSQLSelect(OracleStatement.java:1425)
	at oracle.jdbc.driver.OracleStatement.doExecuteWithTimeout(OracleStatement.java:1308)
	at oracle.jdbc.driver.OracleStatement.executeQuery(OracleStatement.java:1712)
	at oracle.jdbc.driver.OracleStatementWrapper.executeQuery(OracleStatementWrapper.java:393)
	at com.etl.common.database.DatabaseUtils.getColumnValues(DatabaseUtils.java:253)
	at com.etl.common.database.DatabaseUtils.getDiffResultQueries(DatabaseUtils.java:236)
	at com.etl.test.testscripts.TestCycIntf.CYCINTF_08__CYC_INTF__SRC_STM_NM_CheckValidateValues(TestCycIntf.java:192)
	at java.base/java.util.ArrayList.forEach(ArrayList.java:1511)
Caused by: Error : 1756, Position : 25, Sql = Select CYCLE_ID,CALL TEAM&apos; From CLOSED_CYCLE, OriginalSql = Select CYCLE_ID,CALL TEAM&apos; From CLOSED_CYCLE, Error Msg = ORA-01756: quoted string not properly terminated

	at oracle.jdbc.driver.T4CTTIoer11.processError(T4CTTIoer11.java:636)
	... 43 more
... Removed 26 stack frames</pre></div><a href='#' onClick='toggleBox("stack-trace90380642", this, "Click to show all stack frames", "Click to hide stack frames")'>Click to show all stack frames</a>
<div class='stack-trace' id='stack-trace90380642'><pre>java.sql.SQLSyntaxErrorException: ORA-01756: quoted string not properly terminated

	at oracle.jdbc.driver.T4CTTIoer11.processError(T4CTTIoer11.java:629)
	at oracle.jdbc.driver.T4CTTIoer11.processError(T4CTTIoer11.java:563)
	at oracle.jdbc.driver.T4C8Oall.processError(T4C8Oall.java:1150)
	at oracle.jdbc.driver.T4CTTIfun.receive(T4CTTIfun.java:770)
	at oracle.jdbc.driver.T4CTTIfun.doRPC(T4CTTIfun.java:298)
	at oracle.jdbc.driver.T4C8Oall.doOALL(T4C8Oall.java:497)
	at oracle.jdbc.driver.T4CStatement.doOall8(T4CStatement.java:111)
	at oracle.jdbc.driver.T4CStatement.executeForDescribe(T4CStatement.java:895)
	at oracle.jdbc.driver.OracleStatement.prepareDefineBufferAndExecute(OracleStatement.java:1171)
	at oracle.jdbc.driver.OracleStatement.executeMaybeDescribe(OracleStatement.java:1100)
	at oracle.jdbc.driver.OracleStatement.executeSQLSelect(OracleStatement.java:1425)
	at oracle.jdbc.driver.OracleStatement.doExecuteWithTimeout(OracleStatement.java:1308)
	at oracle.jdbc.driver.OracleStatement.executeQuery(OracleStatement.java:1712)
	at oracle.jdbc.driver.OracleStatementWrapper.executeQuery(OracleStatementWrapper.java:393)
	at com.etl.common.database.DatabaseUtils.getColumnValues(DatabaseUtils.java:253)
	at com.etl.common.database.DatabaseUtils.getDiffResultQueries(DatabaseUtils.java:236)
	at com.etl.test.testscripts.TestCycIntf.CYCINTF_08__CYC_INTF__SRC_STM_NM_CheckValidateValues(TestCycIntf.java:192)
	at java.base/jdk.internal.reflect.DirectMethodHandleAccessor.invoke(DirectMethodHandleAccessor.java:104)
	at java.base/java.lang.reflect.Method.invoke(Method.java:578)
	at org.testng.internal.MethodInvocationHelper.invokeMethod(MethodInvocationHelper.java:133)
	at org.testng.internal.TestInvoker.invokeMethod(TestInvoker.java:598)
	at org.testng.internal.TestInvoker.invokeTestMethod(TestInvoker.java:173)
	at org.testng.internal.MethodRunner.runInSequence(MethodRunner.java:46)
	at org.testng.internal.TestInvoker$MethodInvocationAgent.invoke(TestInvoker.java:824)
	at org.testng.internal.TestInvoker.invokeTestMethods(TestInvoker.java:146)
	at org.testng.internal.TestMethodWorker.invokeTestMethods(TestMethodWorker.java:146)
	at org.testng.internal.TestMethodWorker.run(TestMethodWorker.java:128)
	at java.base/java.util.ArrayList.forEach(ArrayList.java:1511)
	at org.testng.TestRunner.privateRun(TestRunner.java:794)
	at org.testng.TestRunner.run(TestRunner.java:596)
	at org.testng.SuiteRunner.runTest(SuiteRunner.java:377)
	at org.testng.SuiteRunner.runSequentially(SuiteRunner.java:371)
	at org.testng.SuiteRunner.privateRun(SuiteRunner.java:332)
	at org.testng.SuiteRunner.run(SuiteRunner.java:276)
	at org.testng.SuiteRunnerWorker.runSuite(SuiteRunnerWorker.java:53)
	at org.testng.SuiteRunnerWorker.run(SuiteRunnerWorker.java:96)
	at org.testng.TestNG.runSuitesSequentially(TestNG.java:1212)
	at org.testng.TestNG.runSuitesSequentially(TestNG.java:1207)
	at org.testng.TestNG.runSuitesLocally(TestNG.java:1134)
	at org.testng.TestNG.runSuites(TestNG.java:1063)
	at org.testng.TestNG.run(TestNG.java:1031)
	at org.testng.remote.AbstractRemoteTestNG.run(AbstractRemoteTestNG.java:115)
	at org.testng.remote.RemoteTestNG.initAndRun(RemoteTestNG.java:251)
	at org.testng.remote.RemoteTestNG.main(RemoteTestNG.java:77)
Caused by: Error : 1756, Position : 25, Sql = Select CYCLE_ID,CALL TEAM&apos; From CLOSED_CYCLE, OriginalSql = Select CYCLE_ID,CALL TEAM&apos; From CLOSED_CYCLE, Error Msg = ORA-01756: quoted string not properly terminated

	at oracle.jdbc.driver.T4CTTIoer11.processError(T4CTTIoer11.java:636)
	... 43 more
</pre></div></td>
<td>0</td>
<td>com.etl.test.testscripts.TestCycIntf@37858383</td></tr>
<tr>
<td title='com.etl.test.testscripts.TestCycIntf.CYCINTF_36__CYC_INTF__CRN_ROW_IND_Updaterecorddata()'><b>CYCINTF_36__CYC_INTF__CRN_ROW_IND_Updaterecorddata</b><br>Test class: com.etl.test.testscripts.TestCycIntf</td>
<td><div><pre>java.sql.SQLException: SQL statement to execute cannot be empty or null
	at oracle.jdbc.driver.OracleSql.initialize(OracleSql.java:126)
	at oracle.jdbc.driver.OracleStatement.executeQuery(OracleStatement.java:1702)
	at oracle.jdbc.driver.OracleStatementWrapper.executeQuery(OracleStatementWrapper.java:393)
	at com.etl.common.database.DatabaseUtils.getColumnValues(DatabaseUtils.java:253)
	at com.etl.common.database.DatabaseUtils.getDiffResultQueries(DatabaseUtils.java:236)
	at com.etl.test.testscripts.TestCycIntf.CYCINTF_36__CYC_INTF__CRN_ROW_IND_Updaterecorddata(TestCycIntf.java:838)
	at java.base/java.util.ArrayList.forEach(ArrayList.java:1511)
... Removed 26 stack frames</pre></div><a href='#' onClick='toggleBox("stack-trace1269339945", this, "Click to show all stack frames", "Click to hide stack frames")'>Click to show all stack frames</a>
<div class='stack-trace' id='stack-trace1269339945'><pre>java.sql.SQLException: SQL statement to execute cannot be empty or null
	at oracle.jdbc.driver.OracleSql.initialize(OracleSql.java:126)
	at oracle.jdbc.driver.OracleStatement.executeQuery(OracleStatement.java:1702)
	at oracle.jdbc.driver.OracleStatementWrapper.executeQuery(OracleStatementWrapper.java:393)
	at com.etl.common.database.DatabaseUtils.getColumnValues(DatabaseUtils.java:253)
	at com.etl.common.database.DatabaseUtils.getDiffResultQueries(DatabaseUtils.java:236)
	at com.etl.test.testscripts.TestCycIntf.CYCINTF_36__CYC_INTF__CRN_ROW_IND_Updaterecorddata(TestCycIntf.java:838)
	at java.base/jdk.internal.reflect.DirectMethodHandleAccessor.invoke(DirectMethodHandleAccessor.java:104)
	at java.base/java.lang.reflect.Method.invoke(Method.java:578)
	at org.testng.internal.MethodInvocationHelper.invokeMethod(MethodInvocationHelper.java:133)
	at org.testng.internal.TestInvoker.invokeMethod(TestInvoker.java:598)
	at org.testng.internal.TestInvoker.invokeTestMethod(TestInvoker.java:173)
	at org.testng.internal.MethodRunner.runInSequence(MethodRunner.java:46)
	at org.testng.internal.TestInvoker$MethodInvocationAgent.invoke(TestInvoker.java:824)
	at org.testng.internal.TestInvoker.invokeTestMethods(TestInvoker.java:146)
	at org.testng.internal.TestMethodWorker.invokeTestMethods(TestMethodWorker.java:146)
	at org.testng.internal.TestMethodWorker.run(TestMethodWorker.java:128)
	at java.base/java.util.ArrayList.forEach(ArrayList.java:1511)
	at org.testng.TestRunner.privateRun(TestRunner.java:794)
	at org.testng.TestRunner.run(TestRunner.java:596)
	at org.testng.SuiteRunner.runTest(SuiteRunner.java:377)
	at org.testng.SuiteRunner.runSequentially(SuiteRunner.java:371)
	at org.testng.SuiteRunner.privateRun(SuiteRunner.java:332)
	at org.testng.SuiteRunner.run(SuiteRunner.java:276)
	at org.testng.SuiteRunnerWorker.runSuite(SuiteRunnerWorker.java:53)
	at org.testng.SuiteRunnerWorker.run(SuiteRunnerWorker.java:96)
	at org.testng.TestNG.runSuitesSequentially(TestNG.java:1212)
	at org.testng.TestNG.runSuitesSequentially(TestNG.java:1207)
	at org.testng.TestNG.runSuitesLocally(TestNG.java:1134)
	at org.testng.TestNG.runSuites(TestNG.java:1063)
	at org.testng.TestNG.run(TestNG.java:1031)
	at org.testng.remote.AbstractRemoteTestNG.run(AbstractRemoteTestNG.java:115)
	at org.testng.remote.RemoteTestNG.initAndRun(RemoteTestNG.java:251)
	at org.testng.remote.RemoteTestNG.main(RemoteTestNG.java:77)
</pre></div></td>
<td>0</td>
<td>com.etl.test.testscripts.TestCycIntf@37858383</td></tr>
<tr>
<td title='com.etl.test.testscripts.TestCycIntf.CYCINTF_38__CYC_INTF__EFF_TO_TMS_Updaterecorddata()'><b>CYCINTF_38__CYC_INTF__EFF_TO_TMS_Updaterecorddata</b><br>Test class: com.etl.test.testscripts.TestCycIntf</td>
<td><div><pre>java.sql.SQLException: SQL statement to execute cannot be empty or null
	at oracle.jdbc.driver.OracleSql.initialize(OracleSql.java:126)
	at oracle.jdbc.driver.OracleStatement.executeQuery(OracleStatement.java:1702)
	at oracle.jdbc.driver.OracleStatementWrapper.executeQuery(OracleStatementWrapper.java:393)
	at com.etl.common.database.DatabaseUtils.getColumnValues(DatabaseUtils.java:253)
	at com.etl.common.database.DatabaseUtils.getDiffResultQueries(DatabaseUtils.java:236)
	at com.etl.test.testscripts.TestCycIntf.CYCINTF_38__CYC_INTF__EFF_TO_TMS_Updaterecorddata(TestCycIntf.java:884)
	at java.base/java.util.ArrayList.forEach(ArrayList.java:1511)
... Removed 26 stack frames</pre></div><a href='#' onClick='toggleBox("stack-trace337545117", this, "Click to show all stack frames", "Click to hide stack frames")'>Click to show all stack frames</a>
<div class='stack-trace' id='stack-trace337545117'><pre>java.sql.SQLException: SQL statement to execute cannot be empty or null
	at oracle.jdbc.driver.OracleSql.initialize(OracleSql.java:126)
	at oracle.jdbc.driver.OracleStatement.executeQuery(OracleStatement.java:1702)
	at oracle.jdbc.driver.OracleStatementWrapper.executeQuery(OracleStatementWrapper.java:393)
	at com.etl.common.database.DatabaseUtils.getColumnValues(DatabaseUtils.java:253)
	at com.etl.common.database.DatabaseUtils.getDiffResultQueries(DatabaseUtils.java:236)
	at com.etl.test.testscripts.TestCycIntf.CYCINTF_38__CYC_INTF__EFF_TO_TMS_Updaterecorddata(TestCycIntf.java:884)
	at java.base/jdk.internal.reflect.DirectMethodHandleAccessor.invoke(DirectMethodHandleAccessor.java:104)
	at java.base/java.lang.reflect.Method.invoke(Method.java:578)
	at org.testng.internal.MethodInvocationHelper.invokeMethod(MethodInvocationHelper.java:133)
	at org.testng.internal.TestInvoker.invokeMethod(TestInvoker.java:598)
	at org.testng.internal.TestInvoker.invokeTestMethod(TestInvoker.java:173)
	at org.testng.internal.MethodRunner.runInSequence(MethodRunner.java:46)
	at org.testng.internal.TestInvoker$MethodInvocationAgent.invoke(TestInvoker.java:824)
	at org.testng.internal.TestInvoker.invokeTestMethods(TestInvoker.java:146)
	at org.testng.internal.TestMethodWorker.invokeTestMethods(TestMethodWorker.java:146)
	at org.testng.internal.TestMethodWorker.run(TestMethodWorker.java:128)
	at java.base/java.util.ArrayList.forEach(ArrayList.java:1511)
	at org.testng.TestRunner.privateRun(TestRunner.java:794)
	at org.testng.TestRunner.run(TestRunner.java:596)
	at org.testng.SuiteRunner.runTest(SuiteRunner.java:377)
	at org.testng.SuiteRunner.runSequentially(SuiteRunner.java:371)
	at org.testng.SuiteRunner.privateRun(SuiteRunner.java:332)
	at org.testng.SuiteRunner.run(SuiteRunner.java:276)
	at org.testng.SuiteRunnerWorker.runSuite(SuiteRunnerWorker.java:53)
	at org.testng.SuiteRunnerWorker.run(SuiteRunnerWorker.java:96)
	at org.testng.TestNG.runSuitesSequentially(TestNG.java:1212)
	at org.testng.TestNG.runSuitesSequentially(TestNG.java:1207)
	at org.testng.TestNG.runSuitesLocally(TestNG.java:1134)
	at org.testng.TestNG.runSuites(TestNG.java:1063)
	at org.testng.TestNG.run(TestNG.java:1031)
	at org.testng.remote.AbstractRemoteTestNG.run(AbstractRemoteTestNG.java:115)
	at org.testng.remote.RemoteTestNG.initAndRun(RemoteTestNG.java:251)
	at org.testng.remote.RemoteTestNG.main(RemoteTestNG.java:77)
</pre></div></td>
<td>0</td>
<td>com.etl.test.testscripts.TestCycIntf@37858383</td></tr>
<tr>
<td title='com.etl.test.testscripts.TestCycIntf.CYCINTF_20__CYC_INTF__CYC_ANCHOR_ID_CheckCompleteness()'><b>CYCINTF_20__CYC_INTF__CYC_ANCHOR_ID_CheckCompleteness</b><br>Test class: com.etl.test.testscripts.TestCycIntf</td>
<td><div><pre>java.sql.SQLException: SQL statement to execute cannot be empty or null
	at oracle.jdbc.driver.OracleSql.initialize(OracleSql.java:126)
	at oracle.jdbc.driver.OracleStatement.executeQuery(OracleStatement.java:1702)
	at oracle.jdbc.driver.OracleStatementWrapper.executeQuery(OracleStatementWrapper.java:393)
	at com.etl.common.database.DatabaseUtils.getColumnValues(DatabaseUtils.java:253)
	at com.etl.common.database.DatabaseUtils.getDiffResultQueries(DatabaseUtils.java:236)
	at com.etl.test.testscripts.TestCycIntf.CYCINTF_20__CYC_INTF__CYC_ANCHOR_ID_CheckCompleteness(TestCycIntf.java:468)
	at java.base/java.util.ArrayList.forEach(ArrayList.java:1511)
... Removed 26 stack frames</pre></div><a href='#' onClick='toggleBox("stack-trace1940601516", this, "Click to show all stack frames", "Click to hide stack frames")'>Click to show all stack frames</a>
<div class='stack-trace' id='stack-trace1940601516'><pre>java.sql.SQLException: SQL statement to execute cannot be empty or null
	at oracle.jdbc.driver.OracleSql.initialize(OracleSql.java:126)
	at oracle.jdbc.driver.OracleStatement.executeQuery(OracleStatement.java:1702)
	at oracle.jdbc.driver.OracleStatementWrapper.executeQuery(OracleStatementWrapper.java:393)
	at com.etl.common.database.DatabaseUtils.getColumnValues(DatabaseUtils.java:253)
	at com.etl.common.database.DatabaseUtils.getDiffResultQueries(DatabaseUtils.java:236)
	at com.etl.test.testscripts.TestCycIntf.CYCINTF_20__CYC_INTF__CYC_ANCHOR_ID_CheckCompleteness(TestCycIntf.java:468)
	at java.base/jdk.internal.reflect.DirectMethodHandleAccessor.invoke(DirectMethodHandleAccessor.java:104)
	at java.base/java.lang.reflect.Method.invoke(Method.java:578)
	at org.testng.internal.MethodInvocationHelper.invokeMethod(MethodInvocationHelper.java:133)
	at org.testng.internal.TestInvoker.invokeMethod(TestInvoker.java:598)
	at org.testng.internal.TestInvoker.invokeTestMethod(TestInvoker.java:173)
	at org.testng.internal.MethodRunner.runInSequence(MethodRunner.java:46)
	at org.testng.internal.TestInvoker$MethodInvocationAgent.invoke(TestInvoker.java:824)
	at org.testng.internal.TestInvoker.invokeTestMethods(TestInvoker.java:146)
	at org.testng.internal.TestMethodWorker.invokeTestMethods(TestMethodWorker.java:146)
	at org.testng.internal.TestMethodWorker.run(TestMethodWorker.java:128)
	at java.base/java.util.ArrayList.forEach(ArrayList.java:1511)
	at org.testng.TestRunner.privateRun(TestRunner.java:794)
	at org.testng.TestRunner.run(TestRunner.java:596)
	at org.testng.SuiteRunner.runTest(SuiteRunner.java:377)
	at org.testng.SuiteRunner.runSequentially(SuiteRunner.java:371)
	at org.testng.SuiteRunner.privateRun(SuiteRunner.java:332)
	at org.testng.SuiteRunner.run(SuiteRunner.java:276)
	at org.testng.SuiteRunnerWorker.runSuite(SuiteRunnerWorker.java:53)
	at org.testng.SuiteRunnerWorker.run(SuiteRunnerWorker.java:96)
	at org.testng.TestNG.runSuitesSequentially(TestNG.java:1212)
	at org.testng.TestNG.runSuitesSequentially(TestNG.java:1207)
	at org.testng.TestNG.runSuitesLocally(TestNG.java:1134)
	at org.testng.TestNG.runSuites(TestNG.java:1063)
	at org.testng.TestNG.run(TestNG.java:1031)
	at org.testng.remote.AbstractRemoteTestNG.run(AbstractRemoteTestNG.java:115)
	at org.testng.remote.RemoteTestNG.initAndRun(RemoteTestNG.java:251)
	at org.testng.remote.RemoteTestNG.main(RemoteTestNG.java:77)
</pre></div></td>
<td>0</td>
<td>com.etl.test.testscripts.TestCycIntf@37858383</td></tr>
<tr>
<td title='com.etl.test.testscripts.TestCycIntf.CYCINTF_15__CYC_INTF__UNQ_ID_IN_SRC_STM_CheckCompleteness()'><b>CYCINTF_15__CYC_INTF__UNQ_ID_IN_SRC_STM_CheckCompleteness</b><br>Test class: com.etl.test.testscripts.TestCycIntf</td>
<td><div><pre>java.sql.SQLException: SQL statement to execute cannot be empty or null
	at oracle.jdbc.driver.OracleSql.initialize(OracleSql.java:126)
	at oracle.jdbc.driver.OracleStatement.executeQuery(OracleStatement.java:1702)
	at oracle.jdbc.driver.OracleStatementWrapper.executeQuery(OracleStatementWrapper.java:393)
	at com.etl.common.database.DatabaseUtils.getColumnValues(DatabaseUtils.java:253)
	at com.etl.common.database.DatabaseUtils.getDiffResultQueries(DatabaseUtils.java:236)
	at com.etl.test.testscripts.TestCycIntf.CYCINTF_15__CYC_INTF__UNQ_ID_IN_SRC_STM_CheckCompleteness(TestCycIntf.java:353)
	at java.base/java.util.ArrayList.forEach(ArrayList.java:1511)
... Removed 26 stack frames</pre></div><a href='#' onClick='toggleBox("stack-trace1378592036", this, "Click to show all stack frames", "Click to hide stack frames")'>Click to show all stack frames</a>
<div class='stack-trace' id='stack-trace1378592036'><pre>java.sql.SQLException: SQL statement to execute cannot be empty or null
	at oracle.jdbc.driver.OracleSql.initialize(OracleSql.java:126)
	at oracle.jdbc.driver.OracleStatement.executeQuery(OracleStatement.java:1702)
	at oracle.jdbc.driver.OracleStatementWrapper.executeQuery(OracleStatementWrapper.java:393)
	at com.etl.common.database.DatabaseUtils.getColumnValues(DatabaseUtils.java:253)
	at com.etl.common.database.DatabaseUtils.getDiffResultQueries(DatabaseUtils.java:236)
	at com.etl.test.testscripts.TestCycIntf.CYCINTF_15__CYC_INTF__UNQ_ID_IN_SRC_STM_CheckCompleteness(TestCycIntf.java:353)
	at java.base/jdk.internal.reflect.DirectMethodHandleAccessor.invoke(DirectMethodHandleAccessor.java:104)
	at java.base/java.lang.reflect.Method.invoke(Method.java:578)
	at org.testng.internal.MethodInvocationHelper.invokeMethod(MethodInvocationHelper.java:133)
	at org.testng.internal.TestInvoker.invokeMethod(TestInvoker.java:598)
	at org.testng.internal.TestInvoker.invokeTestMethod(TestInvoker.java:173)
	at org.testng.internal.MethodRunner.runInSequence(MethodRunner.java:46)
	at org.testng.internal.TestInvoker$MethodInvocationAgent.invoke(TestInvoker.java:824)
	at org.testng.internal.TestInvoker.invokeTestMethods(TestInvoker.java:146)
	at org.testng.internal.TestMethodWorker.invokeTestMethods(TestMethodWorker.java:146)
	at org.testng.internal.TestMethodWorker.run(TestMethodWorker.java:128)
	at java.base/java.util.ArrayList.forEach(ArrayList.java:1511)
	at org.testng.TestRunner.privateRun(TestRunner.java:794)
	at org.testng.TestRunner.run(TestRunner.java:596)
	at org.testng.SuiteRunner.runTest(SuiteRunner.java:377)
	at org.testng.SuiteRunner.runSequentially(SuiteRunner.java:371)
	at org.testng.SuiteRunner.privateRun(SuiteRunner.java:332)
	at org.testng.SuiteRunner.run(SuiteRunner.java:276)
	at org.testng.SuiteRunnerWorker.runSuite(SuiteRunnerWorker.java:53)
	at org.testng.SuiteRunnerWorker.run(SuiteRunnerWorker.java:96)
	at org.testng.TestNG.runSuitesSequentially(TestNG.java:1212)
	at org.testng.TestNG.runSuitesSequentially(TestNG.java:1207)
	at org.testng.TestNG.runSuitesLocally(TestNG.java:1134)
	at org.testng.TestNG.runSuites(TestNG.java:1063)
	at org.testng.TestNG.run(TestNG.java:1031)
	at org.testng.remote.AbstractRemoteTestNG.run(AbstractRemoteTestNG.java:115)
	at org.testng.remote.RemoteTestNG.initAndRun(RemoteTestNG.java:251)
	at org.testng.remote.RemoteTestNG.main(RemoteTestNG.java:77)
</pre></div></td>
<td>0</td>
<td>com.etl.test.testscripts.TestCycIntf@37858383</td></tr>
<tr>
<td title='com.etl.test.testscripts.TestCycIntf.CYCINTF_33__CYC_INTF__CYC_NM_Updaterecorddata()'><b>CYCINTF_33__CYC_INTF__CYC_NM_Updaterecorddata</b><br>Test class: com.etl.test.testscripts.TestCycIntf</td>
<td><div><pre>java.sql.SQLException: SQL statement to execute cannot be empty or null
	at oracle.jdbc.driver.OracleSql.initialize(OracleSql.java:126)
	at oracle.jdbc.driver.OracleStatement.executeQuery(OracleStatement.java:1702)
	at oracle.jdbc.driver.OracleStatementWrapper.executeQuery(OracleStatementWrapper.java:393)
	at com.etl.common.database.DatabaseUtils.getColumnValues(DatabaseUtils.java:253)
	at com.etl.common.database.DatabaseUtils.getDiffResultQueries(DatabaseUtils.java:236)
	at com.etl.test.testscripts.TestCycIntf.CYCINTF_33__CYC_INTF__CYC_NM_Updaterecorddata(TestCycIntf.java:769)
	at java.base/java.util.ArrayList.forEach(ArrayList.java:1511)
... Removed 26 stack frames</pre></div><a href='#' onClick='toggleBox("stack-trace368955890", this, "Click to show all stack frames", "Click to hide stack frames")'>Click to show all stack frames</a>
<div class='stack-trace' id='stack-trace368955890'><pre>java.sql.SQLException: SQL statement to execute cannot be empty or null
	at oracle.jdbc.driver.OracleSql.initialize(OracleSql.java:126)
	at oracle.jdbc.driver.OracleStatement.executeQuery(OracleStatement.java:1702)
	at oracle.jdbc.driver.OracleStatementWrapper.executeQuery(OracleStatementWrapper.java:393)
	at com.etl.common.database.DatabaseUtils.getColumnValues(DatabaseUtils.java:253)
	at com.etl.common.database.DatabaseUtils.getDiffResultQueries(DatabaseUtils.java:236)
	at com.etl.test.testscripts.TestCycIntf.CYCINTF_33__CYC_INTF__CYC_NM_Updaterecorddata(TestCycIntf.java:769)
	at java.base/jdk.internal.reflect.DirectMethodHandleAccessor.invoke(DirectMethodHandleAccessor.java:104)
	at java.base/java.lang.reflect.Method.invoke(Method.java:578)
	at org.testng.internal.MethodInvocationHelper.invokeMethod(MethodInvocationHelper.java:133)
	at org.testng.internal.TestInvoker.invokeMethod(TestInvoker.java:598)
	at org.testng.internal.TestInvoker.invokeTestMethod(TestInvoker.java:173)
	at org.testng.internal.MethodRunner.runInSequence(MethodRunner.java:46)
	at org.testng.internal.TestInvoker$MethodInvocationAgent.invoke(TestInvoker.java:824)
	at org.testng.internal.TestInvoker.invokeTestMethods(TestInvoker.java:146)
	at org.testng.internal.TestMethodWorker.invokeTestMethods(TestMethodWorker.java:146)
	at org.testng.internal.TestMethodWorker.run(TestMethodWorker.java:128)
	at java.base/java.util.ArrayList.forEach(ArrayList.java:1511)
	at org.testng.TestRunner.privateRun(TestRunner.java:794)
	at org.testng.TestRunner.run(TestRunner.java:596)
	at org.testng.SuiteRunner.runTest(SuiteRunner.java:377)
	at org.testng.SuiteRunner.runSequentially(SuiteRunner.java:371)
	at org.testng.SuiteRunner.privateRun(SuiteRunner.java:332)
	at org.testng.SuiteRunner.run(SuiteRunner.java:276)
	at org.testng.SuiteRunnerWorker.runSuite(SuiteRunnerWorker.java:53)
	at org.testng.SuiteRunnerWorker.run(SuiteRunnerWorker.java:96)
	at org.testng.TestNG.runSuitesSequentially(TestNG.java:1212)
	at org.testng.TestNG.runSuitesSequentially(TestNG.java:1207)
	at org.testng.TestNG.runSuitesLocally(TestNG.java:1134)
	at org.testng.TestNG.runSuites(TestNG.java:1063)
	at org.testng.TestNG.run(TestNG.java:1031)
	at org.testng.remote.AbstractRemoteTestNG.run(AbstractRemoteTestNG.java:115)
	at org.testng.remote.RemoteTestNG.initAndRun(RemoteTestNG.java:251)
	at org.testng.remote.RemoteTestNG.main(RemoteTestNG.java:77)
</pre></div></td>
<td>0</td>
<td>com.etl.test.testscripts.TestCycIntf@37858383</td></tr>
<tr>
<td title='com.etl.test.testscripts.TestCycIntf.CYCINTF_10__CYC_INTF__CRN_ROW_IND_CheckValidateValues()'><b>CYCINTF_10__CYC_INTF__CRN_ROW_IND_CheckValidateValues</b><br>Test class: com.etl.test.testscripts.TestCycIntf</td>
<td><div><pre>java.sql.SQLSyntaxErrorException: ORA-00942: table or view does not exist

	at oracle.jdbc.driver.T4CTTIoer11.processError(T4CTTIoer11.java:629)
	at oracle.jdbc.driver.T4CTTIoer11.processError(T4CTTIoer11.java:563)
	at oracle.jdbc.driver.T4C8Oall.processError(T4C8Oall.java:1150)
	at oracle.jdbc.driver.T4CTTIfun.receive(T4CTTIfun.java:770)
	at oracle.jdbc.driver.T4CTTIfun.doRPC(T4CTTIfun.java:298)
	at oracle.jdbc.driver.T4C8Oall.doOALL(T4C8Oall.java:497)
	at oracle.jdbc.driver.T4CStatement.doOall8(T4CStatement.java:111)
	at oracle.jdbc.driver.T4CStatement.executeForDescribe(T4CStatement.java:895)
	at oracle.jdbc.driver.OracleStatement.prepareDefineBufferAndExecute(OracleStatement.java:1171)
	at oracle.jdbc.driver.OracleStatement.executeMaybeDescribe(OracleStatement.java:1100)
	at oracle.jdbc.driver.OracleStatement.executeSQLSelect(OracleStatement.java:1425)
	at oracle.jdbc.driver.OracleStatement.doExecuteWithTimeout(OracleStatement.java:1308)
	at oracle.jdbc.driver.OracleStatement.executeQuery(OracleStatement.java:1712)
	at oracle.jdbc.driver.OracleStatementWrapper.executeQuery(OracleStatementWrapper.java:393)
	at com.etl.common.database.DatabaseUtils.getColumnValues(DatabaseUtils.java:253)
	at com.etl.common.database.DatabaseUtils.getDiffResultQueries(DatabaseUtils.java:237)
	at com.etl.test.testscripts.TestCycIntf.CYCINTF_10__CYC_INTF__CRN_ROW_IND_CheckValidateValues(TestCycIntf.java:238)
	at java.base/java.util.ArrayList.forEach(ArrayList.java:1511)
Caused by: Error : 942, Position : 42, Sql = Select UNQ_ID_IN_SRC_STM,CRN_ROW_IND From CYC_INTF, OriginalSql = Select UNQ_ID_IN_SRC_STM,CRN_ROW_IND From CYC_INTF, Error Msg = ORA-00942: table or view does not exist

	at oracle.jdbc.driver.T4CTTIoer11.processError(T4CTTIoer11.java:636)
	... 43 more
... Removed 26 stack frames</pre></div><a href='#' onClick='toggleBox("stack-trace775423528", this, "Click to show all stack frames", "Click to hide stack frames")'>Click to show all stack frames</a>
<div class='stack-trace' id='stack-trace775423528'><pre>java.sql.SQLSyntaxErrorException: ORA-00942: table or view does not exist

	at oracle.jdbc.driver.T4CTTIoer11.processError(T4CTTIoer11.java:629)
	at oracle.jdbc.driver.T4CTTIoer11.processError(T4CTTIoer11.java:563)
	at oracle.jdbc.driver.T4C8Oall.processError(T4C8Oall.java:1150)
	at oracle.jdbc.driver.T4CTTIfun.receive(T4CTTIfun.java:770)
	at oracle.jdbc.driver.T4CTTIfun.doRPC(T4CTTIfun.java:298)
	at oracle.jdbc.driver.T4C8Oall.doOALL(T4C8Oall.java:497)
	at oracle.jdbc.driver.T4CStatement.doOall8(T4CStatement.java:111)
	at oracle.jdbc.driver.T4CStatement.executeForDescribe(T4CStatement.java:895)
	at oracle.jdbc.driver.OracleStatement.prepareDefineBufferAndExecute(OracleStatement.java:1171)
	at oracle.jdbc.driver.OracleStatement.executeMaybeDescribe(OracleStatement.java:1100)
	at oracle.jdbc.driver.OracleStatement.executeSQLSelect(OracleStatement.java:1425)
	at oracle.jdbc.driver.OracleStatement.doExecuteWithTimeout(OracleStatement.java:1308)
	at oracle.jdbc.driver.OracleStatement.executeQuery(OracleStatement.java:1712)
	at oracle.jdbc.driver.OracleStatementWrapper.executeQuery(OracleStatementWrapper.java:393)
	at com.etl.common.database.DatabaseUtils.getColumnValues(DatabaseUtils.java:253)
	at com.etl.common.database.DatabaseUtils.getDiffResultQueries(DatabaseUtils.java:237)
	at com.etl.test.testscripts.TestCycIntf.CYCINTF_10__CYC_INTF__CRN_ROW_IND_CheckValidateValues(TestCycIntf.java:238)
	at java.base/jdk.internal.reflect.DirectMethodHandleAccessor.invoke(DirectMethodHandleAccessor.java:104)
	at java.base/java.lang.reflect.Method.invoke(Method.java:578)
	at org.testng.internal.MethodInvocationHelper.invokeMethod(MethodInvocationHelper.java:133)
	at org.testng.internal.TestInvoker.invokeMethod(TestInvoker.java:598)
	at org.testng.internal.TestInvoker.invokeTestMethod(TestInvoker.java:173)
	at org.testng.internal.MethodRunner.runInSequence(MethodRunner.java:46)
	at org.testng.internal.TestInvoker$MethodInvocationAgent.invoke(TestInvoker.java:824)
	at org.testng.internal.TestInvoker.invokeTestMethods(TestInvoker.java:146)
	at org.testng.internal.TestMethodWorker.invokeTestMethods(TestMethodWorker.java:146)
	at org.testng.internal.TestMethodWorker.run(TestMethodWorker.java:128)
	at java.base/java.util.ArrayList.forEach(ArrayList.java:1511)
	at org.testng.TestRunner.privateRun(TestRunner.java:794)
	at org.testng.TestRunner.run(TestRunner.java:596)
	at org.testng.SuiteRunner.runTest(SuiteRunner.java:377)
	at org.testng.SuiteRunner.runSequentially(SuiteRunner.java:371)
	at org.testng.SuiteRunner.privateRun(SuiteRunner.java:332)
	at org.testng.SuiteRunner.run(SuiteRunner.java:276)
	at org.testng.SuiteRunnerWorker.runSuite(SuiteRunnerWorker.java:53)
	at org.testng.SuiteRunnerWorker.run(SuiteRunnerWorker.java:96)
	at org.testng.TestNG.runSuitesSequentially(TestNG.java:1212)
	at org.testng.TestNG.runSuitesSequentially(TestNG.java:1207)
	at org.testng.TestNG.runSuitesLocally(TestNG.java:1134)
	at org.testng.TestNG.runSuites(TestNG.java:1063)
	at org.testng.TestNG.run(TestNG.java:1031)
	at org.testng.remote.AbstractRemoteTestNG.run(AbstractRemoteTestNG.java:115)
	at org.testng.remote.RemoteTestNG.initAndRun(RemoteTestNG.java:251)
	at org.testng.remote.RemoteTestNG.main(RemoteTestNG.java:77)
Caused by: Error : 942, Position : 42, Sql = Select UNQ_ID_IN_SRC_STM,CRN_ROW_IND From CYC_INTF, OriginalSql = Select UNQ_ID_IN_SRC_STM,CRN_ROW_IND From CYC_INTF, Error Msg = ORA-00942: table or view does not exist

	at oracle.jdbc.driver.T4CTTIoer11.processError(T4CTTIoer11.java:636)
	... 43 more
</pre></div></td>
<td>0</td>
<td>com.etl.test.testscripts.TestCycIntf@37858383</td></tr>
<tr>
<td title='com.etl.test.testscripts.TestCycIntf.CYCINTF_11__CYC_INTF__EFF_FM_TMS_CheckValidateValues()'><b>CYCINTF_11__CYC_INTF__EFF_FM_TMS_CheckValidateValues</b><br>Test class: com.etl.test.testscripts.TestCycIntf</td>
<td><div><pre>java.sql.SQLSyntaxErrorException: ORA-00904: &quot;SYS_DATE&quot;: invalid identifier

	at oracle.jdbc.driver.T4CTTIoer11.processError(T4CTTIoer11.java:629)
	at oracle.jdbc.driver.T4CTTIoer11.processError(T4CTTIoer11.java:563)
	at oracle.jdbc.driver.T4C8Oall.processError(T4C8Oall.java:1150)
	at oracle.jdbc.driver.T4CTTIfun.receive(T4CTTIfun.java:770)
	at oracle.jdbc.driver.T4CTTIfun.doRPC(T4CTTIfun.java:298)
	at oracle.jdbc.driver.T4C8Oall.doOALL(T4C8Oall.java:497)
	at oracle.jdbc.driver.T4CStatement.doOall8(T4CStatement.java:111)
	at oracle.jdbc.driver.T4CStatement.executeForDescribe(T4CStatement.java:895)
	at oracle.jdbc.driver.OracleStatement.prepareDefineBufferAndExecute(OracleStatement.java:1171)
	at oracle.jdbc.driver.OracleStatement.executeMaybeDescribe(OracleStatement.java:1100)
	at oracle.jdbc.driver.OracleStatement.executeSQLSelect(OracleStatement.java:1425)
	at oracle.jdbc.driver.OracleStatement.doExecuteWithTimeout(OracleStatement.java:1308)
	at oracle.jdbc.driver.OracleStatement.executeQuery(OracleStatement.java:1712)
	at oracle.jdbc.driver.OracleStatementWrapper.executeQuery(OracleStatementWrapper.java:393)
	at com.etl.common.database.DatabaseUtils.getColumnValues(DatabaseUtils.java:253)
	at com.etl.common.database.DatabaseUtils.getDiffResultQueries(DatabaseUtils.java:236)
	at com.etl.test.testscripts.TestCycIntf.CYCINTF_11__CYC_INTF__EFF_FM_TMS_CheckValidateValues(TestCycIntf.java:261)
	at java.base/java.util.ArrayList.forEach(ArrayList.java:1511)
Caused by: Error : 904, Position : 16, Sql = Select CYCLE_ID,SYS_DATE From CLOSED_CYCLE, OriginalSql = Select CYCLE_ID,SYS_DATE From CLOSED_CYCLE, Error Msg = ORA-00904: &quot;SYS_DATE&quot;: invalid identifier

	at oracle.jdbc.driver.T4CTTIoer11.processError(T4CTTIoer11.java:636)
	... 43 more
... Removed 26 stack frames</pre></div><a href='#' onClick='toggleBox("stack-trace209845522", this, "Click to show all stack frames", "Click to hide stack frames")'>Click to show all stack frames</a>
<div class='stack-trace' id='stack-trace209845522'><pre>java.sql.SQLSyntaxErrorException: ORA-00904: &quot;SYS_DATE&quot;: invalid identifier

	at oracle.jdbc.driver.T4CTTIoer11.processError(T4CTTIoer11.java:629)
	at oracle.jdbc.driver.T4CTTIoer11.processError(T4CTTIoer11.java:563)
	at oracle.jdbc.driver.T4C8Oall.processError(T4C8Oall.java:1150)
	at oracle.jdbc.driver.T4CTTIfun.receive(T4CTTIfun.java:770)
	at oracle.jdbc.driver.T4CTTIfun.doRPC(T4CTTIfun.java:298)
	at oracle.jdbc.driver.T4C8Oall.doOALL(T4C8Oall.java:497)
	at oracle.jdbc.driver.T4CStatement.doOall8(T4CStatement.java:111)
	at oracle.jdbc.driver.T4CStatement.executeForDescribe(T4CStatement.java:895)
	at oracle.jdbc.driver.OracleStatement.prepareDefineBufferAndExecute(OracleStatement.java:1171)
	at oracle.jdbc.driver.OracleStatement.executeMaybeDescribe(OracleStatement.java:1100)
	at oracle.jdbc.driver.OracleStatement.executeSQLSelect(OracleStatement.java:1425)
	at oracle.jdbc.driver.OracleStatement.doExecuteWithTimeout(OracleStatement.java:1308)
	at oracle.jdbc.driver.OracleStatement.executeQuery(OracleStatement.java:1712)
	at oracle.jdbc.driver.OracleStatementWrapper.executeQuery(OracleStatementWrapper.java:393)
	at com.etl.common.database.DatabaseUtils.getColumnValues(DatabaseUtils.java:253)
	at com.etl.common.database.DatabaseUtils.getDiffResultQueries(DatabaseUtils.java:236)
	at com.etl.test.testscripts.TestCycIntf.CYCINTF_11__CYC_INTF__EFF_FM_TMS_CheckValidateValues(TestCycIntf.java:261)
	at java.base/jdk.internal.reflect.DirectMethodHandleAccessor.invoke(DirectMethodHandleAccessor.java:104)
	at java.base/java.lang.reflect.Method.invoke(Method.java:578)
	at org.testng.internal.MethodInvocationHelper.invokeMethod(MethodInvocationHelper.java:133)
	at org.testng.internal.TestInvoker.invokeMethod(TestInvoker.java:598)
	at org.testng.internal.TestInvoker.invokeTestMethod(TestInvoker.java:173)
	at org.testng.internal.MethodRunner.runInSequence(MethodRunner.java:46)
	at org.testng.internal.TestInvoker$MethodInvocationAgent.invoke(TestInvoker.java:824)
	at org.testng.internal.TestInvoker.invokeTestMethods(TestInvoker.java:146)
	at org.testng.internal.TestMethodWorker.invokeTestMethods(TestMethodWorker.java:146)
	at org.testng.internal.TestMethodWorker.run(TestMethodWorker.java:128)
	at java.base/java.util.ArrayList.forEach(ArrayList.java:1511)
	at org.testng.TestRunner.privateRun(TestRunner.java:794)
	at org.testng.TestRunner.run(TestRunner.java:596)
	at org.testng.SuiteRunner.runTest(SuiteRunner.java:377)
	at org.testng.SuiteRunner.runSequentially(SuiteRunner.java:371)
	at org.testng.SuiteRunner.privateRun(SuiteRunner.java:332)
	at org.testng.SuiteRunner.run(SuiteRunner.java:276)
	at org.testng.SuiteRunnerWorker.runSuite(SuiteRunnerWorker.java:53)
	at org.testng.SuiteRunnerWorker.run(SuiteRunnerWorker.java:96)
	at org.testng.TestNG.runSuitesSequentially(TestNG.java:1212)
	at org.testng.TestNG.runSuitesSequentially(TestNG.java:1207)
	at org.testng.TestNG.runSuitesLocally(TestNG.java:1134)
	at org.testng.TestNG.runSuites(TestNG.java:1063)
	at org.testng.TestNG.run(TestNG.java:1031)
	at org.testng.remote.AbstractRemoteTestNG.run(AbstractRemoteTestNG.java:115)
	at org.testng.remote.RemoteTestNG.initAndRun(RemoteTestNG.java:251)
	at org.testng.remote.RemoteTestNG.main(RemoteTestNG.java:77)
Caused by: Error : 904, Position : 16, Sql = Select CYCLE_ID,SYS_DATE From CLOSED_CYCLE, OriginalSql = Select CYCLE_ID,SYS_DATE From CLOSED_CYCLE, Error Msg = ORA-00904: &quot;SYS_DATE&quot;: invalid identifier

	at oracle.jdbc.driver.T4CTTIoer11.processError(T4CTTIoer11.java:636)
	... 43 more
</pre></div></td>
<td>0</td>
<td>com.etl.test.testscripts.TestCycIntf@37858383</td></tr>
<tr>
<td title='com.etl.test.testscripts.TestCycIntf.CYCINTF_04__CYC_INTF__CYC_CODE_CheckValidateValues()'><b>CYCINTF_04__CYC_INTF__CYC_CODE_CheckValidateValues</b><br>Test class: com.etl.test.testscripts.TestCycIntf</td>
<td><div><pre>java.sql.SQLSyntaxErrorException: ORA-00942: table or view does not exist

	at oracle.jdbc.driver.T4CTTIoer11.processError(T4CTTIoer11.java:629)
	at oracle.jdbc.driver.T4CTTIoer11.processError(T4CTTIoer11.java:563)
	at oracle.jdbc.driver.T4C8Oall.processError(T4C8Oall.java:1150)
	at oracle.jdbc.driver.T4CTTIfun.receive(T4CTTIfun.java:770)
	at oracle.jdbc.driver.T4CTTIfun.doRPC(T4CTTIfun.java:298)
	at oracle.jdbc.driver.T4C8Oall.doOALL(T4C8Oall.java:497)
	at oracle.jdbc.driver.T4CStatement.doOall8(T4CStatement.java:111)
	at oracle.jdbc.driver.T4CStatement.executeForDescribe(T4CStatement.java:895)
	at oracle.jdbc.driver.OracleStatement.prepareDefineBufferAndExecute(OracleStatement.java:1171)
	at oracle.jdbc.driver.OracleStatement.executeMaybeDescribe(OracleStatement.java:1100)
	at oracle.jdbc.driver.OracleStatement.executeSQLSelect(OracleStatement.java:1425)
	at oracle.jdbc.driver.OracleStatement.doExecuteWithTimeout(OracleStatement.java:1308)
	at oracle.jdbc.driver.OracleStatement.executeQuery(OracleStatement.java:1712)
	at oracle.jdbc.driver.OracleStatementWrapper.executeQuery(OracleStatementWrapper.java:393)
	at com.etl.common.database.DatabaseUtils.getColumnValues(DatabaseUtils.java:253)
	at com.etl.common.database.DatabaseUtils.getDiffResultQueries(DatabaseUtils.java:237)
	at com.etl.test.testscripts.TestCycIntf.CYCINTF_04__CYC_INTF__CYC_CODE_CheckValidateValues(TestCycIntf.java:100)
	at java.base/java.util.ArrayList.forEach(ArrayList.java:1511)
Caused by: Error : 942, Position : 39, Sql = Select UNQ_ID_IN_SRC_STM,CYC_CODE From CYC_INTF, OriginalSql = Select UNQ_ID_IN_SRC_STM,CYC_CODE From CYC_INTF, Error Msg = ORA-00942: table or view does not exist

	at oracle.jdbc.driver.T4CTTIoer11.processError(T4CTTIoer11.java:636)
	... 43 more
... Removed 26 stack frames</pre></div><a href='#' onClick='toggleBox("stack-trace1540219992", this, "Click to show all stack frames", "Click to hide stack frames")'>Click to show all stack frames</a>
<div class='stack-trace' id='stack-trace1540219992'><pre>java.sql.SQLSyntaxErrorException: ORA-00942: table or view does not exist

	at oracle.jdbc.driver.T4CTTIoer11.processError(T4CTTIoer11.java:629)
	at oracle.jdbc.driver.T4CTTIoer11.processError(T4CTTIoer11.java:563)
	at oracle.jdbc.driver.T4C8Oall.processError(T4C8Oall.java:1150)
	at oracle.jdbc.driver.T4CTTIfun.receive(T4CTTIfun.java:770)
	at oracle.jdbc.driver.T4CTTIfun.doRPC(T4CTTIfun.java:298)
	at oracle.jdbc.driver.T4C8Oall.doOALL(T4C8Oall.java:497)
	at oracle.jdbc.driver.T4CStatement.doOall8(T4CStatement.java:111)
	at oracle.jdbc.driver.T4CStatement.executeForDescribe(T4CStatement.java:895)
	at oracle.jdbc.driver.OracleStatement.prepareDefineBufferAndExecute(OracleStatement.java:1171)
	at oracle.jdbc.driver.OracleStatement.executeMaybeDescribe(OracleStatement.java:1100)
	at oracle.jdbc.driver.OracleStatement.executeSQLSelect(OracleStatement.java:1425)
	at oracle.jdbc.driver.OracleStatement.doExecuteWithTimeout(OracleStatement.java:1308)
	at oracle.jdbc.driver.OracleStatement.executeQuery(OracleStatement.java:1712)
	at oracle.jdbc.driver.OracleStatementWrapper.executeQuery(OracleStatementWrapper.java:393)
	at com.etl.common.database.DatabaseUtils.getColumnValues(DatabaseUtils.java:253)
	at com.etl.common.database.DatabaseUtils.getDiffResultQueries(DatabaseUtils.java:237)
	at com.etl.test.testscripts.TestCycIntf.CYCINTF_04__CYC_INTF__CYC_CODE_CheckValidateValues(TestCycIntf.java:100)
	at java.base/jdk.internal.reflect.DirectMethodHandleAccessor.invoke(DirectMethodHandleAccessor.java:104)
	at java.base/java.lang.reflect.Method.invoke(Method.java:578)
	at org.testng.internal.MethodInvocationHelper.invokeMethod(MethodInvocationHelper.java:133)
	at org.testng.internal.TestInvoker.invokeMethod(TestInvoker.java:598)
	at org.testng.internal.TestInvoker.invokeTestMethod(TestInvoker.java:173)
	at org.testng.internal.MethodRunner.runInSequence(MethodRunner.java:46)
	at org.testng.internal.TestInvoker$MethodInvocationAgent.invoke(TestInvoker.java:824)
	at org.testng.internal.TestInvoker.invokeTestMethods(TestInvoker.java:146)
	at org.testng.internal.TestMethodWorker.invokeTestMethods(TestMethodWorker.java:146)
	at org.testng.internal.TestMethodWorker.run(TestMethodWorker.java:128)
	at java.base/java.util.ArrayList.forEach(ArrayList.java:1511)
	at org.testng.TestRunner.privateRun(TestRunner.java:794)
	at org.testng.TestRunner.run(TestRunner.java:596)
	at org.testng.SuiteRunner.runTest(SuiteRunner.java:377)
	at org.testng.SuiteRunner.runSequentially(SuiteRunner.java:371)
	at org.testng.SuiteRunner.privateRun(SuiteRunner.java:332)
	at org.testng.SuiteRunner.run(SuiteRunner.java:276)
	at org.testng.SuiteRunnerWorker.runSuite(SuiteRunnerWorker.java:53)
	at org.testng.SuiteRunnerWorker.run(SuiteRunnerWorker.java:96)
	at org.testng.TestNG.runSuitesSequentially(TestNG.java:1212)
	at org.testng.TestNG.runSuitesSequentially(TestNG.java:1207)
	at org.testng.TestNG.runSuitesLocally(TestNG.java:1134)
	at org.testng.TestNG.runSuites(TestNG.java:1063)
	at org.testng.TestNG.run(TestNG.java:1031)
	at org.testng.remote.AbstractRemoteTestNG.run(AbstractRemoteTestNG.java:115)
	at org.testng.remote.RemoteTestNG.initAndRun(RemoteTestNG.java:251)
	at org.testng.remote.RemoteTestNG.main(RemoteTestNG.java:77)
Caused by: Error : 942, Position : 39, Sql = Select UNQ_ID_IN_SRC_STM,CYC_CODE From CYC_INTF, OriginalSql = Select UNQ_ID_IN_SRC_STM,CYC_CODE From CYC_INTF, Error Msg = ORA-00942: table or view does not exist

	at oracle.jdbc.driver.T4CTTIoer11.processError(T4CTTIoer11.java:636)
	... 43 more
</pre></div></td>
<td>0</td>
<td>com.etl.test.testscripts.TestCycIntf@37858383</td></tr>
<tr>
<td title='com.etl.test.testscripts.TestCycIntf.CYCINTF_27__CYC_INTF___CheckValidity()'><b>CYCINTF_27__CYC_INTF___CheckValidity</b><br>Test class: com.etl.test.testscripts.TestCycIntf</td>
<td><div><pre>java.sql.SQLException: SQL statement to execute cannot be empty or null
	at oracle.jdbc.driver.OracleSql.initialize(OracleSql.java:126)
	at oracle.jdbc.driver.OracleStatement.executeQuery(OracleStatement.java:1702)
	at oracle.jdbc.driver.OracleStatementWrapper.executeQuery(OracleStatementWrapper.java:393)
	at com.etl.common.database.DatabaseUtils.getColumnValues(DatabaseUtils.java:253)
	at com.etl.common.database.DatabaseUtils.getDiffResultQueries(DatabaseUtils.java:236)
	at com.etl.test.testscripts.TestCycIntf.CYCINTF_27__CYC_INTF___CheckValidity(TestCycIntf.java:631)
	at java.base/java.util.ArrayList.forEach(ArrayList.java:1511)
... Removed 26 stack frames</pre></div><a href='#' onClick='toggleBox("stack-trace1582277082", this, "Click to show all stack frames", "Click to hide stack frames")'>Click to show all stack frames</a>
<div class='stack-trace' id='stack-trace1582277082'><pre>java.sql.SQLException: SQL statement to execute cannot be empty or null
	at oracle.jdbc.driver.OracleSql.initialize(OracleSql.java:126)
	at oracle.jdbc.driver.OracleStatement.executeQuery(OracleStatement.java:1702)
	at oracle.jdbc.driver.OracleStatementWrapper.executeQuery(OracleStatementWrapper.java:393)
	at com.etl.common.database.DatabaseUtils.getColumnValues(DatabaseUtils.java:253)
	at com.etl.common.database.DatabaseUtils.getDiffResultQueries(DatabaseUtils.java:236)
	at com.etl.test.testscripts.TestCycIntf.CYCINTF_27__CYC_INTF___CheckValidity(TestCycIntf.java:631)
	at java.base/jdk.internal.reflect.DirectMethodHandleAccessor.invoke(DirectMethodHandleAccessor.java:104)
	at java.base/java.lang.reflect.Method.invoke(Method.java:578)
	at org.testng.internal.MethodInvocationHelper.invokeMethod(MethodInvocationHelper.java:133)
	at org.testng.internal.TestInvoker.invokeMethod(TestInvoker.java:598)
	at org.testng.internal.TestInvoker.invokeTestMethod(TestInvoker.java:173)
	at org.testng.internal.MethodRunner.runInSequence(MethodRunner.java:46)
	at org.testng.internal.TestInvoker$MethodInvocationAgent.invoke(TestInvoker.java:824)
	at org.testng.internal.TestInvoker.invokeTestMethods(TestInvoker.java:146)
	at org.testng.internal.TestMethodWorker.invokeTestMethods(TestMethodWorker.java:146)
	at org.testng.internal.TestMethodWorker.run(TestMethodWorker.java:128)
	at java.base/java.util.ArrayList.forEach(ArrayList.java:1511)
	at org.testng.TestRunner.privateRun(TestRunner.java:794)
	at org.testng.TestRunner.run(TestRunner.java:596)
	at org.testng.SuiteRunner.runTest(SuiteRunner.java:377)
	at org.testng.SuiteRunner.runSequentially(SuiteRunner.java:371)
	at org.testng.SuiteRunner.privateRun(SuiteRunner.java:332)
	at org.testng.SuiteRunner.run(SuiteRunner.java:276)
	at org.testng.SuiteRunnerWorker.runSuite(SuiteRunnerWorker.java:53)
	at org.testng.SuiteRunnerWorker.run(SuiteRunnerWorker.java:96)
	at org.testng.TestNG.runSuitesSequentially(TestNG.java:1212)
	at org.testng.TestNG.runSuitesSequentially(TestNG.java:1207)
	at org.testng.TestNG.runSuitesLocally(TestNG.java:1134)
	at org.testng.TestNG.runSuites(TestNG.java:1063)
	at org.testng.TestNG.run(TestNG.java:1031)
	at org.testng.remote.AbstractRemoteTestNG.run(AbstractRemoteTestNG.java:115)
	at org.testng.remote.RemoteTestNG.initAndRun(RemoteTestNG.java:251)
	at org.testng.remote.RemoteTestNG.main(RemoteTestNG.java:77)
</pre></div></td>
<td>0</td>
<td>com.etl.test.testscripts.TestCycIntf@37858383</td></tr>
<tr>
<td title='com.etl.test.testscripts.TestCycIntf.CYCINTF_14__CYC_INTF__CYC_ANCHOR_ID_CheckUniqueness()'><b>CYCINTF_14__CYC_INTF__CYC_ANCHOR_ID_CheckUniqueness</b><br>Test class: com.etl.test.testscripts.TestCycIntf</td>
<td><div><pre>java.sql.SQLException: SQL statement to execute cannot be empty or null
	at oracle.jdbc.driver.OracleSql.initialize(OracleSql.java:126)
	at oracle.jdbc.driver.OracleStatement.executeQuery(OracleStatement.java:1702)
	at oracle.jdbc.driver.OracleStatementWrapper.executeQuery(OracleStatementWrapper.java:393)
	at com.etl.common.database.DatabaseUtils.getColumnValues(DatabaseUtils.java:253)
	at com.etl.common.database.DatabaseUtils.getDiffResultQueries(DatabaseUtils.java:236)
	at com.etl.test.testscripts.TestCycIntf.CYCINTF_14__CYC_INTF__CYC_ANCHOR_ID_CheckUniqueness(TestCycIntf.java:330)
	at java.base/java.util.ArrayList.forEach(ArrayList.java:1511)
... Removed 26 stack frames</pre></div><a href='#' onClick='toggleBox("stack-trace2028510206", this, "Click to show all stack frames", "Click to hide stack frames")'>Click to show all stack frames</a>
<div class='stack-trace' id='stack-trace2028510206'><pre>java.sql.SQLException: SQL statement to execute cannot be empty or null
	at oracle.jdbc.driver.OracleSql.initialize(OracleSql.java:126)
	at oracle.jdbc.driver.OracleStatement.executeQuery(OracleStatement.java:1702)
	at oracle.jdbc.driver.OracleStatementWrapper.executeQuery(OracleStatementWrapper.java:393)
	at com.etl.common.database.DatabaseUtils.getColumnValues(DatabaseUtils.java:253)
	at com.etl.common.database.DatabaseUtils.getDiffResultQueries(DatabaseUtils.java:236)
	at com.etl.test.testscripts.TestCycIntf.CYCINTF_14__CYC_INTF__CYC_ANCHOR_ID_CheckUniqueness(TestCycIntf.java:330)
	at java.base/jdk.internal.reflect.DirectMethodHandleAccessor.invoke(DirectMethodHandleAccessor.java:104)
	at java.base/java.lang.reflect.Method.invoke(Method.java:578)
	at org.testng.internal.MethodInvocationHelper.invokeMethod(MethodInvocationHelper.java:133)
	at org.testng.internal.TestInvoker.invokeMethod(TestInvoker.java:598)
	at org.testng.internal.TestInvoker.invokeTestMethod(TestInvoker.java:173)
	at org.testng.internal.MethodRunner.runInSequence(MethodRunner.java:46)
	at org.testng.internal.TestInvoker$MethodInvocationAgent.invoke(TestInvoker.java:824)
	at org.testng.internal.TestInvoker.invokeTestMethods(TestInvoker.java:146)
	at org.testng.internal.TestMethodWorker.invokeTestMethods(TestMethodWorker.java:146)
	at org.testng.internal.TestMethodWorker.run(TestMethodWorker.java:128)
	at java.base/java.util.ArrayList.forEach(ArrayList.java:1511)
	at org.testng.TestRunner.privateRun(TestRunner.java:794)
	at org.testng.TestRunner.run(TestRunner.java:596)
	at org.testng.SuiteRunner.runTest(SuiteRunner.java:377)
	at org.testng.SuiteRunner.runSequentially(SuiteRunner.java:371)
	at org.testng.SuiteRunner.privateRun(SuiteRunner.java:332)
	at org.testng.SuiteRunner.run(SuiteRunner.java:276)
	at org.testng.SuiteRunnerWorker.runSuite(SuiteRunnerWorker.java:53)
	at org.testng.SuiteRunnerWorker.run(SuiteRunnerWorker.java:96)
	at org.testng.TestNG.runSuitesSequentially(TestNG.java:1212)
	at org.testng.TestNG.runSuitesSequentially(TestNG.java:1207)
	at org.testng.TestNG.runSuitesLocally(TestNG.java:1134)
	at org.testng.TestNG.runSuites(TestNG.java:1063)
	at org.testng.TestNG.run(TestNG.java:1031)
	at org.testng.remote.AbstractRemoteTestNG.run(AbstractRemoteTestNG.java:115)
	at org.testng.remote.RemoteTestNG.initAndRun(RemoteTestNG.java:251)
	at org.testng.remote.RemoteTestNG.main(RemoteTestNG.java:77)
</pre></div></td>
<td>0</td>
<td>com.etl.test.testscripts.TestCycIntf@37858383</td></tr>
<tr>
<td title='com.etl.test.testscripts.TestCycIntf.CYCINTF_12__CYC_INTF__EFF_TO_TMS_CheckValidateValues()'><b>CYCINTF_12__CYC_INTF__EFF_TO_TMS_CheckValidateValues</b><br>Test class: com.etl.test.testscripts.TestCycIntf</td>
<td><div><pre>java.sql.SQLSyntaxErrorException: ORA-00923: FROM keyword not found where expected

	at oracle.jdbc.driver.T4CTTIoer11.processError(T4CTTIoer11.java:629)
	at oracle.jdbc.driver.T4CTTIoer11.processError(T4CTTIoer11.java:563)
	at oracle.jdbc.driver.T4C8Oall.processError(T4C8Oall.java:1150)
	at oracle.jdbc.driver.T4CTTIfun.receive(T4CTTIfun.java:770)
	at oracle.jdbc.driver.T4CTTIfun.doRPC(T4CTTIfun.java:298)
	at oracle.jdbc.driver.T4C8Oall.doOALL(T4C8Oall.java:497)
	at oracle.jdbc.driver.T4CStatement.doOall8(T4CStatement.java:111)
	at oracle.jdbc.driver.T4CStatement.executeForDescribe(T4CStatement.java:895)
	at oracle.jdbc.driver.OracleStatement.prepareDefineBufferAndExecute(OracleStatement.java:1171)
	at oracle.jdbc.driver.OracleStatement.executeMaybeDescribe(OracleStatement.java:1100)
	at oracle.jdbc.driver.OracleStatement.executeSQLSelect(OracleStatement.java:1425)
	at oracle.jdbc.driver.OracleStatement.doExecuteWithTimeout(OracleStatement.java:1308)
	at oracle.jdbc.driver.OracleStatement.executeQuery(OracleStatement.java:1712)
	at oracle.jdbc.driver.OracleStatementWrapper.executeQuery(OracleStatementWrapper.java:393)
	at com.etl.common.database.DatabaseUtils.getColumnValues(DatabaseUtils.java:253)
	at com.etl.common.database.DatabaseUtils.getDiffResultQueries(DatabaseUtils.java:236)
	at com.etl.test.testscripts.TestCycIntf.CYCINTF_12__CYC_INTF__EFF_TO_TMS_CheckValidateValues(TestCycIntf.java:284)
	at java.base/java.util.ArrayList.forEach(ArrayList.java:1511)
Caused by: Error : 923, Position : 26, Sql = Select CYCLE_ID,1/1/2400  11:59:59 PM From CLOSED_CYCLE, OriginalSql = Select CYCLE_ID,1/1/2400  11:59:59 PM From CLOSED_CYCLE, Error Msg = ORA-00923: FROM keyword not found where expected

	at oracle.jdbc.driver.T4CTTIoer11.processError(T4CTTIoer11.java:636)
	... 43 more
... Removed 26 stack frames</pre></div><a href='#' onClick='toggleBox("stack-trace837719796", this, "Click to show all stack frames", "Click to hide stack frames")'>Click to show all stack frames</a>
<div class='stack-trace' id='stack-trace837719796'><pre>java.sql.SQLSyntaxErrorException: ORA-00923: FROM keyword not found where expected

	at oracle.jdbc.driver.T4CTTIoer11.processError(T4CTTIoer11.java:629)
	at oracle.jdbc.driver.T4CTTIoer11.processError(T4CTTIoer11.java:563)
	at oracle.jdbc.driver.T4C8Oall.processError(T4C8Oall.java:1150)
	at oracle.jdbc.driver.T4CTTIfun.receive(T4CTTIfun.java:770)
	at oracle.jdbc.driver.T4CTTIfun.doRPC(T4CTTIfun.java:298)
	at oracle.jdbc.driver.T4C8Oall.doOALL(T4C8Oall.java:497)
	at oracle.jdbc.driver.T4CStatement.doOall8(T4CStatement.java:111)
	at oracle.jdbc.driver.T4CStatement.executeForDescribe(T4CStatement.java:895)
	at oracle.jdbc.driver.OracleStatement.prepareDefineBufferAndExecute(OracleStatement.java:1171)
	at oracle.jdbc.driver.OracleStatement.executeMaybeDescribe(OracleStatement.java:1100)
	at oracle.jdbc.driver.OracleStatement.executeSQLSelect(OracleStatement.java:1425)
	at oracle.jdbc.driver.OracleStatement.doExecuteWithTimeout(OracleStatement.java:1308)
	at oracle.jdbc.driver.OracleStatement.executeQuery(OracleStatement.java:1712)
	at oracle.jdbc.driver.OracleStatementWrapper.executeQuery(OracleStatementWrapper.java:393)
	at com.etl.common.database.DatabaseUtils.getColumnValues(DatabaseUtils.java:253)
	at com.etl.common.database.DatabaseUtils.getDiffResultQueries(DatabaseUtils.java:236)
	at com.etl.test.testscripts.TestCycIntf.CYCINTF_12__CYC_INTF__EFF_TO_TMS_CheckValidateValues(TestCycIntf.java:284)
	at java.base/jdk.internal.reflect.DirectMethodHandleAccessor.invoke(DirectMethodHandleAccessor.java:104)
	at java.base/java.lang.reflect.Method.invoke(Method.java:578)
	at org.testng.internal.MethodInvocationHelper.invokeMethod(MethodInvocationHelper.java:133)
	at org.testng.internal.TestInvoker.invokeMethod(TestInvoker.java:598)
	at org.testng.internal.TestInvoker.invokeTestMethod(TestInvoker.java:173)
	at org.testng.internal.MethodRunner.runInSequence(MethodRunner.java:46)
	at org.testng.internal.TestInvoker$MethodInvocationAgent.invoke(TestInvoker.java:824)
	at org.testng.internal.TestInvoker.invokeTestMethods(TestInvoker.java:146)
	at org.testng.internal.TestMethodWorker.invokeTestMethods(TestMethodWorker.java:146)
	at org.testng.internal.TestMethodWorker.run(TestMethodWorker.java:128)
	at java.base/java.util.ArrayList.forEach(ArrayList.java:1511)
	at org.testng.TestRunner.privateRun(TestRunner.java:794)
	at org.testng.TestRunner.run(TestRunner.java:596)
	at org.testng.SuiteRunner.runTest(SuiteRunner.java:377)
	at org.testng.SuiteRunner.runSequentially(SuiteRunner.java:371)
	at org.testng.SuiteRunner.privateRun(SuiteRunner.java:332)
	at org.testng.SuiteRunner.run(SuiteRunner.java:276)
	at org.testng.SuiteRunnerWorker.runSuite(SuiteRunnerWorker.java:53)
	at org.testng.SuiteRunnerWorker.run(SuiteRunnerWorker.java:96)
	at org.testng.TestNG.runSuitesSequentially(TestNG.java:1212)
	at org.testng.TestNG.runSuitesSequentially(TestNG.java:1207)
	at org.testng.TestNG.runSuitesLocally(TestNG.java:1134)
	at org.testng.TestNG.runSuites(TestNG.java:1063)
	at org.testng.TestNG.run(TestNG.java:1031)
	at org.testng.remote.AbstractRemoteTestNG.run(AbstractRemoteTestNG.java:115)
	at org.testng.remote.RemoteTestNG.initAndRun(RemoteTestNG.java:251)
	at org.testng.remote.RemoteTestNG.main(RemoteTestNG.java:77)
Caused by: Error : 923, Position : 26, Sql = Select CYCLE_ID,1/1/2400  11:59:59 PM From CLOSED_CYCLE, OriginalSql = Select CYCLE_ID,1/1/2400  11:59:59 PM From CLOSED_CYCLE, Error Msg = ORA-00923: FROM keyword not found where expected

	at oracle.jdbc.driver.T4CTTIoer11.processError(T4CTTIoer11.java:636)
	... 43 more
</pre></div></td>
<td>0</td>
<td>com.etl.test.testscripts.TestCycIntf@37858383</td></tr>
<tr>
<td title='com.etl.test.testscripts.TestCycIntf.CYCINTF_41__CYC_INTF__CYC_CODE_Addnewrecorddata()'><b>CYCINTF_41__CYC_INTF__CYC_CODE_Addnewrecorddata</b><br>Test class: com.etl.test.testscripts.TestCycIntf</td>
<td><div><pre>java.sql.SQLSyntaxErrorException: ORA-00936: missing expression

	at oracle.jdbc.driver.T4CTTIoer11.processError(T4CTTIoer11.java:629)
	at oracle.jdbc.driver.T4CTTIoer11.processError(T4CTTIoer11.java:563)
	at oracle.jdbc.driver.T4C8Oall.processError(T4C8Oall.java:1150)
	at oracle.jdbc.driver.T4CTTIfun.receive(T4CTTIfun.java:770)
	at oracle.jdbc.driver.T4CTTIfun.doRPC(T4CTTIfun.java:298)
	at oracle.jdbc.driver.T4C8Oall.doOALL(T4C8Oall.java:497)
	at oracle.jdbc.driver.T4CStatement.doOall8(T4CStatement.java:111)
	at oracle.jdbc.driver.T4CStatement.executeForDescribe(T4CStatement.java:895)
	at oracle.jdbc.driver.OracleStatement.prepareDefineBufferAndExecute(OracleStatement.java:1171)
	at oracle.jdbc.driver.OracleStatement.executeMaybeDescribe(OracleStatement.java:1100)
	at oracle.jdbc.driver.OracleStatement.executeSQLSelect(OracleStatement.java:1425)
	at oracle.jdbc.driver.OracleStatement.doExecuteWithTimeout(OracleStatement.java:1308)
	at oracle.jdbc.driver.OracleStatement.executeQuery(OracleStatement.java:1712)
	at oracle.jdbc.driver.OracleStatementWrapper.executeQuery(OracleStatementWrapper.java:393)
	at com.etl.common.database.DatabaseUtils.getColumnValues(DatabaseUtils.java:253)
	at com.etl.common.database.DatabaseUtils.getDiffResultQueries(DatabaseUtils.java:237)
	at com.etl.test.testscripts.TestCycIntf.CYCINTF_41__CYC_INTF__CYC_CODE_Addnewrecorddata(TestCycIntf.java:954)
	at java.base/java.util.ArrayList.forEach(ArrayList.java:1511)
Caused by: Error : 936, Position : 75, Sql = select UNQ_ID_IN_SRC_STM, CYC_CODE from CYC_INTF where UNQ_ID_IN_SRC_STM = , OriginalSql = select UNQ_ID_IN_SRC_STM, CYC_CODE from CYC_INTF where UNQ_ID_IN_SRC_STM = , Error Msg = ORA-00936: missing expression

	at oracle.jdbc.driver.T4CTTIoer11.processError(T4CTTIoer11.java:636)
	... 43 more
... Removed 26 stack frames</pre></div><a href='#' onClick='toggleBox("stack-trace1471019696", this, "Click to show all stack frames", "Click to hide stack frames")'>Click to show all stack frames</a>
<div class='stack-trace' id='stack-trace1471019696'><pre>java.sql.SQLSyntaxErrorException: ORA-00936: missing expression

	at oracle.jdbc.driver.T4CTTIoer11.processError(T4CTTIoer11.java:629)
	at oracle.jdbc.driver.T4CTTIoer11.processError(T4CTTIoer11.java:563)
	at oracle.jdbc.driver.T4C8Oall.processError(T4C8Oall.java:1150)
	at oracle.jdbc.driver.T4CTTIfun.receive(T4CTTIfun.java:770)
	at oracle.jdbc.driver.T4CTTIfun.doRPC(T4CTTIfun.java:298)
	at oracle.jdbc.driver.T4C8Oall.doOALL(T4C8Oall.java:497)
	at oracle.jdbc.driver.T4CStatement.doOall8(T4CStatement.java:111)
	at oracle.jdbc.driver.T4CStatement.executeForDescribe(T4CStatement.java:895)
	at oracle.jdbc.driver.OracleStatement.prepareDefineBufferAndExecute(OracleStatement.java:1171)
	at oracle.jdbc.driver.OracleStatement.executeMaybeDescribe(OracleStatement.java:1100)
	at oracle.jdbc.driver.OracleStatement.executeSQLSelect(OracleStatement.java:1425)
	at oracle.jdbc.driver.OracleStatement.doExecuteWithTimeout(OracleStatement.java:1308)
	at oracle.jdbc.driver.OracleStatement.executeQuery(OracleStatement.java:1712)
	at oracle.jdbc.driver.OracleStatementWrapper.executeQuery(OracleStatementWrapper.java:393)
	at com.etl.common.database.DatabaseUtils.getColumnValues(DatabaseUtils.java:253)
	at com.etl.common.database.DatabaseUtils.getDiffResultQueries(DatabaseUtils.java:237)
	at com.etl.test.testscripts.TestCycIntf.CYCINTF_41__CYC_INTF__CYC_CODE_Addnewrecorddata(TestCycIntf.java:954)
	at java.base/jdk.internal.reflect.DirectMethodHandleAccessor.invoke(DirectMethodHandleAccessor.java:104)
	at java.base/java.lang.reflect.Method.invoke(Method.java:578)
	at org.testng.internal.MethodInvocationHelper.invokeMethod(MethodInvocationHelper.java:133)
	at org.testng.internal.TestInvoker.invokeMethod(TestInvoker.java:598)
	at org.testng.internal.TestInvoker.invokeTestMethod(TestInvoker.java:173)
	at org.testng.internal.MethodRunner.runInSequence(MethodRunner.java:46)
	at org.testng.internal.TestInvoker$MethodInvocationAgent.invoke(TestInvoker.java:824)
	at org.testng.internal.TestInvoker.invokeTestMethods(TestInvoker.java:146)
	at org.testng.internal.TestMethodWorker.invokeTestMethods(TestMethodWorker.java:146)
	at org.testng.internal.TestMethodWorker.run(TestMethodWorker.java:128)
	at java.base/java.util.ArrayList.forEach(ArrayList.java:1511)
	at org.testng.TestRunner.privateRun(TestRunner.java:794)
	at org.testng.TestRunner.run(TestRunner.java:596)
	at org.testng.SuiteRunner.runTest(SuiteRunner.java:377)
	at org.testng.SuiteRunner.runSequentially(SuiteRunner.java:371)
	at org.testng.SuiteRunner.privateRun(SuiteRunner.java:332)
	at org.testng.SuiteRunner.run(SuiteRunner.java:276)
	at org.testng.SuiteRunnerWorker.runSuite(SuiteRunnerWorker.java:53)
	at org.testng.SuiteRunnerWorker.run(SuiteRunnerWorker.java:96)
	at org.testng.TestNG.runSuitesSequentially(TestNG.java:1212)
	at org.testng.TestNG.runSuitesSequentially(TestNG.java:1207)
	at org.testng.TestNG.runSuitesLocally(TestNG.java:1134)
	at org.testng.TestNG.runSuites(TestNG.java:1063)
	at org.testng.TestNG.run(TestNG.java:1031)
	at org.testng.remote.AbstractRemoteTestNG.run(AbstractRemoteTestNG.java:115)
	at org.testng.remote.RemoteTestNG.initAndRun(RemoteTestNG.java:251)
	at org.testng.remote.RemoteTestNG.main(RemoteTestNG.java:77)
Caused by: Error : 936, Position : 75, Sql = select UNQ_ID_IN_SRC_STM, CYC_CODE from CYC_INTF where UNQ_ID_IN_SRC_STM = , OriginalSql = select UNQ_ID_IN_SRC_STM, CYC_CODE from CYC_INTF where UNQ_ID_IN_SRC_STM = , Error Msg = ORA-00936: missing expression

	at oracle.jdbc.driver.T4CTTIoer11.processError(T4CTTIoer11.java:636)
	... 43 more
</pre></div></td>
<td>0</td>
<td>com.etl.test.testscripts.TestCycIntf@37858383</td></tr>
<tr>
<td title='com.etl.test.testscripts.TestCycIntf.CYCINTF_17__CYC_INTF__PPN_TMS_CheckCompleteness()'><b>CYCINTF_17__CYC_INTF__PPN_TMS_CheckCompleteness</b><br>Test class: com.etl.test.testscripts.TestCycIntf</td>
<td><div><pre>java.sql.SQLException: SQL statement to execute cannot be empty or null
	at oracle.jdbc.driver.OracleSql.initialize(OracleSql.java:126)
	at oracle.jdbc.driver.OracleStatement.executeQuery(OracleStatement.java:1702)
	at oracle.jdbc.driver.OracleStatementWrapper.executeQuery(OracleStatementWrapper.java:393)
	at com.etl.common.database.DatabaseUtils.getColumnValues(DatabaseUtils.java:253)
	at com.etl.common.database.DatabaseUtils.getDiffResultQueries(DatabaseUtils.java:236)
	at com.etl.test.testscripts.TestCycIntf.CYCINTF_17__CYC_INTF__PPN_TMS_CheckCompleteness(TestCycIntf.java:399)
	at java.base/java.util.ArrayList.forEach(ArrayList.java:1511)
... Removed 26 stack frames</pre></div><a href='#' onClick='toggleBox("stack-trace408909888", this, "Click to show all stack frames", "Click to hide stack frames")'>Click to show all stack frames</a>
<div class='stack-trace' id='stack-trace408909888'><pre>java.sql.SQLException: SQL statement to execute cannot be empty or null
	at oracle.jdbc.driver.OracleSql.initialize(OracleSql.java:126)
	at oracle.jdbc.driver.OracleStatement.executeQuery(OracleStatement.java:1702)
	at oracle.jdbc.driver.OracleStatementWrapper.executeQuery(OracleStatementWrapper.java:393)
	at com.etl.common.database.DatabaseUtils.getColumnValues(DatabaseUtils.java:253)
	at com.etl.common.database.DatabaseUtils.getDiffResultQueries(DatabaseUtils.java:236)
	at com.etl.test.testscripts.TestCycIntf.CYCINTF_17__CYC_INTF__PPN_TMS_CheckCompleteness(TestCycIntf.java:399)
	at java.base/jdk.internal.reflect.DirectMethodHandleAccessor.invoke(DirectMethodHandleAccessor.java:104)
	at java.base/java.lang.reflect.Method.invoke(Method.java:578)
	at org.testng.internal.MethodInvocationHelper.invokeMethod(MethodInvocationHelper.java:133)
	at org.testng.internal.TestInvoker.invokeMethod(TestInvoker.java:598)
	at org.testng.internal.TestInvoker.invokeTestMethod(TestInvoker.java:173)
	at org.testng.internal.MethodRunner.runInSequence(MethodRunner.java:46)
	at org.testng.internal.TestInvoker$MethodInvocationAgent.invoke(TestInvoker.java:824)
	at org.testng.internal.TestInvoker.invokeTestMethods(TestInvoker.java:146)
	at org.testng.internal.TestMethodWorker.invokeTestMethods(TestMethodWorker.java:146)
	at org.testng.internal.TestMethodWorker.run(TestMethodWorker.java:128)
	at java.base/java.util.ArrayList.forEach(ArrayList.java:1511)
	at org.testng.TestRunner.privateRun(TestRunner.java:794)
	at org.testng.TestRunner.run(TestRunner.java:596)
	at org.testng.SuiteRunner.runTest(SuiteRunner.java:377)
	at org.testng.SuiteRunner.runSequentially(SuiteRunner.java:371)
	at org.testng.SuiteRunner.privateRun(SuiteRunner.java:332)
	at org.testng.SuiteRunner.run(SuiteRunner.java:276)
	at org.testng.SuiteRunnerWorker.runSuite(SuiteRunnerWorker.java:53)
	at org.testng.SuiteRunnerWorker.run(SuiteRunnerWorker.java:96)
	at org.testng.TestNG.runSuitesSequentially(TestNG.java:1212)
	at org.testng.TestNG.runSuitesSequentially(TestNG.java:1207)
	at org.testng.TestNG.runSuitesLocally(TestNG.java:1134)
	at org.testng.TestNG.runSuites(TestNG.java:1063)
	at org.testng.TestNG.run(TestNG.java:1031)
	at org.testng.remote.AbstractRemoteTestNG.run(AbstractRemoteTestNG.java:115)
	at org.testng.remote.RemoteTestNG.initAndRun(RemoteTestNG.java:251)
	at org.testng.remote.RemoteTestNG.main(RemoteTestNG.java:77)
</pre></div></td>
<td>0</td>
<td>com.etl.test.testscripts.TestCycIntf@37858383</td></tr>
<tr>
<td title='com.etl.test.testscripts.TestCycIntf.CYCINTF_47__CYC_INTF__CRN_ROW_IND_Addnewrecorddata()'><b>CYCINTF_47__CYC_INTF__CRN_ROW_IND_Addnewrecorddata</b><br>Test class: com.etl.test.testscripts.TestCycIntf</td>
<td><div><pre>java.sql.SQLSyntaxErrorException: ORA-00936: missing expression

	at oracle.jdbc.driver.T4CTTIoer11.processError(T4CTTIoer11.java:629)
	at oracle.jdbc.driver.T4CTTIoer11.processError(T4CTTIoer11.java:563)
	at oracle.jdbc.driver.T4C8Oall.processError(T4C8Oall.java:1150)
	at oracle.jdbc.driver.T4CTTIfun.receive(T4CTTIfun.java:770)
	at oracle.jdbc.driver.T4CTTIfun.doRPC(T4CTTIfun.java:298)
	at oracle.jdbc.driver.T4C8Oall.doOALL(T4C8Oall.java:497)
	at oracle.jdbc.driver.T4CStatement.doOall8(T4CStatement.java:111)
	at oracle.jdbc.driver.T4CStatement.executeForDescribe(T4CStatement.java:895)
	at oracle.jdbc.driver.OracleStatement.prepareDefineBufferAndExecute(OracleStatement.java:1171)
	at oracle.jdbc.driver.OracleStatement.executeMaybeDescribe(OracleStatement.java:1100)
	at oracle.jdbc.driver.OracleStatement.executeSQLSelect(OracleStatement.java:1425)
	at oracle.jdbc.driver.OracleStatement.doExecuteWithTimeout(OracleStatement.java:1308)
	at oracle.jdbc.driver.OracleStatement.executeQuery(OracleStatement.java:1712)
	at oracle.jdbc.driver.OracleStatementWrapper.executeQuery(OracleStatementWrapper.java:393)
	at com.etl.common.database.DatabaseUtils.getColumnValues(DatabaseUtils.java:253)
	at com.etl.common.database.DatabaseUtils.getDiffResultQueries(DatabaseUtils.java:237)
	at com.etl.test.testscripts.TestCycIntf.CYCINTF_47__CYC_INTF__CRN_ROW_IND_Addnewrecorddata(TestCycIntf.java:1092)
	at java.base/java.util.ArrayList.forEach(ArrayList.java:1511)
Caused by: Error : 936, Position : 78, Sql = select UNQ_ID_IN_SRC_STM, CRN_ROW_IND from CYC_INTF where UNQ_ID_IN_SRC_STM = , OriginalSql = select UNQ_ID_IN_SRC_STM, CRN_ROW_IND from CYC_INTF where UNQ_ID_IN_SRC_STM = , Error Msg = ORA-00936: missing expression

	at oracle.jdbc.driver.T4CTTIoer11.processError(T4CTTIoer11.java:636)
	... 43 more
... Removed 26 stack frames</pre></div><a href='#' onClick='toggleBox("stack-trace1550080835", this, "Click to show all stack frames", "Click to hide stack frames")'>Click to show all stack frames</a>
<div class='stack-trace' id='stack-trace1550080835'><pre>java.sql.SQLSyntaxErrorException: ORA-00936: missing expression

	at oracle.jdbc.driver.T4CTTIoer11.processError(T4CTTIoer11.java:629)
	at oracle.jdbc.driver.T4CTTIoer11.processError(T4CTTIoer11.java:563)
	at oracle.jdbc.driver.T4C8Oall.processError(T4C8Oall.java:1150)
	at oracle.jdbc.driver.T4CTTIfun.receive(T4CTTIfun.java:770)
	at oracle.jdbc.driver.T4CTTIfun.doRPC(T4CTTIfun.java:298)
	at oracle.jdbc.driver.T4C8Oall.doOALL(T4C8Oall.java:497)
	at oracle.jdbc.driver.T4CStatement.doOall8(T4CStatement.java:111)
	at oracle.jdbc.driver.T4CStatement.executeForDescribe(T4CStatement.java:895)
	at oracle.jdbc.driver.OracleStatement.prepareDefineBufferAndExecute(OracleStatement.java:1171)
	at oracle.jdbc.driver.OracleStatement.executeMaybeDescribe(OracleStatement.java:1100)
	at oracle.jdbc.driver.OracleStatement.executeSQLSelect(OracleStatement.java:1425)
	at oracle.jdbc.driver.OracleStatement.doExecuteWithTimeout(OracleStatement.java:1308)
	at oracle.jdbc.driver.OracleStatement.executeQuery(OracleStatement.java:1712)
	at oracle.jdbc.driver.OracleStatementWrapper.executeQuery(OracleStatementWrapper.java:393)
	at com.etl.common.database.DatabaseUtils.getColumnValues(DatabaseUtils.java:253)
	at com.etl.common.database.DatabaseUtils.getDiffResultQueries(DatabaseUtils.java:237)
	at com.etl.test.testscripts.TestCycIntf.CYCINTF_47__CYC_INTF__CRN_ROW_IND_Addnewrecorddata(TestCycIntf.java:1092)
	at java.base/jdk.internal.reflect.DirectMethodHandleAccessor.invoke(DirectMethodHandleAccessor.java:104)
	at java.base/java.lang.reflect.Method.invoke(Method.java:578)
	at org.testng.internal.MethodInvocationHelper.invokeMethod(MethodInvocationHelper.java:133)
	at org.testng.internal.TestInvoker.invokeMethod(TestInvoker.java:598)
	at org.testng.internal.TestInvoker.invokeTestMethod(TestInvoker.java:173)
	at org.testng.internal.MethodRunner.runInSequence(MethodRunner.java:46)
	at org.testng.internal.TestInvoker$MethodInvocationAgent.invoke(TestInvoker.java:824)
	at org.testng.internal.TestInvoker.invokeTestMethods(TestInvoker.java:146)
	at org.testng.internal.TestMethodWorker.invokeTestMethods(TestMethodWorker.java:146)
	at org.testng.internal.TestMethodWorker.run(TestMethodWorker.java:128)
	at java.base/java.util.ArrayList.forEach(ArrayList.java:1511)
	at org.testng.TestRunner.privateRun(TestRunner.java:794)
	at org.testng.TestRunner.run(TestRunner.java:596)
	at org.testng.SuiteRunner.runTest(SuiteRunner.java:377)
	at org.testng.SuiteRunner.runSequentially(SuiteRunner.java:371)
	at org.testng.SuiteRunner.privateRun(SuiteRunner.java:332)
	at org.testng.SuiteRunner.run(SuiteRunner.java:276)
	at org.testng.SuiteRunnerWorker.runSuite(SuiteRunnerWorker.java:53)
	at org.testng.SuiteRunnerWorker.run(SuiteRunnerWorker.java:96)
	at org.testng.TestNG.runSuitesSequentially(TestNG.java:1212)
	at org.testng.TestNG.runSuitesSequentially(TestNG.java:1207)
	at org.testng.TestNG.runSuitesLocally(TestNG.java:1134)
	at org.testng.TestNG.runSuites(TestNG.java:1063)
	at org.testng.TestNG.run(TestNG.java:1031)
	at org.testng.remote.AbstractRemoteTestNG.run(AbstractRemoteTestNG.java:115)
	at org.testng.remote.RemoteTestNG.initAndRun(RemoteTestNG.java:251)
	at org.testng.remote.RemoteTestNG.main(RemoteTestNG.java:77)
Caused by: Error : 936, Position : 78, Sql = select UNQ_ID_IN_SRC_STM, CRN_ROW_IND from CYC_INTF where UNQ_ID_IN_SRC_STM = , OriginalSql = select UNQ_ID_IN_SRC_STM, CRN_ROW_IND from CYC_INTF where UNQ_ID_IN_SRC_STM = , Error Msg = ORA-00936: missing expression

	at oracle.jdbc.driver.T4CTTIoer11.processError(T4CTTIoer11.java:636)
	... 43 more
</pre></div></td>
<td>0</td>
<td>com.etl.test.testscripts.TestCycIntf@37858383</td></tr>
<tr>
<td title='com.etl.test.testscripts.TestCycIntf.CYCINTF_49__CYC_INTF__EFF_TO_TMS_Addnewrecorddata()'><b>CYCINTF_49__CYC_INTF__EFF_TO_TMS_Addnewrecorddata</b><br>Test class: com.etl.test.testscripts.TestCycIntf</td>
<td><div><pre>java.sql.SQLSyntaxErrorException: ORA-00936: missing expression

	at oracle.jdbc.driver.T4CTTIoer11.processError(T4CTTIoer11.java:629)
	at oracle.jdbc.driver.T4CTTIoer11.processError(T4CTTIoer11.java:563)
	at oracle.jdbc.driver.T4C8Oall.processError(T4C8Oall.java:1150)
	at oracle.jdbc.driver.T4CTTIfun.receive(T4CTTIfun.java:770)
	at oracle.jdbc.driver.T4CTTIfun.doRPC(T4CTTIfun.java:298)
	at oracle.jdbc.driver.T4C8Oall.doOALL(T4C8Oall.java:497)
	at oracle.jdbc.driver.T4CStatement.doOall8(T4CStatement.java:111)
	at oracle.jdbc.driver.T4CStatement.executeForDescribe(T4CStatement.java:895)
	at oracle.jdbc.driver.OracleStatement.prepareDefineBufferAndExecute(OracleStatement.java:1171)
	at oracle.jdbc.driver.OracleStatement.executeMaybeDescribe(OracleStatement.java:1100)
	at oracle.jdbc.driver.OracleStatement.executeSQLSelect(OracleStatement.java:1425)
	at oracle.jdbc.driver.OracleStatement.doExecuteWithTimeout(OracleStatement.java:1308)
	at oracle.jdbc.driver.OracleStatement.executeQuery(OracleStatement.java:1712)
	at oracle.jdbc.driver.OracleStatementWrapper.executeQuery(OracleStatementWrapper.java:393)
	at com.etl.common.database.DatabaseUtils.getColumnValues(DatabaseUtils.java:253)
	at com.etl.common.database.DatabaseUtils.getDiffResultQueries(DatabaseUtils.java:237)
	at com.etl.test.testscripts.TestCycIntf.CYCINTF_49__CYC_INTF__EFF_TO_TMS_Addnewrecorddata(TestCycIntf.java:1138)
	at java.base/java.util.ArrayList.forEach(ArrayList.java:1511)
Caused by: Error : 936, Position : 77, Sql = select UNQ_ID_IN_SRC_STM, EFF_TO_TMS from CYC_INTF where UNQ_ID_IN_SRC_STM = , OriginalSql = select UNQ_ID_IN_SRC_STM, EFF_TO_TMS from CYC_INTF where UNQ_ID_IN_SRC_STM = , Error Msg = ORA-00936: missing expression

	at oracle.jdbc.driver.T4CTTIoer11.processError(T4CTTIoer11.java:636)
	... 43 more
... Removed 26 stack frames</pre></div><a href='#' onClick='toggleBox("stack-trace62915435", this, "Click to show all stack frames", "Click to hide stack frames")'>Click to show all stack frames</a>
<div class='stack-trace' id='stack-trace62915435'><pre>java.sql.SQLSyntaxErrorException: ORA-00936: missing expression

	at oracle.jdbc.driver.T4CTTIoer11.processError(T4CTTIoer11.java:629)
	at oracle.jdbc.driver.T4CTTIoer11.processError(T4CTTIoer11.java:563)
	at oracle.jdbc.driver.T4C8Oall.processError(T4C8Oall.java:1150)
	at oracle.jdbc.driver.T4CTTIfun.receive(T4CTTIfun.java:770)
	at oracle.jdbc.driver.T4CTTIfun.doRPC(T4CTTIfun.java:298)
	at oracle.jdbc.driver.T4C8Oall.doOALL(T4C8Oall.java:497)
	at oracle.jdbc.driver.T4CStatement.doOall8(T4CStatement.java:111)
	at oracle.jdbc.driver.T4CStatement.executeForDescribe(T4CStatement.java:895)
	at oracle.jdbc.driver.OracleStatement.prepareDefineBufferAndExecute(OracleStatement.java:1171)
	at oracle.jdbc.driver.OracleStatement.executeMaybeDescribe(OracleStatement.java:1100)
	at oracle.jdbc.driver.OracleStatement.executeSQLSelect(OracleStatement.java:1425)
	at oracle.jdbc.driver.OracleStatement.doExecuteWithTimeout(OracleStatement.java:1308)
	at oracle.jdbc.driver.OracleStatement.executeQuery(OracleStatement.java:1712)
	at oracle.jdbc.driver.OracleStatementWrapper.executeQuery(OracleStatementWrapper.java:393)
	at com.etl.common.database.DatabaseUtils.getColumnValues(DatabaseUtils.java:253)
	at com.etl.common.database.DatabaseUtils.getDiffResultQueries(DatabaseUtils.java:237)
	at com.etl.test.testscripts.TestCycIntf.CYCINTF_49__CYC_INTF__EFF_TO_TMS_Addnewrecorddata(TestCycIntf.java:1138)
	at java.base/jdk.internal.reflect.DirectMethodHandleAccessor.invoke(DirectMethodHandleAccessor.java:104)
	at java.base/java.lang.reflect.Method.invoke(Method.java:578)
	at org.testng.internal.MethodInvocationHelper.invokeMethod(MethodInvocationHelper.java:133)
	at org.testng.internal.TestInvoker.invokeMethod(TestInvoker.java:598)
	at org.testng.internal.TestInvoker.invokeTestMethod(TestInvoker.java:173)
	at org.testng.internal.MethodRunner.runInSequence(MethodRunner.java:46)
	at org.testng.internal.TestInvoker$MethodInvocationAgent.invoke(TestInvoker.java:824)
	at org.testng.internal.TestInvoker.invokeTestMethods(TestInvoker.java:146)
	at org.testng.internal.TestMethodWorker.invokeTestMethods(TestMethodWorker.java:146)
	at org.testng.internal.TestMethodWorker.run(TestMethodWorker.java:128)
	at java.base/java.util.ArrayList.forEach(ArrayList.java:1511)
	at org.testng.TestRunner.privateRun(TestRunner.java:794)
	at org.testng.TestRunner.run(TestRunner.java:596)
	at org.testng.SuiteRunner.runTest(SuiteRunner.java:377)
	at org.testng.SuiteRunner.runSequentially(SuiteRunner.java:371)
	at org.testng.SuiteRunner.privateRun(SuiteRunner.java:332)
	at org.testng.SuiteRunner.run(SuiteRunner.java:276)
	at org.testng.SuiteRunnerWorker.runSuite(SuiteRunnerWorker.java:53)
	at org.testng.SuiteRunnerWorker.run(SuiteRunnerWorker.java:96)
	at org.testng.TestNG.runSuitesSequentially(TestNG.java:1212)
	at org.testng.TestNG.runSuitesSequentially(TestNG.java:1207)
	at org.testng.TestNG.runSuitesLocally(TestNG.java:1134)
	at org.testng.TestNG.runSuites(TestNG.java:1063)
	at org.testng.TestNG.run(TestNG.java:1031)
	at org.testng.remote.AbstractRemoteTestNG.run(AbstractRemoteTestNG.java:115)
	at org.testng.remote.RemoteTestNG.initAndRun(RemoteTestNG.java:251)
	at org.testng.remote.RemoteTestNG.main(RemoteTestNG.java:77)
Caused by: Error : 936, Position : 77, Sql = select UNQ_ID_IN_SRC_STM, EFF_TO_TMS from CYC_INTF where UNQ_ID_IN_SRC_STM = , OriginalSql = select UNQ_ID_IN_SRC_STM, EFF_TO_TMS from CYC_INTF where UNQ_ID_IN_SRC_STM = , Error Msg = ORA-00936: missing expression

	at oracle.jdbc.driver.T4CTTIoer11.processError(T4CTTIoer11.java:636)
	... 43 more
</pre></div></td>
<td>0</td>
<td>com.etl.test.testscripts.TestCycIntf@37858383</td></tr>
<tr>
<td title='com.etl.test.testscripts.TestCycIntf.CYCINTF_19__CYC_INTF__SRC_STM_NM_CheckCompleteness()'><b>CYCINTF_19__CYC_INTF__SRC_STM_NM_CheckCompleteness</b><br>Test class: com.etl.test.testscripts.TestCycIntf</td>
<td><div><pre>java.sql.SQLException: SQL statement to execute cannot be empty or null
	at oracle.jdbc.driver.OracleSql.initialize(OracleSql.java:126)
	at oracle.jdbc.driver.OracleStatement.executeQuery(OracleStatement.java:1702)
	at oracle.jdbc.driver.OracleStatementWrapper.executeQuery(OracleStatementWrapper.java:393)
	at com.etl.common.database.DatabaseUtils.getColumnValues(DatabaseUtils.java:253)
	at com.etl.common.database.DatabaseUtils.getDiffResultQueries(DatabaseUtils.java:236)
	at com.etl.test.testscripts.TestCycIntf.CYCINTF_19__CYC_INTF__SRC_STM_NM_CheckCompleteness(TestCycIntf.java:445)
	at java.base/java.util.ArrayList.forEach(ArrayList.java:1511)
... Removed 26 stack frames</pre></div><a href='#' onClick='toggleBox("stack-trace498820363", this, "Click to show all stack frames", "Click to hide stack frames")'>Click to show all stack frames</a>
<div class='stack-trace' id='stack-trace498820363'><pre>java.sql.SQLException: SQL statement to execute cannot be empty or null
	at oracle.jdbc.driver.OracleSql.initialize(OracleSql.java:126)
	at oracle.jdbc.driver.OracleStatement.executeQuery(OracleStatement.java:1702)
	at oracle.jdbc.driver.OracleStatementWrapper.executeQuery(OracleStatementWrapper.java:393)
	at com.etl.common.database.DatabaseUtils.getColumnValues(DatabaseUtils.java:253)
	at com.etl.common.database.DatabaseUtils.getDiffResultQueries(DatabaseUtils.java:236)
	at com.etl.test.testscripts.TestCycIntf.CYCINTF_19__CYC_INTF__SRC_STM_NM_CheckCompleteness(TestCycIntf.java:445)
	at java.base/jdk.internal.reflect.DirectMethodHandleAccessor.invoke(DirectMethodHandleAccessor.java:104)
	at java.base/java.lang.reflect.Method.invoke(Method.java:578)
	at org.testng.internal.MethodInvocationHelper.invokeMethod(MethodInvocationHelper.java:133)
	at org.testng.internal.TestInvoker.invokeMethod(TestInvoker.java:598)
	at org.testng.internal.TestInvoker.invokeTestMethod(TestInvoker.java:173)
	at org.testng.internal.MethodRunner.runInSequence(MethodRunner.java:46)
	at org.testng.internal.TestInvoker$MethodInvocationAgent.invoke(TestInvoker.java:824)
	at org.testng.internal.TestInvoker.invokeTestMethods(TestInvoker.java:146)
	at org.testng.internal.TestMethodWorker.invokeTestMethods(TestMethodWorker.java:146)
	at org.testng.internal.TestMethodWorker.run(TestMethodWorker.java:128)
	at java.base/java.util.ArrayList.forEach(ArrayList.java:1511)
	at org.testng.TestRunner.privateRun(TestRunner.java:794)
	at org.testng.TestRunner.run(TestRunner.java:596)
	at org.testng.SuiteRunner.runTest(SuiteRunner.java:377)
	at org.testng.SuiteRunner.runSequentially(SuiteRunner.java:371)
	at org.testng.SuiteRunner.privateRun(SuiteRunner.java:332)
	at org.testng.SuiteRunner.run(SuiteRunner.java:276)
	at org.testng.SuiteRunnerWorker.runSuite(SuiteRunnerWorker.java:53)
	at org.testng.SuiteRunnerWorker.run(SuiteRunnerWorker.java:96)
	at org.testng.TestNG.runSuitesSequentially(TestNG.java:1212)
	at org.testng.TestNG.runSuitesSequentially(TestNG.java:1207)
	at org.testng.TestNG.runSuitesLocally(TestNG.java:1134)
	at org.testng.TestNG.runSuites(TestNG.java:1063)
	at org.testng.TestNG.run(TestNG.java:1031)
	at org.testng.remote.AbstractRemoteTestNG.run(AbstractRemoteTestNG.java:115)
	at org.testng.remote.RemoteTestNG.initAndRun(RemoteTestNG.java:251)
	at org.testng.remote.RemoteTestNG.main(RemoteTestNG.java:77)
</pre></div></td>
<td>0</td>
<td>com.etl.test.testscripts.TestCycIntf@37858383</td></tr>
<tr>
<td title='com.etl.test.testscripts.TestCycIntf.CYCINTF_24__CYC_INTF__SRC_STM_CODE_CheckValidity()'><b>CYCINTF_24__CYC_INTF__SRC_STM_CODE_CheckValidity</b><br>Test class: com.etl.test.testscripts.TestCycIntf</td>
<td><div><pre>java.sql.SQLException: SQL statement to execute cannot be empty or null
	at oracle.jdbc.driver.OracleSql.initialize(OracleSql.java:126)
	at oracle.jdbc.driver.OracleStatement.executeQuery(OracleStatement.java:1702)
	at oracle.jdbc.driver.OracleStatementWrapper.executeQuery(OracleStatementWrapper.java:393)
	at com.etl.common.database.DatabaseUtils.getColumnValues(DatabaseUtils.java:253)
	at com.etl.common.database.DatabaseUtils.getDiffResultQueries(DatabaseUtils.java:236)
	at com.etl.test.testscripts.TestCycIntf.CYCINTF_24__CYC_INTF__SRC_STM_CODE_CheckValidity(TestCycIntf.java:561)
	at java.base/java.util.ArrayList.forEach(ArrayList.java:1511)
... Removed 26 stack frames</pre></div><a href='#' onClick='toggleBox("stack-trace1470772251", this, "Click to show all stack frames", "Click to hide stack frames")'>Click to show all stack frames</a>
<div class='stack-trace' id='stack-trace1470772251'><pre>java.sql.SQLException: SQL statement to execute cannot be empty or null
	at oracle.jdbc.driver.OracleSql.initialize(OracleSql.java:126)
	at oracle.jdbc.driver.OracleStatement.executeQuery(OracleStatement.java:1702)
	at oracle.jdbc.driver.OracleStatementWrapper.executeQuery(OracleStatementWrapper.java:393)
	at com.etl.common.database.DatabaseUtils.getColumnValues(DatabaseUtils.java:253)
	at com.etl.common.database.DatabaseUtils.getDiffResultQueries(DatabaseUtils.java:236)
	at com.etl.test.testscripts.TestCycIntf.CYCINTF_24__CYC_INTF__SRC_STM_CODE_CheckValidity(TestCycIntf.java:561)
	at java.base/jdk.internal.reflect.DirectMethodHandleAccessor.invoke(DirectMethodHandleAccessor.java:104)
	at java.base/java.lang.reflect.Method.invoke(Method.java:578)
	at org.testng.internal.MethodInvocationHelper.invokeMethod(MethodInvocationHelper.java:133)
	at org.testng.internal.TestInvoker.invokeMethod(TestInvoker.java:598)
	at org.testng.internal.TestInvoker.invokeTestMethod(TestInvoker.java:173)
	at org.testng.internal.MethodRunner.runInSequence(MethodRunner.java:46)
	at org.testng.internal.TestInvoker$MethodInvocationAgent.invoke(TestInvoker.java:824)
	at org.testng.internal.TestInvoker.invokeTestMethods(TestInvoker.java:146)
	at org.testng.internal.TestMethodWorker.invokeTestMethods(TestMethodWorker.java:146)
	at org.testng.internal.TestMethodWorker.run(TestMethodWorker.java:128)
	at java.base/java.util.ArrayList.forEach(ArrayList.java:1511)
	at org.testng.TestRunner.privateRun(TestRunner.java:794)
	at org.testng.TestRunner.run(TestRunner.java:596)
	at org.testng.SuiteRunner.runTest(SuiteRunner.java:377)
	at org.testng.SuiteRunner.runSequentially(SuiteRunner.java:371)
	at org.testng.SuiteRunner.privateRun(SuiteRunner.java:332)
	at org.testng.SuiteRunner.run(SuiteRunner.java:276)
	at org.testng.SuiteRunnerWorker.runSuite(SuiteRunnerWorker.java:53)
	at org.testng.SuiteRunnerWorker.run(SuiteRunnerWorker.java:96)
	at org.testng.TestNG.runSuitesSequentially(TestNG.java:1212)
	at org.testng.TestNG.runSuitesSequentially(TestNG.java:1207)
	at org.testng.TestNG.runSuitesLocally(TestNG.java:1134)
	at org.testng.TestNG.runSuites(TestNG.java:1063)
	at org.testng.TestNG.run(TestNG.java:1031)
	at org.testng.remote.AbstractRemoteTestNG.run(AbstractRemoteTestNG.java:115)
	at org.testng.remote.RemoteTestNG.initAndRun(RemoteTestNG.java:251)
	at org.testng.remote.RemoteTestNG.main(RemoteTestNG.java:77)
</pre></div></td>
<td>0</td>
<td>com.etl.test.testscripts.TestCycIntf@37858383</td></tr>
<tr>
<td title='com.etl.test.testscripts.TestCycIntf.CYCINTF_05__CYC_INTF__CYC_NM_CheckValidateValues()'><b>CYCINTF_05__CYC_INTF__CYC_NM_CheckValidateValues</b><br>Test class: com.etl.test.testscripts.TestCycIntf</td>
<td><div><pre>java.sql.SQLSyntaxErrorException: ORA-00942: table or view does not exist

	at oracle.jdbc.driver.T4CTTIoer11.processError(T4CTTIoer11.java:629)
	at oracle.jdbc.driver.T4CTTIoer11.processError(T4CTTIoer11.java:563)
	at oracle.jdbc.driver.T4C8Oall.processError(T4C8Oall.java:1150)
	at oracle.jdbc.driver.T4CTTIfun.receive(T4CTTIfun.java:770)
	at oracle.jdbc.driver.T4CTTIfun.doRPC(T4CTTIfun.java:298)
	at oracle.jdbc.driver.T4C8Oall.doOALL(T4C8Oall.java:497)
	at oracle.jdbc.driver.T4CStatement.doOall8(T4CStatement.java:111)
	at oracle.jdbc.driver.T4CStatement.executeForDescribe(T4CStatement.java:895)
	at oracle.jdbc.driver.OracleStatement.prepareDefineBufferAndExecute(OracleStatement.java:1171)
	at oracle.jdbc.driver.OracleStatement.executeMaybeDescribe(OracleStatement.java:1100)
	at oracle.jdbc.driver.OracleStatement.executeSQLSelect(OracleStatement.java:1425)
	at oracle.jdbc.driver.OracleStatement.doExecuteWithTimeout(OracleStatement.java:1308)
	at oracle.jdbc.driver.OracleStatement.executeQuery(OracleStatement.java:1712)
	at oracle.jdbc.driver.OracleStatementWrapper.executeQuery(OracleStatementWrapper.java:393)
	at com.etl.common.database.DatabaseUtils.getColumnValues(DatabaseUtils.java:253)
	at com.etl.common.database.DatabaseUtils.getDiffResultQueries(DatabaseUtils.java:237)
	at com.etl.test.testscripts.TestCycIntf.CYCINTF_05__CYC_INTF__CYC_NM_CheckValidateValues(TestCycIntf.java:123)
	at java.base/java.util.ArrayList.forEach(ArrayList.java:1511)
Caused by: Error : 942, Position : 37, Sql = Select UNQ_ID_IN_SRC_STM,CYC_NM From CYC_INTF, OriginalSql = Select UNQ_ID_IN_SRC_STM,CYC_NM From CYC_INTF, Error Msg = ORA-00942: table or view does not exist

	at oracle.jdbc.driver.T4CTTIoer11.processError(T4CTTIoer11.java:636)
	... 43 more
... Removed 26 stack frames</pre></div><a href='#' onClick='toggleBox("stack-trace903064416", this, "Click to show all stack frames", "Click to hide stack frames")'>Click to show all stack frames</a>
<div class='stack-trace' id='stack-trace903064416'><pre>java.sql.SQLSyntaxErrorException: ORA-00942: table or view does not exist

	at oracle.jdbc.driver.T4CTTIoer11.processError(T4CTTIoer11.java:629)
	at oracle.jdbc.driver.T4CTTIoer11.processError(T4CTTIoer11.java:563)
	at oracle.jdbc.driver.T4C8Oall.processError(T4C8Oall.java:1150)
	at oracle.jdbc.driver.T4CTTIfun.receive(T4CTTIfun.java:770)
	at oracle.jdbc.driver.T4CTTIfun.doRPC(T4CTTIfun.java:298)
	at oracle.jdbc.driver.T4C8Oall.doOALL(T4C8Oall.java:497)
	at oracle.jdbc.driver.T4CStatement.doOall8(T4CStatement.java:111)
	at oracle.jdbc.driver.T4CStatement.executeForDescribe(T4CStatement.java:895)
	at oracle.jdbc.driver.OracleStatement.prepareDefineBufferAndExecute(OracleStatement.java:1171)
	at oracle.jdbc.driver.OracleStatement.executeMaybeDescribe(OracleStatement.java:1100)
	at oracle.jdbc.driver.OracleStatement.executeSQLSelect(OracleStatement.java:1425)
	at oracle.jdbc.driver.OracleStatement.doExecuteWithTimeout(OracleStatement.java:1308)
	at oracle.jdbc.driver.OracleStatement.executeQuery(OracleStatement.java:1712)
	at oracle.jdbc.driver.OracleStatementWrapper.executeQuery(OracleStatementWrapper.java:393)
	at com.etl.common.database.DatabaseUtils.getColumnValues(DatabaseUtils.java:253)
	at com.etl.common.database.DatabaseUtils.getDiffResultQueries(DatabaseUtils.java:237)
	at com.etl.test.testscripts.TestCycIntf.CYCINTF_05__CYC_INTF__CYC_NM_CheckValidateValues(TestCycIntf.java:123)
	at java.base/jdk.internal.reflect.DirectMethodHandleAccessor.invoke(DirectMethodHandleAccessor.java:104)
	at java.base/java.lang.reflect.Method.invoke(Method.java:578)
	at org.testng.internal.MethodInvocationHelper.invokeMethod(MethodInvocationHelper.java:133)
	at org.testng.internal.TestInvoker.invokeMethod(TestInvoker.java:598)
	at org.testng.internal.TestInvoker.invokeTestMethod(TestInvoker.java:173)
	at org.testng.internal.MethodRunner.runInSequence(MethodRunner.java:46)
	at org.testng.internal.TestInvoker$MethodInvocationAgent.invoke(TestInvoker.java:824)
	at org.testng.internal.TestInvoker.invokeTestMethods(TestInvoker.java:146)
	at org.testng.internal.TestMethodWorker.invokeTestMethods(TestMethodWorker.java:146)
	at org.testng.internal.TestMethodWorker.run(TestMethodWorker.java:128)
	at java.base/java.util.ArrayList.forEach(ArrayList.java:1511)
	at org.testng.TestRunner.privateRun(TestRunner.java:794)
	at org.testng.TestRunner.run(TestRunner.java:596)
	at org.testng.SuiteRunner.runTest(SuiteRunner.java:377)
	at org.testng.SuiteRunner.runSequentially(SuiteRunner.java:371)
	at org.testng.SuiteRunner.privateRun(SuiteRunner.java:332)
	at org.testng.SuiteRunner.run(SuiteRunner.java:276)
	at org.testng.SuiteRunnerWorker.runSuite(SuiteRunnerWorker.java:53)
	at org.testng.SuiteRunnerWorker.run(SuiteRunnerWorker.java:96)
	at org.testng.TestNG.runSuitesSequentially(TestNG.java:1212)
	at org.testng.TestNG.runSuitesSequentially(TestNG.java:1207)
	at org.testng.TestNG.runSuitesLocally(TestNG.java:1134)
	at org.testng.TestNG.runSuites(TestNG.java:1063)
	at org.testng.TestNG.run(TestNG.java:1031)
	at org.testng.remote.AbstractRemoteTestNG.run(AbstractRemoteTestNG.java:115)
	at org.testng.remote.RemoteTestNG.initAndRun(RemoteTestNG.java:251)
	at org.testng.remote.RemoteTestNG.main(RemoteTestNG.java:77)
Caused by: Error : 942, Position : 37, Sql = Select UNQ_ID_IN_SRC_STM,CYC_NM From CYC_INTF, OriginalSql = Select UNQ_ID_IN_SRC_STM,CYC_NM From CYC_INTF, Error Msg = ORA-00942: table or view does not exist

	at oracle.jdbc.driver.T4CTTIoer11.processError(T4CTTIoer11.java:636)
	... 43 more
</pre></div></td>
<td>0</td>
<td>com.etl.test.testscripts.TestCycIntf@37858383</td></tr>
<tr>
<td title='com.etl.test.testscripts.TestCycIntf.CYCINTF_26__CYC_INTF__CRN_ROW_IND_CheckValidity()'><b>CYCINTF_26__CYC_INTF__CRN_ROW_IND_CheckValidity</b><br>Test class: com.etl.test.testscripts.TestCycIntf</td>
<td><div><pre>java.sql.SQLException: SQL statement to execute cannot be empty or null
	at oracle.jdbc.driver.OracleSql.initialize(OracleSql.java:126)
	at oracle.jdbc.driver.OracleStatement.executeQuery(OracleStatement.java:1702)
	at oracle.jdbc.driver.OracleStatementWrapper.executeQuery(OracleStatementWrapper.java:393)
	at com.etl.common.database.DatabaseUtils.getColumnValues(DatabaseUtils.java:253)
	at com.etl.common.database.DatabaseUtils.getDiffResultQueries(DatabaseUtils.java:236)
	at com.etl.test.testscripts.TestCycIntf.CYCINTF_26__CYC_INTF__CRN_ROW_IND_CheckValidity(TestCycIntf.java:608)
	at java.base/java.util.ArrayList.forEach(ArrayList.java:1511)
... Removed 26 stack frames</pre></div><a href='#' onClick='toggleBox("stack-trace27053221", this, "Click to show all stack frames", "Click to hide stack frames")'>Click to show all stack frames</a>
<div class='stack-trace' id='stack-trace27053221'><pre>java.sql.SQLException: SQL statement to execute cannot be empty or null
	at oracle.jdbc.driver.OracleSql.initialize(OracleSql.java:126)
	at oracle.jdbc.driver.OracleStatement.executeQuery(OracleStatement.java:1702)
	at oracle.jdbc.driver.OracleStatementWrapper.executeQuery(OracleStatementWrapper.java:393)
	at com.etl.common.database.DatabaseUtils.getColumnValues(DatabaseUtils.java:253)
	at com.etl.common.database.DatabaseUtils.getDiffResultQueries(DatabaseUtils.java:236)
	at com.etl.test.testscripts.TestCycIntf.CYCINTF_26__CYC_INTF__CRN_ROW_IND_CheckValidity(TestCycIntf.java:608)
	at java.base/jdk.internal.reflect.DirectMethodHandleAccessor.invoke(DirectMethodHandleAccessor.java:104)
	at java.base/java.lang.reflect.Method.invoke(Method.java:578)
	at org.testng.internal.MethodInvocationHelper.invokeMethod(MethodInvocationHelper.java:133)
	at org.testng.internal.TestInvoker.invokeMethod(TestInvoker.java:598)
	at org.testng.internal.TestInvoker.invokeTestMethod(TestInvoker.java:173)
	at org.testng.internal.MethodRunner.runInSequence(MethodRunner.java:46)
	at org.testng.internal.TestInvoker$MethodInvocationAgent.invoke(TestInvoker.java:824)
	at org.testng.internal.TestInvoker.invokeTestMethods(TestInvoker.java:146)
	at org.testng.internal.TestMethodWorker.invokeTestMethods(TestMethodWorker.java:146)
	at org.testng.internal.TestMethodWorker.run(TestMethodWorker.java:128)
	at java.base/java.util.ArrayList.forEach(ArrayList.java:1511)
	at org.testng.TestRunner.privateRun(TestRunner.java:794)
	at org.testng.TestRunner.run(TestRunner.java:596)
	at org.testng.SuiteRunner.runTest(SuiteRunner.java:377)
	at org.testng.SuiteRunner.runSequentially(SuiteRunner.java:371)
	at org.testng.SuiteRunner.privateRun(SuiteRunner.java:332)
	at org.testng.SuiteRunner.run(SuiteRunner.java:276)
	at org.testng.SuiteRunnerWorker.runSuite(SuiteRunnerWorker.java:53)
	at org.testng.SuiteRunnerWorker.run(SuiteRunnerWorker.java:96)
	at org.testng.TestNG.runSuitesSequentially(TestNG.java:1212)
	at org.testng.TestNG.runSuitesSequentially(TestNG.java:1207)
	at org.testng.TestNG.runSuitesLocally(TestNG.java:1134)
	at org.testng.TestNG.runSuites(TestNG.java:1063)
	at org.testng.TestNG.run(TestNG.java:1031)
	at org.testng.remote.AbstractRemoteTestNG.run(AbstractRemoteTestNG.java:115)
	at org.testng.remote.RemoteTestNG.initAndRun(RemoteTestNG.java:251)
	at org.testng.remote.RemoteTestNG.main(RemoteTestNG.java:77)
</pre></div></td>
<td>0</td>
<td>com.etl.test.testscripts.TestCycIntf@37858383</td></tr>
<tr>
<td title='com.etl.test.testscripts.TestCycIntf.CYCINTF_48__CYC_INTF__EFF_FM_TMS_Addnewrecorddata()'><b>CYCINTF_48__CYC_INTF__EFF_FM_TMS_Addnewrecorddata</b><br>Test class: com.etl.test.testscripts.TestCycIntf</td>
<td><div><pre>java.sql.SQLSyntaxErrorException: ORA-00936: missing expression

	at oracle.jdbc.driver.T4CTTIoer11.processError(T4CTTIoer11.java:629)
	at oracle.jdbc.driver.T4CTTIoer11.processError(T4CTTIoer11.java:563)
	at oracle.jdbc.driver.T4C8Oall.processError(T4C8Oall.java:1150)
	at oracle.jdbc.driver.T4CTTIfun.receive(T4CTTIfun.java:770)
	at oracle.jdbc.driver.T4CTTIfun.doRPC(T4CTTIfun.java:298)
	at oracle.jdbc.driver.T4C8Oall.doOALL(T4C8Oall.java:497)
	at oracle.jdbc.driver.T4CStatement.doOall8(T4CStatement.java:111)
	at oracle.jdbc.driver.T4CStatement.executeForDescribe(T4CStatement.java:895)
	at oracle.jdbc.driver.OracleStatement.prepareDefineBufferAndExecute(OracleStatement.java:1171)
	at oracle.jdbc.driver.OracleStatement.executeMaybeDescribe(OracleStatement.java:1100)
	at oracle.jdbc.driver.OracleStatement.executeSQLSelect(OracleStatement.java:1425)
	at oracle.jdbc.driver.OracleStatement.doExecuteWithTimeout(OracleStatement.java:1308)
	at oracle.jdbc.driver.OracleStatement.executeQuery(OracleStatement.java:1712)
	at oracle.jdbc.driver.OracleStatementWrapper.executeQuery(OracleStatementWrapper.java:393)
	at com.etl.common.database.DatabaseUtils.getColumnValues(DatabaseUtils.java:253)
	at com.etl.common.database.DatabaseUtils.getDiffResultQueries(DatabaseUtils.java:237)
	at com.etl.test.testscripts.TestCycIntf.CYCINTF_48__CYC_INTF__EFF_FM_TMS_Addnewrecorddata(TestCycIntf.java:1115)
	at java.base/java.util.ArrayList.forEach(ArrayList.java:1511)
Caused by: Error : 936, Position : 77, Sql = select UNQ_ID_IN_SRC_STM, EFF_FM_TMS from CYC_INTF where UNQ_ID_IN_SRC_STM = , OriginalSql = select UNQ_ID_IN_SRC_STM, EFF_FM_TMS from CYC_INTF where UNQ_ID_IN_SRC_STM = , Error Msg = ORA-00936: missing expression

	at oracle.jdbc.driver.T4CTTIoer11.processError(T4CTTIoer11.java:636)
	... 43 more
... Removed 26 stack frames</pre></div><a href='#' onClick='toggleBox("stack-trace1480170882", this, "Click to show all stack frames", "Click to hide stack frames")'>Click to show all stack frames</a>
<div class='stack-trace' id='stack-trace1480170882'><pre>java.sql.SQLSyntaxErrorException: ORA-00936: missing expression

	at oracle.jdbc.driver.T4CTTIoer11.processError(T4CTTIoer11.java:629)
	at oracle.jdbc.driver.T4CTTIoer11.processError(T4CTTIoer11.java:563)
	at oracle.jdbc.driver.T4C8Oall.processError(T4C8Oall.java:1150)
	at oracle.jdbc.driver.T4CTTIfun.receive(T4CTTIfun.java:770)
	at oracle.jdbc.driver.T4CTTIfun.doRPC(T4CTTIfun.java:298)
	at oracle.jdbc.driver.T4C8Oall.doOALL(T4C8Oall.java:497)
	at oracle.jdbc.driver.T4CStatement.doOall8(T4CStatement.java:111)
	at oracle.jdbc.driver.T4CStatement.executeForDescribe(T4CStatement.java:895)
	at oracle.jdbc.driver.OracleStatement.prepareDefineBufferAndExecute(OracleStatement.java:1171)
	at oracle.jdbc.driver.OracleStatement.executeMaybeDescribe(OracleStatement.java:1100)
	at oracle.jdbc.driver.OracleStatement.executeSQLSelect(OracleStatement.java:1425)
	at oracle.jdbc.driver.OracleStatement.doExecuteWithTimeout(OracleStatement.java:1308)
	at oracle.jdbc.driver.OracleStatement.executeQuery(OracleStatement.java:1712)
	at oracle.jdbc.driver.OracleStatementWrapper.executeQuery(OracleStatementWrapper.java:393)
	at com.etl.common.database.DatabaseUtils.getColumnValues(DatabaseUtils.java:253)
	at com.etl.common.database.DatabaseUtils.getDiffResultQueries(DatabaseUtils.java:237)
	at com.etl.test.testscripts.TestCycIntf.CYCINTF_48__CYC_INTF__EFF_FM_TMS_Addnewrecorddata(TestCycIntf.java:1115)
	at java.base/jdk.internal.reflect.DirectMethodHandleAccessor.invoke(DirectMethodHandleAccessor.java:104)
	at java.base/java.lang.reflect.Method.invoke(Method.java:578)
	at org.testng.internal.MethodInvocationHelper.invokeMethod(MethodInvocationHelper.java:133)
	at org.testng.internal.TestInvoker.invokeMethod(TestInvoker.java:598)
	at org.testng.internal.TestInvoker.invokeTestMethod(TestInvoker.java:173)
	at org.testng.internal.MethodRunner.runInSequence(MethodRunner.java:46)
	at org.testng.internal.TestInvoker$MethodInvocationAgent.invoke(TestInvoker.java:824)
	at org.testng.internal.TestInvoker.invokeTestMethods(TestInvoker.java:146)
	at org.testng.internal.TestMethodWorker.invokeTestMethods(TestMethodWorker.java:146)
	at org.testng.internal.TestMethodWorker.run(TestMethodWorker.java:128)
	at java.base/java.util.ArrayList.forEach(ArrayList.java:1511)
	at org.testng.TestRunner.privateRun(TestRunner.java:794)
	at org.testng.TestRunner.run(TestRunner.java:596)
	at org.testng.SuiteRunner.runTest(SuiteRunner.java:377)
	at org.testng.SuiteRunner.runSequentially(SuiteRunner.java:371)
	at org.testng.SuiteRunner.privateRun(SuiteRunner.java:332)
	at org.testng.SuiteRunner.run(SuiteRunner.java:276)
	at org.testng.SuiteRunnerWorker.runSuite(SuiteRunnerWorker.java:53)
	at org.testng.SuiteRunnerWorker.run(SuiteRunnerWorker.java:96)
	at org.testng.TestNG.runSuitesSequentially(TestNG.java:1212)
	at org.testng.TestNG.runSuitesSequentially(TestNG.java:1207)
	at org.testng.TestNG.runSuitesLocally(TestNG.java:1134)
	at org.testng.TestNG.runSuites(TestNG.java:1063)
	at org.testng.TestNG.run(TestNG.java:1031)
	at org.testng.remote.AbstractRemoteTestNG.run(AbstractRemoteTestNG.java:115)
	at org.testng.remote.RemoteTestNG.initAndRun(RemoteTestNG.java:251)
	at org.testng.remote.RemoteTestNG.main(RemoteTestNG.java:77)
Caused by: Error : 936, Position : 77, Sql = select UNQ_ID_IN_SRC_STM, EFF_FM_TMS from CYC_INTF where UNQ_ID_IN_SRC_STM = , OriginalSql = select UNQ_ID_IN_SRC_STM, EFF_FM_TMS from CYC_INTF where UNQ_ID_IN_SRC_STM = , Error Msg = ORA-00936: missing expression

	at oracle.jdbc.driver.T4CTTIoer11.processError(T4CTTIoer11.java:636)
	... 43 more
</pre></div></td>
<td>0</td>
<td>com.etl.test.testscripts.TestCycIntf@37858383</td></tr>
<tr>
<td title='com.etl.test.testscripts.TestCycIntf.CYCINTF_02__CYC_INTF_CheckRecordCounts()'><b>CYCINTF_02__CYC_INTF_CheckRecordCounts</b><br>Test class: com.etl.test.testscripts.TestCycIntf</td>
<td><div><pre>java.sql.SQLSyntaxErrorException: ORA-00942: table or view does not exist

	at oracle.jdbc.driver.T4CTTIoer11.processError(T4CTTIoer11.java:629)
	at oracle.jdbc.driver.T4CTTIoer11.processError(T4CTTIoer11.java:563)
	at oracle.jdbc.driver.T4C8Oall.processError(T4C8Oall.java:1150)
	at oracle.jdbc.driver.T4CTTIfun.receive(T4CTTIfun.java:770)
	at oracle.jdbc.driver.T4CTTIfun.doRPC(T4CTTIfun.java:298)
	at oracle.jdbc.driver.T4C8Oall.doOALL(T4C8Oall.java:497)
	at oracle.jdbc.driver.T4CStatement.doOall8(T4CStatement.java:111)
	at oracle.jdbc.driver.T4CStatement.executeForDescribe(T4CStatement.java:895)
	at oracle.jdbc.driver.OracleStatement.prepareDefineBufferAndExecute(OracleStatement.java:1171)
	at oracle.jdbc.driver.OracleStatement.executeMaybeDescribe(OracleStatement.java:1100)
	at oracle.jdbc.driver.OracleStatement.executeSQLSelect(OracleStatement.java:1425)
	at oracle.jdbc.driver.OracleStatement.doExecuteWithTimeout(OracleStatement.java:1308)
	at oracle.jdbc.driver.OracleStatement.executeQuery(OracleStatement.java:1712)
	at oracle.jdbc.driver.OracleStatementWrapper.executeQuery(OracleStatementWrapper.java:393)
	at com.etl.common.database.DatabaseUtils.getColumnValues(DatabaseUtils.java:253)
	at com.etl.common.database.DatabaseUtils.getDiffResultQueries(DatabaseUtils.java:237)
	at com.etl.test.testscripts.TestCycIntf.CYCINTF_02__CYC_INTF_CheckRecordCounts(TestCycIntf.java:54)
	at java.base/java.util.ArrayList.forEach(ArrayList.java:1511)
Caused by: Error : 942, Position : 21, Sql = select count(*) from &quot;CYC_INTF&quot;, OriginalSql = select count(*) from &quot;CYC_INTF&quot;, Error Msg = ORA-00942: table or view does not exist

	at oracle.jdbc.driver.T4CTTIoer11.processError(T4CTTIoer11.java:636)
	... 43 more
... Removed 26 stack frames</pre></div><a href='#' onClick='toggleBox("stack-trace45666436", this, "Click to show all stack frames", "Click to hide stack frames")'>Click to show all stack frames</a>
<div class='stack-trace' id='stack-trace45666436'><pre>java.sql.SQLSyntaxErrorException: ORA-00942: table or view does not exist

	at oracle.jdbc.driver.T4CTTIoer11.processError(T4CTTIoer11.java:629)
	at oracle.jdbc.driver.T4CTTIoer11.processError(T4CTTIoer11.java:563)
	at oracle.jdbc.driver.T4C8Oall.processError(T4C8Oall.java:1150)
	at oracle.jdbc.driver.T4CTTIfun.receive(T4CTTIfun.java:770)
	at oracle.jdbc.driver.T4CTTIfun.doRPC(T4CTTIfun.java:298)
	at oracle.jdbc.driver.T4C8Oall.doOALL(T4C8Oall.java:497)
	at oracle.jdbc.driver.T4CStatement.doOall8(T4CStatement.java:111)
	at oracle.jdbc.driver.T4CStatement.executeForDescribe(T4CStatement.java:895)
	at oracle.jdbc.driver.OracleStatement.prepareDefineBufferAndExecute(OracleStatement.java:1171)
	at oracle.jdbc.driver.OracleStatement.executeMaybeDescribe(OracleStatement.java:1100)
	at oracle.jdbc.driver.OracleStatement.executeSQLSelect(OracleStatement.java:1425)
	at oracle.jdbc.driver.OracleStatement.doExecuteWithTimeout(OracleStatement.java:1308)
	at oracle.jdbc.driver.OracleStatement.executeQuery(OracleStatement.java:1712)
	at oracle.jdbc.driver.OracleStatementWrapper.executeQuery(OracleStatementWrapper.java:393)
	at com.etl.common.database.DatabaseUtils.getColumnValues(DatabaseUtils.java:253)
	at com.etl.common.database.DatabaseUtils.getDiffResultQueries(DatabaseUtils.java:237)
	at com.etl.test.testscripts.TestCycIntf.CYCINTF_02__CYC_INTF_CheckRecordCounts(TestCycIntf.java:54)
	at java.base/jdk.internal.reflect.DirectMethodHandleAccessor.invoke(DirectMethodHandleAccessor.java:104)
	at java.base/java.lang.reflect.Method.invoke(Method.java:578)
	at org.testng.internal.MethodInvocationHelper.invokeMethod(MethodInvocationHelper.java:133)
	at org.testng.internal.TestInvoker.invokeMethod(TestInvoker.java:598)
	at org.testng.internal.TestInvoker.invokeTestMethod(TestInvoker.java:173)
	at org.testng.internal.MethodRunner.runInSequence(MethodRunner.java:46)
	at org.testng.internal.TestInvoker$MethodInvocationAgent.invoke(TestInvoker.java:824)
	at org.testng.internal.TestInvoker.invokeTestMethods(TestInvoker.java:146)
	at org.testng.internal.TestMethodWorker.invokeTestMethods(TestMethodWorker.java:146)
	at org.testng.internal.TestMethodWorker.run(TestMethodWorker.java:128)
	at java.base/java.util.ArrayList.forEach(ArrayList.java:1511)
	at org.testng.TestRunner.privateRun(TestRunner.java:794)
	at org.testng.TestRunner.run(TestRunner.java:596)
	at org.testng.SuiteRunner.runTest(SuiteRunner.java:377)
	at org.testng.SuiteRunner.runSequentially(SuiteRunner.java:371)
	at org.testng.SuiteRunner.privateRun(SuiteRunner.java:332)
	at org.testng.SuiteRunner.run(SuiteRunner.java:276)
	at org.testng.SuiteRunnerWorker.runSuite(SuiteRunnerWorker.java:53)
	at org.testng.SuiteRunnerWorker.run(SuiteRunnerWorker.java:96)
	at org.testng.TestNG.runSuitesSequentially(TestNG.java:1212)
	at org.testng.TestNG.runSuitesSequentially(TestNG.java:1207)
	at org.testng.TestNG.runSuitesLocally(TestNG.java:1134)
	at org.testng.TestNG.runSuites(TestNG.java:1063)
	at org.testng.TestNG.run(TestNG.java:1031)
	at org.testng.remote.AbstractRemoteTestNG.run(AbstractRemoteTestNG.java:115)
	at org.testng.remote.RemoteTestNG.initAndRun(RemoteTestNG.java:251)
	at org.testng.remote.RemoteTestNG.main(RemoteTestNG.java:77)
Caused by: Error : 942, Position : 21, Sql = select count(*) from &quot;CYC_INTF&quot;, OriginalSql = select count(*) from &quot;CYC_INTF&quot;, Error Msg = ORA-00942: table or view does not exist

	at oracle.jdbc.driver.T4CTTIoer11.processError(T4CTTIoer11.java:636)
	... 43 more
</pre></div></td>
<td>0</td>
<td>com.etl.test.testscripts.TestCycIntf@37858383</td></tr>
<tr>
<td title='com.etl.test.testscripts.TestCycIntf.CYCINTF_42__CYC_INTF__CYC_NM_Addnewrecorddata()'><b>CYCINTF_42__CYC_INTF__CYC_NM_Addnewrecorddata</b><br>Test class: com.etl.test.testscripts.TestCycIntf</td>
<td><div><pre>java.sql.SQLSyntaxErrorException: ORA-00936: missing expression

	at oracle.jdbc.driver.T4CTTIoer11.processError(T4CTTIoer11.java:629)
	at oracle.jdbc.driver.T4CTTIoer11.processError(T4CTTIoer11.java:563)
	at oracle.jdbc.driver.T4C8Oall.processError(T4C8Oall.java:1150)
	at oracle.jdbc.driver.T4CTTIfun.receive(T4CTTIfun.java:770)
	at oracle.jdbc.driver.T4CTTIfun.doRPC(T4CTTIfun.java:298)
	at oracle.jdbc.driver.T4C8Oall.doOALL(T4C8Oall.java:497)
	at oracle.jdbc.driver.T4CStatement.doOall8(T4CStatement.java:111)
	at oracle.jdbc.driver.T4CStatement.executeForDescribe(T4CStatement.java:895)
	at oracle.jdbc.driver.OracleStatement.prepareDefineBufferAndExecute(OracleStatement.java:1171)
	at oracle.jdbc.driver.OracleStatement.executeMaybeDescribe(OracleStatement.java:1100)
	at oracle.jdbc.driver.OracleStatement.executeSQLSelect(OracleStatement.java:1425)
	at oracle.jdbc.driver.OracleStatement.doExecuteWithTimeout(OracleStatement.java:1308)
	at oracle.jdbc.driver.OracleStatement.executeQuery(OracleStatement.java:1712)
	at oracle.jdbc.driver.OracleStatementWrapper.executeQuery(OracleStatementWrapper.java:393)
	at com.etl.common.database.DatabaseUtils.getColumnValues(DatabaseUtils.java:253)
	at com.etl.common.database.DatabaseUtils.getDiffResultQueries(DatabaseUtils.java:237)
	at com.etl.test.testscripts.TestCycIntf.CYCINTF_42__CYC_INTF__CYC_NM_Addnewrecorddata(TestCycIntf.java:977)
	at java.base/java.util.ArrayList.forEach(ArrayList.java:1511)
Caused by: Error : 936, Position : 73, Sql = select UNQ_ID_IN_SRC_STM, CYC_NM from CYC_INTF where UNQ_ID_IN_SRC_STM = , OriginalSql = select UNQ_ID_IN_SRC_STM, CYC_NM from CYC_INTF where UNQ_ID_IN_SRC_STM = , Error Msg = ORA-00936: missing expression

	at oracle.jdbc.driver.T4CTTIoer11.processError(T4CTTIoer11.java:636)
	... 43 more
... Removed 26 stack frames</pre></div><a href='#' onClick='toggleBox("stack-trace352083264", this, "Click to show all stack frames", "Click to hide stack frames")'>Click to show all stack frames</a>
<div class='stack-trace' id='stack-trace352083264'><pre>java.sql.SQLSyntaxErrorException: ORA-00936: missing expression

	at oracle.jdbc.driver.T4CTTIoer11.processError(T4CTTIoer11.java:629)
	at oracle.jdbc.driver.T4CTTIoer11.processError(T4CTTIoer11.java:563)
	at oracle.jdbc.driver.T4C8Oall.processError(T4C8Oall.java:1150)
	at oracle.jdbc.driver.T4CTTIfun.receive(T4CTTIfun.java:770)
	at oracle.jdbc.driver.T4CTTIfun.doRPC(T4CTTIfun.java:298)
	at oracle.jdbc.driver.T4C8Oall.doOALL(T4C8Oall.java:497)
	at oracle.jdbc.driver.T4CStatement.doOall8(T4CStatement.java:111)
	at oracle.jdbc.driver.T4CStatement.executeForDescribe(T4CStatement.java:895)
	at oracle.jdbc.driver.OracleStatement.prepareDefineBufferAndExecute(OracleStatement.java:1171)
	at oracle.jdbc.driver.OracleStatement.executeMaybeDescribe(OracleStatement.java:1100)
	at oracle.jdbc.driver.OracleStatement.executeSQLSelect(OracleStatement.java:1425)
	at oracle.jdbc.driver.OracleStatement.doExecuteWithTimeout(OracleStatement.java:1308)
	at oracle.jdbc.driver.OracleStatement.executeQuery(OracleStatement.java:1712)
	at oracle.jdbc.driver.OracleStatementWrapper.executeQuery(OracleStatementWrapper.java:393)
	at com.etl.common.database.DatabaseUtils.getColumnValues(DatabaseUtils.java:253)
	at com.etl.common.database.DatabaseUtils.getDiffResultQueries(DatabaseUtils.java:237)
	at com.etl.test.testscripts.TestCycIntf.CYCINTF_42__CYC_INTF__CYC_NM_Addnewrecorddata(TestCycIntf.java:977)
	at java.base/jdk.internal.reflect.DirectMethodHandleAccessor.invoke(DirectMethodHandleAccessor.java:104)
	at java.base/java.lang.reflect.Method.invoke(Method.java:578)
	at org.testng.internal.MethodInvocationHelper.invokeMethod(MethodInvocationHelper.java:133)
	at org.testng.internal.TestInvoker.invokeMethod(TestInvoker.java:598)
	at org.testng.internal.TestInvoker.invokeTestMethod(TestInvoker.java:173)
	at org.testng.internal.MethodRunner.runInSequence(MethodRunner.java:46)
	at org.testng.internal.TestInvoker$MethodInvocationAgent.invoke(TestInvoker.java:824)
	at org.testng.internal.TestInvoker.invokeTestMethods(TestInvoker.java:146)
	at org.testng.internal.TestMethodWorker.invokeTestMethods(TestMethodWorker.java:146)
	at org.testng.internal.TestMethodWorker.run(TestMethodWorker.java:128)
	at java.base/java.util.ArrayList.forEach(ArrayList.java:1511)
	at org.testng.TestRunner.privateRun(TestRunner.java:794)
	at org.testng.TestRunner.run(TestRunner.java:596)
	at org.testng.SuiteRunner.runTest(SuiteRunner.java:377)
	at org.testng.SuiteRunner.runSequentially(SuiteRunner.java:371)
	at org.testng.SuiteRunner.privateRun(SuiteRunner.java:332)
	at org.testng.SuiteRunner.run(SuiteRunner.java:276)
	at org.testng.SuiteRunnerWorker.runSuite(SuiteRunnerWorker.java:53)
	at org.testng.SuiteRunnerWorker.run(SuiteRunnerWorker.java:96)
	at org.testng.TestNG.runSuitesSequentially(TestNG.java:1212)
	at org.testng.TestNG.runSuitesSequentially(TestNG.java:1207)
	at org.testng.TestNG.runSuitesLocally(TestNG.java:1134)
	at org.testng.TestNG.runSuites(TestNG.java:1063)
	at org.testng.TestNG.run(TestNG.java:1031)
	at org.testng.remote.AbstractRemoteTestNG.run(AbstractRemoteTestNG.java:115)
	at org.testng.remote.RemoteTestNG.initAndRun(RemoteTestNG.java:251)
	at org.testng.remote.RemoteTestNG.main(RemoteTestNG.java:77)
Caused by: Error : 936, Position : 73, Sql = select UNQ_ID_IN_SRC_STM, CYC_NM from CYC_INTF where UNQ_ID_IN_SRC_STM = , OriginalSql = select UNQ_ID_IN_SRC_STM, CYC_NM from CYC_INTF where UNQ_ID_IN_SRC_STM = , Error Msg = ORA-00936: missing expression

	at oracle.jdbc.driver.T4CTTIoer11.processError(T4CTTIoer11.java:636)
	... 43 more
</pre></div></td>
<td>0</td>
<td>com.etl.test.testscripts.TestCycIntf@37858383</td></tr>
<tr>
<td title='com.etl.test.testscripts.TestCycIntf.CYCINTF_07__CYC_INTF__SRC_STM_CODE_CheckValidateValues()'><b>CYCINTF_07__CYC_INTF__SRC_STM_CODE_CheckValidateValues</b><br>Test class: com.etl.test.testscripts.TestCycIntf</td>
<td><div><pre>java.sql.SQLSyntaxErrorException: ORA-01756: quoted string not properly terminated

	at oracle.jdbc.driver.T4CTTIoer11.processError(T4CTTIoer11.java:629)
	at oracle.jdbc.driver.T4CTTIoer11.processError(T4CTTIoer11.java:563)
	at oracle.jdbc.driver.T4C8Oall.processError(T4C8Oall.java:1150)
	at oracle.jdbc.driver.T4CTTIfun.receive(T4CTTIfun.java:770)
	at oracle.jdbc.driver.T4CTTIfun.doRPC(T4CTTIfun.java:298)
	at oracle.jdbc.driver.T4C8Oall.doOALL(T4C8Oall.java:497)
	at oracle.jdbc.driver.T4CStatement.doOall8(T4CStatement.java:111)
	at oracle.jdbc.driver.T4CStatement.executeForDescribe(T4CStatement.java:895)
	at oracle.jdbc.driver.OracleStatement.prepareDefineBufferAndExecute(OracleStatement.java:1171)
	at oracle.jdbc.driver.OracleStatement.executeMaybeDescribe(OracleStatement.java:1100)
	at oracle.jdbc.driver.OracleStatement.executeSQLSelect(OracleStatement.java:1425)
	at oracle.jdbc.driver.OracleStatement.doExecuteWithTimeout(OracleStatement.java:1308)
	at oracle.jdbc.driver.OracleStatement.executeQuery(OracleStatement.java:1712)
	at oracle.jdbc.driver.OracleStatementWrapper.executeQuery(OracleStatementWrapper.java:393)
	at com.etl.common.database.DatabaseUtils.getColumnValues(DatabaseUtils.java:253)
	at com.etl.common.database.DatabaseUtils.getDiffResultQueries(DatabaseUtils.java:236)
	at com.etl.test.testscripts.TestCycIntf.CYCINTF_07__CYC_INTF__SRC_STM_CODE_CheckValidateValues(TestCycIntf.java:169)
	at java.base/java.util.ArrayList.forEach(ArrayList.java:1511)
Caused by: Error : 1756, Position : 20, Sql = Select CYCLE_ID,TEAM&apos; From CLOSED_CYCLE, OriginalSql = Select CYCLE_ID,TEAM&apos; From CLOSED_CYCLE, Error Msg = ORA-01756: quoted string not properly terminated

	at oracle.jdbc.driver.T4CTTIoer11.processError(T4CTTIoer11.java:636)
	... 43 more
... Removed 26 stack frames</pre></div><a href='#' onClick='toggleBox("stack-trace1445999733", this, "Click to show all stack frames", "Click to hide stack frames")'>Click to show all stack frames</a>
<div class='stack-trace' id='stack-trace1445999733'><pre>java.sql.SQLSyntaxErrorException: ORA-01756: quoted string not properly terminated

	at oracle.jdbc.driver.T4CTTIoer11.processError(T4CTTIoer11.java:629)
	at oracle.jdbc.driver.T4CTTIoer11.processError(T4CTTIoer11.java:563)
	at oracle.jdbc.driver.T4C8Oall.processError(T4C8Oall.java:1150)
	at oracle.jdbc.driver.T4CTTIfun.receive(T4CTTIfun.java:770)
	at oracle.jdbc.driver.T4CTTIfun.doRPC(T4CTTIfun.java:298)
	at oracle.jdbc.driver.T4C8Oall.doOALL(T4C8Oall.java:497)
	at oracle.jdbc.driver.T4CStatement.doOall8(T4CStatement.java:111)
	at oracle.jdbc.driver.T4CStatement.executeForDescribe(T4CStatement.java:895)
	at oracle.jdbc.driver.OracleStatement.prepareDefineBufferAndExecute(OracleStatement.java:1171)
	at oracle.jdbc.driver.OracleStatement.executeMaybeDescribe(OracleStatement.java:1100)
	at oracle.jdbc.driver.OracleStatement.executeSQLSelect(OracleStatement.java:1425)
	at oracle.jdbc.driver.OracleStatement.doExecuteWithTimeout(OracleStatement.java:1308)
	at oracle.jdbc.driver.OracleStatement.executeQuery(OracleStatement.java:1712)
	at oracle.jdbc.driver.OracleStatementWrapper.executeQuery(OracleStatementWrapper.java:393)
	at com.etl.common.database.DatabaseUtils.getColumnValues(DatabaseUtils.java:253)
	at com.etl.common.database.DatabaseUtils.getDiffResultQueries(DatabaseUtils.java:236)
	at com.etl.test.testscripts.TestCycIntf.CYCINTF_07__CYC_INTF__SRC_STM_CODE_CheckValidateValues(TestCycIntf.java:169)
	at java.base/jdk.internal.reflect.DirectMethodHandleAccessor.invoke(DirectMethodHandleAccessor.java:104)
	at java.base/java.lang.reflect.Method.invoke(Method.java:578)
	at org.testng.internal.MethodInvocationHelper.invokeMethod(MethodInvocationHelper.java:133)
	at org.testng.internal.TestInvoker.invokeMethod(TestInvoker.java:598)
	at org.testng.internal.TestInvoker.invokeTestMethod(TestInvoker.java:173)
	at org.testng.internal.MethodRunner.runInSequence(MethodRunner.java:46)
	at org.testng.internal.TestInvoker$MethodInvocationAgent.invoke(TestInvoker.java:824)
	at org.testng.internal.TestInvoker.invokeTestMethods(TestInvoker.java:146)
	at org.testng.internal.TestMethodWorker.invokeTestMethods(TestMethodWorker.java:146)
	at org.testng.internal.TestMethodWorker.run(TestMethodWorker.java:128)
	at java.base/java.util.ArrayList.forEach(ArrayList.java:1511)
	at org.testng.TestRunner.privateRun(TestRunner.java:794)
	at org.testng.TestRunner.run(TestRunner.java:596)
	at org.testng.SuiteRunner.runTest(SuiteRunner.java:377)
	at org.testng.SuiteRunner.runSequentially(SuiteRunner.java:371)
	at org.testng.SuiteRunner.privateRun(SuiteRunner.java:332)
	at org.testng.SuiteRunner.run(SuiteRunner.java:276)
	at org.testng.SuiteRunnerWorker.runSuite(SuiteRunnerWorker.java:53)
	at org.testng.SuiteRunnerWorker.run(SuiteRunnerWorker.java:96)
	at org.testng.TestNG.runSuitesSequentially(TestNG.java:1212)
	at org.testng.TestNG.runSuitesSequentially(TestNG.java:1207)
	at org.testng.TestNG.runSuitesLocally(TestNG.java:1134)
	at org.testng.TestNG.runSuites(TestNG.java:1063)
	at org.testng.TestNG.run(TestNG.java:1031)
	at org.testng.remote.AbstractRemoteTestNG.run(AbstractRemoteTestNG.java:115)
	at org.testng.remote.RemoteTestNG.initAndRun(RemoteTestNG.java:251)
	at org.testng.remote.RemoteTestNG.main(RemoteTestNG.java:77)
Caused by: Error : 1756, Position : 20, Sql = Select CYCLE_ID,TEAM&apos; From CLOSED_CYCLE, OriginalSql = Select CYCLE_ID,TEAM&apos; From CLOSED_CYCLE, Error Msg = ORA-01756: quoted string not properly terminated

	at oracle.jdbc.driver.T4CTTIoer11.processError(T4CTTIoer11.java:636)
	... 43 more
</pre></div></td>
<td>0</td>
<td>com.etl.test.testscripts.TestCycIntf@37858383</td></tr>
<tr>
<td title='com.etl.test.testscripts.TestCycIntf.CYCINTF_44__CYC_INTF__SRC_STM_CODE_Addnewrecorddata()'><b>CYCINTF_44__CYC_INTF__SRC_STM_CODE_Addnewrecorddata</b><br>Test class: com.etl.test.testscripts.TestCycIntf</td>
<td><div><pre>java.sql.SQLSyntaxErrorException: ORA-00936: missing expression

	at oracle.jdbc.driver.T4CTTIoer11.processError(T4CTTIoer11.java:629)
	at oracle.jdbc.driver.T4CTTIoer11.processError(T4CTTIoer11.java:563)
	at oracle.jdbc.driver.T4C8Oall.processError(T4C8Oall.java:1150)
	at oracle.jdbc.driver.T4CTTIfun.receive(T4CTTIfun.java:770)
	at oracle.jdbc.driver.T4CTTIfun.doRPC(T4CTTIfun.java:298)
	at oracle.jdbc.driver.T4C8Oall.doOALL(T4C8Oall.java:497)
	at oracle.jdbc.driver.T4CStatement.doOall8(T4CStatement.java:111)
	at oracle.jdbc.driver.T4CStatement.executeForDescribe(T4CStatement.java:895)
	at oracle.jdbc.driver.OracleStatement.prepareDefineBufferAndExecute(OracleStatement.java:1171)
	at oracle.jdbc.driver.OracleStatement.executeMaybeDescribe(OracleStatement.java:1100)
	at oracle.jdbc.driver.OracleStatement.executeSQLSelect(OracleStatement.java:1425)
	at oracle.jdbc.driver.OracleStatement.doExecuteWithTimeout(OracleStatement.java:1308)
	at oracle.jdbc.driver.OracleStatement.executeQuery(OracleStatement.java:1712)
	at oracle.jdbc.driver.OracleStatementWrapper.executeQuery(OracleStatementWrapper.java:393)
	at com.etl.common.database.DatabaseUtils.getColumnValues(DatabaseUtils.java:253)
	at com.etl.common.database.DatabaseUtils.getDiffResultQueries(DatabaseUtils.java:237)
	at com.etl.test.testscripts.TestCycIntf.CYCINTF_44__CYC_INTF__SRC_STM_CODE_Addnewrecorddata(TestCycIntf.java:1023)
	at java.base/java.util.ArrayList.forEach(ArrayList.java:1511)
Caused by: Error : 936, Position : 79, Sql = select UNQ_ID_IN_SRC_STM, SRC_STM_CODE from CYC_INTF where UNQ_ID_IN_SRC_STM = , OriginalSql = select UNQ_ID_IN_SRC_STM, SRC_STM_CODE from CYC_INTF where UNQ_ID_IN_SRC_STM = , Error Msg = ORA-00936: missing expression

	at oracle.jdbc.driver.T4CTTIoer11.processError(T4CTTIoer11.java:636)
	... 43 more
... Removed 26 stack frames</pre></div><a href='#' onClick='toggleBox("stack-trace631717345", this, "Click to show all stack frames", "Click to hide stack frames")'>Click to show all stack frames</a>
<div class='stack-trace' id='stack-trace631717345'><pre>java.sql.SQLSyntaxErrorException: ORA-00936: missing expression

	at oracle.jdbc.driver.T4CTTIoer11.processError(T4CTTIoer11.java:629)
	at oracle.jdbc.driver.T4CTTIoer11.processError(T4CTTIoer11.java:563)
	at oracle.jdbc.driver.T4C8Oall.processError(T4C8Oall.java:1150)
	at oracle.jdbc.driver.T4CTTIfun.receive(T4CTTIfun.java:770)
	at oracle.jdbc.driver.T4CTTIfun.doRPC(T4CTTIfun.java:298)
	at oracle.jdbc.driver.T4C8Oall.doOALL(T4C8Oall.java:497)
	at oracle.jdbc.driver.T4CStatement.doOall8(T4CStatement.java:111)
	at oracle.jdbc.driver.T4CStatement.executeForDescribe(T4CStatement.java:895)
	at oracle.jdbc.driver.OracleStatement.prepareDefineBufferAndExecute(OracleStatement.java:1171)
	at oracle.jdbc.driver.OracleStatement.executeMaybeDescribe(OracleStatement.java:1100)
	at oracle.jdbc.driver.OracleStatement.executeSQLSelect(OracleStatement.java:1425)
	at oracle.jdbc.driver.OracleStatement.doExecuteWithTimeout(OracleStatement.java:1308)
	at oracle.jdbc.driver.OracleStatement.executeQuery(OracleStatement.java:1712)
	at oracle.jdbc.driver.OracleStatementWrapper.executeQuery(OracleStatementWrapper.java:393)
	at com.etl.common.database.DatabaseUtils.getColumnValues(DatabaseUtils.java:253)
	at com.etl.common.database.DatabaseUtils.getDiffResultQueries(DatabaseUtils.java:237)
	at com.etl.test.testscripts.TestCycIntf.CYCINTF_44__CYC_INTF__SRC_STM_CODE_Addnewrecorddata(TestCycIntf.java:1023)
	at java.base/jdk.internal.reflect.DirectMethodHandleAccessor.invoke(DirectMethodHandleAccessor.java:104)
	at java.base/java.lang.reflect.Method.invoke(Method.java:578)
	at org.testng.internal.MethodInvocationHelper.invokeMethod(MethodInvocationHelper.java:133)
	at org.testng.internal.TestInvoker.invokeMethod(TestInvoker.java:598)
	at org.testng.internal.TestInvoker.invokeTestMethod(TestInvoker.java:173)
	at org.testng.internal.MethodRunner.runInSequence(MethodRunner.java:46)
	at org.testng.internal.TestInvoker$MethodInvocationAgent.invoke(TestInvoker.java:824)
	at org.testng.internal.TestInvoker.invokeTestMethods(TestInvoker.java:146)
	at org.testng.internal.TestMethodWorker.invokeTestMethods(TestMethodWorker.java:146)
	at org.testng.internal.TestMethodWorker.run(TestMethodWorker.java:128)
	at java.base/java.util.ArrayList.forEach(ArrayList.java:1511)
	at org.testng.TestRunner.privateRun(TestRunner.java:794)
	at org.testng.TestRunner.run(TestRunner.java:596)
	at org.testng.SuiteRunner.runTest(SuiteRunner.java:377)
	at org.testng.SuiteRunner.runSequentially(SuiteRunner.java:371)
	at org.testng.SuiteRunner.privateRun(SuiteRunner.java:332)
	at org.testng.SuiteRunner.run(SuiteRunner.java:276)
	at org.testng.SuiteRunnerWorker.runSuite(SuiteRunnerWorker.java:53)
	at org.testng.SuiteRunnerWorker.run(SuiteRunnerWorker.java:96)
	at org.testng.TestNG.runSuitesSequentially(TestNG.java:1212)
	at org.testng.TestNG.runSuitesSequentially(TestNG.java:1207)
	at org.testng.TestNG.runSuitesLocally(TestNG.java:1134)
	at org.testng.TestNG.runSuites(TestNG.java:1063)
	at org.testng.TestNG.run(TestNG.java:1031)
	at org.testng.remote.AbstractRemoteTestNG.run(AbstractRemoteTestNG.java:115)
	at org.testng.remote.RemoteTestNG.initAndRun(RemoteTestNG.java:251)
	at org.testng.remote.RemoteTestNG.main(RemoteTestNG.java:77)
Caused by: Error : 936, Position : 79, Sql = select UNQ_ID_IN_SRC_STM, SRC_STM_CODE from CYC_INTF where UNQ_ID_IN_SRC_STM = , OriginalSql = select UNQ_ID_IN_SRC_STM, SRC_STM_CODE from CYC_INTF where UNQ_ID_IN_SRC_STM = , Error Msg = ORA-00936: missing expression

	at oracle.jdbc.driver.T4CTTIoer11.processError(T4CTTIoer11.java:636)
	... 43 more
</pre></div></td>
<td>0</td>
<td>com.etl.test.testscripts.TestCycIntf@37858383</td></tr>
<tr>
<td title='com.etl.test.testscripts.TestCycIntf.CYCINTF_40__CYC_INTF__UNQ_ID_IN_SRC_STM_Addnewrecorddata()'><b>CYCINTF_40__CYC_INTF__UNQ_ID_IN_SRC_STM_Addnewrecorddata</b><br>Test class: com.etl.test.testscripts.TestCycIntf</td>
<td><div><pre>java.sql.SQLSyntaxErrorException: ORA-00942: table or view does not exist

	at oracle.jdbc.driver.T4CTTIoer11.processError(T4CTTIoer11.java:629)
	at oracle.jdbc.driver.T4CTTIoer11.processError(T4CTTIoer11.java:563)
	at oracle.jdbc.driver.T4C8Oall.processError(T4C8Oall.java:1150)
	at oracle.jdbc.driver.T4CTTIfun.receive(T4CTTIfun.java:770)
	at oracle.jdbc.driver.T4CTTIfun.doRPC(T4CTTIfun.java:298)
	at oracle.jdbc.driver.T4C8Oall.doOALL(T4C8Oall.java:497)
	at oracle.jdbc.driver.T4CStatement.doOall8(T4CStatement.java:111)
	at oracle.jdbc.driver.T4CStatement.executeForDescribe(T4CStatement.java:895)
	at oracle.jdbc.driver.OracleStatement.prepareDefineBufferAndExecute(OracleStatement.java:1171)
	at oracle.jdbc.driver.OracleStatement.executeMaybeDescribe(OracleStatement.java:1100)
	at oracle.jdbc.driver.OracleStatement.executeSQLSelect(OracleStatement.java:1425)
	at oracle.jdbc.driver.OracleStatement.doExecuteWithTimeout(OracleStatement.java:1308)
	at oracle.jdbc.driver.OracleStatement.executeQuery(OracleStatement.java:1712)
	at oracle.jdbc.driver.OracleStatementWrapper.executeQuery(OracleStatementWrapper.java:393)
	at com.etl.common.database.DatabaseUtils.getColumnValues(DatabaseUtils.java:253)
	at com.etl.common.database.DatabaseUtils.getDiffResultQueries(DatabaseUtils.java:237)
	at com.etl.test.testscripts.TestCycIntf.CYCINTF_40__CYC_INTF__UNQ_ID_IN_SRC_STM_Addnewrecorddata(TestCycIntf.java:931)
	at java.base/java.util.ArrayList.forEach(ArrayList.java:1511)
Caused by: Error : 942, Position : 30, Sql = select UNQ_ID_IN_SRC_STM from CYC_INTF where UNQ_ID_IN_SRC_STM = &apos;&apos;, OriginalSql = select UNQ_ID_IN_SRC_STM from CYC_INTF where UNQ_ID_IN_SRC_STM = &apos;&apos;, Error Msg = ORA-00942: table or view does not exist

	at oracle.jdbc.driver.T4CTTIoer11.processError(T4CTTIoer11.java:636)
	... 43 more
... Removed 26 stack frames</pre></div><a href='#' onClick='toggleBox("stack-trace368802354", this, "Click to show all stack frames", "Click to hide stack frames")'>Click to show all stack frames</a>
<div class='stack-trace' id='stack-trace368802354'><pre>java.sql.SQLSyntaxErrorException: ORA-00942: table or view does not exist

	at oracle.jdbc.driver.T4CTTIoer11.processError(T4CTTIoer11.java:629)
	at oracle.jdbc.driver.T4CTTIoer11.processError(T4CTTIoer11.java:563)
	at oracle.jdbc.driver.T4C8Oall.processError(T4C8Oall.java:1150)
	at oracle.jdbc.driver.T4CTTIfun.receive(T4CTTIfun.java:770)
	at oracle.jdbc.driver.T4CTTIfun.doRPC(T4CTTIfun.java:298)
	at oracle.jdbc.driver.T4C8Oall.doOALL(T4C8Oall.java:497)
	at oracle.jdbc.driver.T4CStatement.doOall8(T4CStatement.java:111)
	at oracle.jdbc.driver.T4CStatement.executeForDescribe(T4CStatement.java:895)
	at oracle.jdbc.driver.OracleStatement.prepareDefineBufferAndExecute(OracleStatement.java:1171)
	at oracle.jdbc.driver.OracleStatement.executeMaybeDescribe(OracleStatement.java:1100)
	at oracle.jdbc.driver.OracleStatement.executeSQLSelect(OracleStatement.java:1425)
	at oracle.jdbc.driver.OracleStatement.doExecuteWithTimeout(OracleStatement.java:1308)
	at oracle.jdbc.driver.OracleStatement.executeQuery(OracleStatement.java:1712)
	at oracle.jdbc.driver.OracleStatementWrapper.executeQuery(OracleStatementWrapper.java:393)
	at com.etl.common.database.DatabaseUtils.getColumnValues(DatabaseUtils.java:253)
	at com.etl.common.database.DatabaseUtils.getDiffResultQueries(DatabaseUtils.java:237)
	at com.etl.test.testscripts.TestCycIntf.CYCINTF_40__CYC_INTF__UNQ_ID_IN_SRC_STM_Addnewrecorddata(TestCycIntf.java:931)
	at java.base/jdk.internal.reflect.DirectMethodHandleAccessor.invoke(DirectMethodHandleAccessor.java:104)
	at java.base/java.lang.reflect.Method.invoke(Method.java:578)
	at org.testng.internal.MethodInvocationHelper.invokeMethod(MethodInvocationHelper.java:133)
	at org.testng.internal.TestInvoker.invokeMethod(TestInvoker.java:598)
	at org.testng.internal.TestInvoker.invokeTestMethod(TestInvoker.java:173)
	at org.testng.internal.MethodRunner.runInSequence(MethodRunner.java:46)
	at org.testng.internal.TestInvoker$MethodInvocationAgent.invoke(TestInvoker.java:824)
	at org.testng.internal.TestInvoker.invokeTestMethods(TestInvoker.java:146)
	at org.testng.internal.TestMethodWorker.invokeTestMethods(TestMethodWorker.java:146)
	at org.testng.internal.TestMethodWorker.run(TestMethodWorker.java:128)
	at java.base/java.util.ArrayList.forEach(ArrayList.java:1511)
	at org.testng.TestRunner.privateRun(TestRunner.java:794)
	at org.testng.TestRunner.run(TestRunner.java:596)
	at org.testng.SuiteRunner.runTest(SuiteRunner.java:377)
	at org.testng.SuiteRunner.runSequentially(SuiteRunner.java:371)
	at org.testng.SuiteRunner.privateRun(SuiteRunner.java:332)
	at org.testng.SuiteRunner.run(SuiteRunner.java:276)
	at org.testng.SuiteRunnerWorker.runSuite(SuiteRunnerWorker.java:53)
	at org.testng.SuiteRunnerWorker.run(SuiteRunnerWorker.java:96)
	at org.testng.TestNG.runSuitesSequentially(TestNG.java:1212)
	at org.testng.TestNG.runSuitesSequentially(TestNG.java:1207)
	at org.testng.TestNG.runSuitesLocally(TestNG.java:1134)
	at org.testng.TestNG.runSuites(TestNG.java:1063)
	at org.testng.TestNG.run(TestNG.java:1031)
	at org.testng.remote.AbstractRemoteTestNG.run(AbstractRemoteTestNG.java:115)
	at org.testng.remote.RemoteTestNG.initAndRun(RemoteTestNG.java:251)
	at org.testng.remote.RemoteTestNG.main(RemoteTestNG.java:77)
Caused by: Error : 942, Position : 30, Sql = select UNQ_ID_IN_SRC_STM from CYC_INTF where UNQ_ID_IN_SRC_STM = &apos;&apos;, OriginalSql = select UNQ_ID_IN_SRC_STM from CYC_INTF where UNQ_ID_IN_SRC_STM = &apos;&apos;, Error Msg = ORA-00942: table or view does not exist

	at oracle.jdbc.driver.T4CTTIoer11.processError(T4CTTIoer11.java:636)
	... 43 more
</pre></div></td>
<td>0</td>
<td>com.etl.test.testscripts.TestCycIntf@37858383</td></tr>
<tr>
<td title='com.etl.test.testscripts.TestCycIntf.CYCINTF_35__CYC_INTF__PCS_DT_Updaterecorddata()'><b>CYCINTF_35__CYC_INTF__PCS_DT_Updaterecorddata</b><br>Test class: com.etl.test.testscripts.TestCycIntf</td>
<td><div><pre>java.sql.SQLException: SQL statement to execute cannot be empty or null
	at oracle.jdbc.driver.OracleSql.initialize(OracleSql.java:126)
	at oracle.jdbc.driver.OracleStatement.executeQuery(OracleStatement.java:1702)
	at oracle.jdbc.driver.OracleStatementWrapper.executeQuery(OracleStatementWrapper.java:393)
	at com.etl.common.database.DatabaseUtils.getColumnValues(DatabaseUtils.java:253)
	at com.etl.common.database.DatabaseUtils.getDiffResultQueries(DatabaseUtils.java:236)
	at com.etl.test.testscripts.TestCycIntf.CYCINTF_35__CYC_INTF__PCS_DT_Updaterecorddata(TestCycIntf.java:815)
	at java.base/java.util.ArrayList.forEach(ArrayList.java:1511)
... Removed 26 stack frames</pre></div><a href='#' onClick='toggleBox("stack-trace708350323", this, "Click to show all stack frames", "Click to hide stack frames")'>Click to show all stack frames</a>
<div class='stack-trace' id='stack-trace708350323'><pre>java.sql.SQLException: SQL statement to execute cannot be empty or null
	at oracle.jdbc.driver.OracleSql.initialize(OracleSql.java:126)
	at oracle.jdbc.driver.OracleStatement.executeQuery(OracleStatement.java:1702)
	at oracle.jdbc.driver.OracleStatementWrapper.executeQuery(OracleStatementWrapper.java:393)
	at com.etl.common.database.DatabaseUtils.getColumnValues(DatabaseUtils.java:253)
	at com.etl.common.database.DatabaseUtils.getDiffResultQueries(DatabaseUtils.java:236)
	at com.etl.test.testscripts.TestCycIntf.CYCINTF_35__CYC_INTF__PCS_DT_Updaterecorddata(TestCycIntf.java:815)
	at java.base/jdk.internal.reflect.DirectMethodHandleAccessor.invoke(DirectMethodHandleAccessor.java:104)
	at java.base/java.lang.reflect.Method.invoke(Method.java:578)
	at org.testng.internal.MethodInvocationHelper.invokeMethod(MethodInvocationHelper.java:133)
	at org.testng.internal.TestInvoker.invokeMethod(TestInvoker.java:598)
	at org.testng.internal.TestInvoker.invokeTestMethod(TestInvoker.java:173)
	at org.testng.internal.MethodRunner.runInSequence(MethodRunner.java:46)
	at org.testng.internal.TestInvoker$MethodInvocationAgent.invoke(TestInvoker.java:824)
	at org.testng.internal.TestInvoker.invokeTestMethods(TestInvoker.java:146)
	at org.testng.internal.TestMethodWorker.invokeTestMethods(TestMethodWorker.java:146)
	at org.testng.internal.TestMethodWorker.run(TestMethodWorker.java:128)
	at java.base/java.util.ArrayList.forEach(ArrayList.java:1511)
	at org.testng.TestRunner.privateRun(TestRunner.java:794)
	at org.testng.TestRunner.run(TestRunner.java:596)
	at org.testng.SuiteRunner.runTest(SuiteRunner.java:377)
	at org.testng.SuiteRunner.runSequentially(SuiteRunner.java:371)
	at org.testng.SuiteRunner.privateRun(SuiteRunner.java:332)
	at org.testng.SuiteRunner.run(SuiteRunner.java:276)
	at org.testng.SuiteRunnerWorker.runSuite(SuiteRunnerWorker.java:53)
	at org.testng.SuiteRunnerWorker.run(SuiteRunnerWorker.java:96)
	at org.testng.TestNG.runSuitesSequentially(TestNG.java:1212)
	at org.testng.TestNG.runSuitesSequentially(TestNG.java:1207)
	at org.testng.TestNG.runSuitesLocally(TestNG.java:1134)
	at org.testng.TestNG.runSuites(TestNG.java:1063)
	at org.testng.TestNG.run(TestNG.java:1031)
	at org.testng.remote.AbstractRemoteTestNG.run(AbstractRemoteTestNG.java:115)
	at org.testng.remote.RemoteTestNG.initAndRun(RemoteTestNG.java:251)
	at org.testng.remote.RemoteTestNG.main(RemoteTestNG.java:77)
</pre></div></td>
<td>0</td>
<td>com.etl.test.testscripts.TestCycIntf@37858383</td></tr>
<tr>
<td title='com.etl.test.testscripts.TestCycIntf.CYCINTF_22__CYC_INTF__EFF_FM_TMS_CheckCompleteness()'><b>CYCINTF_22__CYC_INTF__EFF_FM_TMS_CheckCompleteness</b><br>Test class: com.etl.test.testscripts.TestCycIntf</td>
<td><div><pre>java.sql.SQLException: SQL statement to execute cannot be empty or null
	at oracle.jdbc.driver.OracleSql.initialize(OracleSql.java:126)
	at oracle.jdbc.driver.OracleStatement.executeQuery(OracleStatement.java:1702)
	at oracle.jdbc.driver.OracleStatementWrapper.executeQuery(OracleStatementWrapper.java:393)
	at com.etl.common.database.DatabaseUtils.getColumnValues(DatabaseUtils.java:253)
	at com.etl.common.database.DatabaseUtils.getDiffResultQueries(DatabaseUtils.java:236)
	at com.etl.test.testscripts.TestCycIntf.CYCINTF_22__CYC_INTF__EFF_FM_TMS_CheckCompleteness(TestCycIntf.java:514)
	at java.base/java.util.ArrayList.forEach(ArrayList.java:1511)
... Removed 26 stack frames</pre></div><a href='#' onClick='toggleBox("stack-trace773066329", this, "Click to show all stack frames", "Click to hide stack frames")'>Click to show all stack frames</a>
<div class='stack-trace' id='stack-trace773066329'><pre>java.sql.SQLException: SQL statement to execute cannot be empty or null
	at oracle.jdbc.driver.OracleSql.initialize(OracleSql.java:126)
	at oracle.jdbc.driver.OracleStatement.executeQuery(OracleStatement.java:1702)
	at oracle.jdbc.driver.OracleStatementWrapper.executeQuery(OracleStatementWrapper.java:393)
	at com.etl.common.database.DatabaseUtils.getColumnValues(DatabaseUtils.java:253)
	at com.etl.common.database.DatabaseUtils.getDiffResultQueries(DatabaseUtils.java:236)
	at com.etl.test.testscripts.TestCycIntf.CYCINTF_22__CYC_INTF__EFF_FM_TMS_CheckCompleteness(TestCycIntf.java:514)
	at java.base/jdk.internal.reflect.DirectMethodHandleAccessor.invoke(DirectMethodHandleAccessor.java:104)
	at java.base/java.lang.reflect.Method.invoke(Method.java:578)
	at org.testng.internal.MethodInvocationHelper.invokeMethod(MethodInvocationHelper.java:133)
	at org.testng.internal.TestInvoker.invokeMethod(TestInvoker.java:598)
	at org.testng.internal.TestInvoker.invokeTestMethod(TestInvoker.java:173)
	at org.testng.internal.MethodRunner.runInSequence(MethodRunner.java:46)
	at org.testng.internal.TestInvoker$MethodInvocationAgent.invoke(TestInvoker.java:824)
	at org.testng.internal.TestInvoker.invokeTestMethods(TestInvoker.java:146)
	at org.testng.internal.TestMethodWorker.invokeTestMethods(TestMethodWorker.java:146)
	at org.testng.internal.TestMethodWorker.run(TestMethodWorker.java:128)
	at java.base/java.util.ArrayList.forEach(ArrayList.java:1511)
	at org.testng.TestRunner.privateRun(TestRunner.java:794)
	at org.testng.TestRunner.run(TestRunner.java:596)
	at org.testng.SuiteRunner.runTest(SuiteRunner.java:377)
	at org.testng.SuiteRunner.runSequentially(SuiteRunner.java:371)
	at org.testng.SuiteRunner.privateRun(SuiteRunner.java:332)
	at org.testng.SuiteRunner.run(SuiteRunner.java:276)
	at org.testng.SuiteRunnerWorker.runSuite(SuiteRunnerWorker.java:53)
	at org.testng.SuiteRunnerWorker.run(SuiteRunnerWorker.java:96)
	at org.testng.TestNG.runSuitesSequentially(TestNG.java:1212)
	at org.testng.TestNG.runSuitesSequentially(TestNG.java:1207)
	at org.testng.TestNG.runSuitesLocally(TestNG.java:1134)
	at org.testng.TestNG.runSuites(TestNG.java:1063)
	at org.testng.TestNG.run(TestNG.java:1031)
	at org.testng.remote.AbstractRemoteTestNG.run(AbstractRemoteTestNG.java:115)
	at org.testng.remote.RemoteTestNG.initAndRun(RemoteTestNG.java:251)
	at org.testng.remote.RemoteTestNG.main(RemoteTestNG.java:77)
</pre></div></td>
<td>0</td>
<td>com.etl.test.testscripts.TestCycIntf@37858383</td></tr>
<tr>
<td title='com.etl.test.testscripts.TestCycIntf.CYCINTF_23__CYC_INTF__EFF_TO_TMS_CheckCompleteness()'><b>CYCINTF_23__CYC_INTF__EFF_TO_TMS_CheckCompleteness</b><br>Test class: com.etl.test.testscripts.TestCycIntf</td>
<td><div><pre>java.sql.SQLException: SQL statement to execute cannot be empty or null
	at oracle.jdbc.driver.OracleSql.initialize(OracleSql.java:126)
	at oracle.jdbc.driver.OracleStatement.executeQuery(OracleStatement.java:1702)
	at oracle.jdbc.driver.OracleStatementWrapper.executeQuery(OracleStatementWrapper.java:393)
	at com.etl.common.database.DatabaseUtils.getColumnValues(DatabaseUtils.java:253)
	at com.etl.common.database.DatabaseUtils.getDiffResultQueries(DatabaseUtils.java:236)
	at com.etl.test.testscripts.TestCycIntf.CYCINTF_23__CYC_INTF__EFF_TO_TMS_CheckCompleteness(TestCycIntf.java:537)
	at java.base/java.util.ArrayList.forEach(ArrayList.java:1511)
... Removed 26 stack frames</pre></div><a href='#' onClick='toggleBox("stack-trace1557534595", this, "Click to show all stack frames", "Click to hide stack frames")'>Click to show all stack frames</a>
<div class='stack-trace' id='stack-trace1557534595'><pre>java.sql.SQLException: SQL statement to execute cannot be empty or null
	at oracle.jdbc.driver.OracleSql.initialize(OracleSql.java:126)
	at oracle.jdbc.driver.OracleStatement.executeQuery(OracleStatement.java:1702)
	at oracle.jdbc.driver.OracleStatementWrapper.executeQuery(OracleStatementWrapper.java:393)
	at com.etl.common.database.DatabaseUtils.getColumnValues(DatabaseUtils.java:253)
	at com.etl.common.database.DatabaseUtils.getDiffResultQueries(DatabaseUtils.java:236)
	at com.etl.test.testscripts.TestCycIntf.CYCINTF_23__CYC_INTF__EFF_TO_TMS_CheckCompleteness(TestCycIntf.java:537)
	at java.base/jdk.internal.reflect.DirectMethodHandleAccessor.invoke(DirectMethodHandleAccessor.java:104)
	at java.base/java.lang.reflect.Method.invoke(Method.java:578)
	at org.testng.internal.MethodInvocationHelper.invokeMethod(MethodInvocationHelper.java:133)
	at org.testng.internal.TestInvoker.invokeMethod(TestInvoker.java:598)
	at org.testng.internal.TestInvoker.invokeTestMethod(TestInvoker.java:173)
	at org.testng.internal.MethodRunner.runInSequence(MethodRunner.java:46)
	at org.testng.internal.TestInvoker$MethodInvocationAgent.invoke(TestInvoker.java:824)
	at org.testng.internal.TestInvoker.invokeTestMethods(TestInvoker.java:146)
	at org.testng.internal.TestMethodWorker.invokeTestMethods(TestMethodWorker.java:146)
	at org.testng.internal.TestMethodWorker.run(TestMethodWorker.java:128)
	at java.base/java.util.ArrayList.forEach(ArrayList.java:1511)
	at org.testng.TestRunner.privateRun(TestRunner.java:794)
	at org.testng.TestRunner.run(TestRunner.java:596)
	at org.testng.SuiteRunner.runTest(SuiteRunner.java:377)
	at org.testng.SuiteRunner.runSequentially(SuiteRunner.java:371)
	at org.testng.SuiteRunner.privateRun(SuiteRunner.java:332)
	at org.testng.SuiteRunner.run(SuiteRunner.java:276)
	at org.testng.SuiteRunnerWorker.runSuite(SuiteRunnerWorker.java:53)
	at org.testng.SuiteRunnerWorker.run(SuiteRunnerWorker.java:96)
	at org.testng.TestNG.runSuitesSequentially(TestNG.java:1212)
	at org.testng.TestNG.runSuitesSequentially(TestNG.java:1207)
	at org.testng.TestNG.runSuitesLocally(TestNG.java:1134)
	at org.testng.TestNG.runSuites(TestNG.java:1063)
	at org.testng.TestNG.run(TestNG.java:1031)
	at org.testng.remote.AbstractRemoteTestNG.run(AbstractRemoteTestNG.java:115)
	at org.testng.remote.RemoteTestNG.initAndRun(RemoteTestNG.java:251)
	at org.testng.remote.RemoteTestNG.main(RemoteTestNG.java:77)
</pre></div></td>
<td>0</td>
<td>com.etl.test.testscripts.TestCycIntf@37858383</td></tr>
<tr>
<td title='com.etl.test.testscripts.TestCycIntf.CYCINTF_28__CYC_INTF___Checkvalue()'><b>CYCINTF_28__CYC_INTF___Checkvalue</b><br>Test class: com.etl.test.testscripts.TestCycIntf</td>
<td><div><pre>java.sql.SQLException: SQL statement to execute cannot be empty or null
	at oracle.jdbc.driver.OracleSql.initialize(OracleSql.java:126)
	at oracle.jdbc.driver.OracleStatement.executeQuery(OracleStatement.java:1702)
	at oracle.jdbc.driver.OracleStatementWrapper.executeQuery(OracleStatementWrapper.java:393)
	at com.etl.common.database.DatabaseUtils.getColumnValues(DatabaseUtils.java:253)
	at com.etl.common.database.DatabaseUtils.getDiffResultQueries(DatabaseUtils.java:236)
	at com.etl.test.testscripts.TestCycIntf.CYCINTF_28__CYC_INTF___Checkvalue(TestCycIntf.java:654)
	at java.base/java.util.ArrayList.forEach(ArrayList.java:1511)
... Removed 26 stack frames</pre></div><a href='#' onClick='toggleBox("stack-trace1066582857", this, "Click to show all stack frames", "Click to hide stack frames")'>Click to show all stack frames</a>
<div class='stack-trace' id='stack-trace1066582857'><pre>java.sql.SQLException: SQL statement to execute cannot be empty or null
	at oracle.jdbc.driver.OracleSql.initialize(OracleSql.java:126)
	at oracle.jdbc.driver.OracleStatement.executeQuery(OracleStatement.java:1702)
	at oracle.jdbc.driver.OracleStatementWrapper.executeQuery(OracleStatementWrapper.java:393)
	at com.etl.common.database.DatabaseUtils.getColumnValues(DatabaseUtils.java:253)
	at com.etl.common.database.DatabaseUtils.getDiffResultQueries(DatabaseUtils.java:236)
	at com.etl.test.testscripts.TestCycIntf.CYCINTF_28__CYC_INTF___Checkvalue(TestCycIntf.java:654)
	at java.base/jdk.internal.reflect.DirectMethodHandleAccessor.invoke(DirectMethodHandleAccessor.java:104)
	at java.base/java.lang.reflect.Method.invoke(Method.java:578)
	at org.testng.internal.MethodInvocationHelper.invokeMethod(MethodInvocationHelper.java:133)
	at org.testng.internal.TestInvoker.invokeMethod(TestInvoker.java:598)
	at org.testng.internal.TestInvoker.invokeTestMethod(TestInvoker.java:173)
	at org.testng.internal.MethodRunner.runInSequence(MethodRunner.java:46)
	at org.testng.internal.TestInvoker$MethodInvocationAgent.invoke(TestInvoker.java:824)
	at org.testng.internal.TestInvoker.invokeTestMethods(TestInvoker.java:146)
	at org.testng.internal.TestMethodWorker.invokeTestMethods(TestMethodWorker.java:146)
	at org.testng.internal.TestMethodWorker.run(TestMethodWorker.java:128)
	at java.base/java.util.ArrayList.forEach(ArrayList.java:1511)
	at org.testng.TestRunner.privateRun(TestRunner.java:794)
	at org.testng.TestRunner.run(TestRunner.java:596)
	at org.testng.SuiteRunner.runTest(SuiteRunner.java:377)
	at org.testng.SuiteRunner.runSequentially(SuiteRunner.java:371)
	at org.testng.SuiteRunner.privateRun(SuiteRunner.java:332)
	at org.testng.SuiteRunner.run(SuiteRunner.java:276)
	at org.testng.SuiteRunnerWorker.runSuite(SuiteRunnerWorker.java:53)
	at org.testng.SuiteRunnerWorker.run(SuiteRunnerWorker.java:96)
	at org.testng.TestNG.runSuitesSequentially(TestNG.java:1212)
	at org.testng.TestNG.runSuitesSequentially(TestNG.java:1207)
	at org.testng.TestNG.runSuitesLocally(TestNG.java:1134)
	at org.testng.TestNG.runSuites(TestNG.java:1063)
	at org.testng.TestNG.run(TestNG.java:1031)
	at org.testng.remote.AbstractRemoteTestNG.run(AbstractRemoteTestNG.java:115)
	at org.testng.remote.RemoteTestNG.initAndRun(RemoteTestNG.java:251)
	at org.testng.remote.RemoteTestNG.main(RemoteTestNG.java:77)
</pre></div></td>
<td>0</td>
<td>com.etl.test.testscripts.TestCycIntf@37858383</td></tr>
<tr>
<td title='com.etl.test.testscripts.TestCycIntf.CYCINTF_30__CYC_INTF__PCS_DT_Checkvalue()'><b>CYCINTF_30__CYC_INTF__PCS_DT_Checkvalue</b><br>Test class: com.etl.test.testscripts.TestCycIntf</td>
<td><div><pre>java.sql.SQLException: SQL statement to execute cannot be empty or null
	at oracle.jdbc.driver.OracleSql.initialize(OracleSql.java:126)
	at oracle.jdbc.driver.OracleStatement.executeQuery(OracleStatement.java:1702)
	at oracle.jdbc.driver.OracleStatementWrapper.executeQuery(OracleStatementWrapper.java:393)
	at com.etl.common.database.DatabaseUtils.getColumnValues(DatabaseUtils.java:253)
	at com.etl.common.database.DatabaseUtils.getDiffResultQueries(DatabaseUtils.java:236)
	at com.etl.test.testscripts.TestCycIntf.CYCINTF_30__CYC_INTF__PCS_DT_Checkvalue(TestCycIntf.java:700)
	at java.base/java.util.ArrayList.forEach(ArrayList.java:1511)
... Removed 26 stack frames</pre></div><a href='#' onClick='toggleBox("stack-trace1111710616", this, "Click to show all stack frames", "Click to hide stack frames")'>Click to show all stack frames</a>
<div class='stack-trace' id='stack-trace1111710616'><pre>java.sql.SQLException: SQL statement to execute cannot be empty or null
	at oracle.jdbc.driver.OracleSql.initialize(OracleSql.java:126)
	at oracle.jdbc.driver.OracleStatement.executeQuery(OracleStatement.java:1702)
	at oracle.jdbc.driver.OracleStatementWrapper.executeQuery(OracleStatementWrapper.java:393)
	at com.etl.common.database.DatabaseUtils.getColumnValues(DatabaseUtils.java:253)
	at com.etl.common.database.DatabaseUtils.getDiffResultQueries(DatabaseUtils.java:236)
	at com.etl.test.testscripts.TestCycIntf.CYCINTF_30__CYC_INTF__PCS_DT_Checkvalue(TestCycIntf.java:700)
	at java.base/jdk.internal.reflect.DirectMethodHandleAccessor.invoke(DirectMethodHandleAccessor.java:104)
	at java.base/java.lang.reflect.Method.invoke(Method.java:578)
	at org.testng.internal.MethodInvocationHelper.invokeMethod(MethodInvocationHelper.java:133)
	at org.testng.internal.TestInvoker.invokeMethod(TestInvoker.java:598)
	at org.testng.internal.TestInvoker.invokeTestMethod(TestInvoker.java:173)
	at org.testng.internal.MethodRunner.runInSequence(MethodRunner.java:46)
	at org.testng.internal.TestInvoker$MethodInvocationAgent.invoke(TestInvoker.java:824)
	at org.testng.internal.TestInvoker.invokeTestMethods(TestInvoker.java:146)
	at org.testng.internal.TestMethodWorker.invokeTestMethods(TestMethodWorker.java:146)
	at org.testng.internal.TestMethodWorker.run(TestMethodWorker.java:128)
	at java.base/java.util.ArrayList.forEach(ArrayList.java:1511)
	at org.testng.TestRunner.privateRun(TestRunner.java:794)
	at org.testng.TestRunner.run(TestRunner.java:596)
	at org.testng.SuiteRunner.runTest(SuiteRunner.java:377)
	at org.testng.SuiteRunner.runSequentially(SuiteRunner.java:371)
	at org.testng.SuiteRunner.privateRun(SuiteRunner.java:332)
	at org.testng.SuiteRunner.run(SuiteRunner.java:276)
	at org.testng.SuiteRunnerWorker.runSuite(SuiteRunnerWorker.java:53)
	at org.testng.SuiteRunnerWorker.run(SuiteRunnerWorker.java:96)
	at org.testng.TestNG.runSuitesSequentially(TestNG.java:1212)
	at org.testng.TestNG.runSuitesSequentially(TestNG.java:1207)
	at org.testng.TestNG.runSuitesLocally(TestNG.java:1134)
	at org.testng.TestNG.runSuites(TestNG.java:1063)
	at org.testng.TestNG.run(TestNG.java:1031)
	at org.testng.remote.AbstractRemoteTestNG.run(AbstractRemoteTestNG.java:115)
	at org.testng.remote.RemoteTestNG.initAndRun(RemoteTestNG.java:251)
	at org.testng.remote.RemoteTestNG.main(RemoteTestNG.java:77)
</pre></div></td>
<td>0</td>
<td>com.etl.test.testscripts.TestCycIntf@37858383</td></tr>
<tr>
<td title='com.etl.test.testscripts.TestCycIntf.CYCINTF_34__CYC_INTF__CYC_STT_Updaterecorddata()'><b>CYCINTF_34__CYC_INTF__CYC_STT_Updaterecorddata</b><br>Test class: com.etl.test.testscripts.TestCycIntf</td>
<td><div><pre>java.sql.SQLException: SQL statement to execute cannot be empty or null
	at oracle.jdbc.driver.OracleSql.initialize(OracleSql.java:126)
	at oracle.jdbc.driver.OracleStatement.executeQuery(OracleStatement.java:1702)
	at oracle.jdbc.driver.OracleStatementWrapper.executeQuery(OracleStatementWrapper.java:393)
	at com.etl.common.database.DatabaseUtils.getColumnValues(DatabaseUtils.java:253)
	at com.etl.common.database.DatabaseUtils.getDiffResultQueries(DatabaseUtils.java:236)
	at com.etl.test.testscripts.TestCycIntf.CYCINTF_34__CYC_INTF__CYC_STT_Updaterecorddata(TestCycIntf.java:792)
	at java.base/java.util.ArrayList.forEach(ArrayList.java:1511)
... Removed 26 stack frames</pre></div><a href='#' onClick='toggleBox("stack-trace1970528559", this, "Click to show all stack frames", "Click to hide stack frames")'>Click to show all stack frames</a>
<div class='stack-trace' id='stack-trace1970528559'><pre>java.sql.SQLException: SQL statement to execute cannot be empty or null
	at oracle.jdbc.driver.OracleSql.initialize(OracleSql.java:126)
	at oracle.jdbc.driver.OracleStatement.executeQuery(OracleStatement.java:1702)
	at oracle.jdbc.driver.OracleStatementWrapper.executeQuery(OracleStatementWrapper.java:393)
	at com.etl.common.database.DatabaseUtils.getColumnValues(DatabaseUtils.java:253)
	at com.etl.common.database.DatabaseUtils.getDiffResultQueries(DatabaseUtils.java:236)
	at com.etl.test.testscripts.TestCycIntf.CYCINTF_34__CYC_INTF__CYC_STT_Updaterecorddata(TestCycIntf.java:792)
	at java.base/jdk.internal.reflect.DirectMethodHandleAccessor.invoke(DirectMethodHandleAccessor.java:104)
	at java.base/java.lang.reflect.Method.invoke(Method.java:578)
	at org.testng.internal.MethodInvocationHelper.invokeMethod(MethodInvocationHelper.java:133)
	at org.testng.internal.TestInvoker.invokeMethod(TestInvoker.java:598)
	at org.testng.internal.TestInvoker.invokeTestMethod(TestInvoker.java:173)
	at org.testng.internal.MethodRunner.runInSequence(MethodRunner.java:46)
	at org.testng.internal.TestInvoker$MethodInvocationAgent.invoke(TestInvoker.java:824)
	at org.testng.internal.TestInvoker.invokeTestMethods(TestInvoker.java:146)
	at org.testng.internal.TestMethodWorker.invokeTestMethods(TestMethodWorker.java:146)
	at org.testng.internal.TestMethodWorker.run(TestMethodWorker.java:128)
	at java.base/java.util.ArrayList.forEach(ArrayList.java:1511)
	at org.testng.TestRunner.privateRun(TestRunner.java:794)
	at org.testng.TestRunner.run(TestRunner.java:596)
	at org.testng.SuiteRunner.runTest(SuiteRunner.java:377)
	at org.testng.SuiteRunner.runSequentially(SuiteRunner.java:371)
	at org.testng.SuiteRunner.privateRun(SuiteRunner.java:332)
	at org.testng.SuiteRunner.run(SuiteRunner.java:276)
	at org.testng.SuiteRunnerWorker.runSuite(SuiteRunnerWorker.java:53)
	at org.testng.SuiteRunnerWorker.run(SuiteRunnerWorker.java:96)
	at org.testng.TestNG.runSuitesSequentially(TestNG.java:1212)
	at org.testng.TestNG.runSuitesSequentially(TestNG.java:1207)
	at org.testng.TestNG.runSuitesLocally(TestNG.java:1134)
	at org.testng.TestNG.runSuites(TestNG.java:1063)
	at org.testng.TestNG.run(TestNG.java:1031)
	at org.testng.remote.AbstractRemoteTestNG.run(AbstractRemoteTestNG.java:115)
	at org.testng.remote.RemoteTestNG.initAndRun(RemoteTestNG.java:251)
	at org.testng.remote.RemoteTestNG.main(RemoteTestNG.java:77)
</pre></div></td>
<td>0</td>
<td>com.etl.test.testscripts.TestCycIntf@37858383</td></tr>
<tr>
<td title='com.etl.test.testscripts.TestCycIntf.CYCINTF_25__CYC_INTF__SRC_STM_NM_CheckValidity()'><b>CYCINTF_25__CYC_INTF__SRC_STM_NM_CheckValidity</b><br>Test class: com.etl.test.testscripts.TestCycIntf</td>
<td><div><pre>java.sql.SQLException: SQL statement to execute cannot be empty or null
	at oracle.jdbc.driver.OracleSql.initialize(OracleSql.java:126)
	at oracle.jdbc.driver.OracleStatement.executeQuery(OracleStatement.java:1702)
	at oracle.jdbc.driver.OracleStatementWrapper.executeQuery(OracleStatementWrapper.java:393)
	at com.etl.common.database.DatabaseUtils.getColumnValues(DatabaseUtils.java:253)
	at com.etl.common.database.DatabaseUtils.getDiffResultQueries(DatabaseUtils.java:236)
	at com.etl.test.testscripts.TestCycIntf.CYCINTF_25__CYC_INTF__SRC_STM_NM_CheckValidity(TestCycIntf.java:585)
	at java.base/java.util.ArrayList.forEach(ArrayList.java:1511)
... Removed 26 stack frames</pre></div><a href='#' onClick='toggleBox("stack-trace1256350655", this, "Click to show all stack frames", "Click to hide stack frames")'>Click to show all stack frames</a>
<div class='stack-trace' id='stack-trace1256350655'><pre>java.sql.SQLException: SQL statement to execute cannot be empty or null
	at oracle.jdbc.driver.OracleSql.initialize(OracleSql.java:126)
	at oracle.jdbc.driver.OracleStatement.executeQuery(OracleStatement.java:1702)
	at oracle.jdbc.driver.OracleStatementWrapper.executeQuery(OracleStatementWrapper.java:393)
	at com.etl.common.database.DatabaseUtils.getColumnValues(DatabaseUtils.java:253)
	at com.etl.common.database.DatabaseUtils.getDiffResultQueries(DatabaseUtils.java:236)
	at com.etl.test.testscripts.TestCycIntf.CYCINTF_25__CYC_INTF__SRC_STM_NM_CheckValidity(TestCycIntf.java:585)
	at java.base/jdk.internal.reflect.DirectMethodHandleAccessor.invoke(DirectMethodHandleAccessor.java:104)
	at java.base/java.lang.reflect.Method.invoke(Method.java:578)
	at org.testng.internal.MethodInvocationHelper.invokeMethod(MethodInvocationHelper.java:133)
	at org.testng.internal.TestInvoker.invokeMethod(TestInvoker.java:598)
	at org.testng.internal.TestInvoker.invokeTestMethod(TestInvoker.java:173)
	at org.testng.internal.MethodRunner.runInSequence(MethodRunner.java:46)
	at org.testng.internal.TestInvoker$MethodInvocationAgent.invoke(TestInvoker.java:824)
	at org.testng.internal.TestInvoker.invokeTestMethods(TestInvoker.java:146)
	at org.testng.internal.TestMethodWorker.invokeTestMethods(TestMethodWorker.java:146)
	at org.testng.internal.TestMethodWorker.run(TestMethodWorker.java:128)
	at java.base/java.util.ArrayList.forEach(ArrayList.java:1511)
	at org.testng.TestRunner.privateRun(TestRunner.java:794)
	at org.testng.TestRunner.run(TestRunner.java:596)
	at org.testng.SuiteRunner.runTest(SuiteRunner.java:377)
	at org.testng.SuiteRunner.runSequentially(SuiteRunner.java:371)
	at org.testng.SuiteRunner.privateRun(SuiteRunner.java:332)
	at org.testng.SuiteRunner.run(SuiteRunner.java:276)
	at org.testng.SuiteRunnerWorker.runSuite(SuiteRunnerWorker.java:53)
	at org.testng.SuiteRunnerWorker.run(SuiteRunnerWorker.java:96)
	at org.testng.TestNG.runSuitesSequentially(TestNG.java:1212)
	at org.testng.TestNG.runSuitesSequentially(TestNG.java:1207)
	at org.testng.TestNG.runSuitesLocally(TestNG.java:1134)
	at org.testng.TestNG.runSuites(TestNG.java:1063)
	at org.testng.TestNG.run(TestNG.java:1031)
	at org.testng.remote.AbstractRemoteTestNG.run(AbstractRemoteTestNG.java:115)
	at org.testng.remote.RemoteTestNG.initAndRun(RemoteTestNG.java:251)
	at org.testng.remote.RemoteTestNG.main(RemoteTestNG.java:77)
</pre></div></td>
<td>0</td>
<td>com.etl.test.testscripts.TestCycIntf@37858383</td></tr>
<tr>
<td title='com.etl.test.testscripts.TestCycIntf.CYCINTF_06__CYC_INTF__CYC_STT_CheckValidateValues()'><b>CYCINTF_06__CYC_INTF__CYC_STT_CheckValidateValues</b><br>Test class: com.etl.test.testscripts.TestCycIntf</td>
<td><div><pre>java.sql.SQLSyntaxErrorException: ORA-00942: table or view does not exist

	at oracle.jdbc.driver.T4CTTIoer11.processError(T4CTTIoer11.java:629)
	at oracle.jdbc.driver.T4CTTIoer11.processError(T4CTTIoer11.java:563)
	at oracle.jdbc.driver.T4C8Oall.processError(T4C8Oall.java:1150)
	at oracle.jdbc.driver.T4CTTIfun.receive(T4CTTIfun.java:770)
	at oracle.jdbc.driver.T4CTTIfun.doRPC(T4CTTIfun.java:298)
	at oracle.jdbc.driver.T4C8Oall.doOALL(T4C8Oall.java:497)
	at oracle.jdbc.driver.T4CStatement.doOall8(T4CStatement.java:111)
	at oracle.jdbc.driver.T4CStatement.executeForDescribe(T4CStatement.java:895)
	at oracle.jdbc.driver.OracleStatement.prepareDefineBufferAndExecute(OracleStatement.java:1171)
	at oracle.jdbc.driver.OracleStatement.executeMaybeDescribe(OracleStatement.java:1100)
	at oracle.jdbc.driver.OracleStatement.executeSQLSelect(OracleStatement.java:1425)
	at oracle.jdbc.driver.OracleStatement.doExecuteWithTimeout(OracleStatement.java:1308)
	at oracle.jdbc.driver.OracleStatement.executeQuery(OracleStatement.java:1712)
	at oracle.jdbc.driver.OracleStatementWrapper.executeQuery(OracleStatementWrapper.java:393)
	at com.etl.common.database.DatabaseUtils.getColumnValues(DatabaseUtils.java:253)
	at com.etl.common.database.DatabaseUtils.getDiffResultQueries(DatabaseUtils.java:237)
	at com.etl.test.testscripts.TestCycIntf.CYCINTF_06__CYC_INTF__CYC_STT_CheckValidateValues(TestCycIntf.java:146)
	at java.base/java.util.ArrayList.forEach(ArrayList.java:1511)
Caused by: Error : 942, Position : 38, Sql = Select UNQ_ID_IN_SRC_STM,CYC_STT From CYC_INTF, OriginalSql = Select UNQ_ID_IN_SRC_STM,CYC_STT From CYC_INTF, Error Msg = ORA-00942: table or view does not exist

	at oracle.jdbc.driver.T4CTTIoer11.processError(T4CTTIoer11.java:636)
	... 43 more
... Removed 26 stack frames</pre></div><a href='#' onClick='toggleBox("stack-trace1311052922", this, "Click to show all stack frames", "Click to hide stack frames")'>Click to show all stack frames</a>
<div class='stack-trace' id='stack-trace1311052922'><pre>java.sql.SQLSyntaxErrorException: ORA-00942: table or view does not exist

	at oracle.jdbc.driver.T4CTTIoer11.processError(T4CTTIoer11.java:629)
	at oracle.jdbc.driver.T4CTTIoer11.processError(T4CTTIoer11.java:563)
	at oracle.jdbc.driver.T4C8Oall.processError(T4C8Oall.java:1150)
	at oracle.jdbc.driver.T4CTTIfun.receive(T4CTTIfun.java:770)
	at oracle.jdbc.driver.T4CTTIfun.doRPC(T4CTTIfun.java:298)
	at oracle.jdbc.driver.T4C8Oall.doOALL(T4C8Oall.java:497)
	at oracle.jdbc.driver.T4CStatement.doOall8(T4CStatement.java:111)
	at oracle.jdbc.driver.T4CStatement.executeForDescribe(T4CStatement.java:895)
	at oracle.jdbc.driver.OracleStatement.prepareDefineBufferAndExecute(OracleStatement.java:1171)
	at oracle.jdbc.driver.OracleStatement.executeMaybeDescribe(OracleStatement.java:1100)
	at oracle.jdbc.driver.OracleStatement.executeSQLSelect(OracleStatement.java:1425)
	at oracle.jdbc.driver.OracleStatement.doExecuteWithTimeout(OracleStatement.java:1308)
	at oracle.jdbc.driver.OracleStatement.executeQuery(OracleStatement.java:1712)
	at oracle.jdbc.driver.OracleStatementWrapper.executeQuery(OracleStatementWrapper.java:393)
	at com.etl.common.database.DatabaseUtils.getColumnValues(DatabaseUtils.java:253)
	at com.etl.common.database.DatabaseUtils.getDiffResultQueries(DatabaseUtils.java:237)
	at com.etl.test.testscripts.TestCycIntf.CYCINTF_06__CYC_INTF__CYC_STT_CheckValidateValues(TestCycIntf.java:146)
	at java.base/jdk.internal.reflect.DirectMethodHandleAccessor.invoke(DirectMethodHandleAccessor.java:104)
	at java.base/java.lang.reflect.Method.invoke(Method.java:578)
	at org.testng.internal.MethodInvocationHelper.invokeMethod(MethodInvocationHelper.java:133)
	at org.testng.internal.TestInvoker.invokeMethod(TestInvoker.java:598)
	at org.testng.internal.TestInvoker.invokeTestMethod(TestInvoker.java:173)
	at org.testng.internal.MethodRunner.runInSequence(MethodRunner.java:46)
	at org.testng.internal.TestInvoker$MethodInvocationAgent.invoke(TestInvoker.java:824)
	at org.testng.internal.TestInvoker.invokeTestMethods(TestInvoker.java:146)
	at org.testng.internal.TestMethodWorker.invokeTestMethods(TestMethodWorker.java:146)
	at org.testng.internal.TestMethodWorker.run(TestMethodWorker.java:128)
	at java.base/java.util.ArrayList.forEach(ArrayList.java:1511)
	at org.testng.TestRunner.privateRun(TestRunner.java:794)
	at org.testng.TestRunner.run(TestRunner.java:596)
	at org.testng.SuiteRunner.runTest(SuiteRunner.java:377)
	at org.testng.SuiteRunner.runSequentially(SuiteRunner.java:371)
	at org.testng.SuiteRunner.privateRun(SuiteRunner.java:332)
	at org.testng.SuiteRunner.run(SuiteRunner.java:276)
	at org.testng.SuiteRunnerWorker.runSuite(SuiteRunnerWorker.java:53)
	at org.testng.SuiteRunnerWorker.run(SuiteRunnerWorker.java:96)
	at org.testng.TestNG.runSuitesSequentially(TestNG.java:1212)
	at org.testng.TestNG.runSuitesSequentially(TestNG.java:1207)
	at org.testng.TestNG.runSuitesLocally(TestNG.java:1134)
	at org.testng.TestNG.runSuites(TestNG.java:1063)
	at org.testng.TestNG.run(TestNG.java:1031)
	at org.testng.remote.AbstractRemoteTestNG.run(AbstractRemoteTestNG.java:115)
	at org.testng.remote.RemoteTestNG.initAndRun(RemoteTestNG.java:251)
	at org.testng.remote.RemoteTestNG.main(RemoteTestNG.java:77)
Caused by: Error : 942, Position : 38, Sql = Select UNQ_ID_IN_SRC_STM,CYC_STT From CYC_INTF, OriginalSql = Select UNQ_ID_IN_SRC_STM,CYC_STT From CYC_INTF, Error Msg = ORA-00942: table or view does not exist

	at oracle.jdbc.driver.T4CTTIoer11.processError(T4CTTIoer11.java:636)
	... 43 more
</pre></div></td>
<td>0</td>
<td>com.etl.test.testscripts.TestCycIntf@37858383</td></tr>
<tr>
<td title='com.etl.test.testscripts.TestCycIntf.CYCINTF_31__CYC_INTF__PCS_DT_Checkformat()'><b>CYCINTF_31__CYC_INTF__PCS_DT_Checkformat</b><br>Test class: com.etl.test.testscripts.TestCycIntf</td>
<td><div><pre>java.sql.SQLException: SQL statement to execute cannot be empty or null
	at oracle.jdbc.driver.OracleSql.initialize(OracleSql.java:126)
	at oracle.jdbc.driver.OracleStatement.executeQuery(OracleStatement.java:1702)
	at oracle.jdbc.driver.OracleStatementWrapper.executeQuery(OracleStatementWrapper.java:393)
	at com.etl.common.database.DatabaseUtils.getColumnValues(DatabaseUtils.java:253)
	at com.etl.common.database.DatabaseUtils.getDiffResultQueries(DatabaseUtils.java:236)
	at com.etl.test.testscripts.TestCycIntf.CYCINTF_31__CYC_INTF__PCS_DT_Checkformat(TestCycIntf.java:723)
	at java.base/java.util.ArrayList.forEach(ArrayList.java:1511)
... Removed 26 stack frames</pre></div><a href='#' onClick='toggleBox("stack-trace1893736577", this, "Click to show all stack frames", "Click to hide stack frames")'>Click to show all stack frames</a>
<div class='stack-trace' id='stack-trace1893736577'><pre>java.sql.SQLException: SQL statement to execute cannot be empty or null
	at oracle.jdbc.driver.OracleSql.initialize(OracleSql.java:126)
	at oracle.jdbc.driver.OracleStatement.executeQuery(OracleStatement.java:1702)
	at oracle.jdbc.driver.OracleStatementWrapper.executeQuery(OracleStatementWrapper.java:393)
	at com.etl.common.database.DatabaseUtils.getColumnValues(DatabaseUtils.java:253)
	at com.etl.common.database.DatabaseUtils.getDiffResultQueries(DatabaseUtils.java:236)
	at com.etl.test.testscripts.TestCycIntf.CYCINTF_31__CYC_INTF__PCS_DT_Checkformat(TestCycIntf.java:723)
	at java.base/jdk.internal.reflect.DirectMethodHandleAccessor.invoke(DirectMethodHandleAccessor.java:104)
	at java.base/java.lang.reflect.Method.invoke(Method.java:578)
	at org.testng.internal.MethodInvocationHelper.invokeMethod(MethodInvocationHelper.java:133)
	at org.testng.internal.TestInvoker.invokeMethod(TestInvoker.java:598)
	at org.testng.internal.TestInvoker.invokeTestMethod(TestInvoker.java:173)
	at org.testng.internal.MethodRunner.runInSequence(MethodRunner.java:46)
	at org.testng.internal.TestInvoker$MethodInvocationAgent.invoke(TestInvoker.java:824)
	at org.testng.internal.TestInvoker.invokeTestMethods(TestInvoker.java:146)
	at org.testng.internal.TestMethodWorker.invokeTestMethods(TestMethodWorker.java:146)
	at org.testng.internal.TestMethodWorker.run(TestMethodWorker.java:128)
	at java.base/java.util.ArrayList.forEach(ArrayList.java:1511)
	at org.testng.TestRunner.privateRun(TestRunner.java:794)
	at org.testng.TestRunner.run(TestRunner.java:596)
	at org.testng.SuiteRunner.runTest(SuiteRunner.java:377)
	at org.testng.SuiteRunner.runSequentially(SuiteRunner.java:371)
	at org.testng.SuiteRunner.privateRun(SuiteRunner.java:332)
	at org.testng.SuiteRunner.run(SuiteRunner.java:276)
	at org.testng.SuiteRunnerWorker.runSuite(SuiteRunnerWorker.java:53)
	at org.testng.SuiteRunnerWorker.run(SuiteRunnerWorker.java:96)
	at org.testng.TestNG.runSuitesSequentially(TestNG.java:1212)
	at org.testng.TestNG.runSuitesSequentially(TestNG.java:1207)
	at org.testng.TestNG.runSuitesLocally(TestNG.java:1134)
	at org.testng.TestNG.runSuites(TestNG.java:1063)
	at org.testng.TestNG.run(TestNG.java:1031)
	at org.testng.remote.AbstractRemoteTestNG.run(AbstractRemoteTestNG.java:115)
	at org.testng.remote.RemoteTestNG.initAndRun(RemoteTestNG.java:251)
	at org.testng.remote.RemoteTestNG.main(RemoteTestNG.java:77)
</pre></div></td>
<td>0</td>
<td>com.etl.test.testscripts.TestCycIntf@37858383</td></tr>
<tr>
<td title='com.etl.test.testscripts.TestCycIntf.CYCINTF_13__CYC_INTF___CheckUniqueness()'><b>CYCINTF_13__CYC_INTF___CheckUniqueness</b><br>Test class: com.etl.test.testscripts.TestCycIntf</td>
<td><div><pre>java.sql.SQLException: SQL statement to execute cannot be empty or null
	at oracle.jdbc.driver.OracleSql.initialize(OracleSql.java:126)
	at oracle.jdbc.driver.OracleStatement.executeQuery(OracleStatement.java:1702)
	at oracle.jdbc.driver.OracleStatementWrapper.executeQuery(OracleStatementWrapper.java:393)
	at com.etl.common.database.DatabaseUtils.getColumnValues(DatabaseUtils.java:253)
	at com.etl.common.database.DatabaseUtils.getDiffResultQueries(DatabaseUtils.java:236)
	at com.etl.test.testscripts.TestCycIntf.CYCINTF_13__CYC_INTF___CheckUniqueness(TestCycIntf.java:307)
	at java.base/java.util.ArrayList.forEach(ArrayList.java:1511)
... Removed 26 stack frames</pre></div><a href='#' onClick='toggleBox("stack-trace2060037930", this, "Click to show all stack frames", "Click to hide stack frames")'>Click to show all stack frames</a>
<div class='stack-trace' id='stack-trace2060037930'><pre>java.sql.SQLException: SQL statement to execute cannot be empty or null
	at oracle.jdbc.driver.OracleSql.initialize(OracleSql.java:126)
	at oracle.jdbc.driver.OracleStatement.executeQuery(OracleStatement.java:1702)
	at oracle.jdbc.driver.OracleStatementWrapper.executeQuery(OracleStatementWrapper.java:393)
	at com.etl.common.database.DatabaseUtils.getColumnValues(DatabaseUtils.java:253)
	at com.etl.common.database.DatabaseUtils.getDiffResultQueries(DatabaseUtils.java:236)
	at com.etl.test.testscripts.TestCycIntf.CYCINTF_13__CYC_INTF___CheckUniqueness(TestCycIntf.java:307)
	at java.base/jdk.internal.reflect.DirectMethodHandleAccessor.invoke(DirectMethodHandleAccessor.java:104)
	at java.base/java.lang.reflect.Method.invoke(Method.java:578)
	at org.testng.internal.MethodInvocationHelper.invokeMethod(MethodInvocationHelper.java:133)
	at org.testng.internal.TestInvoker.invokeMethod(TestInvoker.java:598)
	at org.testng.internal.TestInvoker.invokeTestMethod(TestInvoker.java:173)
	at org.testng.internal.MethodRunner.runInSequence(MethodRunner.java:46)
	at org.testng.internal.TestInvoker$MethodInvocationAgent.invoke(TestInvoker.java:824)
	at org.testng.internal.TestInvoker.invokeTestMethods(TestInvoker.java:146)
	at org.testng.internal.TestMethodWorker.invokeTestMethods(TestMethodWorker.java:146)
	at org.testng.internal.TestMethodWorker.run(TestMethodWorker.java:128)
	at java.base/java.util.ArrayList.forEach(ArrayList.java:1511)
	at org.testng.TestRunner.privateRun(TestRunner.java:794)
	at org.testng.TestRunner.run(TestRunner.java:596)
	at org.testng.SuiteRunner.runTest(SuiteRunner.java:377)
	at org.testng.SuiteRunner.runSequentially(SuiteRunner.java:371)
	at org.testng.SuiteRunner.privateRun(SuiteRunner.java:332)
	at org.testng.SuiteRunner.run(SuiteRunner.java:276)
	at org.testng.SuiteRunnerWorker.runSuite(SuiteRunnerWorker.java:53)
	at org.testng.SuiteRunnerWorker.run(SuiteRunnerWorker.java:96)
	at org.testng.TestNG.runSuitesSequentially(TestNG.java:1212)
	at org.testng.TestNG.runSuitesSequentially(TestNG.java:1207)
	at org.testng.TestNG.runSuitesLocally(TestNG.java:1134)
	at org.testng.TestNG.runSuites(TestNG.java:1063)
	at org.testng.TestNG.run(TestNG.java:1031)
	at org.testng.remote.AbstractRemoteTestNG.run(AbstractRemoteTestNG.java:115)
	at org.testng.remote.RemoteTestNG.initAndRun(RemoteTestNG.java:251)
	at org.testng.remote.RemoteTestNG.main(RemoteTestNG.java:77)
</pre></div></td>
<td>0</td>
<td>com.etl.test.testscripts.TestCycIntf@37858383</td></tr>
<tr>
<td title='com.etl.test.testscripts.TestCycIntf.CYCINTF_29__CYC_INTF___Checkvalidity()'><b>CYCINTF_29__CYC_INTF___Checkvalidity</b><br>Test class: com.etl.test.testscripts.TestCycIntf</td>
<td><div><pre>java.sql.SQLException: SQL statement to execute cannot be empty or null
	at oracle.jdbc.driver.OracleSql.initialize(OracleSql.java:126)
	at oracle.jdbc.driver.OracleStatement.executeQuery(OracleStatement.java:1702)
	at oracle.jdbc.driver.OracleStatementWrapper.executeQuery(OracleStatementWrapper.java:393)
	at com.etl.common.database.DatabaseUtils.getColumnValues(DatabaseUtils.java:253)
	at com.etl.common.database.DatabaseUtils.getDiffResultQueries(DatabaseUtils.java:236)
	at com.etl.test.testscripts.TestCycIntf.CYCINTF_29__CYC_INTF___Checkvalidity(TestCycIntf.java:677)
	at java.base/java.util.ArrayList.forEach(ArrayList.java:1511)
... Removed 26 stack frames</pre></div><a href='#' onClick='toggleBox("stack-trace1442342557", this, "Click to show all stack frames", "Click to hide stack frames")'>Click to show all stack frames</a>
<div class='stack-trace' id='stack-trace1442342557'><pre>java.sql.SQLException: SQL statement to execute cannot be empty or null
	at oracle.jdbc.driver.OracleSql.initialize(OracleSql.java:126)
	at oracle.jdbc.driver.OracleStatement.executeQuery(OracleStatement.java:1702)
	at oracle.jdbc.driver.OracleStatementWrapper.executeQuery(OracleStatementWrapper.java:393)
	at com.etl.common.database.DatabaseUtils.getColumnValues(DatabaseUtils.java:253)
	at com.etl.common.database.DatabaseUtils.getDiffResultQueries(DatabaseUtils.java:236)
	at com.etl.test.testscripts.TestCycIntf.CYCINTF_29__CYC_INTF___Checkvalidity(TestCycIntf.java:677)
	at java.base/jdk.internal.reflect.DirectMethodHandleAccessor.invoke(DirectMethodHandleAccessor.java:104)
	at java.base/java.lang.reflect.Method.invoke(Method.java:578)
	at org.testng.internal.MethodInvocationHelper.invokeMethod(MethodInvocationHelper.java:133)
	at org.testng.internal.TestInvoker.invokeMethod(TestInvoker.java:598)
	at org.testng.internal.TestInvoker.invokeTestMethod(TestInvoker.java:173)
	at org.testng.internal.MethodRunner.runInSequence(MethodRunner.java:46)
	at org.testng.internal.TestInvoker$MethodInvocationAgent.invoke(TestInvoker.java:824)
	at org.testng.internal.TestInvoker.invokeTestMethods(TestInvoker.java:146)
	at org.testng.internal.TestMethodWorker.invokeTestMethods(TestMethodWorker.java:146)
	at org.testng.internal.TestMethodWorker.run(TestMethodWorker.java:128)
	at java.base/java.util.ArrayList.forEach(ArrayList.java:1511)
	at org.testng.TestRunner.privateRun(TestRunner.java:794)
	at org.testng.TestRunner.run(TestRunner.java:596)
	at org.testng.SuiteRunner.runTest(SuiteRunner.java:377)
	at org.testng.SuiteRunner.runSequentially(SuiteRunner.java:371)
	at org.testng.SuiteRunner.privateRun(SuiteRunner.java:332)
	at org.testng.SuiteRunner.run(SuiteRunner.java:276)
	at org.testng.SuiteRunnerWorker.runSuite(SuiteRunnerWorker.java:53)
	at org.testng.SuiteRunnerWorker.run(SuiteRunnerWorker.java:96)
	at org.testng.TestNG.runSuitesSequentially(TestNG.java:1212)
	at org.testng.TestNG.runSuitesSequentially(TestNG.java:1207)
	at org.testng.TestNG.runSuitesLocally(TestNG.java:1134)
	at org.testng.TestNG.runSuites(TestNG.java:1063)
	at org.testng.TestNG.run(TestNG.java:1031)
	at org.testng.remote.AbstractRemoteTestNG.run(AbstractRemoteTestNG.java:115)
	at org.testng.remote.RemoteTestNG.initAndRun(RemoteTestNG.java:251)
	at org.testng.remote.RemoteTestNG.main(RemoteTestNG.java:77)
</pre></div></td>
<td>0</td>
<td>com.etl.test.testscripts.TestCycIntf@37858383</td></tr>
<tr>
<td title='com.etl.test.testscripts.TestCycIntf.CYCINTF_03__CYC_INTF__UNQ_ID_IN_SRC_STM_CheckValidateValues()'><b>CYCINTF_03__CYC_INTF__UNQ_ID_IN_SRC_STM_CheckValidateValues</b><br>Test class: com.etl.test.testscripts.TestCycIntf</td>
<td><div><pre>java.sql.SQLSyntaxErrorException: ORA-00942: table or view does not exist

	at oracle.jdbc.driver.T4CTTIoer11.processError(T4CTTIoer11.java:629)
	at oracle.jdbc.driver.T4CTTIoer11.processError(T4CTTIoer11.java:563)
	at oracle.jdbc.driver.T4C8Oall.processError(T4C8Oall.java:1150)
	at oracle.jdbc.driver.T4CTTIfun.receive(T4CTTIfun.java:770)
	at oracle.jdbc.driver.T4CTTIfun.doRPC(T4CTTIfun.java:298)
	at oracle.jdbc.driver.T4C8Oall.doOALL(T4C8Oall.java:497)
	at oracle.jdbc.driver.T4CStatement.doOall8(T4CStatement.java:111)
	at oracle.jdbc.driver.T4CStatement.executeForDescribe(T4CStatement.java:895)
	at oracle.jdbc.driver.OracleStatement.prepareDefineBufferAndExecute(OracleStatement.java:1171)
	at oracle.jdbc.driver.OracleStatement.executeMaybeDescribe(OracleStatement.java:1100)
	at oracle.jdbc.driver.OracleStatement.executeSQLSelect(OracleStatement.java:1425)
	at oracle.jdbc.driver.OracleStatement.doExecuteWithTimeout(OracleStatement.java:1308)
	at oracle.jdbc.driver.OracleStatement.executeQuery(OracleStatement.java:1712)
	at oracle.jdbc.driver.OracleStatementWrapper.executeQuery(OracleStatementWrapper.java:393)
	at com.etl.common.database.DatabaseUtils.getColumnValues(DatabaseUtils.java:253)
	at com.etl.common.database.DatabaseUtils.getDiffResultQueries(DatabaseUtils.java:237)
	at com.etl.test.testscripts.TestCycIntf.CYCINTF_03__CYC_INTF__UNQ_ID_IN_SRC_STM_CheckValidateValues(TestCycIntf.java:77)
	at java.base/java.util.ArrayList.forEach(ArrayList.java:1511)
Caused by: Error : 942, Position : 30, Sql = Select UNQ_ID_IN_SRC_STM From CYC_INTF, OriginalSql = Select UNQ_ID_IN_SRC_STM From CYC_INTF, Error Msg = ORA-00942: table or view does not exist

	at oracle.jdbc.driver.T4CTTIoer11.processError(T4CTTIoer11.java:636)
	... 43 more
... Removed 26 stack frames</pre></div><a href='#' onClick='toggleBox("stack-trace621486957", this, "Click to show all stack frames", "Click to hide stack frames")'>Click to show all stack frames</a>
<div class='stack-trace' id='stack-trace621486957'><pre>java.sql.SQLSyntaxErrorException: ORA-00942: table or view does not exist

	at oracle.jdbc.driver.T4CTTIoer11.processError(T4CTTIoer11.java:629)
	at oracle.jdbc.driver.T4CTTIoer11.processError(T4CTTIoer11.java:563)
	at oracle.jdbc.driver.T4C8Oall.processError(T4C8Oall.java:1150)
	at oracle.jdbc.driver.T4CTTIfun.receive(T4CTTIfun.java:770)
	at oracle.jdbc.driver.T4CTTIfun.doRPC(T4CTTIfun.java:298)
	at oracle.jdbc.driver.T4C8Oall.doOALL(T4C8Oall.java:497)
	at oracle.jdbc.driver.T4CStatement.doOall8(T4CStatement.java:111)
	at oracle.jdbc.driver.T4CStatement.executeForDescribe(T4CStatement.java:895)
	at oracle.jdbc.driver.OracleStatement.prepareDefineBufferAndExecute(OracleStatement.java:1171)
	at oracle.jdbc.driver.OracleStatement.executeMaybeDescribe(OracleStatement.java:1100)
	at oracle.jdbc.driver.OracleStatement.executeSQLSelect(OracleStatement.java:1425)
	at oracle.jdbc.driver.OracleStatement.doExecuteWithTimeout(OracleStatement.java:1308)
	at oracle.jdbc.driver.OracleStatement.executeQuery(OracleStatement.java:1712)
	at oracle.jdbc.driver.OracleStatementWrapper.executeQuery(OracleStatementWrapper.java:393)
	at com.etl.common.database.DatabaseUtils.getColumnValues(DatabaseUtils.java:253)
	at com.etl.common.database.DatabaseUtils.getDiffResultQueries(DatabaseUtils.java:237)
	at com.etl.test.testscripts.TestCycIntf.CYCINTF_03__CYC_INTF__UNQ_ID_IN_SRC_STM_CheckValidateValues(TestCycIntf.java:77)
	at java.base/jdk.internal.reflect.DirectMethodHandleAccessor.invoke(DirectMethodHandleAccessor.java:104)
	at java.base/java.lang.reflect.Method.invoke(Method.java:578)
	at org.testng.internal.MethodInvocationHelper.invokeMethod(MethodInvocationHelper.java:133)
	at org.testng.internal.TestInvoker.invokeMethod(TestInvoker.java:598)
	at org.testng.internal.TestInvoker.invokeTestMethod(TestInvoker.java:173)
	at org.testng.internal.MethodRunner.runInSequence(MethodRunner.java:46)
	at org.testng.internal.TestInvoker$MethodInvocationAgent.invoke(TestInvoker.java:824)
	at org.testng.internal.TestInvoker.invokeTestMethods(TestInvoker.java:146)
	at org.testng.internal.TestMethodWorker.invokeTestMethods(TestMethodWorker.java:146)
	at org.testng.internal.TestMethodWorker.run(TestMethodWorker.java:128)
	at java.base/java.util.ArrayList.forEach(ArrayList.java:1511)
	at org.testng.TestRunner.privateRun(TestRunner.java:794)
	at org.testng.TestRunner.run(TestRunner.java:596)
	at org.testng.SuiteRunner.runTest(SuiteRunner.java:377)
	at org.testng.SuiteRunner.runSequentially(SuiteRunner.java:371)
	at org.testng.SuiteRunner.privateRun(SuiteRunner.java:332)
	at org.testng.SuiteRunner.run(SuiteRunner.java:276)
	at org.testng.SuiteRunnerWorker.runSuite(SuiteRunnerWorker.java:53)
	at org.testng.SuiteRunnerWorker.run(SuiteRunnerWorker.java:96)
	at org.testng.TestNG.runSuitesSequentially(TestNG.java:1212)
	at org.testng.TestNG.runSuitesSequentially(TestNG.java:1207)
	at org.testng.TestNG.runSuitesLocally(TestNG.java:1134)
	at org.testng.TestNG.runSuites(TestNG.java:1063)
	at org.testng.TestNG.run(TestNG.java:1031)
	at org.testng.remote.AbstractRemoteTestNG.run(AbstractRemoteTestNG.java:115)
	at org.testng.remote.RemoteTestNG.initAndRun(RemoteTestNG.java:251)
	at org.testng.remote.RemoteTestNG.main(RemoteTestNG.java:77)
Caused by: Error : 942, Position : 30, Sql = Select UNQ_ID_IN_SRC_STM From CYC_INTF, OriginalSql = Select UNQ_ID_IN_SRC_STM From CYC_INTF, Error Msg = ORA-00942: table or view does not exist

	at oracle.jdbc.driver.T4CTTIoer11.processError(T4CTTIoer11.java:636)
	... 43 more
</pre></div></td>
<td>0</td>
<td>com.etl.test.testscripts.TestCycIntf@37858383</td></tr>
<tr>
<td title='com.etl.test.testscripts.TestCycIntf.CYCINTF_01__CYC_INTF_VerifyTargetSchematable()'><b>CYCINTF_01__CYC_INTF_VerifyTargetSchematable</b><br>Test class: com.etl.test.testscripts.TestCycIntf</td>
<td><div><pre>java.sql.SQLSyntaxErrorException: ORA-00936: missing expression

	at oracle.jdbc.driver.T4CTTIoer11.processError(T4CTTIoer11.java:629)
	at oracle.jdbc.driver.T4CTTIoer11.processError(T4CTTIoer11.java:563)
	at oracle.jdbc.driver.T4C8Oall.processError(T4C8Oall.java:1150)
	at oracle.jdbc.driver.T4CTTIfun.receive(T4CTTIfun.java:770)
	at oracle.jdbc.driver.T4CTTIfun.doRPC(T4CTTIfun.java:298)
	at oracle.jdbc.driver.T4C8Oall.doOALL(T4C8Oall.java:497)
	at oracle.jdbc.driver.T4CStatement.doOall8(T4CStatement.java:111)
	at oracle.jdbc.driver.T4CStatement.executeForDescribe(T4CStatement.java:895)
	at oracle.jdbc.driver.OracleStatement.prepareDefineBufferAndExecute(OracleStatement.java:1171)
	at oracle.jdbc.driver.OracleStatement.executeMaybeDescribe(OracleStatement.java:1100)
	at oracle.jdbc.driver.OracleStatement.executeSQLSelect(OracleStatement.java:1425)
	at oracle.jdbc.driver.OracleStatement.doExecuteWithTimeout(OracleStatement.java:1308)
	at oracle.jdbc.driver.OracleStatement.executeQuery(OracleStatement.java:1712)
	at oracle.jdbc.driver.OracleStatementWrapper.executeQuery(OracleStatementWrapper.java:393)
	at com.etl.common.database.DatabaseUtils.getColumnValues(DatabaseUtils.java:253)
	at com.etl.common.database.DatabaseUtils.getDiffResultQueries(DatabaseUtils.java:236)
	at com.etl.test.testscripts.TestCycIntf.CYCINTF_01__CYC_INTF_VerifyTargetSchematable(TestCycIntf.java:31)
	at java.base/java.util.ArrayList.forEach(ArrayList.java:1511)
Caused by: Error : 936, Position : 41, Sql = Select table_name,column_name,data_type, * From information_schema.columns a where table_name = &apos;CYC_INTF_DES&apos;, OriginalSql = Select table_name,column_name,data_type, * From information_schema.columns a where table_name = &apos;CYC_INTF_DES&apos;, Error Msg = ORA-00936: missing expression

	at oracle.jdbc.driver.T4CTTIoer11.processError(T4CTTIoer11.java:636)
	... 43 more
... Removed 26 stack frames</pre></div><a href='#' onClick='toggleBox("stack-trace45880026", this, "Click to show all stack frames", "Click to hide stack frames")'>Click to show all stack frames</a>
<div class='stack-trace' id='stack-trace45880026'><pre>java.sql.SQLSyntaxErrorException: ORA-00936: missing expression

	at oracle.jdbc.driver.T4CTTIoer11.processError(T4CTTIoer11.java:629)
	at oracle.jdbc.driver.T4CTTIoer11.processError(T4CTTIoer11.java:563)
	at oracle.jdbc.driver.T4C8Oall.processError(T4C8Oall.java:1150)
	at oracle.jdbc.driver.T4CTTIfun.receive(T4CTTIfun.java:770)
	at oracle.jdbc.driver.T4CTTIfun.doRPC(T4CTTIfun.java:298)
	at oracle.jdbc.driver.T4C8Oall.doOALL(T4C8Oall.java:497)
	at oracle.jdbc.driver.T4CStatement.doOall8(T4CStatement.java:111)
	at oracle.jdbc.driver.T4CStatement.executeForDescribe(T4CStatement.java:895)
	at oracle.jdbc.driver.OracleStatement.prepareDefineBufferAndExecute(OracleStatement.java:1171)
	at oracle.jdbc.driver.OracleStatement.executeMaybeDescribe(OracleStatement.java:1100)
	at oracle.jdbc.driver.OracleStatement.executeSQLSelect(OracleStatement.java:1425)
	at oracle.jdbc.driver.OracleStatement.doExecuteWithTimeout(OracleStatement.java:1308)
	at oracle.jdbc.driver.OracleStatement.executeQuery(OracleStatement.java:1712)
	at oracle.jdbc.driver.OracleStatementWrapper.executeQuery(OracleStatementWrapper.java:393)
	at com.etl.common.database.DatabaseUtils.getColumnValues(DatabaseUtils.java:253)
	at com.etl.common.database.DatabaseUtils.getDiffResultQueries(DatabaseUtils.java:236)
	at com.etl.test.testscripts.TestCycIntf.CYCINTF_01__CYC_INTF_VerifyTargetSchematable(TestCycIntf.java:31)
	at java.base/jdk.internal.reflect.DirectMethodHandleAccessor.invoke(DirectMethodHandleAccessor.java:104)
	at java.base/java.lang.reflect.Method.invoke(Method.java:578)
	at org.testng.internal.MethodInvocationHelper.invokeMethod(MethodInvocationHelper.java:133)
	at org.testng.internal.TestInvoker.invokeMethod(TestInvoker.java:598)
	at org.testng.internal.TestInvoker.invokeTestMethod(TestInvoker.java:173)
	at org.testng.internal.MethodRunner.runInSequence(MethodRunner.java:46)
	at org.testng.internal.TestInvoker$MethodInvocationAgent.invoke(TestInvoker.java:824)
	at org.testng.internal.TestInvoker.invokeTestMethods(TestInvoker.java:146)
	at org.testng.internal.TestMethodWorker.invokeTestMethods(TestMethodWorker.java:146)
	at org.testng.internal.TestMethodWorker.run(TestMethodWorker.java:128)
	at java.base/java.util.ArrayList.forEach(ArrayList.java:1511)
	at org.testng.TestRunner.privateRun(TestRunner.java:794)
	at org.testng.TestRunner.run(TestRunner.java:596)
	at org.testng.SuiteRunner.runTest(SuiteRunner.java:377)
	at org.testng.SuiteRunner.runSequentially(SuiteRunner.java:371)
	at org.testng.SuiteRunner.privateRun(SuiteRunner.java:332)
	at org.testng.SuiteRunner.run(SuiteRunner.java:276)
	at org.testng.SuiteRunnerWorker.runSuite(SuiteRunnerWorker.java:53)
	at org.testng.SuiteRunnerWorker.run(SuiteRunnerWorker.java:96)
	at org.testng.TestNG.runSuitesSequentially(TestNG.java:1212)
	at org.testng.TestNG.runSuitesSequentially(TestNG.java:1207)
	at org.testng.TestNG.runSuitesLocally(TestNG.java:1134)
	at org.testng.TestNG.runSuites(TestNG.java:1063)
	at org.testng.TestNG.run(TestNG.java:1031)
	at org.testng.remote.AbstractRemoteTestNG.run(AbstractRemoteTestNG.java:115)
	at org.testng.remote.RemoteTestNG.initAndRun(RemoteTestNG.java:251)
	at org.testng.remote.RemoteTestNG.main(RemoteTestNG.java:77)
Caused by: Error : 936, Position : 41, Sql = Select table_name,column_name,data_type, * From information_schema.columns a where table_name = &apos;CYC_INTF_DES&apos;, OriginalSql = Select table_name,column_name,data_type, * From information_schema.columns a where table_name = &apos;CYC_INTF_DES&apos;, Error Msg = ORA-00936: missing expression

	at oracle.jdbc.driver.T4CTTIoer11.processError(T4CTTIoer11.java:636)
	... 43 more
</pre></div></td>
<td>0</td>
<td>com.etl.test.testscripts.TestCycIntf@37858383</td></tr>
<tr>
<td title='com.etl.test.testscripts.TestCycIntf.CYCINTF_37__CYC_INTF__EFF_FM_TMS_Updaterecorddata()'><b>CYCINTF_37__CYC_INTF__EFF_FM_TMS_Updaterecorddata</b><br>Test class: com.etl.test.testscripts.TestCycIntf</td>
<td><div><pre>java.sql.SQLException: SQL statement to execute cannot be empty or null
	at oracle.jdbc.driver.OracleSql.initialize(OracleSql.java:126)
	at oracle.jdbc.driver.OracleStatement.executeQuery(OracleStatement.java:1702)
	at oracle.jdbc.driver.OracleStatementWrapper.executeQuery(OracleStatementWrapper.java:393)
	at com.etl.common.database.DatabaseUtils.getColumnValues(DatabaseUtils.java:253)
	at com.etl.common.database.DatabaseUtils.getDiffResultQueries(DatabaseUtils.java:236)
	at com.etl.test.testscripts.TestCycIntf.CYCINTF_37__CYC_INTF__EFF_FM_TMS_Updaterecorddata(TestCycIntf.java:861)
	at java.base/java.util.ArrayList.forEach(ArrayList.java:1511)
... Removed 26 stack frames</pre></div><a href='#' onClick='toggleBox("stack-trace2036324408", this, "Click to show all stack frames", "Click to hide stack frames")'>Click to show all stack frames</a>
<div class='stack-trace' id='stack-trace2036324408'><pre>java.sql.SQLException: SQL statement to execute cannot be empty or null
	at oracle.jdbc.driver.OracleSql.initialize(OracleSql.java:126)
	at oracle.jdbc.driver.OracleStatement.executeQuery(OracleStatement.java:1702)
	at oracle.jdbc.driver.OracleStatementWrapper.executeQuery(OracleStatementWrapper.java:393)
	at com.etl.common.database.DatabaseUtils.getColumnValues(DatabaseUtils.java:253)
	at com.etl.common.database.DatabaseUtils.getDiffResultQueries(DatabaseUtils.java:236)
	at com.etl.test.testscripts.TestCycIntf.CYCINTF_37__CYC_INTF__EFF_FM_TMS_Updaterecorddata(TestCycIntf.java:861)
	at java.base/jdk.internal.reflect.DirectMethodHandleAccessor.invoke(DirectMethodHandleAccessor.java:104)
	at java.base/java.lang.reflect.Method.invoke(Method.java:578)
	at org.testng.internal.MethodInvocationHelper.invokeMethod(MethodInvocationHelper.java:133)
	at org.testng.internal.TestInvoker.invokeMethod(TestInvoker.java:598)
	at org.testng.internal.TestInvoker.invokeTestMethod(TestInvoker.java:173)
	at org.testng.internal.MethodRunner.runInSequence(MethodRunner.java:46)
	at org.testng.internal.TestInvoker$MethodInvocationAgent.invoke(TestInvoker.java:824)
	at org.testng.internal.TestInvoker.invokeTestMethods(TestInvoker.java:146)
	at org.testng.internal.TestMethodWorker.invokeTestMethods(TestMethodWorker.java:146)
	at org.testng.internal.TestMethodWorker.run(TestMethodWorker.java:128)
	at java.base/java.util.ArrayList.forEach(ArrayList.java:1511)
	at org.testng.TestRunner.privateRun(TestRunner.java:794)
	at org.testng.TestRunner.run(TestRunner.java:596)
	at org.testng.SuiteRunner.runTest(SuiteRunner.java:377)
	at org.testng.SuiteRunner.runSequentially(SuiteRunner.java:371)
	at org.testng.SuiteRunner.privateRun(SuiteRunner.java:332)
	at org.testng.SuiteRunner.run(SuiteRunner.java:276)
	at org.testng.SuiteRunnerWorker.runSuite(SuiteRunnerWorker.java:53)
	at org.testng.SuiteRunnerWorker.run(SuiteRunnerWorker.java:96)
	at org.testng.TestNG.runSuitesSequentially(TestNG.java:1212)
	at org.testng.TestNG.runSuitesSequentially(TestNG.java:1207)
	at org.testng.TestNG.runSuitesLocally(TestNG.java:1134)
	at org.testng.TestNG.runSuites(TestNG.java:1063)
	at org.testng.TestNG.run(TestNG.java:1031)
	at org.testng.remote.AbstractRemoteTestNG.run(AbstractRemoteTestNG.java:115)
	at org.testng.remote.RemoteTestNG.initAndRun(RemoteTestNG.java:251)
	at org.testng.remote.RemoteTestNG.main(RemoteTestNG.java:77)
</pre></div></td>
<td>0</td>
<td>com.etl.test.testscripts.TestCycIntf@37858383</td></tr>
<tr>
<td title='com.etl.test.testscripts.TestCycIntf.CYCINTF_43__CYC_INTF__CYC_STT_Addnewrecorddata()'><b>CYCINTF_43__CYC_INTF__CYC_STT_Addnewrecorddata</b><br>Test class: com.etl.test.testscripts.TestCycIntf</td>
<td><div><pre>java.sql.SQLSyntaxErrorException: ORA-00936: missing expression

	at oracle.jdbc.driver.T4CTTIoer11.processError(T4CTTIoer11.java:629)
	at oracle.jdbc.driver.T4CTTIoer11.processError(T4CTTIoer11.java:563)
	at oracle.jdbc.driver.T4C8Oall.processError(T4C8Oall.java:1150)
	at oracle.jdbc.driver.T4CTTIfun.receive(T4CTTIfun.java:770)
	at oracle.jdbc.driver.T4CTTIfun.doRPC(T4CTTIfun.java:298)
	at oracle.jdbc.driver.T4C8Oall.doOALL(T4C8Oall.java:497)
	at oracle.jdbc.driver.T4CStatement.doOall8(T4CStatement.java:111)
	at oracle.jdbc.driver.T4CStatement.executeForDescribe(T4CStatement.java:895)
	at oracle.jdbc.driver.OracleStatement.prepareDefineBufferAndExecute(OracleStatement.java:1171)
	at oracle.jdbc.driver.OracleStatement.executeMaybeDescribe(OracleStatement.java:1100)
	at oracle.jdbc.driver.OracleStatement.executeSQLSelect(OracleStatement.java:1425)
	at oracle.jdbc.driver.OracleStatement.doExecuteWithTimeout(OracleStatement.java:1308)
	at oracle.jdbc.driver.OracleStatement.executeQuery(OracleStatement.java:1712)
	at oracle.jdbc.driver.OracleStatementWrapper.executeQuery(OracleStatementWrapper.java:393)
	at com.etl.common.database.DatabaseUtils.getColumnValues(DatabaseUtils.java:253)
	at com.etl.common.database.DatabaseUtils.getDiffResultQueries(DatabaseUtils.java:237)
	at com.etl.test.testscripts.TestCycIntf.CYCINTF_43__CYC_INTF__CYC_STT_Addnewrecorddata(TestCycIntf.java:1000)
	at java.base/java.util.ArrayList.forEach(ArrayList.java:1511)
Caused by: Error : 936, Position : 74, Sql = select UNQ_ID_IN_SRC_STM, CYC_STT from CYC_INTF where UNQ_ID_IN_SRC_STM = , OriginalSql = select UNQ_ID_IN_SRC_STM, CYC_STT from CYC_INTF where UNQ_ID_IN_SRC_STM = , Error Msg = ORA-00936: missing expression

	at oracle.jdbc.driver.T4CTTIoer11.processError(T4CTTIoer11.java:636)
	... 43 more
... Removed 26 stack frames</pre></div><a href='#' onClick='toggleBox("stack-trace1997224928", this, "Click to show all stack frames", "Click to hide stack frames")'>Click to show all stack frames</a>
<div class='stack-trace' id='stack-trace1997224928'><pre>java.sql.SQLSyntaxErrorException: ORA-00936: missing expression

	at oracle.jdbc.driver.T4CTTIoer11.processError(T4CTTIoer11.java:629)
	at oracle.jdbc.driver.T4CTTIoer11.processError(T4CTTIoer11.java:563)
	at oracle.jdbc.driver.T4C8Oall.processError(T4C8Oall.java:1150)
	at oracle.jdbc.driver.T4CTTIfun.receive(T4CTTIfun.java:770)
	at oracle.jdbc.driver.T4CTTIfun.doRPC(T4CTTIfun.java:298)
	at oracle.jdbc.driver.T4C8Oall.doOALL(T4C8Oall.java:497)
	at oracle.jdbc.driver.T4CStatement.doOall8(T4CStatement.java:111)
	at oracle.jdbc.driver.T4CStatement.executeForDescribe(T4CStatement.java:895)
	at oracle.jdbc.driver.OracleStatement.prepareDefineBufferAndExecute(OracleStatement.java:1171)
	at oracle.jdbc.driver.OracleStatement.executeMaybeDescribe(OracleStatement.java:1100)
	at oracle.jdbc.driver.OracleStatement.executeSQLSelect(OracleStatement.java:1425)
	at oracle.jdbc.driver.OracleStatement.doExecuteWithTimeout(OracleStatement.java:1308)
	at oracle.jdbc.driver.OracleStatement.executeQuery(OracleStatement.java:1712)
	at oracle.jdbc.driver.OracleStatementWrapper.executeQuery(OracleStatementWrapper.java:393)
	at com.etl.common.database.DatabaseUtils.getColumnValues(DatabaseUtils.java:253)
	at com.etl.common.database.DatabaseUtils.getDiffResultQueries(DatabaseUtils.java:237)
	at com.etl.test.testscripts.TestCycIntf.CYCINTF_43__CYC_INTF__CYC_STT_Addnewrecorddata(TestCycIntf.java:1000)
	at java.base/jdk.internal.reflect.DirectMethodHandleAccessor.invoke(DirectMethodHandleAccessor.java:104)
	at java.base/java.lang.reflect.Method.invoke(Method.java:578)
	at org.testng.internal.MethodInvocationHelper.invokeMethod(MethodInvocationHelper.java:133)
	at org.testng.internal.TestInvoker.invokeMethod(TestInvoker.java:598)
	at org.testng.internal.TestInvoker.invokeTestMethod(TestInvoker.java:173)
	at org.testng.internal.MethodRunner.runInSequence(MethodRunner.java:46)
	at org.testng.internal.TestInvoker$MethodInvocationAgent.invoke(TestInvoker.java:824)
	at org.testng.internal.TestInvoker.invokeTestMethods(TestInvoker.java:146)
	at org.testng.internal.TestMethodWorker.invokeTestMethods(TestMethodWorker.java:146)
	at org.testng.internal.TestMethodWorker.run(TestMethodWorker.java:128)
	at java.base/java.util.ArrayList.forEach(ArrayList.java:1511)
	at org.testng.TestRunner.privateRun(TestRunner.java:794)
	at org.testng.TestRunner.run(TestRunner.java:596)
	at org.testng.SuiteRunner.runTest(SuiteRunner.java:377)
	at org.testng.SuiteRunner.runSequentially(SuiteRunner.java:371)
	at org.testng.SuiteRunner.privateRun(SuiteRunner.java:332)
	at org.testng.SuiteRunner.run(SuiteRunner.java:276)
	at org.testng.SuiteRunnerWorker.runSuite(SuiteRunnerWorker.java:53)
	at org.testng.SuiteRunnerWorker.run(SuiteRunnerWorker.java:96)
	at org.testng.TestNG.runSuitesSequentially(TestNG.java:1212)
	at org.testng.TestNG.runSuitesSequentially(TestNG.java:1207)
	at org.testng.TestNG.runSuitesLocally(TestNG.java:1134)
	at org.testng.TestNG.runSuites(TestNG.java:1063)
	at org.testng.TestNG.run(TestNG.java:1031)
	at org.testng.remote.AbstractRemoteTestNG.run(AbstractRemoteTestNG.java:115)
	at org.testng.remote.RemoteTestNG.initAndRun(RemoteTestNG.java:251)
	at org.testng.remote.RemoteTestNG.main(RemoteTestNG.java:77)
Caused by: Error : 936, Position : 74, Sql = select UNQ_ID_IN_SRC_STM, CYC_STT from CYC_INTF where UNQ_ID_IN_SRC_STM = , OriginalSql = select UNQ_ID_IN_SRC_STM, CYC_STT from CYC_INTF where UNQ_ID_IN_SRC_STM = , Error Msg = ORA-00936: missing expression

	at oracle.jdbc.driver.T4CTTIoer11.processError(T4CTTIoer11.java:636)
	... 43 more
</pre></div></td>
<td>0</td>
<td>com.etl.test.testscripts.TestCycIntf@37858383</td></tr>
<tr>
<td title='com.etl.test.testscripts.TestCycIntf.CYCINTF_09__CYC_INTF__PCS_DT_CheckValidateValues()'><b>CYCINTF_09__CYC_INTF__PCS_DT_CheckValidateValues</b><br>Test class: com.etl.test.testscripts.TestCycIntf</td>
<td><div><pre>java.sql.SQLException: ORA-01008: not all variables bound

	at oracle.jdbc.driver.T4CTTIoer11.processError(T4CTTIoer11.java:629)
	at oracle.jdbc.driver.T4CTTIoer11.processError(T4CTTIoer11.java:563)
	at oracle.jdbc.driver.T4C8Oall.processError(T4C8Oall.java:1150)
	at oracle.jdbc.driver.T4CTTIfun.receive(T4CTTIfun.java:770)
	at oracle.jdbc.driver.T4CTTIfun.doRPC(T4CTTIfun.java:298)
	at oracle.jdbc.driver.T4C8Oall.doOALL(T4C8Oall.java:497)
	at oracle.jdbc.driver.T4CStatement.doOall8(T4CStatement.java:111)
	at oracle.jdbc.driver.T4CStatement.executeForDescribe(T4CStatement.java:895)
	at oracle.jdbc.driver.OracleStatement.prepareDefineBufferAndExecute(OracleStatement.java:1171)
	at oracle.jdbc.driver.OracleStatement.executeMaybeDescribe(OracleStatement.java:1100)
	at oracle.jdbc.driver.OracleStatement.executeSQLSelect(OracleStatement.java:1425)
	at oracle.jdbc.driver.OracleStatement.doExecuteWithTimeout(OracleStatement.java:1308)
	at oracle.jdbc.driver.OracleStatement.executeQuery(OracleStatement.java:1712)
	at oracle.jdbc.driver.OracleStatementWrapper.executeQuery(OracleStatementWrapper.java:393)
	at com.etl.common.database.DatabaseUtils.getColumnValues(DatabaseUtils.java:253)
	at com.etl.common.database.DatabaseUtils.getDiffResultQueries(DatabaseUtils.java:236)
	at com.etl.test.testscripts.TestCycIntf.CYCINTF_09__CYC_INTF__PCS_DT_CheckValidateValues(TestCycIntf.java:215)
	at java.base/java.util.ArrayList.forEach(ArrayList.java:1511)
Caused by: Error : 1008, Position : 0, Sql = Select CYCLE_ID,:ETL_DATE From CLOSED_CYCLE, OriginalSql = Select CYCLE_ID,:ETL_DATE From CLOSED_CYCLE, Error Msg = ORA-01008: not all variables bound

	at oracle.jdbc.driver.T4CTTIoer11.processError(T4CTTIoer11.java:636)
	... 43 more
... Removed 26 stack frames</pre></div><a href='#' onClick='toggleBox("stack-trace425107133", this, "Click to show all stack frames", "Click to hide stack frames")'>Click to show all stack frames</a>
<div class='stack-trace' id='stack-trace425107133'><pre>java.sql.SQLException: ORA-01008: not all variables bound

	at oracle.jdbc.driver.T4CTTIoer11.processError(T4CTTIoer11.java:629)
	at oracle.jdbc.driver.T4CTTIoer11.processError(T4CTTIoer11.java:563)
	at oracle.jdbc.driver.T4C8Oall.processError(T4C8Oall.java:1150)
	at oracle.jdbc.driver.T4CTTIfun.receive(T4CTTIfun.java:770)
	at oracle.jdbc.driver.T4CTTIfun.doRPC(T4CTTIfun.java:298)
	at oracle.jdbc.driver.T4C8Oall.doOALL(T4C8Oall.java:497)
	at oracle.jdbc.driver.T4CStatement.doOall8(T4CStatement.java:111)
	at oracle.jdbc.driver.T4CStatement.executeForDescribe(T4CStatement.java:895)
	at oracle.jdbc.driver.OracleStatement.prepareDefineBufferAndExecute(OracleStatement.java:1171)
	at oracle.jdbc.driver.OracleStatement.executeMaybeDescribe(OracleStatement.java:1100)
	at oracle.jdbc.driver.OracleStatement.executeSQLSelect(OracleStatement.java:1425)
	at oracle.jdbc.driver.OracleStatement.doExecuteWithTimeout(OracleStatement.java:1308)
	at oracle.jdbc.driver.OracleStatement.executeQuery(OracleStatement.java:1712)
	at oracle.jdbc.driver.OracleStatementWrapper.executeQuery(OracleStatementWrapper.java:393)
	at com.etl.common.database.DatabaseUtils.getColumnValues(DatabaseUtils.java:253)
	at com.etl.common.database.DatabaseUtils.getDiffResultQueries(DatabaseUtils.java:236)
	at com.etl.test.testscripts.TestCycIntf.CYCINTF_09__CYC_INTF__PCS_DT_CheckValidateValues(TestCycIntf.java:215)
	at java.base/jdk.internal.reflect.DirectMethodHandleAccessor.invoke(DirectMethodHandleAccessor.java:104)
	at java.base/java.lang.reflect.Method.invoke(Method.java:578)
	at org.testng.internal.MethodInvocationHelper.invokeMethod(MethodInvocationHelper.java:133)
	at org.testng.internal.TestInvoker.invokeMethod(TestInvoker.java:598)
	at org.testng.internal.TestInvoker.invokeTestMethod(TestInvoker.java:173)
	at org.testng.internal.MethodRunner.runInSequence(MethodRunner.java:46)
	at org.testng.internal.TestInvoker$MethodInvocationAgent.invoke(TestInvoker.java:824)
	at org.testng.internal.TestInvoker.invokeTestMethods(TestInvoker.java:146)
	at org.testng.internal.TestMethodWorker.invokeTestMethods(TestMethodWorker.java:146)
	at org.testng.internal.TestMethodWorker.run(TestMethodWorker.java:128)
	at java.base/java.util.ArrayList.forEach(ArrayList.java:1511)
	at org.testng.TestRunner.privateRun(TestRunner.java:794)
	at org.testng.TestRunner.run(TestRunner.java:596)
	at org.testng.SuiteRunner.runTest(SuiteRunner.java:377)
	at org.testng.SuiteRunner.runSequentially(SuiteRunner.java:371)
	at org.testng.SuiteRunner.privateRun(SuiteRunner.java:332)
	at org.testng.SuiteRunner.run(SuiteRunner.java:276)
	at org.testng.SuiteRunnerWorker.runSuite(SuiteRunnerWorker.java:53)
	at org.testng.SuiteRunnerWorker.run(SuiteRunnerWorker.java:96)
	at org.testng.TestNG.runSuitesSequentially(TestNG.java:1212)
	at org.testng.TestNG.runSuitesSequentially(TestNG.java:1207)
	at org.testng.TestNG.runSuitesLocally(TestNG.java:1134)
	at org.testng.TestNG.runSuites(TestNG.java:1063)
	at org.testng.TestNG.run(TestNG.java:1031)
	at org.testng.remote.AbstractRemoteTestNG.run(AbstractRemoteTestNG.java:115)
	at org.testng.remote.RemoteTestNG.initAndRun(RemoteTestNG.java:251)
	at org.testng.remote.RemoteTestNG.main(RemoteTestNG.java:77)
Caused by: Error : 1008, Position : 0, Sql = Select CYCLE_ID,:ETL_DATE From CLOSED_CYCLE, OriginalSql = Select CYCLE_ID,:ETL_DATE From CLOSED_CYCLE, Error Msg = ORA-01008: not all variables bound

	at oracle.jdbc.driver.T4CTTIoer11.processError(T4CTTIoer11.java:636)
	... 43 more
</pre></div></td>
<td>0</td>
<td>com.etl.test.testscripts.TestCycIntf@37858383</td></tr>
<tr>
<td title='com.etl.test.testscripts.TestCycIntf.CYCINTF_21__CYC_INTF__CRN_ROW_IND_CheckCompleteness()'><b>CYCINTF_21__CYC_INTF__CRN_ROW_IND_CheckCompleteness</b><br>Test class: com.etl.test.testscripts.TestCycIntf</td>
<td><div><pre>java.sql.SQLException: SQL statement to execute cannot be empty or null
	at oracle.jdbc.driver.OracleSql.initialize(OracleSql.java:126)
	at oracle.jdbc.driver.OracleStatement.executeQuery(OracleStatement.java:1702)
	at oracle.jdbc.driver.OracleStatementWrapper.executeQuery(OracleStatementWrapper.java:393)
	at com.etl.common.database.DatabaseUtils.getColumnValues(DatabaseUtils.java:253)
	at com.etl.common.database.DatabaseUtils.getDiffResultQueries(DatabaseUtils.java:236)
	at com.etl.test.testscripts.TestCycIntf.CYCINTF_21__CYC_INTF__CRN_ROW_IND_CheckCompleteness(TestCycIntf.java:491)
	at java.base/java.util.ArrayList.forEach(ArrayList.java:1511)
... Removed 26 stack frames</pre></div><a href='#' onClick='toggleBox("stack-trace1705904476", this, "Click to show all stack frames", "Click to hide stack frames")'>Click to show all stack frames</a>
<div class='stack-trace' id='stack-trace1705904476'><pre>java.sql.SQLException: SQL statement to execute cannot be empty or null
	at oracle.jdbc.driver.OracleSql.initialize(OracleSql.java:126)
	at oracle.jdbc.driver.OracleStatement.executeQuery(OracleStatement.java:1702)
	at oracle.jdbc.driver.OracleStatementWrapper.executeQuery(OracleStatementWrapper.java:393)
	at com.etl.common.database.DatabaseUtils.getColumnValues(DatabaseUtils.java:253)
	at com.etl.common.database.DatabaseUtils.getDiffResultQueries(DatabaseUtils.java:236)
	at com.etl.test.testscripts.TestCycIntf.CYCINTF_21__CYC_INTF__CRN_ROW_IND_CheckCompleteness(TestCycIntf.java:491)
	at java.base/jdk.internal.reflect.DirectMethodHandleAccessor.invoke(DirectMethodHandleAccessor.java:104)
	at java.base/java.lang.reflect.Method.invoke(Method.java:578)
	at org.testng.internal.MethodInvocationHelper.invokeMethod(MethodInvocationHelper.java:133)
	at org.testng.internal.TestInvoker.invokeMethod(TestInvoker.java:598)
	at org.testng.internal.TestInvoker.invokeTestMethod(TestInvoker.java:173)
	at org.testng.internal.MethodRunner.runInSequence(MethodRunner.java:46)
	at org.testng.internal.TestInvoker$MethodInvocationAgent.invoke(TestInvoker.java:824)
	at org.testng.internal.TestInvoker.invokeTestMethods(TestInvoker.java:146)
	at org.testng.internal.TestMethodWorker.invokeTestMethods(TestMethodWorker.java:146)
	at org.testng.internal.TestMethodWorker.run(TestMethodWorker.java:128)
	at java.base/java.util.ArrayList.forEach(ArrayList.java:1511)
	at org.testng.TestRunner.privateRun(TestRunner.java:794)
	at org.testng.TestRunner.run(TestRunner.java:596)
	at org.testng.SuiteRunner.runTest(SuiteRunner.java:377)
	at org.testng.SuiteRunner.runSequentially(SuiteRunner.java:371)
	at org.testng.SuiteRunner.privateRun(SuiteRunner.java:332)
	at org.testng.SuiteRunner.run(SuiteRunner.java:276)
	at org.testng.SuiteRunnerWorker.runSuite(SuiteRunnerWorker.java:53)
	at org.testng.SuiteRunnerWorker.run(SuiteRunnerWorker.java:96)
	at org.testng.TestNG.runSuitesSequentially(TestNG.java:1212)
	at org.testng.TestNG.runSuitesSequentially(TestNG.java:1207)
	at org.testng.TestNG.runSuitesLocally(TestNG.java:1134)
	at org.testng.TestNG.runSuites(TestNG.java:1063)
	at org.testng.TestNG.run(TestNG.java:1031)
	at org.testng.remote.AbstractRemoteTestNG.run(AbstractRemoteTestNG.java:115)
	at org.testng.remote.RemoteTestNG.initAndRun(RemoteTestNG.java:251)
	at org.testng.remote.RemoteTestNG.main(RemoteTestNG.java:77)
</pre></div></td>
<td>0</td>
<td>com.etl.test.testscripts.TestCycIntf@37858383</td></tr>
<tr>
<td title='com.etl.test.testscripts.TestCycIntf.CYCINTF_32__CYC_INTF__CYC_CODE_Updaterecorddata()'><b>CYCINTF_32__CYC_INTF__CYC_CODE_Updaterecorddata</b><br>Test class: com.etl.test.testscripts.TestCycIntf</td>
<td><div><pre>java.sql.SQLException: SQL statement to execute cannot be empty or null
	at oracle.jdbc.driver.OracleSql.initialize(OracleSql.java:126)
	at oracle.jdbc.driver.OracleStatement.executeQuery(OracleStatement.java:1702)
	at oracle.jdbc.driver.OracleStatementWrapper.executeQuery(OracleStatementWrapper.java:393)
	at com.etl.common.database.DatabaseUtils.getColumnValues(DatabaseUtils.java:253)
	at com.etl.common.database.DatabaseUtils.getDiffResultQueries(DatabaseUtils.java:236)
	at com.etl.test.testscripts.TestCycIntf.CYCINTF_32__CYC_INTF__CYC_CODE_Updaterecorddata(TestCycIntf.java:746)
	at java.base/java.util.ArrayList.forEach(ArrayList.java:1511)
... Removed 26 stack frames</pre></div><a href='#' onClick='toggleBox("stack-trace1360332263", this, "Click to show all stack frames", "Click to hide stack frames")'>Click to show all stack frames</a>
<div class='stack-trace' id='stack-trace1360332263'><pre>java.sql.SQLException: SQL statement to execute cannot be empty or null
	at oracle.jdbc.driver.OracleSql.initialize(OracleSql.java:126)
	at oracle.jdbc.driver.OracleStatement.executeQuery(OracleStatement.java:1702)
	at oracle.jdbc.driver.OracleStatementWrapper.executeQuery(OracleStatementWrapper.java:393)
	at com.etl.common.database.DatabaseUtils.getColumnValues(DatabaseUtils.java:253)
	at com.etl.common.database.DatabaseUtils.getDiffResultQueries(DatabaseUtils.java:236)
	at com.etl.test.testscripts.TestCycIntf.CYCINTF_32__CYC_INTF__CYC_CODE_Updaterecorddata(TestCycIntf.java:746)
	at java.base/jdk.internal.reflect.DirectMethodHandleAccessor.invoke(DirectMethodHandleAccessor.java:104)
	at java.base/java.lang.reflect.Method.invoke(Method.java:578)
	at org.testng.internal.MethodInvocationHelper.invokeMethod(MethodInvocationHelper.java:133)
	at org.testng.internal.TestInvoker.invokeMethod(TestInvoker.java:598)
	at org.testng.internal.TestInvoker.invokeTestMethod(TestInvoker.java:173)
	at org.testng.internal.MethodRunner.runInSequence(MethodRunner.java:46)
	at org.testng.internal.TestInvoker$MethodInvocationAgent.invoke(TestInvoker.java:824)
	at org.testng.internal.TestInvoker.invokeTestMethods(TestInvoker.java:146)
	at org.testng.internal.TestMethodWorker.invokeTestMethods(TestMethodWorker.java:146)
	at org.testng.internal.TestMethodWorker.run(TestMethodWorker.java:128)
	at java.base/java.util.ArrayList.forEach(ArrayList.java:1511)
	at org.testng.TestRunner.privateRun(TestRunner.java:794)
	at org.testng.TestRunner.run(TestRunner.java:596)
	at org.testng.SuiteRunner.runTest(SuiteRunner.java:377)
	at org.testng.SuiteRunner.runSequentially(SuiteRunner.java:371)
	at org.testng.SuiteRunner.privateRun(SuiteRunner.java:332)
	at org.testng.SuiteRunner.run(SuiteRunner.java:276)
	at org.testng.SuiteRunnerWorker.runSuite(SuiteRunnerWorker.java:53)
	at org.testng.SuiteRunnerWorker.run(SuiteRunnerWorker.java:96)
	at org.testng.TestNG.runSuitesSequentially(TestNG.java:1212)
	at org.testng.TestNG.runSuitesSequentially(TestNG.java:1207)
	at org.testng.TestNG.runSuitesLocally(TestNG.java:1134)
	at org.testng.TestNG.runSuites(TestNG.java:1063)
	at org.testng.TestNG.run(TestNG.java:1031)
	at org.testng.remote.AbstractRemoteTestNG.run(AbstractRemoteTestNG.java:115)
	at org.testng.remote.RemoteTestNG.initAndRun(RemoteTestNG.java:251)
	at org.testng.remote.RemoteTestNG.main(RemoteTestNG.java:77)
</pre></div></td>
<td>0</td>
<td>com.etl.test.testscripts.TestCycIntf@37858383</td></tr>
<tr>
<td title='com.etl.test.testscripts.TestCycIntf.CYCINTF_18__CYC_INTF__SRC_STM_CODE_CheckCompleteness()'><b>CYCINTF_18__CYC_INTF__SRC_STM_CODE_CheckCompleteness</b><br>Test class: com.etl.test.testscripts.TestCycIntf</td>
<td><div><pre>java.sql.SQLException: SQL statement to execute cannot be empty or null
	at oracle.jdbc.driver.OracleSql.initialize(OracleSql.java:126)
	at oracle.jdbc.driver.OracleStatement.executeQuery(OracleStatement.java:1702)
	at oracle.jdbc.driver.OracleStatementWrapper.executeQuery(OracleStatementWrapper.java:393)
	at com.etl.common.database.DatabaseUtils.getColumnValues(DatabaseUtils.java:253)
	at com.etl.common.database.DatabaseUtils.getDiffResultQueries(DatabaseUtils.java:236)
	at com.etl.test.testscripts.TestCycIntf.CYCINTF_18__CYC_INTF__SRC_STM_CODE_CheckCompleteness(TestCycIntf.java:422)
	at java.base/java.util.ArrayList.forEach(ArrayList.java:1511)
... Removed 26 stack frames</pre></div><a href='#' onClick='toggleBox("stack-trace2122256138", this, "Click to show all stack frames", "Click to hide stack frames")'>Click to show all stack frames</a>
<div class='stack-trace' id='stack-trace2122256138'><pre>java.sql.SQLException: SQL statement to execute cannot be empty or null
	at oracle.jdbc.driver.OracleSql.initialize(OracleSql.java:126)
	at oracle.jdbc.driver.OracleStatement.executeQuery(OracleStatement.java:1702)
	at oracle.jdbc.driver.OracleStatementWrapper.executeQuery(OracleStatementWrapper.java:393)
	at com.etl.common.database.DatabaseUtils.getColumnValues(DatabaseUtils.java:253)
	at com.etl.common.database.DatabaseUtils.getDiffResultQueries(DatabaseUtils.java:236)
	at com.etl.test.testscripts.TestCycIntf.CYCINTF_18__CYC_INTF__SRC_STM_CODE_CheckCompleteness(TestCycIntf.java:422)
	at java.base/jdk.internal.reflect.DirectMethodHandleAccessor.invoke(DirectMethodHandleAccessor.java:104)
	at java.base/java.lang.reflect.Method.invoke(Method.java:578)
	at org.testng.internal.MethodInvocationHelper.invokeMethod(MethodInvocationHelper.java:133)
	at org.testng.internal.TestInvoker.invokeMethod(TestInvoker.java:598)
	at org.testng.internal.TestInvoker.invokeTestMethod(TestInvoker.java:173)
	at org.testng.internal.MethodRunner.runInSequence(MethodRunner.java:46)
	at org.testng.internal.TestInvoker$MethodInvocationAgent.invoke(TestInvoker.java:824)
	at org.testng.internal.TestInvoker.invokeTestMethods(TestInvoker.java:146)
	at org.testng.internal.TestMethodWorker.invokeTestMethods(TestMethodWorker.java:146)
	at org.testng.internal.TestMethodWorker.run(TestMethodWorker.java:128)
	at java.base/java.util.ArrayList.forEach(ArrayList.java:1511)
	at org.testng.TestRunner.privateRun(TestRunner.java:794)
	at org.testng.TestRunner.run(TestRunner.java:596)
	at org.testng.SuiteRunner.runTest(SuiteRunner.java:377)
	at org.testng.SuiteRunner.runSequentially(SuiteRunner.java:371)
	at org.testng.SuiteRunner.privateRun(SuiteRunner.java:332)
	at org.testng.SuiteRunner.run(SuiteRunner.java:276)
	at org.testng.SuiteRunnerWorker.runSuite(SuiteRunnerWorker.java:53)
	at org.testng.SuiteRunnerWorker.run(SuiteRunnerWorker.java:96)
	at org.testng.TestNG.runSuitesSequentially(TestNG.java:1212)
	at org.testng.TestNG.runSuitesSequentially(TestNG.java:1207)
	at org.testng.TestNG.runSuitesLocally(TestNG.java:1134)
	at org.testng.TestNG.runSuites(TestNG.java:1063)
	at org.testng.TestNG.run(TestNG.java:1031)
	at org.testng.remote.AbstractRemoteTestNG.run(AbstractRemoteTestNG.java:115)
	at org.testng.remote.RemoteTestNG.initAndRun(RemoteTestNG.java:251)
	at org.testng.remote.RemoteTestNG.main(RemoteTestNG.java:77)
</pre></div></td>
<td>0</td>
<td>com.etl.test.testscripts.TestCycIntf@37858383</td></tr>
<tr>
<td title='com.etl.test.testscripts.TestCycIntf.CYCINTF_46__CYC_INTF__PCS_DT_Addnewrecorddata()'><b>CYCINTF_46__CYC_INTF__PCS_DT_Addnewrecorddata</b><br>Test class: com.etl.test.testscripts.TestCycIntf</td>
<td><div><pre>java.sql.SQLSyntaxErrorException: ORA-00936: missing expression

	at oracle.jdbc.driver.T4CTTIoer11.processError(T4CTTIoer11.java:629)
	at oracle.jdbc.driver.T4CTTIoer11.processError(T4CTTIoer11.java:563)
	at oracle.jdbc.driver.T4C8Oall.processError(T4C8Oall.java:1150)
	at oracle.jdbc.driver.T4CTTIfun.receive(T4CTTIfun.java:770)
	at oracle.jdbc.driver.T4CTTIfun.doRPC(T4CTTIfun.java:298)
	at oracle.jdbc.driver.T4C8Oall.doOALL(T4C8Oall.java:497)
	at oracle.jdbc.driver.T4CStatement.doOall8(T4CStatement.java:111)
	at oracle.jdbc.driver.T4CStatement.executeForDescribe(T4CStatement.java:895)
	at oracle.jdbc.driver.OracleStatement.prepareDefineBufferAndExecute(OracleStatement.java:1171)
	at oracle.jdbc.driver.OracleStatement.executeMaybeDescribe(OracleStatement.java:1100)
	at oracle.jdbc.driver.OracleStatement.executeSQLSelect(OracleStatement.java:1425)
	at oracle.jdbc.driver.OracleStatement.doExecuteWithTimeout(OracleStatement.java:1308)
	at oracle.jdbc.driver.OracleStatement.executeQuery(OracleStatement.java:1712)
	at oracle.jdbc.driver.OracleStatementWrapper.executeQuery(OracleStatementWrapper.java:393)
	at com.etl.common.database.DatabaseUtils.getColumnValues(DatabaseUtils.java:253)
	at com.etl.common.database.DatabaseUtils.getDiffResultQueries(DatabaseUtils.java:237)
	at com.etl.test.testscripts.TestCycIntf.CYCINTF_46__CYC_INTF__PCS_DT_Addnewrecorddata(TestCycIntf.java:1069)
	at java.base/java.util.ArrayList.forEach(ArrayList.java:1511)
Caused by: Error : 936, Position : 73, Sql = select UNQ_ID_IN_SRC_STM, PCS_DT from CYC_INTF where UNQ_ID_IN_SRC_STM = , OriginalSql = select UNQ_ID_IN_SRC_STM, PCS_DT from CYC_INTF where UNQ_ID_IN_SRC_STM = , Error Msg = ORA-00936: missing expression

	at oracle.jdbc.driver.T4CTTIoer11.processError(T4CTTIoer11.java:636)
	... 43 more
... Removed 26 stack frames</pre></div><a href='#' onClick='toggleBox("stack-trace1006727288", this, "Click to show all stack frames", "Click to hide stack frames")'>Click to show all stack frames</a>
<div class='stack-trace' id='stack-trace1006727288'><pre>java.sql.SQLSyntaxErrorException: ORA-00936: missing expression

	at oracle.jdbc.driver.T4CTTIoer11.processError(T4CTTIoer11.java:629)
	at oracle.jdbc.driver.T4CTTIoer11.processError(T4CTTIoer11.java:563)
	at oracle.jdbc.driver.T4C8Oall.processError(T4C8Oall.java:1150)
	at oracle.jdbc.driver.T4CTTIfun.receive(T4CTTIfun.java:770)
	at oracle.jdbc.driver.T4CTTIfun.doRPC(T4CTTIfun.java:298)
	at oracle.jdbc.driver.T4C8Oall.doOALL(T4C8Oall.java:497)
	at oracle.jdbc.driver.T4CStatement.doOall8(T4CStatement.java:111)
	at oracle.jdbc.driver.T4CStatement.executeForDescribe(T4CStatement.java:895)
	at oracle.jdbc.driver.OracleStatement.prepareDefineBufferAndExecute(OracleStatement.java:1171)
	at oracle.jdbc.driver.OracleStatement.executeMaybeDescribe(OracleStatement.java:1100)
	at oracle.jdbc.driver.OracleStatement.executeSQLSelect(OracleStatement.java:1425)
	at oracle.jdbc.driver.OracleStatement.doExecuteWithTimeout(OracleStatement.java:1308)
	at oracle.jdbc.driver.OracleStatement.executeQuery(OracleStatement.java:1712)
	at oracle.jdbc.driver.OracleStatementWrapper.executeQuery(OracleStatementWrapper.java:393)
	at com.etl.common.database.DatabaseUtils.getColumnValues(DatabaseUtils.java:253)
	at com.etl.common.database.DatabaseUtils.getDiffResultQueries(DatabaseUtils.java:237)
	at com.etl.test.testscripts.TestCycIntf.CYCINTF_46__CYC_INTF__PCS_DT_Addnewrecorddata(TestCycIntf.java:1069)
	at java.base/jdk.internal.reflect.DirectMethodHandleAccessor.invoke(DirectMethodHandleAccessor.java:104)
	at java.base/java.lang.reflect.Method.invoke(Method.java:578)
	at org.testng.internal.MethodInvocationHelper.invokeMethod(MethodInvocationHelper.java:133)
	at org.testng.internal.TestInvoker.invokeMethod(TestInvoker.java:598)
	at org.testng.internal.TestInvoker.invokeTestMethod(TestInvoker.java:173)
	at org.testng.internal.MethodRunner.runInSequence(MethodRunner.java:46)
	at org.testng.internal.TestInvoker$MethodInvocationAgent.invoke(TestInvoker.java:824)
	at org.testng.internal.TestInvoker.invokeTestMethods(TestInvoker.java:146)
	at org.testng.internal.TestMethodWorker.invokeTestMethods(TestMethodWorker.java:146)
	at org.testng.internal.TestMethodWorker.run(TestMethodWorker.java:128)
	at java.base/java.util.ArrayList.forEach(ArrayList.java:1511)
	at org.testng.TestRunner.privateRun(TestRunner.java:794)
	at org.testng.TestRunner.run(TestRunner.java:596)
	at org.testng.SuiteRunner.runTest(SuiteRunner.java:377)
	at org.testng.SuiteRunner.runSequentially(SuiteRunner.java:371)
	at org.testng.SuiteRunner.privateRun(SuiteRunner.java:332)
	at org.testng.SuiteRunner.run(SuiteRunner.java:276)
	at org.testng.SuiteRunnerWorker.runSuite(SuiteRunnerWorker.java:53)
	at org.testng.SuiteRunnerWorker.run(SuiteRunnerWorker.java:96)
	at org.testng.TestNG.runSuitesSequentially(TestNG.java:1212)
	at org.testng.TestNG.runSuitesSequentially(TestNG.java:1207)
	at org.testng.TestNG.runSuitesLocally(TestNG.java:1134)
	at org.testng.TestNG.runSuites(TestNG.java:1063)
	at org.testng.TestNG.run(TestNG.java:1031)
	at org.testng.remote.AbstractRemoteTestNG.run(AbstractRemoteTestNG.java:115)
	at org.testng.remote.RemoteTestNG.initAndRun(RemoteTestNG.java:251)
	at org.testng.remote.RemoteTestNG.main(RemoteTestNG.java:77)
Caused by: Error : 936, Position : 73, Sql = select UNQ_ID_IN_SRC_STM, PCS_DT from CYC_INTF where UNQ_ID_IN_SRC_STM = , OriginalSql = select UNQ_ID_IN_SRC_STM, PCS_DT from CYC_INTF where UNQ_ID_IN_SRC_STM = , Error Msg = ORA-00936: missing expression

	at oracle.jdbc.driver.T4CTTIoer11.processError(T4CTTIoer11.java:636)
	... 43 more
</pre></div></td>
<td>0</td>
<td>com.etl.test.testscripts.TestCycIntf@37858383</td></tr>
<tr>
<td title='com.etl.test.testscripts.TestCycIntf.CYCINTF_45__CYC_INTF__SRC_STM_NM_Addnewrecorddata()'><b>CYCINTF_45__CYC_INTF__SRC_STM_NM_Addnewrecorddata</b><br>Test class: com.etl.test.testscripts.TestCycIntf</td>
<td><div><pre>java.sql.SQLSyntaxErrorException: ORA-00936: missing expression

	at oracle.jdbc.driver.T4CTTIoer11.processError(T4CTTIoer11.java:629)
	at oracle.jdbc.driver.T4CTTIoer11.processError(T4CTTIoer11.java:563)
	at oracle.jdbc.driver.T4C8Oall.processError(T4C8Oall.java:1150)
	at oracle.jdbc.driver.T4CTTIfun.receive(T4CTTIfun.java:770)
	at oracle.jdbc.driver.T4CTTIfun.doRPC(T4CTTIfun.java:298)
	at oracle.jdbc.driver.T4C8Oall.doOALL(T4C8Oall.java:497)
	at oracle.jdbc.driver.T4CStatement.doOall8(T4CStatement.java:111)
	at oracle.jdbc.driver.T4CStatement.executeForDescribe(T4CStatement.java:895)
	at oracle.jdbc.driver.OracleStatement.prepareDefineBufferAndExecute(OracleStatement.java:1171)
	at oracle.jdbc.driver.OracleStatement.executeMaybeDescribe(OracleStatement.java:1100)
	at oracle.jdbc.driver.OracleStatement.executeSQLSelect(OracleStatement.java:1425)
	at oracle.jdbc.driver.OracleStatement.doExecuteWithTimeout(OracleStatement.java:1308)
	at oracle.jdbc.driver.OracleStatement.executeQuery(OracleStatement.java:1712)
	at oracle.jdbc.driver.OracleStatementWrapper.executeQuery(OracleStatementWrapper.java:393)
	at com.etl.common.database.DatabaseUtils.getColumnValues(DatabaseUtils.java:253)
	at com.etl.common.database.DatabaseUtils.getDiffResultQueries(DatabaseUtils.java:237)
	at com.etl.test.testscripts.TestCycIntf.CYCINTF_45__CYC_INTF__SRC_STM_NM_Addnewrecorddata(TestCycIntf.java:1046)
	at java.base/java.util.ArrayList.forEach(ArrayList.java:1511)
Caused by: Error : 936, Position : 77, Sql = select UNQ_ID_IN_SRC_STM, SRC_STM_NM from CYC_INTF where UNQ_ID_IN_SRC_STM = , OriginalSql = select UNQ_ID_IN_SRC_STM, SRC_STM_NM from CYC_INTF where UNQ_ID_IN_SRC_STM = , Error Msg = ORA-00936: missing expression

	at oracle.jdbc.driver.T4CTTIoer11.processError(T4CTTIoer11.java:636)
	... 43 more
... Removed 26 stack frames</pre></div><a href='#' onClick='toggleBox("stack-trace989520513", this, "Click to show all stack frames", "Click to hide stack frames")'>Click to show all stack frames</a>
<div class='stack-trace' id='stack-trace989520513'><pre>java.sql.SQLSyntaxErrorException: ORA-00936: missing expression

	at oracle.jdbc.driver.T4CTTIoer11.processError(T4CTTIoer11.java:629)
	at oracle.jdbc.driver.T4CTTIoer11.processError(T4CTTIoer11.java:563)
	at oracle.jdbc.driver.T4C8Oall.processError(T4C8Oall.java:1150)
	at oracle.jdbc.driver.T4CTTIfun.receive(T4CTTIfun.java:770)
	at oracle.jdbc.driver.T4CTTIfun.doRPC(T4CTTIfun.java:298)
	at oracle.jdbc.driver.T4C8Oall.doOALL(T4C8Oall.java:497)
	at oracle.jdbc.driver.T4CStatement.doOall8(T4CStatement.java:111)
	at oracle.jdbc.driver.T4CStatement.executeForDescribe(T4CStatement.java:895)
	at oracle.jdbc.driver.OracleStatement.prepareDefineBufferAndExecute(OracleStatement.java:1171)
	at oracle.jdbc.driver.OracleStatement.executeMaybeDescribe(OracleStatement.java:1100)
	at oracle.jdbc.driver.OracleStatement.executeSQLSelect(OracleStatement.java:1425)
	at oracle.jdbc.driver.OracleStatement.doExecuteWithTimeout(OracleStatement.java:1308)
	at oracle.jdbc.driver.OracleStatement.executeQuery(OracleStatement.java:1712)
	at oracle.jdbc.driver.OracleStatementWrapper.executeQuery(OracleStatementWrapper.java:393)
	at com.etl.common.database.DatabaseUtils.getColumnValues(DatabaseUtils.java:253)
	at com.etl.common.database.DatabaseUtils.getDiffResultQueries(DatabaseUtils.java:237)
	at com.etl.test.testscripts.TestCycIntf.CYCINTF_45__CYC_INTF__SRC_STM_NM_Addnewrecorddata(TestCycIntf.java:1046)
	at java.base/jdk.internal.reflect.DirectMethodHandleAccessor.invoke(DirectMethodHandleAccessor.java:104)
	at java.base/java.lang.reflect.Method.invoke(Method.java:578)
	at org.testng.internal.MethodInvocationHelper.invokeMethod(MethodInvocationHelper.java:133)
	at org.testng.internal.TestInvoker.invokeMethod(TestInvoker.java:598)
	at org.testng.internal.TestInvoker.invokeTestMethod(TestInvoker.java:173)
	at org.testng.internal.MethodRunner.runInSequence(MethodRunner.java:46)
	at org.testng.internal.TestInvoker$MethodInvocationAgent.invoke(TestInvoker.java:824)
	at org.testng.internal.TestInvoker.invokeTestMethods(TestInvoker.java:146)
	at org.testng.internal.TestMethodWorker.invokeTestMethods(TestMethodWorker.java:146)
	at org.testng.internal.TestMethodWorker.run(TestMethodWorker.java:128)
	at java.base/java.util.ArrayList.forEach(ArrayList.java:1511)
	at org.testng.TestRunner.privateRun(TestRunner.java:794)
	at org.testng.TestRunner.run(TestRunner.java:596)
	at org.testng.SuiteRunner.runTest(SuiteRunner.java:377)
	at org.testng.SuiteRunner.runSequentially(SuiteRunner.java:371)
	at org.testng.SuiteRunner.privateRun(SuiteRunner.java:332)
	at org.testng.SuiteRunner.run(SuiteRunner.java:276)
	at org.testng.SuiteRunnerWorker.runSuite(SuiteRunnerWorker.java:53)
	at org.testng.SuiteRunnerWorker.run(SuiteRunnerWorker.java:96)
	at org.testng.TestNG.runSuitesSequentially(TestNG.java:1212)
	at org.testng.TestNG.runSuitesSequentially(TestNG.java:1207)
	at org.testng.TestNG.runSuitesLocally(TestNG.java:1134)
	at org.testng.TestNG.runSuites(TestNG.java:1063)
	at org.testng.TestNG.run(TestNG.java:1031)
	at org.testng.remote.AbstractRemoteTestNG.run(AbstractRemoteTestNG.java:115)
	at org.testng.remote.RemoteTestNG.initAndRun(RemoteTestNG.java:251)
	at org.testng.remote.RemoteTestNG.main(RemoteTestNG.java:77)
Caused by: Error : 936, Position : 77, Sql = select UNQ_ID_IN_SRC_STM, SRC_STM_NM from CYC_INTF where UNQ_ID_IN_SRC_STM = , OriginalSql = select UNQ_ID_IN_SRC_STM, SRC_STM_NM from CYC_INTF where UNQ_ID_IN_SRC_STM = , Error Msg = ORA-00936: missing expression

	at oracle.jdbc.driver.T4CTTIoer11.processError(T4CTTIoer11.java:636)
	... 43 more
</pre></div></td>
<td>0</td>
<td>com.etl.test.testscripts.TestCycIntf@37858383</td></tr>
<tr>
<td title='com.etl.test.testscripts.TestCycIntf.CYCINTF_39__CYC_INTF_Deleterecorddata()'><b>CYCINTF_39__CYC_INTF_Deleterecorddata</b><br>Test class: com.etl.test.testscripts.TestCycIntf</td>
<td><div><pre>java.sql.SQLException: SQL statement to execute cannot be empty or null
	at oracle.jdbc.driver.OracleSql.initialize(OracleSql.java:126)
	at oracle.jdbc.driver.OracleStatement.executeQuery(OracleStatement.java:1702)
	at oracle.jdbc.driver.OracleStatementWrapper.executeQuery(OracleStatementWrapper.java:393)
	at com.etl.common.database.DatabaseUtils.getColumnValues(DatabaseUtils.java:253)
	at com.etl.common.database.DatabaseUtils.getDiffResultQueries(DatabaseUtils.java:236)
	at com.etl.test.testscripts.TestCycIntf.CYCINTF_39__CYC_INTF_Deleterecorddata(TestCycIntf.java:908)
	at java.base/java.util.ArrayList.forEach(ArrayList.java:1511)
... Removed 26 stack frames</pre></div><a href='#' onClick='toggleBox("stack-trace386201215", this, "Click to show all stack frames", "Click to hide stack frames")'>Click to show all stack frames</a>
<div class='stack-trace' id='stack-trace386201215'><pre>java.sql.SQLException: SQL statement to execute cannot be empty or null
	at oracle.jdbc.driver.OracleSql.initialize(OracleSql.java:126)
	at oracle.jdbc.driver.OracleStatement.executeQuery(OracleStatement.java:1702)
	at oracle.jdbc.driver.OracleStatementWrapper.executeQuery(OracleStatementWrapper.java:393)
	at com.etl.common.database.DatabaseUtils.getColumnValues(DatabaseUtils.java:253)
	at com.etl.common.database.DatabaseUtils.getDiffResultQueries(DatabaseUtils.java:236)
	at com.etl.test.testscripts.TestCycIntf.CYCINTF_39__CYC_INTF_Deleterecorddata(TestCycIntf.java:908)
	at java.base/jdk.internal.reflect.DirectMethodHandleAccessor.invoke(DirectMethodHandleAccessor.java:104)
	at java.base/java.lang.reflect.Method.invoke(Method.java:578)
	at org.testng.internal.MethodInvocationHelper.invokeMethod(MethodInvocationHelper.java:133)
	at org.testng.internal.TestInvoker.invokeMethod(TestInvoker.java:598)
	at org.testng.internal.TestInvoker.invokeTestMethod(TestInvoker.java:173)
	at org.testng.internal.MethodRunner.runInSequence(MethodRunner.java:46)
	at org.testng.internal.TestInvoker$MethodInvocationAgent.invoke(TestInvoker.java:824)
	at org.testng.internal.TestInvoker.invokeTestMethods(TestInvoker.java:146)
	at org.testng.internal.TestMethodWorker.invokeTestMethods(TestMethodWorker.java:146)
	at org.testng.internal.TestMethodWorker.run(TestMethodWorker.java:128)
	at java.base/java.util.ArrayList.forEach(ArrayList.java:1511)
	at org.testng.TestRunner.privateRun(TestRunner.java:794)
	at org.testng.TestRunner.run(TestRunner.java:596)
	at org.testng.SuiteRunner.runTest(SuiteRunner.java:377)
	at org.testng.SuiteRunner.runSequentially(SuiteRunner.java:371)
	at org.testng.SuiteRunner.privateRun(SuiteRunner.java:332)
	at org.testng.SuiteRunner.run(SuiteRunner.java:276)
	at org.testng.SuiteRunnerWorker.runSuite(SuiteRunnerWorker.java:53)
	at org.testng.SuiteRunnerWorker.run(SuiteRunnerWorker.java:96)
	at org.testng.TestNG.runSuitesSequentially(TestNG.java:1212)
	at org.testng.TestNG.runSuitesSequentially(TestNG.java:1207)
	at org.testng.TestNG.runSuitesLocally(TestNG.java:1134)
	at org.testng.TestNG.runSuites(TestNG.java:1063)
	at org.testng.TestNG.run(TestNG.java:1031)
	at org.testng.remote.AbstractRemoteTestNG.run(AbstractRemoteTestNG.java:115)
	at org.testng.remote.RemoteTestNG.initAndRun(RemoteTestNG.java:251)
	at org.testng.remote.RemoteTestNG.main(RemoteTestNG.java:77)
</pre></div></td>
<td>0</td>
<td>com.etl.test.testscripts.TestCycIntf@37858383</td></tr>
<tr>
<td title='com.etl.test.testscripts.TestCycIntf.CYCINTF_16__CYC_INTF__PCS_DT_CheckCompleteness()'><b>CYCINTF_16__CYC_INTF__PCS_DT_CheckCompleteness</b><br>Test class: com.etl.test.testscripts.TestCycIntf</td>
<td><div><pre>java.sql.SQLException: SQL statement to execute cannot be empty or null
	at oracle.jdbc.driver.OracleSql.initialize(OracleSql.java:126)
	at oracle.jdbc.driver.OracleStatement.executeQuery(OracleStatement.java:1702)
	at oracle.jdbc.driver.OracleStatementWrapper.executeQuery(OracleStatementWrapper.java:393)
	at com.etl.common.database.DatabaseUtils.getColumnValues(DatabaseUtils.java:253)
	at com.etl.common.database.DatabaseUtils.getDiffResultQueries(DatabaseUtils.java:236)
	at com.etl.test.testscripts.TestCycIntf.CYCINTF_16__CYC_INTF__PCS_DT_CheckCompleteness(TestCycIntf.java:376)
	at java.base/java.util.ArrayList.forEach(ArrayList.java:1511)
... Removed 26 stack frames</pre></div><a href='#' onClick='toggleBox("stack-trace365864880", this, "Click to show all stack frames", "Click to hide stack frames")'>Click to show all stack frames</a>
<div class='stack-trace' id='stack-trace365864880'><pre>java.sql.SQLException: SQL statement to execute cannot be empty or null
	at oracle.jdbc.driver.OracleSql.initialize(OracleSql.java:126)
	at oracle.jdbc.driver.OracleStatement.executeQuery(OracleStatement.java:1702)
	at oracle.jdbc.driver.OracleStatementWrapper.executeQuery(OracleStatementWrapper.java:393)
	at com.etl.common.database.DatabaseUtils.getColumnValues(DatabaseUtils.java:253)
	at com.etl.common.database.DatabaseUtils.getDiffResultQueries(DatabaseUtils.java:236)
	at com.etl.test.testscripts.TestCycIntf.CYCINTF_16__CYC_INTF__PCS_DT_CheckCompleteness(TestCycIntf.java:376)
	at java.base/jdk.internal.reflect.DirectMethodHandleAccessor.invoke(DirectMethodHandleAccessor.java:104)
	at java.base/java.lang.reflect.Method.invoke(Method.java:578)
	at org.testng.internal.MethodInvocationHelper.invokeMethod(MethodInvocationHelper.java:133)
	at org.testng.internal.TestInvoker.invokeMethod(TestInvoker.java:598)
	at org.testng.internal.TestInvoker.invokeTestMethod(TestInvoker.java:173)
	at org.testng.internal.MethodRunner.runInSequence(MethodRunner.java:46)
	at org.testng.internal.TestInvoker$MethodInvocationAgent.invoke(TestInvoker.java:824)
	at org.testng.internal.TestInvoker.invokeTestMethods(TestInvoker.java:146)
	at org.testng.internal.TestMethodWorker.invokeTestMethods(TestMethodWorker.java:146)
	at org.testng.internal.TestMethodWorker.run(TestMethodWorker.java:128)
	at java.base/java.util.ArrayList.forEach(ArrayList.java:1511)
	at org.testng.TestRunner.privateRun(TestRunner.java:794)
	at org.testng.TestRunner.run(TestRunner.java:596)
	at org.testng.SuiteRunner.runTest(SuiteRunner.java:377)
	at org.testng.SuiteRunner.runSequentially(SuiteRunner.java:371)
	at org.testng.SuiteRunner.privateRun(SuiteRunner.java:332)
	at org.testng.SuiteRunner.run(SuiteRunner.java:276)
	at org.testng.SuiteRunnerWorker.runSuite(SuiteRunnerWorker.java:53)
	at org.testng.SuiteRunnerWorker.run(SuiteRunnerWorker.java:96)
	at org.testng.TestNG.runSuitesSequentially(TestNG.java:1212)
	at org.testng.TestNG.runSuitesSequentially(TestNG.java:1207)
	at org.testng.TestNG.runSuitesLocally(TestNG.java:1134)
	at org.testng.TestNG.runSuites(TestNG.java:1063)
	at org.testng.TestNG.run(TestNG.java:1031)
	at org.testng.remote.AbstractRemoteTestNG.run(AbstractRemoteTestNG.java:115)
	at org.testng.remote.RemoteTestNG.initAndRun(RemoteTestNG.java:251)
	at org.testng.remote.RemoteTestNG.main(RemoteTestNG.java:77)
</pre></div></td>
<td>0</td>
<td>com.etl.test.testscripts.TestCycIntf@37858383</td></tr>
</table><p>
</body>
</html>