<?xml version="1.0" encoding="UTF-8"?>
<testng-results ignored="0" total="53" passed="1" failed="52" skipped="0">
  <reporter-output>
  </reporter-output>
  <suite started-at="2022-11-30T17:01:11 ICT" name="testDemo2" finished-at="2022-11-30T17:01:12 ICT" duration-ms="295">
    <groups>
    </groups>
    <test started-at="2022-11-30T17:01:11 ICT" name="Test" finished-at="2022-11-30T17:01:12 ICT" duration-ms="295">
      <class name="com.etl.test.testscripts.testDemo2">
        <test-method is-config="true" signature="beforeClass()[pri:0, instance:com.etl.test.testscripts.testDemo2@63070bab]" started-at="2022-11-30T17:01:11 ICT" name="beforeClass" finished-at="2022-11-30T17:01:12 ICT" duration-ms="255" status="PASS">
          <reporter-output>
          </reporter-output>
        </test-method> <!-- beforeClass -->
        <test-method signature="f1()[pri:0, instance:com.etl.test.testscripts.testDemo2@63070bab]" started-at="2022-11-30T17:01:12 ICT" name="f1" finished-at="2022-11-30T17:01:12 ICT" duration-ms="7" status="PASS">
          <reporter-output>
          </reporter-output>
        </test-method> <!-- f1 -->
        <test-method signature="f2()[pri:0, instance:com.etl.test.testscripts.testDemo2@63070bab]" started-at="2022-11-30T17:01:12 ICT" name="f2" finished-at="2022-11-30T17:01:12 ICT" duration-ms="1" status="FAIL">
          <exception class="java.lang.AssertionError">
            <message>
              <![CDATA[expected [true] but found [false]]]>
            </message>
            <full-stacktrace>
              <![CDATA[java.lang.AssertionError: expected [true] but found [false]
at org.testng.Assert.fail(Assert.java:99)
at org.testng.Assert.failNotEquals(Assert.java:1037)
at org.testng.Assert.assertTrue(Assert.java:45)
at org.testng.Assert.assertTrue(Assert.java:55)
at com.etl.test.testscripts.testDemo2.f2(testDemo2.java:21)
at java.base/jdk.internal.reflect.DirectMethodHandleAccessor.invoke(DirectMethodHandleAccessor.java:104)
at java.base/java.lang.reflect.Method.invoke(Method.java:578)
at org.testng.internal.MethodInvocationHelper.invokeMethod(MethodInvocationHelper.java:133)
at org.testng.internal.TestInvoker.invokeMethod(TestInvoker.java:598)
at org.testng.internal.TestInvoker.invokeTestMethod(TestInvoker.java:173)
at org.testng.internal.MethodRunner.runInSequence(MethodRunner.java:46)
at org.testng.internal.TestInvoker$MethodInvocationAgent.invoke(TestInvoker.java:824)
at org.testng.internal.TestInvoker.invokeTestMethods(TestInvoker.java:146)
at org.testng.internal.TestMethodWorker.invokeTestMethods(TestMethodWorker.java:146)
at org.testng.internal.TestMethodWorker.run(TestMethodWorker.java:128)
at java.base/java.util.ArrayList.forEach(ArrayList.java:1511)
at org.testng.TestRunner.privateRun(TestRunner.java:794)
at org.testng.TestRunner.run(TestRunner.java:596)
at org.testng.SuiteRunner.runTest(SuiteRunner.java:377)
at org.testng.SuiteRunner.runSequentially(SuiteRunner.java:371)
at org.testng.SuiteRunner.privateRun(SuiteRunner.java:332)
at org.testng.SuiteRunner.run(SuiteRunner.java:276)
at org.testng.SuiteRunnerWorker.runSuite(SuiteRunnerWorker.java:53)
at org.testng.SuiteRunnerWorker.run(SuiteRunnerWorker.java:96)
at org.testng.TestNG.runSuitesSequentially(TestNG.java:1212)
at org.testng.TestNG.runSuitesSequentially(TestNG.java:1207)
at org.testng.TestNG.runSuitesLocally(TestNG.java:1134)
at org.testng.TestNG.runSuites(TestNG.java:1063)
at org.testng.TestNG.run(TestNG.java:1031)
at org.testng.remote.AbstractRemoteTestNG.run(AbstractRemoteTestNG.java:115)
at org.testng.remote.RemoteTestNG.initAndRun(RemoteTestNG.java:251)
at org.testng.remote.RemoteTestNG.main(RemoteTestNG.java:77)
]]>
            </full-stacktrace>
          </exception> <!-- java.lang.AssertionError -->
          <reporter-output>
          </reporter-output>
        </test-method> <!-- f2 -->
        <test-method is-config="true" signature="afterClass()[pri:0, instance:com.etl.test.testscripts.testDemo2@63070bab]" started-at="2022-11-30T17:01:12 ICT" name="afterClass" finished-at="2022-11-30T17:01:12 ICT" duration-ms="0" status="PASS">
          <reporter-output>
          </reporter-output>
        </test-method> <!-- afterClass -->
      </class> <!-- com.etl.test.testscripts.testDemo2 -->
    </test> <!-- Test -->
  </suite> <!-- testDemo2 -->
  <suite started-at="2022-11-30T17:01:12 ICT" name="testDemo" finished-at="2022-11-30T17:01:12 ICT" duration-ms="7">
    <groups>
    </groups>
    <test started-at="2022-11-30T17:01:12 ICT" name="Test" finished-at="2022-11-30T17:01:12 ICT" duration-ms="7">
      <class name="com.etl.test.testscripts.testDemo">
        <test-method is-config="true" signature="beforeClass()[pri:0, instance:com.etl.test.testscripts.testDemo@50caa560]" started-at="2022-11-30T17:01:12 ICT" name="beforeClass" finished-at="2022-11-30T17:01:12 ICT" duration-ms="1" status="PASS">
          <reporter-output>
          </reporter-output>
        </test-method> <!-- beforeClass -->
        <test-method signature="f1()[pri:0, instance:com.etl.test.testscripts.testDemo@50caa560]" started-at="2022-11-30T17:01:12 ICT" name="f1" finished-at="2022-11-30T17:01:12 ICT" duration-ms="2" status="FAIL">
          <exception class="java.lang.AssertionError">
            <message>
              <![CDATA[expected [true] but found [false]]]>
            </message>
            <full-stacktrace>
              <![CDATA[java.lang.AssertionError: expected [true] but found [false]
at org.testng.Assert.fail(Assert.java:99)
at org.testng.Assert.failNotEquals(Assert.java:1037)
at org.testng.Assert.assertTrue(Assert.java:45)
at org.testng.Assert.assertTrue(Assert.java:55)
at com.etl.test.testscripts.testDemo.f1(testDemo.java:16)
at java.base/jdk.internal.reflect.DirectMethodHandleAccessor.invoke(DirectMethodHandleAccessor.java:104)
at java.base/java.lang.reflect.Method.invoke(Method.java:578)
at org.testng.internal.MethodInvocationHelper.invokeMethod(MethodInvocationHelper.java:133)
at org.testng.internal.TestInvoker.invokeMethod(TestInvoker.java:598)
at org.testng.internal.TestInvoker.invokeTestMethod(TestInvoker.java:173)
at org.testng.internal.MethodRunner.runInSequence(MethodRunner.java:46)
at org.testng.internal.TestInvoker$MethodInvocationAgent.invoke(TestInvoker.java:824)
at org.testng.internal.TestInvoker.invokeTestMethods(TestInvoker.java:146)
at org.testng.internal.TestMethodWorker.invokeTestMethods(TestMethodWorker.java:146)
at org.testng.internal.TestMethodWorker.run(TestMethodWorker.java:128)
at java.base/java.util.ArrayList.forEach(ArrayList.java:1511)
at org.testng.TestRunner.privateRun(TestRunner.java:794)
at org.testng.TestRunner.run(TestRunner.java:596)
at org.testng.SuiteRunner.runTest(SuiteRunner.java:377)
at org.testng.SuiteRunner.runSequentially(SuiteRunner.java:371)
at org.testng.SuiteRunner.privateRun(SuiteRunner.java:332)
at org.testng.SuiteRunner.run(SuiteRunner.java:276)
at org.testng.SuiteRunnerWorker.runSuite(SuiteRunnerWorker.java:53)
at org.testng.SuiteRunnerWorker.run(SuiteRunnerWorker.java:96)
at org.testng.TestNG.runSuitesSequentially(TestNG.java:1212)
at org.testng.TestNG.runSuitesSequentially(TestNG.java:1207)
at org.testng.TestNG.runSuitesLocally(TestNG.java:1134)
at org.testng.TestNG.runSuites(TestNG.java:1063)
at org.testng.TestNG.run(TestNG.java:1031)
at org.testng.remote.AbstractRemoteTestNG.run(AbstractRemoteTestNG.java:115)
at org.testng.remote.RemoteTestNG.initAndRun(RemoteTestNG.java:251)
at org.testng.remote.RemoteTestNG.main(RemoteTestNG.java:77)
]]>
            </full-stacktrace>
          </exception> <!-- java.lang.AssertionError -->
          <reporter-output>
          </reporter-output>
        </test-method> <!-- f1 -->
        <test-method signature="f2()[pri:0, instance:com.etl.test.testscripts.testDemo@50caa560]" started-at="2022-11-30T17:01:12 ICT" name="f2" finished-at="2022-11-30T17:01:12 ICT" duration-ms="1" status="FAIL">
          <exception class="java.lang.AssertionError">
            <message>
              <![CDATA[expected [true] but found [false]]]>
            </message>
            <full-stacktrace>
              <![CDATA[java.lang.AssertionError: expected [true] but found [false]
at org.testng.Assert.fail(Assert.java:99)
at org.testng.Assert.failNotEquals(Assert.java:1037)
at org.testng.Assert.assertTrue(Assert.java:45)
at org.testng.Assert.assertTrue(Assert.java:55)
at com.etl.test.testscripts.testDemo.f2(testDemo.java:24)
at java.base/jdk.internal.reflect.DirectMethodHandleAccessor.invoke(DirectMethodHandleAccessor.java:104)
at java.base/java.lang.reflect.Method.invoke(Method.java:578)
at org.testng.internal.MethodInvocationHelper.invokeMethod(MethodInvocationHelper.java:133)
at org.testng.internal.TestInvoker.invokeMethod(TestInvoker.java:598)
at org.testng.internal.TestInvoker.invokeTestMethod(TestInvoker.java:173)
at org.testng.internal.MethodRunner.runInSequence(MethodRunner.java:46)
at org.testng.internal.TestInvoker$MethodInvocationAgent.invoke(TestInvoker.java:824)
at org.testng.internal.TestInvoker.invokeTestMethods(TestInvoker.java:146)
at org.testng.internal.TestMethodWorker.invokeTestMethods(TestMethodWorker.java:146)
at org.testng.internal.TestMethodWorker.run(TestMethodWorker.java:128)
at java.base/java.util.ArrayList.forEach(ArrayList.java:1511)
at org.testng.TestRunner.privateRun(TestRunner.java:794)
at org.testng.TestRunner.run(TestRunner.java:596)
at org.testng.SuiteRunner.runTest(SuiteRunner.java:377)
at org.testng.SuiteRunner.runSequentially(SuiteRunner.java:371)
at org.testng.SuiteRunner.privateRun(SuiteRunner.java:332)
at org.testng.SuiteRunner.run(SuiteRunner.java:276)
at org.testng.SuiteRunnerWorker.runSuite(SuiteRunnerWorker.java:53)
at org.testng.SuiteRunnerWorker.run(SuiteRunnerWorker.java:96)
at org.testng.TestNG.runSuitesSequentially(TestNG.java:1212)
at org.testng.TestNG.runSuitesSequentially(TestNG.java:1207)
at org.testng.TestNG.runSuitesLocally(TestNG.java:1134)
at org.testng.TestNG.runSuites(TestNG.java:1063)
at org.testng.TestNG.run(TestNG.java:1031)
at org.testng.remote.AbstractRemoteTestNG.run(AbstractRemoteTestNG.java:115)
at org.testng.remote.RemoteTestNG.initAndRun(RemoteTestNG.java:251)
at org.testng.remote.RemoteTestNG.main(RemoteTestNG.java:77)
]]>
            </full-stacktrace>
          </exception> <!-- java.lang.AssertionError -->
          <reporter-output>
          </reporter-output>
        </test-method> <!-- f2 -->
        <test-method is-config="true" signature="afterClass()[pri:0, instance:com.etl.test.testscripts.testDemo@50caa560]" started-at="2022-11-30T17:01:12 ICT" name="afterClass" finished-at="2022-11-30T17:01:12 ICT" duration-ms="0" status="PASS">
          <reporter-output>
          </reporter-output>
        </test-method> <!-- afterClass -->
      </class> <!-- com.etl.test.testscripts.testDemo -->
    </test> <!-- Test -->
  </suite> <!-- testDemo -->
  <suite started-at="2022-11-30T17:01:16 ICT" name="allSuites" finished-at="2022-11-30T17:01:16 ICT" duration-ms="0">
    <groups>
    </groups>
  </suite> <!-- allSuites -->
  <suite started-at="2022-11-30T17:01:12 ICT" name="TestCycIntf" finished-at="2022-11-30T17:01:15 ICT" duration-ms="3659">
    <groups>
      <group name="Validity">
        <method signature="TestCycIntf.CYCINTF_24__CYC_INTF__SRC_STM_CODE_CheckValidity()[pri:2, instance:com.etl.test.testscripts.TestCycIntf@37858383]" name="CYCINTF_24__CYC_INTF__SRC_STM_CODE_CheckValidity" class="com.etl.test.testscripts.TestCycIntf"/>
        <method signature="TestCycIntf.CYCINTF_25__CYC_INTF__SRC_STM_NM_CheckValidity()[pri:2, instance:com.etl.test.testscripts.TestCycIntf@37858383]" name="CYCINTF_25__CYC_INTF__SRC_STM_NM_CheckValidity" class="com.etl.test.testscripts.TestCycIntf"/>
        <method signature="TestCycIntf.CYCINTF_26__CYC_INTF__CRN_ROW_IND_CheckValidity()[pri:2, instance:com.etl.test.testscripts.TestCycIntf@37858383]" name="CYCINTF_26__CYC_INTF__CRN_ROW_IND_CheckValidity" class="com.etl.test.testscripts.TestCycIntf"/>
        <method signature="TestCycIntf.CYCINTF_27__CYC_INTF___CheckValidity()[pri:2, instance:com.etl.test.testscripts.TestCycIntf@37858383]" name="CYCINTF_27__CYC_INTF___CheckValidity" class="com.etl.test.testscripts.TestCycIntf"/>
        <method signature="TestCycIntf.CYCINTF_28__CYC_INTF___Checkvalue()[pri:2, instance:com.etl.test.testscripts.TestCycIntf@37858383]" name="CYCINTF_28__CYC_INTF___Checkvalue" class="com.etl.test.testscripts.TestCycIntf"/>
        <method signature="TestCycIntf.CYCINTF_29__CYC_INTF___Checkvalidity()[pri:2, instance:com.etl.test.testscripts.TestCycIntf@37858383]" name="CYCINTF_29__CYC_INTF___Checkvalidity" class="com.etl.test.testscripts.TestCycIntf"/>
        <method signature="TestCycIntf.CYCINTF_30__CYC_INTF__PCS_DT_Checkvalue()[pri:2, instance:com.etl.test.testscripts.TestCycIntf@37858383]" name="CYCINTF_30__CYC_INTF__PCS_DT_Checkvalue" class="com.etl.test.testscripts.TestCycIntf"/>
        <method signature="TestCycIntf.CYCINTF_31__CYC_INTF__PCS_DT_Checkformat()[pri:2, instance:com.etl.test.testscripts.TestCycIntf@37858383]" name="CYCINTF_31__CYC_INTF__PCS_DT_Checkformat" class="com.etl.test.testscripts.TestCycIntf"/>
      </group> <!-- Validity -->
      <group name="Completeness">
        <method signature="TestCycIntf.CYCINTF_15__CYC_INTF__UNQ_ID_IN_SRC_STM_CheckCompleteness()[pri:2, instance:com.etl.test.testscripts.TestCycIntf@37858383]" name="CYCINTF_15__CYC_INTF__UNQ_ID_IN_SRC_STM_CheckCompleteness" class="com.etl.test.testscripts.TestCycIntf"/>
        <method signature="TestCycIntf.CYCINTF_16__CYC_INTF__PCS_DT_CheckCompleteness()[pri:2, instance:com.etl.test.testscripts.TestCycIntf@37858383]" name="CYCINTF_16__CYC_INTF__PCS_DT_CheckCompleteness" class="com.etl.test.testscripts.TestCycIntf"/>
        <method signature="TestCycIntf.CYCINTF_17__CYC_INTF__PPN_TMS_CheckCompleteness()[pri:2, instance:com.etl.test.testscripts.TestCycIntf@37858383]" name="CYCINTF_17__CYC_INTF__PPN_TMS_CheckCompleteness" class="com.etl.test.testscripts.TestCycIntf"/>
        <method signature="TestCycIntf.CYCINTF_18__CYC_INTF__SRC_STM_CODE_CheckCompleteness()[pri:2, instance:com.etl.test.testscripts.TestCycIntf@37858383]" name="CYCINTF_18__CYC_INTF__SRC_STM_CODE_CheckCompleteness" class="com.etl.test.testscripts.TestCycIntf"/>
        <method signature="TestCycIntf.CYCINTF_19__CYC_INTF__SRC_STM_NM_CheckCompleteness()[pri:2, instance:com.etl.test.testscripts.TestCycIntf@37858383]" name="CYCINTF_19__CYC_INTF__SRC_STM_NM_CheckCompleteness" class="com.etl.test.testscripts.TestCycIntf"/>
        <method signature="TestCycIntf.CYCINTF_20__CYC_INTF__CYC_ANCHOR_ID_CheckCompleteness()[pri:2, instance:com.etl.test.testscripts.TestCycIntf@37858383]" name="CYCINTF_20__CYC_INTF__CYC_ANCHOR_ID_CheckCompleteness" class="com.etl.test.testscripts.TestCycIntf"/>
        <method signature="TestCycIntf.CYCINTF_21__CYC_INTF__CRN_ROW_IND_CheckCompleteness()[pri:2, instance:com.etl.test.testscripts.TestCycIntf@37858383]" name="CYCINTF_21__CYC_INTF__CRN_ROW_IND_CheckCompleteness" class="com.etl.test.testscripts.TestCycIntf"/>
        <method signature="TestCycIntf.CYCINTF_22__CYC_INTF__EFF_FM_TMS_CheckCompleteness()[pri:2, instance:com.etl.test.testscripts.TestCycIntf@37858383]" name="CYCINTF_22__CYC_INTF__EFF_FM_TMS_CheckCompleteness" class="com.etl.test.testscripts.TestCycIntf"/>
        <method signature="TestCycIntf.CYCINTF_23__CYC_INTF__EFF_TO_TMS_CheckCompleteness()[pri:2, instance:com.etl.test.testscripts.TestCycIntf@37858383]" name="CYCINTF_23__CYC_INTF__EFF_TO_TMS_CheckCompleteness" class="com.etl.test.testscripts.TestCycIntf"/>
      </group> <!-- Completeness -->
      <group name="Record Counts">
        <method signature="TestCycIntf.CYCINTF_02__CYC_INTF_CheckRecordCounts()[pri:1, instance:com.etl.test.testscripts.TestCycIntf@37858383]" name="CYCINTF_02__CYC_INTF_CheckRecordCounts" class="com.etl.test.testscripts.TestCycIntf"/>
      </group> <!-- Record Counts -->
      <group name="Uniqueness">
        <method signature="TestCycIntf.CYCINTF_13__CYC_INTF___CheckUniqueness()[pri:2, instance:com.etl.test.testscripts.TestCycIntf@37858383]" name="CYCINTF_13__CYC_INTF___CheckUniqueness" class="com.etl.test.testscripts.TestCycIntf"/>
        <method signature="TestCycIntf.CYCINTF_14__CYC_INTF__CYC_ANCHOR_ID_CheckUniqueness()[pri:2, instance:com.etl.test.testscripts.TestCycIntf@37858383]" name="CYCINTF_14__CYC_INTF__CYC_ANCHOR_ID_CheckUniqueness" class="com.etl.test.testscripts.TestCycIntf"/>
      </group> <!-- Uniqueness -->
      <group name="Reconcilation Testing">
        <method signature="TestCycIntf.CYCINTF_02__CYC_INTF_CheckRecordCounts()[pri:1, instance:com.etl.test.testscripts.TestCycIntf@37858383]" name="CYCINTF_02__CYC_INTF_CheckRecordCounts" class="com.etl.test.testscripts.TestCycIntf"/>
        <method signature="TestCycIntf.CYCINTF_03__CYC_INTF__UNQ_ID_IN_SRC_STM_CheckValidateValues()[pri:1, instance:com.etl.test.testscripts.TestCycIntf@37858383]" name="CYCINTF_03__CYC_INTF__UNQ_ID_IN_SRC_STM_CheckValidateValues" class="com.etl.test.testscripts.TestCycIntf"/>
        <method signature="TestCycIntf.CYCINTF_04__CYC_INTF__CYC_CODE_CheckValidateValues()[pri:1, instance:com.etl.test.testscripts.TestCycIntf@37858383]" name="CYCINTF_04__CYC_INTF__CYC_CODE_CheckValidateValues" class="com.etl.test.testscripts.TestCycIntf"/>
        <method signature="TestCycIntf.CYCINTF_05__CYC_INTF__CYC_NM_CheckValidateValues()[pri:1, instance:com.etl.test.testscripts.TestCycIntf@37858383]" name="CYCINTF_05__CYC_INTF__CYC_NM_CheckValidateValues" class="com.etl.test.testscripts.TestCycIntf"/>
        <method signature="TestCycIntf.CYCINTF_06__CYC_INTF__CYC_STT_CheckValidateValues()[pri:1, instance:com.etl.test.testscripts.TestCycIntf@37858383]" name="CYCINTF_06__CYC_INTF__CYC_STT_CheckValidateValues" class="com.etl.test.testscripts.TestCycIntf"/>
        <method signature="TestCycIntf.CYCINTF_07__CYC_INTF__SRC_STM_CODE_CheckValidateValues()[pri:1, instance:com.etl.test.testscripts.TestCycIntf@37858383]" name="CYCINTF_07__CYC_INTF__SRC_STM_CODE_CheckValidateValues" class="com.etl.test.testscripts.TestCycIntf"/>
        <method signature="TestCycIntf.CYCINTF_08__CYC_INTF__SRC_STM_NM_CheckValidateValues()[pri:1, instance:com.etl.test.testscripts.TestCycIntf@37858383]" name="CYCINTF_08__CYC_INTF__SRC_STM_NM_CheckValidateValues" class="com.etl.test.testscripts.TestCycIntf"/>
        <method signature="TestCycIntf.CYCINTF_09__CYC_INTF__PCS_DT_CheckValidateValues()[pri:1, instance:com.etl.test.testscripts.TestCycIntf@37858383]" name="CYCINTF_09__CYC_INTF__PCS_DT_CheckValidateValues" class="com.etl.test.testscripts.TestCycIntf"/>
        <method signature="TestCycIntf.CYCINTF_10__CYC_INTF__CRN_ROW_IND_CheckValidateValues()[pri:1, instance:com.etl.test.testscripts.TestCycIntf@37858383]" name="CYCINTF_10__CYC_INTF__CRN_ROW_IND_CheckValidateValues" class="com.etl.test.testscripts.TestCycIntf"/>
        <method signature="TestCycIntf.CYCINTF_11__CYC_INTF__EFF_FM_TMS_CheckValidateValues()[pri:1, instance:com.etl.test.testscripts.TestCycIntf@37858383]" name="CYCINTF_11__CYC_INTF__EFF_FM_TMS_CheckValidateValues" class="com.etl.test.testscripts.TestCycIntf"/>
        <method signature="TestCycIntf.CYCINTF_12__CYC_INTF__EFF_TO_TMS_CheckValidateValues()[pri:1, instance:com.etl.test.testscripts.TestCycIntf@37858383]" name="CYCINTF_12__CYC_INTF__EFF_TO_TMS_CheckValidateValues" class="com.etl.test.testscripts.TestCycIntf"/>
        <method signature="TestCycIntf.CYCINTF_32__CYC_INTF__CYC_CODE_Updaterecorddata()[pri:2, instance:com.etl.test.testscripts.TestCycIntf@37858383]" name="CYCINTF_32__CYC_INTF__CYC_CODE_Updaterecorddata" class="com.etl.test.testscripts.TestCycIntf"/>
        <method signature="TestCycIntf.CYCINTF_33__CYC_INTF__CYC_NM_Updaterecorddata()[pri:2, instance:com.etl.test.testscripts.TestCycIntf@37858383]" name="CYCINTF_33__CYC_INTF__CYC_NM_Updaterecorddata" class="com.etl.test.testscripts.TestCycIntf"/>
        <method signature="TestCycIntf.CYCINTF_34__CYC_INTF__CYC_STT_Updaterecorddata()[pri:2, instance:com.etl.test.testscripts.TestCycIntf@37858383]" name="CYCINTF_34__CYC_INTF__CYC_STT_Updaterecorddata" class="com.etl.test.testscripts.TestCycIntf"/>
        <method signature="TestCycIntf.CYCINTF_35__CYC_INTF__PCS_DT_Updaterecorddata()[pri:2, instance:com.etl.test.testscripts.TestCycIntf@37858383]" name="CYCINTF_35__CYC_INTF__PCS_DT_Updaterecorddata" class="com.etl.test.testscripts.TestCycIntf"/>
        <method signature="TestCycIntf.CYCINTF_36__CYC_INTF__CRN_ROW_IND_Updaterecorddata()[pri:2, instance:com.etl.test.testscripts.TestCycIntf@37858383]" name="CYCINTF_36__CYC_INTF__CRN_ROW_IND_Updaterecorddata" class="com.etl.test.testscripts.TestCycIntf"/>
        <method signature="TestCycIntf.CYCINTF_37__CYC_INTF__EFF_FM_TMS_Updaterecorddata()[pri:2, instance:com.etl.test.testscripts.TestCycIntf@37858383]" name="CYCINTF_37__CYC_INTF__EFF_FM_TMS_Updaterecorddata" class="com.etl.test.testscripts.TestCycIntf"/>
        <method signature="TestCycIntf.CYCINTF_38__CYC_INTF__EFF_TO_TMS_Updaterecorddata()[pri:2, instance:com.etl.test.testscripts.TestCycIntf@37858383]" name="CYCINTF_38__CYC_INTF__EFF_TO_TMS_Updaterecorddata" class="com.etl.test.testscripts.TestCycIntf"/>
        <method signature="TestCycIntf.CYCINTF_39__CYC_INTF_Deleterecorddata()[pri:2, instance:com.etl.test.testscripts.TestCycIntf@37858383]" name="CYCINTF_39__CYC_INTF_Deleterecorddata" class="com.etl.test.testscripts.TestCycIntf"/>
        <method signature="TestCycIntf.CYCINTF_40__CYC_INTF__UNQ_ID_IN_SRC_STM_Addnewrecorddata()[pri:2, instance:com.etl.test.testscripts.TestCycIntf@37858383]" name="CYCINTF_40__CYC_INTF__UNQ_ID_IN_SRC_STM_Addnewrecorddata" class="com.etl.test.testscripts.TestCycIntf"/>
        <method signature="TestCycIntf.CYCINTF_41__CYC_INTF__CYC_CODE_Addnewrecorddata()[pri:2, instance:com.etl.test.testscripts.TestCycIntf@37858383]" name="CYCINTF_41__CYC_INTF__CYC_CODE_Addnewrecorddata" class="com.etl.test.testscripts.TestCycIntf"/>
        <method signature="TestCycIntf.CYCINTF_42__CYC_INTF__CYC_NM_Addnewrecorddata()[pri:1, instance:com.etl.test.testscripts.TestCycIntf@37858383]" name="CYCINTF_42__CYC_INTF__CYC_NM_Addnewrecorddata" class="com.etl.test.testscripts.TestCycIntf"/>
        <method signature="TestCycIntf.CYCINTF_43__CYC_INTF__CYC_STT_Addnewrecorddata()[pri:1, instance:com.etl.test.testscripts.TestCycIntf@37858383]" name="CYCINTF_43__CYC_INTF__CYC_STT_Addnewrecorddata" class="com.etl.test.testscripts.TestCycIntf"/>
        <method signature="TestCycIntf.CYCINTF_44__CYC_INTF__SRC_STM_CODE_Addnewrecorddata()[pri:1, instance:com.etl.test.testscripts.TestCycIntf@37858383]" name="CYCINTF_44__CYC_INTF__SRC_STM_CODE_Addnewrecorddata" class="com.etl.test.testscripts.TestCycIntf"/>
        <method signature="TestCycIntf.CYCINTF_45__CYC_INTF__SRC_STM_NM_Addnewrecorddata()[pri:1, instance:com.etl.test.testscripts.TestCycIntf@37858383]" name="CYCINTF_45__CYC_INTF__SRC_STM_NM_Addnewrecorddata" class="com.etl.test.testscripts.TestCycIntf"/>
        <method signature="TestCycIntf.CYCINTF_46__CYC_INTF__PCS_DT_Addnewrecorddata()[pri:1, instance:com.etl.test.testscripts.TestCycIntf@37858383]" name="CYCINTF_46__CYC_INTF__PCS_DT_Addnewrecorddata" class="com.etl.test.testscripts.TestCycIntf"/>
        <method signature="TestCycIntf.CYCINTF_47__CYC_INTF__CRN_ROW_IND_Addnewrecorddata()[pri:1, instance:com.etl.test.testscripts.TestCycIntf@37858383]" name="CYCINTF_47__CYC_INTF__CRN_ROW_IND_Addnewrecorddata" class="com.etl.test.testscripts.TestCycIntf"/>
        <method signature="TestCycIntf.CYCINTF_48__CYC_INTF__EFF_FM_TMS_Addnewrecorddata()[pri:1, instance:com.etl.test.testscripts.TestCycIntf@37858383]" name="CYCINTF_48__CYC_INTF__EFF_FM_TMS_Addnewrecorddata" class="com.etl.test.testscripts.TestCycIntf"/>
        <method signature="TestCycIntf.CYCINTF_49__CYC_INTF__EFF_TO_TMS_Addnewrecorddata()[pri:1, instance:com.etl.test.testscripts.TestCycIntf@37858383]" name="CYCINTF_49__CYC_INTF__EFF_TO_TMS_Addnewrecorddata" class="com.etl.test.testscripts.TestCycIntf"/>
      </group> <!-- Reconcilation Testing -->
      <group name="Target Validation Testing">
        <method signature="TestCycIntf.CYCINTF_01__CYC_INTF_VerifyTargetSchematable()[pri:1, instance:com.etl.test.testscripts.TestCycIntf@37858383]" name="CYCINTF_01__CYC_INTF_VerifyTargetSchematable" class="com.etl.test.testscripts.TestCycIntf"/>
        <method signature="TestCycIntf.CYCINTF_13__CYC_INTF___CheckUniqueness()[pri:2, instance:com.etl.test.testscripts.TestCycIntf@37858383]" name="CYCINTF_13__CYC_INTF___CheckUniqueness" class="com.etl.test.testscripts.TestCycIntf"/>
        <method signature="TestCycIntf.CYCINTF_14__CYC_INTF__CYC_ANCHOR_ID_CheckUniqueness()[pri:2, instance:com.etl.test.testscripts.TestCycIntf@37858383]" name="CYCINTF_14__CYC_INTF__CYC_ANCHOR_ID_CheckUniqueness" class="com.etl.test.testscripts.TestCycIntf"/>
        <method signature="TestCycIntf.CYCINTF_15__CYC_INTF__UNQ_ID_IN_SRC_STM_CheckCompleteness()[pri:2, instance:com.etl.test.testscripts.TestCycIntf@37858383]" name="CYCINTF_15__CYC_INTF__UNQ_ID_IN_SRC_STM_CheckCompleteness" class="com.etl.test.testscripts.TestCycIntf"/>
        <method signature="TestCycIntf.CYCINTF_16__CYC_INTF__PCS_DT_CheckCompleteness()[pri:2, instance:com.etl.test.testscripts.TestCycIntf@37858383]" name="CYCINTF_16__CYC_INTF__PCS_DT_CheckCompleteness" class="com.etl.test.testscripts.TestCycIntf"/>
        <method signature="TestCycIntf.CYCINTF_17__CYC_INTF__PPN_TMS_CheckCompleteness()[pri:2, instance:com.etl.test.testscripts.TestCycIntf@37858383]" name="CYCINTF_17__CYC_INTF__PPN_TMS_CheckCompleteness" class="com.etl.test.testscripts.TestCycIntf"/>
        <method signature="TestCycIntf.CYCINTF_18__CYC_INTF__SRC_STM_CODE_CheckCompleteness()[pri:2, instance:com.etl.test.testscripts.TestCycIntf@37858383]" name="CYCINTF_18__CYC_INTF__SRC_STM_CODE_CheckCompleteness" class="com.etl.test.testscripts.TestCycIntf"/>
        <method signature="TestCycIntf.CYCINTF_19__CYC_INTF__SRC_STM_NM_CheckCompleteness()[pri:2, instance:com.etl.test.testscripts.TestCycIntf@37858383]" name="CYCINTF_19__CYC_INTF__SRC_STM_NM_CheckCompleteness" class="com.etl.test.testscripts.TestCycIntf"/>
        <method signature="TestCycIntf.CYCINTF_20__CYC_INTF__CYC_ANCHOR_ID_CheckCompleteness()[pri:2, instance:com.etl.test.testscripts.TestCycIntf@37858383]" name="CYCINTF_20__CYC_INTF__CYC_ANCHOR_ID_CheckCompleteness" class="com.etl.test.testscripts.TestCycIntf"/>
        <method signature="TestCycIntf.CYCINTF_21__CYC_INTF__CRN_ROW_IND_CheckCompleteness()[pri:2, instance:com.etl.test.testscripts.TestCycIntf@37858383]" name="CYCINTF_21__CYC_INTF__CRN_ROW_IND_CheckCompleteness" class="com.etl.test.testscripts.TestCycIntf"/>
        <method signature="TestCycIntf.CYCINTF_22__CYC_INTF__EFF_FM_TMS_CheckCompleteness()[pri:2, instance:com.etl.test.testscripts.TestCycIntf@37858383]" name="CYCINTF_22__CYC_INTF__EFF_FM_TMS_CheckCompleteness" class="com.etl.test.testscripts.TestCycIntf"/>
        <method signature="TestCycIntf.CYCINTF_23__CYC_INTF__EFF_TO_TMS_CheckCompleteness()[pri:2, instance:com.etl.test.testscripts.TestCycIntf@37858383]" name="CYCINTF_23__CYC_INTF__EFF_TO_TMS_CheckCompleteness" class="com.etl.test.testscripts.TestCycIntf"/>
        <method signature="TestCycIntf.CYCINTF_24__CYC_INTF__SRC_STM_CODE_CheckValidity()[pri:2, instance:com.etl.test.testscripts.TestCycIntf@37858383]" name="CYCINTF_24__CYC_INTF__SRC_STM_CODE_CheckValidity" class="com.etl.test.testscripts.TestCycIntf"/>
        <method signature="TestCycIntf.CYCINTF_25__CYC_INTF__SRC_STM_NM_CheckValidity()[pri:2, instance:com.etl.test.testscripts.TestCycIntf@37858383]" name="CYCINTF_25__CYC_INTF__SRC_STM_NM_CheckValidity" class="com.etl.test.testscripts.TestCycIntf"/>
        <method signature="TestCycIntf.CYCINTF_26__CYC_INTF__CRN_ROW_IND_CheckValidity()[pri:2, instance:com.etl.test.testscripts.TestCycIntf@37858383]" name="CYCINTF_26__CYC_INTF__CRN_ROW_IND_CheckValidity" class="com.etl.test.testscripts.TestCycIntf"/>
        <method signature="TestCycIntf.CYCINTF_27__CYC_INTF___CheckValidity()[pri:2, instance:com.etl.test.testscripts.TestCycIntf@37858383]" name="CYCINTF_27__CYC_INTF___CheckValidity" class="com.etl.test.testscripts.TestCycIntf"/>
        <method signature="TestCycIntf.CYCINTF_28__CYC_INTF___Checkvalue()[pri:2, instance:com.etl.test.testscripts.TestCycIntf@37858383]" name="CYCINTF_28__CYC_INTF___Checkvalue" class="com.etl.test.testscripts.TestCycIntf"/>
        <method signature="TestCycIntf.CYCINTF_29__CYC_INTF___Checkvalidity()[pri:2, instance:com.etl.test.testscripts.TestCycIntf@37858383]" name="CYCINTF_29__CYC_INTF___Checkvalidity" class="com.etl.test.testscripts.TestCycIntf"/>
        <method signature="TestCycIntf.CYCINTF_30__CYC_INTF__PCS_DT_Checkvalue()[pri:2, instance:com.etl.test.testscripts.TestCycIntf@37858383]" name="CYCINTF_30__CYC_INTF__PCS_DT_Checkvalue" class="com.etl.test.testscripts.TestCycIntf"/>
        <method signature="TestCycIntf.CYCINTF_31__CYC_INTF__PCS_DT_Checkformat()[pri:2, instance:com.etl.test.testscripts.TestCycIntf@37858383]" name="CYCINTF_31__CYC_INTF__PCS_DT_Checkformat" class="com.etl.test.testscripts.TestCycIntf"/>
      </group> <!-- Target Validation Testing -->
      <group name="Metadata">
        <method signature="TestCycIntf.CYCINTF_01__CYC_INTF_VerifyTargetSchematable()[pri:1, instance:com.etl.test.testscripts.TestCycIntf@37858383]" name="CYCINTF_01__CYC_INTF_VerifyTargetSchematable" class="com.etl.test.testscripts.TestCycIntf"/>
      </group> <!-- Metadata -->
      <group name="Validate Values">
        <method signature="TestCycIntf.CYCINTF_03__CYC_INTF__UNQ_ID_IN_SRC_STM_CheckValidateValues()[pri:1, instance:com.etl.test.testscripts.TestCycIntf@37858383]" name="CYCINTF_03__CYC_INTF__UNQ_ID_IN_SRC_STM_CheckValidateValues" class="com.etl.test.testscripts.TestCycIntf"/>
        <method signature="TestCycIntf.CYCINTF_04__CYC_INTF__CYC_CODE_CheckValidateValues()[pri:1, instance:com.etl.test.testscripts.TestCycIntf@37858383]" name="CYCINTF_04__CYC_INTF__CYC_CODE_CheckValidateValues" class="com.etl.test.testscripts.TestCycIntf"/>
        <method signature="TestCycIntf.CYCINTF_05__CYC_INTF__CYC_NM_CheckValidateValues()[pri:1, instance:com.etl.test.testscripts.TestCycIntf@37858383]" name="CYCINTF_05__CYC_INTF__CYC_NM_CheckValidateValues" class="com.etl.test.testscripts.TestCycIntf"/>
        <method signature="TestCycIntf.CYCINTF_06__CYC_INTF__CYC_STT_CheckValidateValues()[pri:1, instance:com.etl.test.testscripts.TestCycIntf@37858383]" name="CYCINTF_06__CYC_INTF__CYC_STT_CheckValidateValues" class="com.etl.test.testscripts.TestCycIntf"/>
        <method signature="TestCycIntf.CYCINTF_07__CYC_INTF__SRC_STM_CODE_CheckValidateValues()[pri:1, instance:com.etl.test.testscripts.TestCycIntf@37858383]" name="CYCINTF_07__CYC_INTF__SRC_STM_CODE_CheckValidateValues" class="com.etl.test.testscripts.TestCycIntf"/>
        <method signature="TestCycIntf.CYCINTF_08__CYC_INTF__SRC_STM_NM_CheckValidateValues()[pri:1, instance:com.etl.test.testscripts.TestCycIntf@37858383]" name="CYCINTF_08__CYC_INTF__SRC_STM_NM_CheckValidateValues" class="com.etl.test.testscripts.TestCycIntf"/>
        <method signature="TestCycIntf.CYCINTF_09__CYC_INTF__PCS_DT_CheckValidateValues()[pri:1, instance:com.etl.test.testscripts.TestCycIntf@37858383]" name="CYCINTF_09__CYC_INTF__PCS_DT_CheckValidateValues" class="com.etl.test.testscripts.TestCycIntf"/>
        <method signature="TestCycIntf.CYCINTF_10__CYC_INTF__CRN_ROW_IND_CheckValidateValues()[pri:1, instance:com.etl.test.testscripts.TestCycIntf@37858383]" name="CYCINTF_10__CYC_INTF__CRN_ROW_IND_CheckValidateValues" class="com.etl.test.testscripts.TestCycIntf"/>
        <method signature="TestCycIntf.CYCINTF_11__CYC_INTF__EFF_FM_TMS_CheckValidateValues()[pri:1, instance:com.etl.test.testscripts.TestCycIntf@37858383]" name="CYCINTF_11__CYC_INTF__EFF_FM_TMS_CheckValidateValues" class="com.etl.test.testscripts.TestCycIntf"/>
        <method signature="TestCycIntf.CYCINTF_12__CYC_INTF__EFF_TO_TMS_CheckValidateValues()[pri:1, instance:com.etl.test.testscripts.TestCycIntf@37858383]" name="CYCINTF_12__CYC_INTF__EFF_TO_TMS_CheckValidateValues" class="com.etl.test.testscripts.TestCycIntf"/>
        <method signature="TestCycIntf.CYCINTF_32__CYC_INTF__CYC_CODE_Updaterecorddata()[pri:2, instance:com.etl.test.testscripts.TestCycIntf@37858383]" name="CYCINTF_32__CYC_INTF__CYC_CODE_Updaterecorddata" class="com.etl.test.testscripts.TestCycIntf"/>
        <method signature="TestCycIntf.CYCINTF_33__CYC_INTF__CYC_NM_Updaterecorddata()[pri:2, instance:com.etl.test.testscripts.TestCycIntf@37858383]" name="CYCINTF_33__CYC_INTF__CYC_NM_Updaterecorddata" class="com.etl.test.testscripts.TestCycIntf"/>
        <method signature="TestCycIntf.CYCINTF_34__CYC_INTF__CYC_STT_Updaterecorddata()[pri:2, instance:com.etl.test.testscripts.TestCycIntf@37858383]" name="CYCINTF_34__CYC_INTF__CYC_STT_Updaterecorddata" class="com.etl.test.testscripts.TestCycIntf"/>
        <method signature="TestCycIntf.CYCINTF_35__CYC_INTF__PCS_DT_Updaterecorddata()[pri:2, instance:com.etl.test.testscripts.TestCycIntf@37858383]" name="CYCINTF_35__CYC_INTF__PCS_DT_Updaterecorddata" class="com.etl.test.testscripts.TestCycIntf"/>
        <method signature="TestCycIntf.CYCINTF_36__CYC_INTF__CRN_ROW_IND_Updaterecorddata()[pri:2, instance:com.etl.test.testscripts.TestCycIntf@37858383]" name="CYCINTF_36__CYC_INTF__CRN_ROW_IND_Updaterecorddata" class="com.etl.test.testscripts.TestCycIntf"/>
        <method signature="TestCycIntf.CYCINTF_37__CYC_INTF__EFF_FM_TMS_Updaterecorddata()[pri:2, instance:com.etl.test.testscripts.TestCycIntf@37858383]" name="CYCINTF_37__CYC_INTF__EFF_FM_TMS_Updaterecorddata" class="com.etl.test.testscripts.TestCycIntf"/>
        <method signature="TestCycIntf.CYCINTF_38__CYC_INTF__EFF_TO_TMS_Updaterecorddata()[pri:2, instance:com.etl.test.testscripts.TestCycIntf@37858383]" name="CYCINTF_38__CYC_INTF__EFF_TO_TMS_Updaterecorddata" class="com.etl.test.testscripts.TestCycIntf"/>
        <method signature="TestCycIntf.CYCINTF_39__CYC_INTF_Deleterecorddata()[pri:2, instance:com.etl.test.testscripts.TestCycIntf@37858383]" name="CYCINTF_39__CYC_INTF_Deleterecorddata" class="com.etl.test.testscripts.TestCycIntf"/>
        <method signature="TestCycIntf.CYCINTF_40__CYC_INTF__UNQ_ID_IN_SRC_STM_Addnewrecorddata()[pri:2, instance:com.etl.test.testscripts.TestCycIntf@37858383]" name="CYCINTF_40__CYC_INTF__UNQ_ID_IN_SRC_STM_Addnewrecorddata" class="com.etl.test.testscripts.TestCycIntf"/>
        <method signature="TestCycIntf.CYCINTF_41__CYC_INTF__CYC_CODE_Addnewrecorddata()[pri:2, instance:com.etl.test.testscripts.TestCycIntf@37858383]" name="CYCINTF_41__CYC_INTF__CYC_CODE_Addnewrecorddata" class="com.etl.test.testscripts.TestCycIntf"/>
        <method signature="TestCycIntf.CYCINTF_42__CYC_INTF__CYC_NM_Addnewrecorddata()[pri:1, instance:com.etl.test.testscripts.TestCycIntf@37858383]" name="CYCINTF_42__CYC_INTF__CYC_NM_Addnewrecorddata" class="com.etl.test.testscripts.TestCycIntf"/>
        <method signature="TestCycIntf.CYCINTF_43__CYC_INTF__CYC_STT_Addnewrecorddata()[pri:1, instance:com.etl.test.testscripts.TestCycIntf@37858383]" name="CYCINTF_43__CYC_INTF__CYC_STT_Addnewrecorddata" class="com.etl.test.testscripts.TestCycIntf"/>
        <method signature="TestCycIntf.CYCINTF_44__CYC_INTF__SRC_STM_CODE_Addnewrecorddata()[pri:1, instance:com.etl.test.testscripts.TestCycIntf@37858383]" name="CYCINTF_44__CYC_INTF__SRC_STM_CODE_Addnewrecorddata" class="com.etl.test.testscripts.TestCycIntf"/>
        <method signature="TestCycIntf.CYCINTF_45__CYC_INTF__SRC_STM_NM_Addnewrecorddata()[pri:1, instance:com.etl.test.testscripts.TestCycIntf@37858383]" name="CYCINTF_45__CYC_INTF__SRC_STM_NM_Addnewrecorddata" class="com.etl.test.testscripts.TestCycIntf"/>
        <method signature="TestCycIntf.CYCINTF_46__CYC_INTF__PCS_DT_Addnewrecorddata()[pri:1, instance:com.etl.test.testscripts.TestCycIntf@37858383]" name="CYCINTF_46__CYC_INTF__PCS_DT_Addnewrecorddata" class="com.etl.test.testscripts.TestCycIntf"/>
        <method signature="TestCycIntf.CYCINTF_47__CYC_INTF__CRN_ROW_IND_Addnewrecorddata()[pri:1, instance:com.etl.test.testscripts.TestCycIntf@37858383]" name="CYCINTF_47__CYC_INTF__CRN_ROW_IND_Addnewrecorddata" class="com.etl.test.testscripts.TestCycIntf"/>
        <method signature="TestCycIntf.CYCINTF_48__CYC_INTF__EFF_FM_TMS_Addnewrecorddata()[pri:1, instance:com.etl.test.testscripts.TestCycIntf@37858383]" name="CYCINTF_48__CYC_INTF__EFF_FM_TMS_Addnewrecorddata" class="com.etl.test.testscripts.TestCycIntf"/>
        <method signature="TestCycIntf.CYCINTF_49__CYC_INTF__EFF_TO_TMS_Addnewrecorddata()[pri:1, instance:com.etl.test.testscripts.TestCycIntf@37858383]" name="CYCINTF_49__CYC_INTF__EFF_TO_TMS_Addnewrecorddata" class="com.etl.test.testscripts.TestCycIntf"/>
      </group> <!-- Validate Values -->
    </groups>
    <test started-at="2022-11-30T17:01:12 ICT" name="Test" finished-at="2022-11-30T17:01:15 ICT" duration-ms="3659">
      <class name="com.etl.test.testscripts.TestCycIntf">
        <test-method is-config="true" signature="beforeClass()[pri:0, instance:com.etl.test.testscripts.TestCycIntf@37858383]" started-at="2022-11-30T17:01:12 ICT" name="beforeClass" finished-at="2022-11-30T17:01:13 ICT" duration-ms="1150" status="PASS">
          <reporter-output>
          </reporter-output>
        </test-method> <!-- beforeClass -->
        <test-method signature="CYCINTF_01__CYC_INTF_VerifyTargetSchematable()[pri:1, instance:com.etl.test.testscripts.TestCycIntf@37858383]" started-at="2022-11-30T17:01:13 ICT" name="CYCINTF_01__CYC_INTF_VerifyTargetSchematable" finished-at="2022-11-30T17:01:13 ICT" duration-ms="158" status="FAIL">
          <exception class="java.sql.SQLSyntaxErrorException">
            <message>
              <![CDATA[ORA-00936: missing expression
]]>
            </message>
            <full-stacktrace>
              <![CDATA[java.sql.SQLSyntaxErrorException: ORA-00936: missing expression

at oracle.jdbc.driver.T4CTTIoer11.processError(T4CTTIoer11.java:629)
at oracle.jdbc.driver.T4CTTIoer11.processError(T4CTTIoer11.java:563)
at oracle.jdbc.driver.T4C8Oall.processError(T4C8Oall.java:1150)
at oracle.jdbc.driver.T4CTTIfun.receive(T4CTTIfun.java:770)
at oracle.jdbc.driver.T4CTTIfun.doRPC(T4CTTIfun.java:298)
at oracle.jdbc.driver.T4C8Oall.doOALL(T4C8Oall.java:497)
at oracle.jdbc.driver.T4CStatement.doOall8(T4CStatement.java:111)
at oracle.jdbc.driver.T4CStatement.executeForDescribe(T4CStatement.java:895)
at oracle.jdbc.driver.OracleStatement.prepareDefineBufferAndExecute(OracleStatement.java:1171)
at oracle.jdbc.driver.OracleStatement.executeMaybeDescribe(OracleStatement.java:1100)
at oracle.jdbc.driver.OracleStatement.executeSQLSelect(OracleStatement.java:1425)
at oracle.jdbc.driver.OracleStatement.doExecuteWithTimeout(OracleStatement.java:1308)
at oracle.jdbc.driver.OracleStatement.executeQuery(OracleStatement.java:1712)
at oracle.jdbc.driver.OracleStatementWrapper.executeQuery(OracleStatementWrapper.java:393)
at com.etl.common.database.DatabaseUtils.getColumnValues(DatabaseUtils.java:253)
at com.etl.common.database.DatabaseUtils.getDiffResultQueries(DatabaseUtils.java:236)
at com.etl.test.testscripts.TestCycIntf.CYCINTF_01__CYC_INTF_VerifyTargetSchematable(TestCycIntf.java:31)
at java.base/jdk.internal.reflect.DirectMethodHandleAccessor.invoke(DirectMethodHandleAccessor.java:104)
at java.base/java.lang.reflect.Method.invoke(Method.java:578)
at org.testng.internal.MethodInvocationHelper.invokeMethod(MethodInvocationHelper.java:133)
at org.testng.internal.TestInvoker.invokeMethod(TestInvoker.java:598)
at org.testng.internal.TestInvoker.invokeTestMethod(TestInvoker.java:173)
at org.testng.internal.MethodRunner.runInSequence(MethodRunner.java:46)
at org.testng.internal.TestInvoker$MethodInvocationAgent.invoke(TestInvoker.java:824)
at org.testng.internal.TestInvoker.invokeTestMethods(TestInvoker.java:146)
at org.testng.internal.TestMethodWorker.invokeTestMethods(TestMethodWorker.java:146)
at org.testng.internal.TestMethodWorker.run(TestMethodWorker.java:128)
at java.base/java.util.ArrayList.forEach(ArrayList.java:1511)
at org.testng.TestRunner.privateRun(TestRunner.java:794)
at org.testng.TestRunner.run(TestRunner.java:596)
at org.testng.SuiteRunner.runTest(SuiteRunner.java:377)
at org.testng.SuiteRunner.runSequentially(SuiteRunner.java:371)
at org.testng.SuiteRunner.privateRun(SuiteRunner.java:332)
at org.testng.SuiteRunner.run(SuiteRunner.java:276)
at org.testng.SuiteRunnerWorker.runSuite(SuiteRunnerWorker.java:53)
at org.testng.SuiteRunnerWorker.run(SuiteRunnerWorker.java:96)
at org.testng.TestNG.runSuitesSequentially(TestNG.java:1212)
at org.testng.TestNG.runSuitesSequentially(TestNG.java:1207)
at org.testng.TestNG.runSuitesLocally(TestNG.java:1134)
at org.testng.TestNG.runSuites(TestNG.java:1063)
at org.testng.TestNG.run(TestNG.java:1031)
at org.testng.remote.AbstractRemoteTestNG.run(AbstractRemoteTestNG.java:115)
at org.testng.remote.RemoteTestNG.initAndRun(RemoteTestNG.java:251)
at org.testng.remote.RemoteTestNG.main(RemoteTestNG.java:77)
Caused by: Error : 936, Position : 41, Sql = Select table_name,column_name,data_type, * From information_schema.columns a where table_name = 'CYC_INTF_DES', OriginalSql = Select table_name,column_name,data_type, * From information_schema.columns a where table_name = 'CYC_INTF_DES', Error Msg = ORA-00936: missing expression

at oracle.jdbc.driver.T4CTTIoer11.processError(T4CTTIoer11.java:636)
... 43 more
]]>
            </full-stacktrace>
          </exception> <!-- java.sql.SQLSyntaxErrorException -->
          <reporter-output>
          </reporter-output>
        </test-method> <!-- CYCINTF_01__CYC_INTF_VerifyTargetSchematable -->
        <test-method signature="CYCINTF_02__CYC_INTF_CheckRecordCounts()[pri:1, instance:com.etl.test.testscripts.TestCycIntf@37858383]" started-at="2022-11-30T17:01:13 ICT" name="CYCINTF_02__CYC_INTF_CheckRecordCounts" finished-at="2022-11-30T17:01:13 ICT" duration-ms="72" status="FAIL">
          <exception class="java.sql.SQLSyntaxErrorException">
            <message>
              <![CDATA[ORA-00942: table or view does not exist
]]>
            </message>
            <full-stacktrace>
              <![CDATA[java.sql.SQLSyntaxErrorException: ORA-00942: table or view does not exist

at oracle.jdbc.driver.T4CTTIoer11.processError(T4CTTIoer11.java:629)
at oracle.jdbc.driver.T4CTTIoer11.processError(T4CTTIoer11.java:563)
at oracle.jdbc.driver.T4C8Oall.processError(T4C8Oall.java:1150)
at oracle.jdbc.driver.T4CTTIfun.receive(T4CTTIfun.java:770)
at oracle.jdbc.driver.T4CTTIfun.doRPC(T4CTTIfun.java:298)
at oracle.jdbc.driver.T4C8Oall.doOALL(T4C8Oall.java:497)
at oracle.jdbc.driver.T4CStatement.doOall8(T4CStatement.java:111)
at oracle.jdbc.driver.T4CStatement.executeForDescribe(T4CStatement.java:895)
at oracle.jdbc.driver.OracleStatement.prepareDefineBufferAndExecute(OracleStatement.java:1171)
at oracle.jdbc.driver.OracleStatement.executeMaybeDescribe(OracleStatement.java:1100)
at oracle.jdbc.driver.OracleStatement.executeSQLSelect(OracleStatement.java:1425)
at oracle.jdbc.driver.OracleStatement.doExecuteWithTimeout(OracleStatement.java:1308)
at oracle.jdbc.driver.OracleStatement.executeQuery(OracleStatement.java:1712)
at oracle.jdbc.driver.OracleStatementWrapper.executeQuery(OracleStatementWrapper.java:393)
at com.etl.common.database.DatabaseUtils.getColumnValues(DatabaseUtils.java:253)
at com.etl.common.database.DatabaseUtils.getDiffResultQueries(DatabaseUtils.java:237)
at com.etl.test.testscripts.TestCycIntf.CYCINTF_02__CYC_INTF_CheckRecordCounts(TestCycIntf.java:54)
at java.base/jdk.internal.reflect.DirectMethodHandleAccessor.invoke(DirectMethodHandleAccessor.java:104)
at java.base/java.lang.reflect.Method.invoke(Method.java:578)
at org.testng.internal.MethodInvocationHelper.invokeMethod(MethodInvocationHelper.java:133)
at org.testng.internal.TestInvoker.invokeMethod(TestInvoker.java:598)
at org.testng.internal.TestInvoker.invokeTestMethod(TestInvoker.java:173)
at org.testng.internal.MethodRunner.runInSequence(MethodRunner.java:46)
at org.testng.internal.TestInvoker$MethodInvocationAgent.invoke(TestInvoker.java:824)
at org.testng.internal.TestInvoker.invokeTestMethods(TestInvoker.java:146)
at org.testng.internal.TestMethodWorker.invokeTestMethods(TestMethodWorker.java:146)
at org.testng.internal.TestMethodWorker.run(TestMethodWorker.java:128)
at java.base/java.util.ArrayList.forEach(ArrayList.java:1511)
at org.testng.TestRunner.privateRun(TestRunner.java:794)
at org.testng.TestRunner.run(TestRunner.java:596)
at org.testng.SuiteRunner.runTest(SuiteRunner.java:377)
at org.testng.SuiteRunner.runSequentially(SuiteRunner.java:371)
at org.testng.SuiteRunner.privateRun(SuiteRunner.java:332)
at org.testng.SuiteRunner.run(SuiteRunner.java:276)
at org.testng.SuiteRunnerWorker.runSuite(SuiteRunnerWorker.java:53)
at org.testng.SuiteRunnerWorker.run(SuiteRunnerWorker.java:96)
at org.testng.TestNG.runSuitesSequentially(TestNG.java:1212)
at org.testng.TestNG.runSuitesSequentially(TestNG.java:1207)
at org.testng.TestNG.runSuitesLocally(TestNG.java:1134)
at org.testng.TestNG.runSuites(TestNG.java:1063)
at org.testng.TestNG.run(TestNG.java:1031)
at org.testng.remote.AbstractRemoteTestNG.run(AbstractRemoteTestNG.java:115)
at org.testng.remote.RemoteTestNG.initAndRun(RemoteTestNG.java:251)
at org.testng.remote.RemoteTestNG.main(RemoteTestNG.java:77)
Caused by: Error : 942, Position : 21, Sql = select count(*) from "CYC_INTF", OriginalSql = select count(*) from "CYC_INTF", Error Msg = ORA-00942: table or view does not exist

at oracle.jdbc.driver.T4CTTIoer11.processError(T4CTTIoer11.java:636)
... 43 more
]]>
            </full-stacktrace>
          </exception> <!-- java.sql.SQLSyntaxErrorException -->
          <reporter-output>
          </reporter-output>
        </test-method> <!-- CYCINTF_02__CYC_INTF_CheckRecordCounts -->
        <test-method signature="CYCINTF_03__CYC_INTF__UNQ_ID_IN_SRC_STM_CheckValidateValues()[pri:1, instance:com.etl.test.testscripts.TestCycIntf@37858383]" started-at="2022-11-30T17:01:13 ICT" name="CYCINTF_03__CYC_INTF__UNQ_ID_IN_SRC_STM_CheckValidateValues" finished-at="2022-11-30T17:01:13 ICT" duration-ms="119" status="FAIL">
          <exception class="java.sql.SQLSyntaxErrorException">
            <message>
              <![CDATA[ORA-00942: table or view does not exist
]]>
            </message>
            <full-stacktrace>
              <![CDATA[java.sql.SQLSyntaxErrorException: ORA-00942: table or view does not exist

at oracle.jdbc.driver.T4CTTIoer11.processError(T4CTTIoer11.java:629)
at oracle.jdbc.driver.T4CTTIoer11.processError(T4CTTIoer11.java:563)
at oracle.jdbc.driver.T4C8Oall.processError(T4C8Oall.java:1150)
at oracle.jdbc.driver.T4CTTIfun.receive(T4CTTIfun.java:770)
at oracle.jdbc.driver.T4CTTIfun.doRPC(T4CTTIfun.java:298)
at oracle.jdbc.driver.T4C8Oall.doOALL(T4C8Oall.java:497)
at oracle.jdbc.driver.T4CStatement.doOall8(T4CStatement.java:111)
at oracle.jdbc.driver.T4CStatement.executeForDescribe(T4CStatement.java:895)
at oracle.jdbc.driver.OracleStatement.prepareDefineBufferAndExecute(OracleStatement.java:1171)
at oracle.jdbc.driver.OracleStatement.executeMaybeDescribe(OracleStatement.java:1100)
at oracle.jdbc.driver.OracleStatement.executeSQLSelect(OracleStatement.java:1425)
at oracle.jdbc.driver.OracleStatement.doExecuteWithTimeout(OracleStatement.java:1308)
at oracle.jdbc.driver.OracleStatement.executeQuery(OracleStatement.java:1712)
at oracle.jdbc.driver.OracleStatementWrapper.executeQuery(OracleStatementWrapper.java:393)
at com.etl.common.database.DatabaseUtils.getColumnValues(DatabaseUtils.java:253)
at com.etl.common.database.DatabaseUtils.getDiffResultQueries(DatabaseUtils.java:237)
at com.etl.test.testscripts.TestCycIntf.CYCINTF_03__CYC_INTF__UNQ_ID_IN_SRC_STM_CheckValidateValues(TestCycIntf.java:77)
at java.base/jdk.internal.reflect.DirectMethodHandleAccessor.invoke(DirectMethodHandleAccessor.java:104)
at java.base/java.lang.reflect.Method.invoke(Method.java:578)
at org.testng.internal.MethodInvocationHelper.invokeMethod(MethodInvocationHelper.java:133)
at org.testng.internal.TestInvoker.invokeMethod(TestInvoker.java:598)
at org.testng.internal.TestInvoker.invokeTestMethod(TestInvoker.java:173)
at org.testng.internal.MethodRunner.runInSequence(MethodRunner.java:46)
at org.testng.internal.TestInvoker$MethodInvocationAgent.invoke(TestInvoker.java:824)
at org.testng.internal.TestInvoker.invokeTestMethods(TestInvoker.java:146)
at org.testng.internal.TestMethodWorker.invokeTestMethods(TestMethodWorker.java:146)
at org.testng.internal.TestMethodWorker.run(TestMethodWorker.java:128)
at java.base/java.util.ArrayList.forEach(ArrayList.java:1511)
at org.testng.TestRunner.privateRun(TestRunner.java:794)
at org.testng.TestRunner.run(TestRunner.java:596)
at org.testng.SuiteRunner.runTest(SuiteRunner.java:377)
at org.testng.SuiteRunner.runSequentially(SuiteRunner.java:371)
at org.testng.SuiteRunner.privateRun(SuiteRunner.java:332)
at org.testng.SuiteRunner.run(SuiteRunner.java:276)
at org.testng.SuiteRunnerWorker.runSuite(SuiteRunnerWorker.java:53)
at org.testng.SuiteRunnerWorker.run(SuiteRunnerWorker.java:96)
at org.testng.TestNG.runSuitesSequentially(TestNG.java:1212)
at org.testng.TestNG.runSuitesSequentially(TestNG.java:1207)
at org.testng.TestNG.runSuitesLocally(TestNG.java:1134)
at org.testng.TestNG.runSuites(TestNG.java:1063)
at org.testng.TestNG.run(TestNG.java:1031)
at org.testng.remote.AbstractRemoteTestNG.run(AbstractRemoteTestNG.java:115)
at org.testng.remote.RemoteTestNG.initAndRun(RemoteTestNG.java:251)
at org.testng.remote.RemoteTestNG.main(RemoteTestNG.java:77)
Caused by: Error : 942, Position : 30, Sql = Select UNQ_ID_IN_SRC_STM From CYC_INTF, OriginalSql = Select UNQ_ID_IN_SRC_STM From CYC_INTF, Error Msg = ORA-00942: table or view does not exist

at oracle.jdbc.driver.T4CTTIoer11.processError(T4CTTIoer11.java:636)
... 43 more
]]>
            </full-stacktrace>
          </exception> <!-- java.sql.SQLSyntaxErrorException -->
          <reporter-output>
          </reporter-output>
        </test-method> <!-- CYCINTF_03__CYC_INTF__UNQ_ID_IN_SRC_STM_CheckValidateValues -->
        <test-method signature="CYCINTF_04__CYC_INTF__CYC_CODE_CheckValidateValues()[pri:1, instance:com.etl.test.testscripts.TestCycIntf@37858383]" started-at="2022-11-30T17:01:13 ICT" name="CYCINTF_04__CYC_INTF__CYC_CODE_CheckValidateValues" finished-at="2022-11-30T17:01:13 ICT" duration-ms="118" status="FAIL">
          <exception class="java.sql.SQLSyntaxErrorException">
            <message>
              <![CDATA[ORA-00942: table or view does not exist
]]>
            </message>
            <full-stacktrace>
              <![CDATA[java.sql.SQLSyntaxErrorException: ORA-00942: table or view does not exist

at oracle.jdbc.driver.T4CTTIoer11.processError(T4CTTIoer11.java:629)
at oracle.jdbc.driver.T4CTTIoer11.processError(T4CTTIoer11.java:563)
at oracle.jdbc.driver.T4C8Oall.processError(T4C8Oall.java:1150)
at oracle.jdbc.driver.T4CTTIfun.receive(T4CTTIfun.java:770)
at oracle.jdbc.driver.T4CTTIfun.doRPC(T4CTTIfun.java:298)
at oracle.jdbc.driver.T4C8Oall.doOALL(T4C8Oall.java:497)
at oracle.jdbc.driver.T4CStatement.doOall8(T4CStatement.java:111)
at oracle.jdbc.driver.T4CStatement.executeForDescribe(T4CStatement.java:895)
at oracle.jdbc.driver.OracleStatement.prepareDefineBufferAndExecute(OracleStatement.java:1171)
at oracle.jdbc.driver.OracleStatement.executeMaybeDescribe(OracleStatement.java:1100)
at oracle.jdbc.driver.OracleStatement.executeSQLSelect(OracleStatement.java:1425)
at oracle.jdbc.driver.OracleStatement.doExecuteWithTimeout(OracleStatement.java:1308)
at oracle.jdbc.driver.OracleStatement.executeQuery(OracleStatement.java:1712)
at oracle.jdbc.driver.OracleStatementWrapper.executeQuery(OracleStatementWrapper.java:393)
at com.etl.common.database.DatabaseUtils.getColumnValues(DatabaseUtils.java:253)
at com.etl.common.database.DatabaseUtils.getDiffResultQueries(DatabaseUtils.java:237)
at com.etl.test.testscripts.TestCycIntf.CYCINTF_04__CYC_INTF__CYC_CODE_CheckValidateValues(TestCycIntf.java:100)
at java.base/jdk.internal.reflect.DirectMethodHandleAccessor.invoke(DirectMethodHandleAccessor.java:104)
at java.base/java.lang.reflect.Method.invoke(Method.java:578)
at org.testng.internal.MethodInvocationHelper.invokeMethod(MethodInvocationHelper.java:133)
at org.testng.internal.TestInvoker.invokeMethod(TestInvoker.java:598)
at org.testng.internal.TestInvoker.invokeTestMethod(TestInvoker.java:173)
at org.testng.internal.MethodRunner.runInSequence(MethodRunner.java:46)
at org.testng.internal.TestInvoker$MethodInvocationAgent.invoke(TestInvoker.java:824)
at org.testng.internal.TestInvoker.invokeTestMethods(TestInvoker.java:146)
at org.testng.internal.TestMethodWorker.invokeTestMethods(TestMethodWorker.java:146)
at org.testng.internal.TestMethodWorker.run(TestMethodWorker.java:128)
at java.base/java.util.ArrayList.forEach(ArrayList.java:1511)
at org.testng.TestRunner.privateRun(TestRunner.java:794)
at org.testng.TestRunner.run(TestRunner.java:596)
at org.testng.SuiteRunner.runTest(SuiteRunner.java:377)
at org.testng.SuiteRunner.runSequentially(SuiteRunner.java:371)
at org.testng.SuiteRunner.privateRun(SuiteRunner.java:332)
at org.testng.SuiteRunner.run(SuiteRunner.java:276)
at org.testng.SuiteRunnerWorker.runSuite(SuiteRunnerWorker.java:53)
at org.testng.SuiteRunnerWorker.run(SuiteRunnerWorker.java:96)
at org.testng.TestNG.runSuitesSequentially(TestNG.java:1212)
at org.testng.TestNG.runSuitesSequentially(TestNG.java:1207)
at org.testng.TestNG.runSuitesLocally(TestNG.java:1134)
at org.testng.TestNG.runSuites(TestNG.java:1063)
at org.testng.TestNG.run(TestNG.java:1031)
at org.testng.remote.AbstractRemoteTestNG.run(AbstractRemoteTestNG.java:115)
at org.testng.remote.RemoteTestNG.initAndRun(RemoteTestNG.java:251)
at org.testng.remote.RemoteTestNG.main(RemoteTestNG.java:77)
Caused by: Error : 942, Position : 39, Sql = Select UNQ_ID_IN_SRC_STM,CYC_CODE From CYC_INTF, OriginalSql = Select UNQ_ID_IN_SRC_STM,CYC_CODE From CYC_INTF, Error Msg = ORA-00942: table or view does not exist

at oracle.jdbc.driver.T4CTTIoer11.processError(T4CTTIoer11.java:636)
... 43 more
]]>
            </full-stacktrace>
          </exception> <!-- java.sql.SQLSyntaxErrorException -->
          <reporter-output>
          </reporter-output>
        </test-method> <!-- CYCINTF_04__CYC_INTF__CYC_CODE_CheckValidateValues -->
        <test-method signature="CYCINTF_05__CYC_INTF__CYC_NM_CheckValidateValues()[pri:1, instance:com.etl.test.testscripts.TestCycIntf@37858383]" started-at="2022-11-30T17:01:13 ICT" name="CYCINTF_05__CYC_INTF__CYC_NM_CheckValidateValues" finished-at="2022-11-30T17:01:14 ICT" duration-ms="136" status="FAIL">
          <exception class="java.sql.SQLSyntaxErrorException">
            <message>
              <![CDATA[ORA-00942: table or view does not exist
]]>
            </message>
            <full-stacktrace>
              <![CDATA[java.sql.SQLSyntaxErrorException: ORA-00942: table or view does not exist

at oracle.jdbc.driver.T4CTTIoer11.processError(T4CTTIoer11.java:629)
at oracle.jdbc.driver.T4CTTIoer11.processError(T4CTTIoer11.java:563)
at oracle.jdbc.driver.T4C8Oall.processError(T4C8Oall.java:1150)
at oracle.jdbc.driver.T4CTTIfun.receive(T4CTTIfun.java:770)
at oracle.jdbc.driver.T4CTTIfun.doRPC(T4CTTIfun.java:298)
at oracle.jdbc.driver.T4C8Oall.doOALL(T4C8Oall.java:497)
at oracle.jdbc.driver.T4CStatement.doOall8(T4CStatement.java:111)
at oracle.jdbc.driver.T4CStatement.executeForDescribe(T4CStatement.java:895)
at oracle.jdbc.driver.OracleStatement.prepareDefineBufferAndExecute(OracleStatement.java:1171)
at oracle.jdbc.driver.OracleStatement.executeMaybeDescribe(OracleStatement.java:1100)
at oracle.jdbc.driver.OracleStatement.executeSQLSelect(OracleStatement.java:1425)
at oracle.jdbc.driver.OracleStatement.doExecuteWithTimeout(OracleStatement.java:1308)
at oracle.jdbc.driver.OracleStatement.executeQuery(OracleStatement.java:1712)
at oracle.jdbc.driver.OracleStatementWrapper.executeQuery(OracleStatementWrapper.java:393)
at com.etl.common.database.DatabaseUtils.getColumnValues(DatabaseUtils.java:253)
at com.etl.common.database.DatabaseUtils.getDiffResultQueries(DatabaseUtils.java:237)
at com.etl.test.testscripts.TestCycIntf.CYCINTF_05__CYC_INTF__CYC_NM_CheckValidateValues(TestCycIntf.java:123)
at java.base/jdk.internal.reflect.DirectMethodHandleAccessor.invoke(DirectMethodHandleAccessor.java:104)
at java.base/java.lang.reflect.Method.invoke(Method.java:578)
at org.testng.internal.MethodInvocationHelper.invokeMethod(MethodInvocationHelper.java:133)
at org.testng.internal.TestInvoker.invokeMethod(TestInvoker.java:598)
at org.testng.internal.TestInvoker.invokeTestMethod(TestInvoker.java:173)
at org.testng.internal.MethodRunner.runInSequence(MethodRunner.java:46)
at org.testng.internal.TestInvoker$MethodInvocationAgent.invoke(TestInvoker.java:824)
at org.testng.internal.TestInvoker.invokeTestMethods(TestInvoker.java:146)
at org.testng.internal.TestMethodWorker.invokeTestMethods(TestMethodWorker.java:146)
at org.testng.internal.TestMethodWorker.run(TestMethodWorker.java:128)
at java.base/java.util.ArrayList.forEach(ArrayList.java:1511)
at org.testng.TestRunner.privateRun(TestRunner.java:794)
at org.testng.TestRunner.run(TestRunner.java:596)
at org.testng.SuiteRunner.runTest(SuiteRunner.java:377)
at org.testng.SuiteRunner.runSequentially(SuiteRunner.java:371)
at org.testng.SuiteRunner.privateRun(SuiteRunner.java:332)
at org.testng.SuiteRunner.run(SuiteRunner.java:276)
at org.testng.SuiteRunnerWorker.runSuite(SuiteRunnerWorker.java:53)
at org.testng.SuiteRunnerWorker.run(SuiteRunnerWorker.java:96)
at org.testng.TestNG.runSuitesSequentially(TestNG.java:1212)
at org.testng.TestNG.runSuitesSequentially(TestNG.java:1207)
at org.testng.TestNG.runSuitesLocally(TestNG.java:1134)
at org.testng.TestNG.runSuites(TestNG.java:1063)
at org.testng.TestNG.run(TestNG.java:1031)
at org.testng.remote.AbstractRemoteTestNG.run(AbstractRemoteTestNG.java:115)
at org.testng.remote.RemoteTestNG.initAndRun(RemoteTestNG.java:251)
at org.testng.remote.RemoteTestNG.main(RemoteTestNG.java:77)
Caused by: Error : 942, Position : 37, Sql = Select UNQ_ID_IN_SRC_STM,CYC_NM From CYC_INTF, OriginalSql = Select UNQ_ID_IN_SRC_STM,CYC_NM From CYC_INTF, Error Msg = ORA-00942: table or view does not exist

at oracle.jdbc.driver.T4CTTIoer11.processError(T4CTTIoer11.java:636)
... 43 more
]]>
            </full-stacktrace>
          </exception> <!-- java.sql.SQLSyntaxErrorException -->
          <reporter-output>
          </reporter-output>
        </test-method> <!-- CYCINTF_05__CYC_INTF__CYC_NM_CheckValidateValues -->
        <test-method signature="CYCINTF_06__CYC_INTF__CYC_STT_CheckValidateValues()[pri:1, instance:com.etl.test.testscripts.TestCycIntf@37858383]" started-at="2022-11-30T17:01:14 ICT" name="CYCINTF_06__CYC_INTF__CYC_STT_CheckValidateValues" finished-at="2022-11-30T17:01:14 ICT" duration-ms="139" status="FAIL">
          <exception class="java.sql.SQLSyntaxErrorException">
            <message>
              <![CDATA[ORA-00942: table or view does not exist
]]>
            </message>
            <full-stacktrace>
              <![CDATA[java.sql.SQLSyntaxErrorException: ORA-00942: table or view does not exist

at oracle.jdbc.driver.T4CTTIoer11.processError(T4CTTIoer11.java:629)
at oracle.jdbc.driver.T4CTTIoer11.processError(T4CTTIoer11.java:563)
at oracle.jdbc.driver.T4C8Oall.processError(T4C8Oall.java:1150)
at oracle.jdbc.driver.T4CTTIfun.receive(T4CTTIfun.java:770)
at oracle.jdbc.driver.T4CTTIfun.doRPC(T4CTTIfun.java:298)
at oracle.jdbc.driver.T4C8Oall.doOALL(T4C8Oall.java:497)
at oracle.jdbc.driver.T4CStatement.doOall8(T4CStatement.java:111)
at oracle.jdbc.driver.T4CStatement.executeForDescribe(T4CStatement.java:895)
at oracle.jdbc.driver.OracleStatement.prepareDefineBufferAndExecute(OracleStatement.java:1171)
at oracle.jdbc.driver.OracleStatement.executeMaybeDescribe(OracleStatement.java:1100)
at oracle.jdbc.driver.OracleStatement.executeSQLSelect(OracleStatement.java:1425)
at oracle.jdbc.driver.OracleStatement.doExecuteWithTimeout(OracleStatement.java:1308)
at oracle.jdbc.driver.OracleStatement.executeQuery(OracleStatement.java:1712)
at oracle.jdbc.driver.OracleStatementWrapper.executeQuery(OracleStatementWrapper.java:393)
at com.etl.common.database.DatabaseUtils.getColumnValues(DatabaseUtils.java:253)
at com.etl.common.database.DatabaseUtils.getDiffResultQueries(DatabaseUtils.java:237)
at com.etl.test.testscripts.TestCycIntf.CYCINTF_06__CYC_INTF__CYC_STT_CheckValidateValues(TestCycIntf.java:146)
at java.base/jdk.internal.reflect.DirectMethodHandleAccessor.invoke(DirectMethodHandleAccessor.java:104)
at java.base/java.lang.reflect.Method.invoke(Method.java:578)
at org.testng.internal.MethodInvocationHelper.invokeMethod(MethodInvocationHelper.java:133)
at org.testng.internal.TestInvoker.invokeMethod(TestInvoker.java:598)
at org.testng.internal.TestInvoker.invokeTestMethod(TestInvoker.java:173)
at org.testng.internal.MethodRunner.runInSequence(MethodRunner.java:46)
at org.testng.internal.TestInvoker$MethodInvocationAgent.invoke(TestInvoker.java:824)
at org.testng.internal.TestInvoker.invokeTestMethods(TestInvoker.java:146)
at org.testng.internal.TestMethodWorker.invokeTestMethods(TestMethodWorker.java:146)
at org.testng.internal.TestMethodWorker.run(TestMethodWorker.java:128)
at java.base/java.util.ArrayList.forEach(ArrayList.java:1511)
at org.testng.TestRunner.privateRun(TestRunner.java:794)
at org.testng.TestRunner.run(TestRunner.java:596)
at org.testng.SuiteRunner.runTest(SuiteRunner.java:377)
at org.testng.SuiteRunner.runSequentially(SuiteRunner.java:371)
at org.testng.SuiteRunner.privateRun(SuiteRunner.java:332)
at org.testng.SuiteRunner.run(SuiteRunner.java:276)
at org.testng.SuiteRunnerWorker.runSuite(SuiteRunnerWorker.java:53)
at org.testng.SuiteRunnerWorker.run(SuiteRunnerWorker.java:96)
at org.testng.TestNG.runSuitesSequentially(TestNG.java:1212)
at org.testng.TestNG.runSuitesSequentially(TestNG.java:1207)
at org.testng.TestNG.runSuitesLocally(TestNG.java:1134)
at org.testng.TestNG.runSuites(TestNG.java:1063)
at org.testng.TestNG.run(TestNG.java:1031)
at org.testng.remote.AbstractRemoteTestNG.run(AbstractRemoteTestNG.java:115)
at org.testng.remote.RemoteTestNG.initAndRun(RemoteTestNG.java:251)
at org.testng.remote.RemoteTestNG.main(RemoteTestNG.java:77)
Caused by: Error : 942, Position : 38, Sql = Select UNQ_ID_IN_SRC_STM,CYC_STT From CYC_INTF, OriginalSql = Select UNQ_ID_IN_SRC_STM,CYC_STT From CYC_INTF, Error Msg = ORA-00942: table or view does not exist

at oracle.jdbc.driver.T4CTTIoer11.processError(T4CTTIoer11.java:636)
... 43 more
]]>
            </full-stacktrace>
          </exception> <!-- java.sql.SQLSyntaxErrorException -->
          <reporter-output>
          </reporter-output>
        </test-method> <!-- CYCINTF_06__CYC_INTF__CYC_STT_CheckValidateValues -->
        <test-method signature="CYCINTF_07__CYC_INTF__SRC_STM_CODE_CheckValidateValues()[pri:1, instance:com.etl.test.testscripts.TestCycIntf@37858383]" started-at="2022-11-30T17:01:14 ICT" name="CYCINTF_07__CYC_INTF__SRC_STM_CODE_CheckValidateValues" finished-at="2022-11-30T17:01:14 ICT" duration-ms="43" status="FAIL">
          <exception class="java.sql.SQLSyntaxErrorException">
            <message>
              <![CDATA[ORA-01756: quoted string not properly terminated
]]>
            </message>
            <full-stacktrace>
              <![CDATA[java.sql.SQLSyntaxErrorException: ORA-01756: quoted string not properly terminated

at oracle.jdbc.driver.T4CTTIoer11.processError(T4CTTIoer11.java:629)
at oracle.jdbc.driver.T4CTTIoer11.processError(T4CTTIoer11.java:563)
at oracle.jdbc.driver.T4C8Oall.processError(T4C8Oall.java:1150)
at oracle.jdbc.driver.T4CTTIfun.receive(T4CTTIfun.java:770)
at oracle.jdbc.driver.T4CTTIfun.doRPC(T4CTTIfun.java:298)
at oracle.jdbc.driver.T4C8Oall.doOALL(T4C8Oall.java:497)
at oracle.jdbc.driver.T4CStatement.doOall8(T4CStatement.java:111)
at oracle.jdbc.driver.T4CStatement.executeForDescribe(T4CStatement.java:895)
at oracle.jdbc.driver.OracleStatement.prepareDefineBufferAndExecute(OracleStatement.java:1171)
at oracle.jdbc.driver.OracleStatement.executeMaybeDescribe(OracleStatement.java:1100)
at oracle.jdbc.driver.OracleStatement.executeSQLSelect(OracleStatement.java:1425)
at oracle.jdbc.driver.OracleStatement.doExecuteWithTimeout(OracleStatement.java:1308)
at oracle.jdbc.driver.OracleStatement.executeQuery(OracleStatement.java:1712)
at oracle.jdbc.driver.OracleStatementWrapper.executeQuery(OracleStatementWrapper.java:393)
at com.etl.common.database.DatabaseUtils.getColumnValues(DatabaseUtils.java:253)
at com.etl.common.database.DatabaseUtils.getDiffResultQueries(DatabaseUtils.java:236)
at com.etl.test.testscripts.TestCycIntf.CYCINTF_07__CYC_INTF__SRC_STM_CODE_CheckValidateValues(TestCycIntf.java:169)
at java.base/jdk.internal.reflect.DirectMethodHandleAccessor.invoke(DirectMethodHandleAccessor.java:104)
at java.base/java.lang.reflect.Method.invoke(Method.java:578)
at org.testng.internal.MethodInvocationHelper.invokeMethod(MethodInvocationHelper.java:133)
at org.testng.internal.TestInvoker.invokeMethod(TestInvoker.java:598)
at org.testng.internal.TestInvoker.invokeTestMethod(TestInvoker.java:173)
at org.testng.internal.MethodRunner.runInSequence(MethodRunner.java:46)
at org.testng.internal.TestInvoker$MethodInvocationAgent.invoke(TestInvoker.java:824)
at org.testng.internal.TestInvoker.invokeTestMethods(TestInvoker.java:146)
at org.testng.internal.TestMethodWorker.invokeTestMethods(TestMethodWorker.java:146)
at org.testng.internal.TestMethodWorker.run(TestMethodWorker.java:128)
at java.base/java.util.ArrayList.forEach(ArrayList.java:1511)
at org.testng.TestRunner.privateRun(TestRunner.java:794)
at org.testng.TestRunner.run(TestRunner.java:596)
at org.testng.SuiteRunner.runTest(SuiteRunner.java:377)
at org.testng.SuiteRunner.runSequentially(SuiteRunner.java:371)
at org.testng.SuiteRunner.privateRun(SuiteRunner.java:332)
at org.testng.SuiteRunner.run(SuiteRunner.java:276)
at org.testng.SuiteRunnerWorker.runSuite(SuiteRunnerWorker.java:53)
at org.testng.SuiteRunnerWorker.run(SuiteRunnerWorker.java:96)
at org.testng.TestNG.runSuitesSequentially(TestNG.java:1212)
at org.testng.TestNG.runSuitesSequentially(TestNG.java:1207)
at org.testng.TestNG.runSuitesLocally(TestNG.java:1134)
at org.testng.TestNG.runSuites(TestNG.java:1063)
at org.testng.TestNG.run(TestNG.java:1031)
at org.testng.remote.AbstractRemoteTestNG.run(AbstractRemoteTestNG.java:115)
at org.testng.remote.RemoteTestNG.initAndRun(RemoteTestNG.java:251)
at org.testng.remote.RemoteTestNG.main(RemoteTestNG.java:77)
Caused by: Error : 1756, Position : 20, Sql = Select CYCLE_ID,TEAM' From CLOSED_CYCLE, OriginalSql = Select CYCLE_ID,TEAM' From CLOSED_CYCLE, Error Msg = ORA-01756: quoted string not properly terminated

at oracle.jdbc.driver.T4CTTIoer11.processError(T4CTTIoer11.java:636)
... 43 more
]]>
            </full-stacktrace>
          </exception> <!-- java.sql.SQLSyntaxErrorException -->
          <reporter-output>
          </reporter-output>
        </test-method> <!-- CYCINTF_07__CYC_INTF__SRC_STM_CODE_CheckValidateValues -->
        <test-method signature="CYCINTF_08__CYC_INTF__SRC_STM_NM_CheckValidateValues()[pri:1, instance:com.etl.test.testscripts.TestCycIntf@37858383]" started-at="2022-11-30T17:01:14 ICT" name="CYCINTF_08__CYC_INTF__SRC_STM_NM_CheckValidateValues" finished-at="2022-11-30T17:01:14 ICT" duration-ms="100" status="FAIL">
          <exception class="java.sql.SQLSyntaxErrorException">
            <message>
              <![CDATA[ORA-01756: quoted string not properly terminated
]]>
            </message>
            <full-stacktrace>
              <![CDATA[java.sql.SQLSyntaxErrorException: ORA-01756: quoted string not properly terminated

at oracle.jdbc.driver.T4CTTIoer11.processError(T4CTTIoer11.java:629)
at oracle.jdbc.driver.T4CTTIoer11.processError(T4CTTIoer11.java:563)
at oracle.jdbc.driver.T4C8Oall.processError(T4C8Oall.java:1150)
at oracle.jdbc.driver.T4CTTIfun.receive(T4CTTIfun.java:770)
at oracle.jdbc.driver.T4CTTIfun.doRPC(T4CTTIfun.java:298)
at oracle.jdbc.driver.T4C8Oall.doOALL(T4C8Oall.java:497)
at oracle.jdbc.driver.T4CStatement.doOall8(T4CStatement.java:111)
at oracle.jdbc.driver.T4CStatement.executeForDescribe(T4CStatement.java:895)
at oracle.jdbc.driver.OracleStatement.prepareDefineBufferAndExecute(OracleStatement.java:1171)
at oracle.jdbc.driver.OracleStatement.executeMaybeDescribe(OracleStatement.java:1100)
at oracle.jdbc.driver.OracleStatement.executeSQLSelect(OracleStatement.java:1425)
at oracle.jdbc.driver.OracleStatement.doExecuteWithTimeout(OracleStatement.java:1308)
at oracle.jdbc.driver.OracleStatement.executeQuery(OracleStatement.java:1712)
at oracle.jdbc.driver.OracleStatementWrapper.executeQuery(OracleStatementWrapper.java:393)
at com.etl.common.database.DatabaseUtils.getColumnValues(DatabaseUtils.java:253)
at com.etl.common.database.DatabaseUtils.getDiffResultQueries(DatabaseUtils.java:236)
at com.etl.test.testscripts.TestCycIntf.CYCINTF_08__CYC_INTF__SRC_STM_NM_CheckValidateValues(TestCycIntf.java:192)
at java.base/jdk.internal.reflect.DirectMethodHandleAccessor.invoke(DirectMethodHandleAccessor.java:104)
at java.base/java.lang.reflect.Method.invoke(Method.java:578)
at org.testng.internal.MethodInvocationHelper.invokeMethod(MethodInvocationHelper.java:133)
at org.testng.internal.TestInvoker.invokeMethod(TestInvoker.java:598)
at org.testng.internal.TestInvoker.invokeTestMethod(TestInvoker.java:173)
at org.testng.internal.MethodRunner.runInSequence(MethodRunner.java:46)
at org.testng.internal.TestInvoker$MethodInvocationAgent.invoke(TestInvoker.java:824)
at org.testng.internal.TestInvoker.invokeTestMethods(TestInvoker.java:146)
at org.testng.internal.TestMethodWorker.invokeTestMethods(TestMethodWorker.java:146)
at org.testng.internal.TestMethodWorker.run(TestMethodWorker.java:128)
at java.base/java.util.ArrayList.forEach(ArrayList.java:1511)
at org.testng.TestRunner.privateRun(TestRunner.java:794)
at org.testng.TestRunner.run(TestRunner.java:596)
at org.testng.SuiteRunner.runTest(SuiteRunner.java:377)
at org.testng.SuiteRunner.runSequentially(SuiteRunner.java:371)
at org.testng.SuiteRunner.privateRun(SuiteRunner.java:332)
at org.testng.SuiteRunner.run(SuiteRunner.java:276)
at org.testng.SuiteRunnerWorker.runSuite(SuiteRunnerWorker.java:53)
at org.testng.SuiteRunnerWorker.run(SuiteRunnerWorker.java:96)
at org.testng.TestNG.runSuitesSequentially(TestNG.java:1212)
at org.testng.TestNG.runSuitesSequentially(TestNG.java:1207)
at org.testng.TestNG.runSuitesLocally(TestNG.java:1134)
at org.testng.TestNG.runSuites(TestNG.java:1063)
at org.testng.TestNG.run(TestNG.java:1031)
at org.testng.remote.AbstractRemoteTestNG.run(AbstractRemoteTestNG.java:115)
at org.testng.remote.RemoteTestNG.initAndRun(RemoteTestNG.java:251)
at org.testng.remote.RemoteTestNG.main(RemoteTestNG.java:77)
Caused by: Error : 1756, Position : 25, Sql = Select CYCLE_ID,CALL TEAM' From CLOSED_CYCLE, OriginalSql = Select CYCLE_ID,CALL TEAM' From CLOSED_CYCLE, Error Msg = ORA-01756: quoted string not properly terminated

at oracle.jdbc.driver.T4CTTIoer11.processError(T4CTTIoer11.java:636)
... 43 more
]]>
            </full-stacktrace>
          </exception> <!-- java.sql.SQLSyntaxErrorException -->
          <reporter-output>
          </reporter-output>
        </test-method> <!-- CYCINTF_08__CYC_INTF__SRC_STM_NM_CheckValidateValues -->
        <test-method signature="CYCINTF_09__CYC_INTF__PCS_DT_CheckValidateValues()[pri:1, instance:com.etl.test.testscripts.TestCycIntf@37858383]" started-at="2022-11-30T17:01:14 ICT" name="CYCINTF_09__CYC_INTF__PCS_DT_CheckValidateValues" finished-at="2022-11-30T17:01:14 ICT" duration-ms="104" status="FAIL">
          <exception class="java.sql.SQLException">
            <message>
              <![CDATA[ORA-01008: not all variables bound
]]>
            </message>
            <full-stacktrace>
              <![CDATA[java.sql.SQLException: ORA-01008: not all variables bound

at oracle.jdbc.driver.T4CTTIoer11.processError(T4CTTIoer11.java:629)
at oracle.jdbc.driver.T4CTTIoer11.processError(T4CTTIoer11.java:563)
at oracle.jdbc.driver.T4C8Oall.processError(T4C8Oall.java:1150)
at oracle.jdbc.driver.T4CTTIfun.receive(T4CTTIfun.java:770)
at oracle.jdbc.driver.T4CTTIfun.doRPC(T4CTTIfun.java:298)
at oracle.jdbc.driver.T4C8Oall.doOALL(T4C8Oall.java:497)
at oracle.jdbc.driver.T4CStatement.doOall8(T4CStatement.java:111)
at oracle.jdbc.driver.T4CStatement.executeForDescribe(T4CStatement.java:895)
at oracle.jdbc.driver.OracleStatement.prepareDefineBufferAndExecute(OracleStatement.java:1171)
at oracle.jdbc.driver.OracleStatement.executeMaybeDescribe(OracleStatement.java:1100)
at oracle.jdbc.driver.OracleStatement.executeSQLSelect(OracleStatement.java:1425)
at oracle.jdbc.driver.OracleStatement.doExecuteWithTimeout(OracleStatement.java:1308)
at oracle.jdbc.driver.OracleStatement.executeQuery(OracleStatement.java:1712)
at oracle.jdbc.driver.OracleStatementWrapper.executeQuery(OracleStatementWrapper.java:393)
at com.etl.common.database.DatabaseUtils.getColumnValues(DatabaseUtils.java:253)
at com.etl.common.database.DatabaseUtils.getDiffResultQueries(DatabaseUtils.java:236)
at com.etl.test.testscripts.TestCycIntf.CYCINTF_09__CYC_INTF__PCS_DT_CheckValidateValues(TestCycIntf.java:215)
at java.base/jdk.internal.reflect.DirectMethodHandleAccessor.invoke(DirectMethodHandleAccessor.java:104)
at java.base/java.lang.reflect.Method.invoke(Method.java:578)
at org.testng.internal.MethodInvocationHelper.invokeMethod(MethodInvocationHelper.java:133)
at org.testng.internal.TestInvoker.invokeMethod(TestInvoker.java:598)
at org.testng.internal.TestInvoker.invokeTestMethod(TestInvoker.java:173)
at org.testng.internal.MethodRunner.runInSequence(MethodRunner.java:46)
at org.testng.internal.TestInvoker$MethodInvocationAgent.invoke(TestInvoker.java:824)
at org.testng.internal.TestInvoker.invokeTestMethods(TestInvoker.java:146)
at org.testng.internal.TestMethodWorker.invokeTestMethods(TestMethodWorker.java:146)
at org.testng.internal.TestMethodWorker.run(TestMethodWorker.java:128)
at java.base/java.util.ArrayList.forEach(ArrayList.java:1511)
at org.testng.TestRunner.privateRun(TestRunner.java:794)
at org.testng.TestRunner.run(TestRunner.java:596)
at org.testng.SuiteRunner.runTest(SuiteRunner.java:377)
at org.testng.SuiteRunner.runSequentially(SuiteRunner.java:371)
at org.testng.SuiteRunner.privateRun(SuiteRunner.java:332)
at org.testng.SuiteRunner.run(SuiteRunner.java:276)
at org.testng.SuiteRunnerWorker.runSuite(SuiteRunnerWorker.java:53)
at org.testng.SuiteRunnerWorker.run(SuiteRunnerWorker.java:96)
at org.testng.TestNG.runSuitesSequentially(TestNG.java:1212)
at org.testng.TestNG.runSuitesSequentially(TestNG.java:1207)
at org.testng.TestNG.runSuitesLocally(TestNG.java:1134)
at org.testng.TestNG.runSuites(TestNG.java:1063)
at org.testng.TestNG.run(TestNG.java:1031)
at org.testng.remote.AbstractRemoteTestNG.run(AbstractRemoteTestNG.java:115)
at org.testng.remote.RemoteTestNG.initAndRun(RemoteTestNG.java:251)
at org.testng.remote.RemoteTestNG.main(RemoteTestNG.java:77)
Caused by: Error : 1008, Position : 0, Sql = Select CYCLE_ID,:ETL_DATE From CLOSED_CYCLE, OriginalSql = Select CYCLE_ID,:ETL_DATE From CLOSED_CYCLE, Error Msg = ORA-01008: not all variables bound

at oracle.jdbc.driver.T4CTTIoer11.processError(T4CTTIoer11.java:636)
... 43 more
]]>
            </full-stacktrace>
          </exception> <!-- java.sql.SQLException -->
          <reporter-output>
          </reporter-output>
        </test-method> <!-- CYCINTF_09__CYC_INTF__PCS_DT_CheckValidateValues -->
        <test-method signature="CYCINTF_10__CYC_INTF__CRN_ROW_IND_CheckValidateValues()[pri:1, instance:com.etl.test.testscripts.TestCycIntf@37858383]" started-at="2022-11-30T17:01:14 ICT" name="CYCINTF_10__CYC_INTF__CRN_ROW_IND_CheckValidateValues" finished-at="2022-11-30T17:01:14 ICT" duration-ms="106" status="FAIL">
          <exception class="java.sql.SQLSyntaxErrorException">
            <message>
              <![CDATA[ORA-00942: table or view does not exist
]]>
            </message>
            <full-stacktrace>
              <![CDATA[java.sql.SQLSyntaxErrorException: ORA-00942: table or view does not exist

at oracle.jdbc.driver.T4CTTIoer11.processError(T4CTTIoer11.java:629)
at oracle.jdbc.driver.T4CTTIoer11.processError(T4CTTIoer11.java:563)
at oracle.jdbc.driver.T4C8Oall.processError(T4C8Oall.java:1150)
at oracle.jdbc.driver.T4CTTIfun.receive(T4CTTIfun.java:770)
at oracle.jdbc.driver.T4CTTIfun.doRPC(T4CTTIfun.java:298)
at oracle.jdbc.driver.T4C8Oall.doOALL(T4C8Oall.java:497)
at oracle.jdbc.driver.T4CStatement.doOall8(T4CStatement.java:111)
at oracle.jdbc.driver.T4CStatement.executeForDescribe(T4CStatement.java:895)
at oracle.jdbc.driver.OracleStatement.prepareDefineBufferAndExecute(OracleStatement.java:1171)
at oracle.jdbc.driver.OracleStatement.executeMaybeDescribe(OracleStatement.java:1100)
at oracle.jdbc.driver.OracleStatement.executeSQLSelect(OracleStatement.java:1425)
at oracle.jdbc.driver.OracleStatement.doExecuteWithTimeout(OracleStatement.java:1308)
at oracle.jdbc.driver.OracleStatement.executeQuery(OracleStatement.java:1712)
at oracle.jdbc.driver.OracleStatementWrapper.executeQuery(OracleStatementWrapper.java:393)
at com.etl.common.database.DatabaseUtils.getColumnValues(DatabaseUtils.java:253)
at com.etl.common.database.DatabaseUtils.getDiffResultQueries(DatabaseUtils.java:237)
at com.etl.test.testscripts.TestCycIntf.CYCINTF_10__CYC_INTF__CRN_ROW_IND_CheckValidateValues(TestCycIntf.java:238)
at java.base/jdk.internal.reflect.DirectMethodHandleAccessor.invoke(DirectMethodHandleAccessor.java:104)
at java.base/java.lang.reflect.Method.invoke(Method.java:578)
at org.testng.internal.MethodInvocationHelper.invokeMethod(MethodInvocationHelper.java:133)
at org.testng.internal.TestInvoker.invokeMethod(TestInvoker.java:598)
at org.testng.internal.TestInvoker.invokeTestMethod(TestInvoker.java:173)
at org.testng.internal.MethodRunner.runInSequence(MethodRunner.java:46)
at org.testng.internal.TestInvoker$MethodInvocationAgent.invoke(TestInvoker.java:824)
at org.testng.internal.TestInvoker.invokeTestMethods(TestInvoker.java:146)
at org.testng.internal.TestMethodWorker.invokeTestMethods(TestMethodWorker.java:146)
at org.testng.internal.TestMethodWorker.run(TestMethodWorker.java:128)
at java.base/java.util.ArrayList.forEach(ArrayList.java:1511)
at org.testng.TestRunner.privateRun(TestRunner.java:794)
at org.testng.TestRunner.run(TestRunner.java:596)
at org.testng.SuiteRunner.runTest(SuiteRunner.java:377)
at org.testng.SuiteRunner.runSequentially(SuiteRunner.java:371)
at org.testng.SuiteRunner.privateRun(SuiteRunner.java:332)
at org.testng.SuiteRunner.run(SuiteRunner.java:276)
at org.testng.SuiteRunnerWorker.runSuite(SuiteRunnerWorker.java:53)
at org.testng.SuiteRunnerWorker.run(SuiteRunnerWorker.java:96)
at org.testng.TestNG.runSuitesSequentially(TestNG.java:1212)
at org.testng.TestNG.runSuitesSequentially(TestNG.java:1207)
at org.testng.TestNG.runSuitesLocally(TestNG.java:1134)
at org.testng.TestNG.runSuites(TestNG.java:1063)
at org.testng.TestNG.run(TestNG.java:1031)
at org.testng.remote.AbstractRemoteTestNG.run(AbstractRemoteTestNG.java:115)
at org.testng.remote.RemoteTestNG.initAndRun(RemoteTestNG.java:251)
at org.testng.remote.RemoteTestNG.main(RemoteTestNG.java:77)
Caused by: Error : 942, Position : 42, Sql = Select UNQ_ID_IN_SRC_STM,CRN_ROW_IND From CYC_INTF, OriginalSql = Select UNQ_ID_IN_SRC_STM,CRN_ROW_IND From CYC_INTF, Error Msg = ORA-00942: table or view does not exist

at oracle.jdbc.driver.T4CTTIoer11.processError(T4CTTIoer11.java:636)
... 43 more
]]>
            </full-stacktrace>
          </exception> <!-- java.sql.SQLSyntaxErrorException -->
          <reporter-output>
          </reporter-output>
        </test-method> <!-- CYCINTF_10__CYC_INTF__CRN_ROW_IND_CheckValidateValues -->
        <test-method signature="CYCINTF_11__CYC_INTF__EFF_FM_TMS_CheckValidateValues()[pri:1, instance:com.etl.test.testscripts.TestCycIntf@37858383]" started-at="2022-11-30T17:01:14 ICT" name="CYCINTF_11__CYC_INTF__EFF_FM_TMS_CheckValidateValues" finished-at="2022-11-30T17:01:14 ICT" duration-ms="96" status="FAIL">
          <exception class="java.sql.SQLSyntaxErrorException">
            <message>
              <![CDATA[ORA-00904: "SYS_DATE": invalid identifier
]]>
            </message>
            <full-stacktrace>
              <![CDATA[java.sql.SQLSyntaxErrorException: ORA-00904: "SYS_DATE": invalid identifier

at oracle.jdbc.driver.T4CTTIoer11.processError(T4CTTIoer11.java:629)
at oracle.jdbc.driver.T4CTTIoer11.processError(T4CTTIoer11.java:563)
at oracle.jdbc.driver.T4C8Oall.processError(T4C8Oall.java:1150)
at oracle.jdbc.driver.T4CTTIfun.receive(T4CTTIfun.java:770)
at oracle.jdbc.driver.T4CTTIfun.doRPC(T4CTTIfun.java:298)
at oracle.jdbc.driver.T4C8Oall.doOALL(T4C8Oall.java:497)
at oracle.jdbc.driver.T4CStatement.doOall8(T4CStatement.java:111)
at oracle.jdbc.driver.T4CStatement.executeForDescribe(T4CStatement.java:895)
at oracle.jdbc.driver.OracleStatement.prepareDefineBufferAndExecute(OracleStatement.java:1171)
at oracle.jdbc.driver.OracleStatement.executeMaybeDescribe(OracleStatement.java:1100)
at oracle.jdbc.driver.OracleStatement.executeSQLSelect(OracleStatement.java:1425)
at oracle.jdbc.driver.OracleStatement.doExecuteWithTimeout(OracleStatement.java:1308)
at oracle.jdbc.driver.OracleStatement.executeQuery(OracleStatement.java:1712)
at oracle.jdbc.driver.OracleStatementWrapper.executeQuery(OracleStatementWrapper.java:393)
at com.etl.common.database.DatabaseUtils.getColumnValues(DatabaseUtils.java:253)
at com.etl.common.database.DatabaseUtils.getDiffResultQueries(DatabaseUtils.java:236)
at com.etl.test.testscripts.TestCycIntf.CYCINTF_11__CYC_INTF__EFF_FM_TMS_CheckValidateValues(TestCycIntf.java:261)
at java.base/jdk.internal.reflect.DirectMethodHandleAccessor.invoke(DirectMethodHandleAccessor.java:104)
at java.base/java.lang.reflect.Method.invoke(Method.java:578)
at org.testng.internal.MethodInvocationHelper.invokeMethod(MethodInvocationHelper.java:133)
at org.testng.internal.TestInvoker.invokeMethod(TestInvoker.java:598)
at org.testng.internal.TestInvoker.invokeTestMethod(TestInvoker.java:173)
at org.testng.internal.MethodRunner.runInSequence(MethodRunner.java:46)
at org.testng.internal.TestInvoker$MethodInvocationAgent.invoke(TestInvoker.java:824)
at org.testng.internal.TestInvoker.invokeTestMethods(TestInvoker.java:146)
at org.testng.internal.TestMethodWorker.invokeTestMethods(TestMethodWorker.java:146)
at org.testng.internal.TestMethodWorker.run(TestMethodWorker.java:128)
at java.base/java.util.ArrayList.forEach(ArrayList.java:1511)
at org.testng.TestRunner.privateRun(TestRunner.java:794)
at org.testng.TestRunner.run(TestRunner.java:596)
at org.testng.SuiteRunner.runTest(SuiteRunner.java:377)
at org.testng.SuiteRunner.runSequentially(SuiteRunner.java:371)
at org.testng.SuiteRunner.privateRun(SuiteRunner.java:332)
at org.testng.SuiteRunner.run(SuiteRunner.java:276)
at org.testng.SuiteRunnerWorker.runSuite(SuiteRunnerWorker.java:53)
at org.testng.SuiteRunnerWorker.run(SuiteRunnerWorker.java:96)
at org.testng.TestNG.runSuitesSequentially(TestNG.java:1212)
at org.testng.TestNG.runSuitesSequentially(TestNG.java:1207)
at org.testng.TestNG.runSuitesLocally(TestNG.java:1134)
at org.testng.TestNG.runSuites(TestNG.java:1063)
at org.testng.TestNG.run(TestNG.java:1031)
at org.testng.remote.AbstractRemoteTestNG.run(AbstractRemoteTestNG.java:115)
at org.testng.remote.RemoteTestNG.initAndRun(RemoteTestNG.java:251)
at org.testng.remote.RemoteTestNG.main(RemoteTestNG.java:77)
Caused by: Error : 904, Position : 16, Sql = Select CYCLE_ID,SYS_DATE From CLOSED_CYCLE, OriginalSql = Select CYCLE_ID,SYS_DATE From CLOSED_CYCLE, Error Msg = ORA-00904: "SYS_DATE": invalid identifier

at oracle.jdbc.driver.T4CTTIoer11.processError(T4CTTIoer11.java:636)
... 43 more
]]>
            </full-stacktrace>
          </exception> <!-- java.sql.SQLSyntaxErrorException -->
          <reporter-output>
          </reporter-output>
        </test-method> <!-- CYCINTF_11__CYC_INTF__EFF_FM_TMS_CheckValidateValues -->
        <test-method signature="CYCINTF_12__CYC_INTF__EFF_TO_TMS_CheckValidateValues()[pri:1, instance:com.etl.test.testscripts.TestCycIntf@37858383]" started-at="2022-11-30T17:01:14 ICT" name="CYCINTF_12__CYC_INTF__EFF_TO_TMS_CheckValidateValues" finished-at="2022-11-30T17:01:14 ICT" duration-ms="99" status="FAIL">
          <exception class="java.sql.SQLSyntaxErrorException">
            <message>
              <![CDATA[ORA-00923: FROM keyword not found where expected
]]>
            </message>
            <full-stacktrace>
              <![CDATA[java.sql.SQLSyntaxErrorException: ORA-00923: FROM keyword not found where expected

at oracle.jdbc.driver.T4CTTIoer11.processError(T4CTTIoer11.java:629)
at oracle.jdbc.driver.T4CTTIoer11.processError(T4CTTIoer11.java:563)
at oracle.jdbc.driver.T4C8Oall.processError(T4C8Oall.java:1150)
at oracle.jdbc.driver.T4CTTIfun.receive(T4CTTIfun.java:770)
at oracle.jdbc.driver.T4CTTIfun.doRPC(T4CTTIfun.java:298)
at oracle.jdbc.driver.T4C8Oall.doOALL(T4C8Oall.java:497)
at oracle.jdbc.driver.T4CStatement.doOall8(T4CStatement.java:111)
at oracle.jdbc.driver.T4CStatement.executeForDescribe(T4CStatement.java:895)
at oracle.jdbc.driver.OracleStatement.prepareDefineBufferAndExecute(OracleStatement.java:1171)
at oracle.jdbc.driver.OracleStatement.executeMaybeDescribe(OracleStatement.java:1100)
at oracle.jdbc.driver.OracleStatement.executeSQLSelect(OracleStatement.java:1425)
at oracle.jdbc.driver.OracleStatement.doExecuteWithTimeout(OracleStatement.java:1308)
at oracle.jdbc.driver.OracleStatement.executeQuery(OracleStatement.java:1712)
at oracle.jdbc.driver.OracleStatementWrapper.executeQuery(OracleStatementWrapper.java:393)
at com.etl.common.database.DatabaseUtils.getColumnValues(DatabaseUtils.java:253)
at com.etl.common.database.DatabaseUtils.getDiffResultQueries(DatabaseUtils.java:236)
at com.etl.test.testscripts.TestCycIntf.CYCINTF_12__CYC_INTF__EFF_TO_TMS_CheckValidateValues(TestCycIntf.java:284)
at java.base/jdk.internal.reflect.DirectMethodHandleAccessor.invoke(DirectMethodHandleAccessor.java:104)
at java.base/java.lang.reflect.Method.invoke(Method.java:578)
at org.testng.internal.MethodInvocationHelper.invokeMethod(MethodInvocationHelper.java:133)
at org.testng.internal.TestInvoker.invokeMethod(TestInvoker.java:598)
at org.testng.internal.TestInvoker.invokeTestMethod(TestInvoker.java:173)
at org.testng.internal.MethodRunner.runInSequence(MethodRunner.java:46)
at org.testng.internal.TestInvoker$MethodInvocationAgent.invoke(TestInvoker.java:824)
at org.testng.internal.TestInvoker.invokeTestMethods(TestInvoker.java:146)
at org.testng.internal.TestMethodWorker.invokeTestMethods(TestMethodWorker.java:146)
at org.testng.internal.TestMethodWorker.run(TestMethodWorker.java:128)
at java.base/java.util.ArrayList.forEach(ArrayList.java:1511)
at org.testng.TestRunner.privateRun(TestRunner.java:794)
at org.testng.TestRunner.run(TestRunner.java:596)
at org.testng.SuiteRunner.runTest(SuiteRunner.java:377)
at org.testng.SuiteRunner.runSequentially(SuiteRunner.java:371)
at org.testng.SuiteRunner.privateRun(SuiteRunner.java:332)
at org.testng.SuiteRunner.run(SuiteRunner.java:276)
at org.testng.SuiteRunnerWorker.runSuite(SuiteRunnerWorker.java:53)
at org.testng.SuiteRunnerWorker.run(SuiteRunnerWorker.java:96)
at org.testng.TestNG.runSuitesSequentially(TestNG.java:1212)
at org.testng.TestNG.runSuitesSequentially(TestNG.java:1207)
at org.testng.TestNG.runSuitesLocally(TestNG.java:1134)
at org.testng.TestNG.runSuites(TestNG.java:1063)
at org.testng.TestNG.run(TestNG.java:1031)
at org.testng.remote.AbstractRemoteTestNG.run(AbstractRemoteTestNG.java:115)
at org.testng.remote.RemoteTestNG.initAndRun(RemoteTestNG.java:251)
at org.testng.remote.RemoteTestNG.main(RemoteTestNG.java:77)
Caused by: Error : 923, Position : 26, Sql = Select CYCLE_ID,1/1/2400  11:59:59 PM From CLOSED_CYCLE, OriginalSql = Select CYCLE_ID,1/1/2400  11:59:59 PM From CLOSED_CYCLE, Error Msg = ORA-00923: FROM keyword not found where expected

at oracle.jdbc.driver.T4CTTIoer11.processError(T4CTTIoer11.java:636)
... 43 more
]]>
            </full-stacktrace>
          </exception> <!-- java.sql.SQLSyntaxErrorException -->
          <reporter-output>
          </reporter-output>
        </test-method> <!-- CYCINTF_12__CYC_INTF__EFF_TO_TMS_CheckValidateValues -->
        <test-method signature="CYCINTF_42__CYC_INTF__CYC_NM_Addnewrecorddata()[pri:1, instance:com.etl.test.testscripts.TestCycIntf@37858383]" started-at="2022-11-30T17:01:14 ICT" name="CYCINTF_42__CYC_INTF__CYC_NM_Addnewrecorddata" finished-at="2022-11-30T17:01:14 ICT" duration-ms="104" status="FAIL">
          <exception class="java.sql.SQLSyntaxErrorException">
            <message>
              <![CDATA[ORA-00936: missing expression
]]>
            </message>
            <full-stacktrace>
              <![CDATA[java.sql.SQLSyntaxErrorException: ORA-00936: missing expression

at oracle.jdbc.driver.T4CTTIoer11.processError(T4CTTIoer11.java:629)
at oracle.jdbc.driver.T4CTTIoer11.processError(T4CTTIoer11.java:563)
at oracle.jdbc.driver.T4C8Oall.processError(T4C8Oall.java:1150)
at oracle.jdbc.driver.T4CTTIfun.receive(T4CTTIfun.java:770)
at oracle.jdbc.driver.T4CTTIfun.doRPC(T4CTTIfun.java:298)
at oracle.jdbc.driver.T4C8Oall.doOALL(T4C8Oall.java:497)
at oracle.jdbc.driver.T4CStatement.doOall8(T4CStatement.java:111)
at oracle.jdbc.driver.T4CStatement.executeForDescribe(T4CStatement.java:895)
at oracle.jdbc.driver.OracleStatement.prepareDefineBufferAndExecute(OracleStatement.java:1171)
at oracle.jdbc.driver.OracleStatement.executeMaybeDescribe(OracleStatement.java:1100)
at oracle.jdbc.driver.OracleStatement.executeSQLSelect(OracleStatement.java:1425)
at oracle.jdbc.driver.OracleStatement.doExecuteWithTimeout(OracleStatement.java:1308)
at oracle.jdbc.driver.OracleStatement.executeQuery(OracleStatement.java:1712)
at oracle.jdbc.driver.OracleStatementWrapper.executeQuery(OracleStatementWrapper.java:393)
at com.etl.common.database.DatabaseUtils.getColumnValues(DatabaseUtils.java:253)
at com.etl.common.database.DatabaseUtils.getDiffResultQueries(DatabaseUtils.java:237)
at com.etl.test.testscripts.TestCycIntf.CYCINTF_42__CYC_INTF__CYC_NM_Addnewrecorddata(TestCycIntf.java:977)
at java.base/jdk.internal.reflect.DirectMethodHandleAccessor.invoke(DirectMethodHandleAccessor.java:104)
at java.base/java.lang.reflect.Method.invoke(Method.java:578)
at org.testng.internal.MethodInvocationHelper.invokeMethod(MethodInvocationHelper.java:133)
at org.testng.internal.TestInvoker.invokeMethod(TestInvoker.java:598)
at org.testng.internal.TestInvoker.invokeTestMethod(TestInvoker.java:173)
at org.testng.internal.MethodRunner.runInSequence(MethodRunner.java:46)
at org.testng.internal.TestInvoker$MethodInvocationAgent.invoke(TestInvoker.java:824)
at org.testng.internal.TestInvoker.invokeTestMethods(TestInvoker.java:146)
at org.testng.internal.TestMethodWorker.invokeTestMethods(TestMethodWorker.java:146)
at org.testng.internal.TestMethodWorker.run(TestMethodWorker.java:128)
at java.base/java.util.ArrayList.forEach(ArrayList.java:1511)
at org.testng.TestRunner.privateRun(TestRunner.java:794)
at org.testng.TestRunner.run(TestRunner.java:596)
at org.testng.SuiteRunner.runTest(SuiteRunner.java:377)
at org.testng.SuiteRunner.runSequentially(SuiteRunner.java:371)
at org.testng.SuiteRunner.privateRun(SuiteRunner.java:332)
at org.testng.SuiteRunner.run(SuiteRunner.java:276)
at org.testng.SuiteRunnerWorker.runSuite(SuiteRunnerWorker.java:53)
at org.testng.SuiteRunnerWorker.run(SuiteRunnerWorker.java:96)
at org.testng.TestNG.runSuitesSequentially(TestNG.java:1212)
at org.testng.TestNG.runSuitesSequentially(TestNG.java:1207)
at org.testng.TestNG.runSuitesLocally(TestNG.java:1134)
at org.testng.TestNG.runSuites(TestNG.java:1063)
at org.testng.TestNG.run(TestNG.java:1031)
at org.testng.remote.AbstractRemoteTestNG.run(AbstractRemoteTestNG.java:115)
at org.testng.remote.RemoteTestNG.initAndRun(RemoteTestNG.java:251)
at org.testng.remote.RemoteTestNG.main(RemoteTestNG.java:77)
Caused by: Error : 936, Position : 73, Sql = select UNQ_ID_IN_SRC_STM, CYC_NM from CYC_INTF where UNQ_ID_IN_SRC_STM = , OriginalSql = select UNQ_ID_IN_SRC_STM, CYC_NM from CYC_INTF where UNQ_ID_IN_SRC_STM = , Error Msg = ORA-00936: missing expression

at oracle.jdbc.driver.T4CTTIoer11.processError(T4CTTIoer11.java:636)
... 43 more
]]>
            </full-stacktrace>
          </exception> <!-- java.sql.SQLSyntaxErrorException -->
          <reporter-output>
          </reporter-output>
        </test-method> <!-- CYCINTF_42__CYC_INTF__CYC_NM_Addnewrecorddata -->
        <test-method signature="CYCINTF_43__CYC_INTF__CYC_STT_Addnewrecorddata()[pri:1, instance:com.etl.test.testscripts.TestCycIntf@37858383]" started-at="2022-11-30T17:01:14 ICT" name="CYCINTF_43__CYC_INTF__CYC_STT_Addnewrecorddata" finished-at="2022-11-30T17:01:14 ICT" duration-ms="107" status="FAIL">
          <exception class="java.sql.SQLSyntaxErrorException">
            <message>
              <![CDATA[ORA-00936: missing expression
]]>
            </message>
            <full-stacktrace>
              <![CDATA[java.sql.SQLSyntaxErrorException: ORA-00936: missing expression

at oracle.jdbc.driver.T4CTTIoer11.processError(T4CTTIoer11.java:629)
at oracle.jdbc.driver.T4CTTIoer11.processError(T4CTTIoer11.java:563)
at oracle.jdbc.driver.T4C8Oall.processError(T4C8Oall.java:1150)
at oracle.jdbc.driver.T4CTTIfun.receive(T4CTTIfun.java:770)
at oracle.jdbc.driver.T4CTTIfun.doRPC(T4CTTIfun.java:298)
at oracle.jdbc.driver.T4C8Oall.doOALL(T4C8Oall.java:497)
at oracle.jdbc.driver.T4CStatement.doOall8(T4CStatement.java:111)
at oracle.jdbc.driver.T4CStatement.executeForDescribe(T4CStatement.java:895)
at oracle.jdbc.driver.OracleStatement.prepareDefineBufferAndExecute(OracleStatement.java:1171)
at oracle.jdbc.driver.OracleStatement.executeMaybeDescribe(OracleStatement.java:1100)
at oracle.jdbc.driver.OracleStatement.executeSQLSelect(OracleStatement.java:1425)
at oracle.jdbc.driver.OracleStatement.doExecuteWithTimeout(OracleStatement.java:1308)
at oracle.jdbc.driver.OracleStatement.executeQuery(OracleStatement.java:1712)
at oracle.jdbc.driver.OracleStatementWrapper.executeQuery(OracleStatementWrapper.java:393)
at com.etl.common.database.DatabaseUtils.getColumnValues(DatabaseUtils.java:253)
at com.etl.common.database.DatabaseUtils.getDiffResultQueries(DatabaseUtils.java:237)
at com.etl.test.testscripts.TestCycIntf.CYCINTF_43__CYC_INTF__CYC_STT_Addnewrecorddata(TestCycIntf.java:1000)
at java.base/jdk.internal.reflect.DirectMethodHandleAccessor.invoke(DirectMethodHandleAccessor.java:104)
at java.base/java.lang.reflect.Method.invoke(Method.java:578)
at org.testng.internal.MethodInvocationHelper.invokeMethod(MethodInvocationHelper.java:133)
at org.testng.internal.TestInvoker.invokeMethod(TestInvoker.java:598)
at org.testng.internal.TestInvoker.invokeTestMethod(TestInvoker.java:173)
at org.testng.internal.MethodRunner.runInSequence(MethodRunner.java:46)
at org.testng.internal.TestInvoker$MethodInvocationAgent.invoke(TestInvoker.java:824)
at org.testng.internal.TestInvoker.invokeTestMethods(TestInvoker.java:146)
at org.testng.internal.TestMethodWorker.invokeTestMethods(TestMethodWorker.java:146)
at org.testng.internal.TestMethodWorker.run(TestMethodWorker.java:128)
at java.base/java.util.ArrayList.forEach(ArrayList.java:1511)
at org.testng.TestRunner.privateRun(TestRunner.java:794)
at org.testng.TestRunner.run(TestRunner.java:596)
at org.testng.SuiteRunner.runTest(SuiteRunner.java:377)
at org.testng.SuiteRunner.runSequentially(SuiteRunner.java:371)
at org.testng.SuiteRunner.privateRun(SuiteRunner.java:332)
at org.testng.SuiteRunner.run(SuiteRunner.java:276)
at org.testng.SuiteRunnerWorker.runSuite(SuiteRunnerWorker.java:53)
at org.testng.SuiteRunnerWorker.run(SuiteRunnerWorker.java:96)
at org.testng.TestNG.runSuitesSequentially(TestNG.java:1212)
at org.testng.TestNG.runSuitesSequentially(TestNG.java:1207)
at org.testng.TestNG.runSuitesLocally(TestNG.java:1134)
at org.testng.TestNG.runSuites(TestNG.java:1063)
at org.testng.TestNG.run(TestNG.java:1031)
at org.testng.remote.AbstractRemoteTestNG.run(AbstractRemoteTestNG.java:115)
at org.testng.remote.RemoteTestNG.initAndRun(RemoteTestNG.java:251)
at org.testng.remote.RemoteTestNG.main(RemoteTestNG.java:77)
Caused by: Error : 936, Position : 74, Sql = select UNQ_ID_IN_SRC_STM, CYC_STT from CYC_INTF where UNQ_ID_IN_SRC_STM = , OriginalSql = select UNQ_ID_IN_SRC_STM, CYC_STT from CYC_INTF where UNQ_ID_IN_SRC_STM = , Error Msg = ORA-00936: missing expression

at oracle.jdbc.driver.T4CTTIoer11.processError(T4CTTIoer11.java:636)
... 43 more
]]>
            </full-stacktrace>
          </exception> <!-- java.sql.SQLSyntaxErrorException -->
          <reporter-output>
          </reporter-output>
        </test-method> <!-- CYCINTF_43__CYC_INTF__CYC_STT_Addnewrecorddata -->
        <test-method signature="CYCINTF_44__CYC_INTF__SRC_STM_CODE_Addnewrecorddata()[pri:1, instance:com.etl.test.testscripts.TestCycIntf@37858383]" started-at="2022-11-30T17:01:14 ICT" name="CYCINTF_44__CYC_INTF__SRC_STM_CODE_Addnewrecorddata" finished-at="2022-11-30T17:01:15 ICT" duration-ms="105" status="FAIL">
          <exception class="java.sql.SQLSyntaxErrorException">
            <message>
              <![CDATA[ORA-00936: missing expression
]]>
            </message>
            <full-stacktrace>
              <![CDATA[java.sql.SQLSyntaxErrorException: ORA-00936: missing expression

at oracle.jdbc.driver.T4CTTIoer11.processError(T4CTTIoer11.java:629)
at oracle.jdbc.driver.T4CTTIoer11.processError(T4CTTIoer11.java:563)
at oracle.jdbc.driver.T4C8Oall.processError(T4C8Oall.java:1150)
at oracle.jdbc.driver.T4CTTIfun.receive(T4CTTIfun.java:770)
at oracle.jdbc.driver.T4CTTIfun.doRPC(T4CTTIfun.java:298)
at oracle.jdbc.driver.T4C8Oall.doOALL(T4C8Oall.java:497)
at oracle.jdbc.driver.T4CStatement.doOall8(T4CStatement.java:111)
at oracle.jdbc.driver.T4CStatement.executeForDescribe(T4CStatement.java:895)
at oracle.jdbc.driver.OracleStatement.prepareDefineBufferAndExecute(OracleStatement.java:1171)
at oracle.jdbc.driver.OracleStatement.executeMaybeDescribe(OracleStatement.java:1100)
at oracle.jdbc.driver.OracleStatement.executeSQLSelect(OracleStatement.java:1425)
at oracle.jdbc.driver.OracleStatement.doExecuteWithTimeout(OracleStatement.java:1308)
at oracle.jdbc.driver.OracleStatement.executeQuery(OracleStatement.java:1712)
at oracle.jdbc.driver.OracleStatementWrapper.executeQuery(OracleStatementWrapper.java:393)
at com.etl.common.database.DatabaseUtils.getColumnValues(DatabaseUtils.java:253)
at com.etl.common.database.DatabaseUtils.getDiffResultQueries(DatabaseUtils.java:237)
at com.etl.test.testscripts.TestCycIntf.CYCINTF_44__CYC_INTF__SRC_STM_CODE_Addnewrecorddata(TestCycIntf.java:1023)
at java.base/jdk.internal.reflect.DirectMethodHandleAccessor.invoke(DirectMethodHandleAccessor.java:104)
at java.base/java.lang.reflect.Method.invoke(Method.java:578)
at org.testng.internal.MethodInvocationHelper.invokeMethod(MethodInvocationHelper.java:133)
at org.testng.internal.TestInvoker.invokeMethod(TestInvoker.java:598)
at org.testng.internal.TestInvoker.invokeTestMethod(TestInvoker.java:173)
at org.testng.internal.MethodRunner.runInSequence(MethodRunner.java:46)
at org.testng.internal.TestInvoker$MethodInvocationAgent.invoke(TestInvoker.java:824)
at org.testng.internal.TestInvoker.invokeTestMethods(TestInvoker.java:146)
at org.testng.internal.TestMethodWorker.invokeTestMethods(TestMethodWorker.java:146)
at org.testng.internal.TestMethodWorker.run(TestMethodWorker.java:128)
at java.base/java.util.ArrayList.forEach(ArrayList.java:1511)
at org.testng.TestRunner.privateRun(TestRunner.java:794)
at org.testng.TestRunner.run(TestRunner.java:596)
at org.testng.SuiteRunner.runTest(SuiteRunner.java:377)
at org.testng.SuiteRunner.runSequentially(SuiteRunner.java:371)
at org.testng.SuiteRunner.privateRun(SuiteRunner.java:332)
at org.testng.SuiteRunner.run(SuiteRunner.java:276)
at org.testng.SuiteRunnerWorker.runSuite(SuiteRunnerWorker.java:53)
at org.testng.SuiteRunnerWorker.run(SuiteRunnerWorker.java:96)
at org.testng.TestNG.runSuitesSequentially(TestNG.java:1212)
at org.testng.TestNG.runSuitesSequentially(TestNG.java:1207)
at org.testng.TestNG.runSuitesLocally(TestNG.java:1134)
at org.testng.TestNG.runSuites(TestNG.java:1063)
at org.testng.TestNG.run(TestNG.java:1031)
at org.testng.remote.AbstractRemoteTestNG.run(AbstractRemoteTestNG.java:115)
at org.testng.remote.RemoteTestNG.initAndRun(RemoteTestNG.java:251)
at org.testng.remote.RemoteTestNG.main(RemoteTestNG.java:77)
Caused by: Error : 936, Position : 79, Sql = select UNQ_ID_IN_SRC_STM, SRC_STM_CODE from CYC_INTF where UNQ_ID_IN_SRC_STM = , OriginalSql = select UNQ_ID_IN_SRC_STM, SRC_STM_CODE from CYC_INTF where UNQ_ID_IN_SRC_STM = , Error Msg = ORA-00936: missing expression

at oracle.jdbc.driver.T4CTTIoer11.processError(T4CTTIoer11.java:636)
... 43 more
]]>
            </full-stacktrace>
          </exception> <!-- java.sql.SQLSyntaxErrorException -->
          <reporter-output>
          </reporter-output>
        </test-method> <!-- CYCINTF_44__CYC_INTF__SRC_STM_CODE_Addnewrecorddata -->
        <test-method signature="CYCINTF_45__CYC_INTF__SRC_STM_NM_Addnewrecorddata()[pri:1, instance:com.etl.test.testscripts.TestCycIntf@37858383]" started-at="2022-11-30T17:01:15 ICT" name="CYCINTF_45__CYC_INTF__SRC_STM_NM_Addnewrecorddata" finished-at="2022-11-30T17:01:15 ICT" duration-ms="102" status="FAIL">
          <exception class="java.sql.SQLSyntaxErrorException">
            <message>
              <![CDATA[ORA-00936: missing expression
]]>
            </message>
            <full-stacktrace>
              <![CDATA[java.sql.SQLSyntaxErrorException: ORA-00936: missing expression

at oracle.jdbc.driver.T4CTTIoer11.processError(T4CTTIoer11.java:629)
at oracle.jdbc.driver.T4CTTIoer11.processError(T4CTTIoer11.java:563)
at oracle.jdbc.driver.T4C8Oall.processError(T4C8Oall.java:1150)
at oracle.jdbc.driver.T4CTTIfun.receive(T4CTTIfun.java:770)
at oracle.jdbc.driver.T4CTTIfun.doRPC(T4CTTIfun.java:298)
at oracle.jdbc.driver.T4C8Oall.doOALL(T4C8Oall.java:497)
at oracle.jdbc.driver.T4CStatement.doOall8(T4CStatement.java:111)
at oracle.jdbc.driver.T4CStatement.executeForDescribe(T4CStatement.java:895)
at oracle.jdbc.driver.OracleStatement.prepareDefineBufferAndExecute(OracleStatement.java:1171)
at oracle.jdbc.driver.OracleStatement.executeMaybeDescribe(OracleStatement.java:1100)
at oracle.jdbc.driver.OracleStatement.executeSQLSelect(OracleStatement.java:1425)
at oracle.jdbc.driver.OracleStatement.doExecuteWithTimeout(OracleStatement.java:1308)
at oracle.jdbc.driver.OracleStatement.executeQuery(OracleStatement.java:1712)
at oracle.jdbc.driver.OracleStatementWrapper.executeQuery(OracleStatementWrapper.java:393)
at com.etl.common.database.DatabaseUtils.getColumnValues(DatabaseUtils.java:253)
at com.etl.common.database.DatabaseUtils.getDiffResultQueries(DatabaseUtils.java:237)
at com.etl.test.testscripts.TestCycIntf.CYCINTF_45__CYC_INTF__SRC_STM_NM_Addnewrecorddata(TestCycIntf.java:1046)
at java.base/jdk.internal.reflect.DirectMethodHandleAccessor.invoke(DirectMethodHandleAccessor.java:104)
at java.base/java.lang.reflect.Method.invoke(Method.java:578)
at org.testng.internal.MethodInvocationHelper.invokeMethod(MethodInvocationHelper.java:133)
at org.testng.internal.TestInvoker.invokeMethod(TestInvoker.java:598)
at org.testng.internal.TestInvoker.invokeTestMethod(TestInvoker.java:173)
at org.testng.internal.MethodRunner.runInSequence(MethodRunner.java:46)
at org.testng.internal.TestInvoker$MethodInvocationAgent.invoke(TestInvoker.java:824)
at org.testng.internal.TestInvoker.invokeTestMethods(TestInvoker.java:146)
at org.testng.internal.TestMethodWorker.invokeTestMethods(TestMethodWorker.java:146)
at org.testng.internal.TestMethodWorker.run(TestMethodWorker.java:128)
at java.base/java.util.ArrayList.forEach(ArrayList.java:1511)
at org.testng.TestRunner.privateRun(TestRunner.java:794)
at org.testng.TestRunner.run(TestRunner.java:596)
at org.testng.SuiteRunner.runTest(SuiteRunner.java:377)
at org.testng.SuiteRunner.runSequentially(SuiteRunner.java:371)
at org.testng.SuiteRunner.privateRun(SuiteRunner.java:332)
at org.testng.SuiteRunner.run(SuiteRunner.java:276)
at org.testng.SuiteRunnerWorker.runSuite(SuiteRunnerWorker.java:53)
at org.testng.SuiteRunnerWorker.run(SuiteRunnerWorker.java:96)
at org.testng.TestNG.runSuitesSequentially(TestNG.java:1212)
at org.testng.TestNG.runSuitesSequentially(TestNG.java:1207)
at org.testng.TestNG.runSuitesLocally(TestNG.java:1134)
at org.testng.TestNG.runSuites(TestNG.java:1063)
at org.testng.TestNG.run(TestNG.java:1031)
at org.testng.remote.AbstractRemoteTestNG.run(AbstractRemoteTestNG.java:115)
at org.testng.remote.RemoteTestNG.initAndRun(RemoteTestNG.java:251)
at org.testng.remote.RemoteTestNG.main(RemoteTestNG.java:77)
Caused by: Error : 936, Position : 77, Sql = select UNQ_ID_IN_SRC_STM, SRC_STM_NM from CYC_INTF where UNQ_ID_IN_SRC_STM = , OriginalSql = select UNQ_ID_IN_SRC_STM, SRC_STM_NM from CYC_INTF where UNQ_ID_IN_SRC_STM = , Error Msg = ORA-00936: missing expression

at oracle.jdbc.driver.T4CTTIoer11.processError(T4CTTIoer11.java:636)
... 43 more
]]>
            </full-stacktrace>
          </exception> <!-- java.sql.SQLSyntaxErrorException -->
          <reporter-output>
          </reporter-output>
        </test-method> <!-- CYCINTF_45__CYC_INTF__SRC_STM_NM_Addnewrecorddata -->
        <test-method signature="CYCINTF_46__CYC_INTF__PCS_DT_Addnewrecorddata()[pri:1, instance:com.etl.test.testscripts.TestCycIntf@37858383]" started-at="2022-11-30T17:01:15 ICT" name="CYCINTF_46__CYC_INTF__PCS_DT_Addnewrecorddata" finished-at="2022-11-30T17:01:15 ICT" duration-ms="144" status="FAIL">
          <exception class="java.sql.SQLSyntaxErrorException">
            <message>
              <![CDATA[ORA-00936: missing expression
]]>
            </message>
            <full-stacktrace>
              <![CDATA[java.sql.SQLSyntaxErrorException: ORA-00936: missing expression

at oracle.jdbc.driver.T4CTTIoer11.processError(T4CTTIoer11.java:629)
at oracle.jdbc.driver.T4CTTIoer11.processError(T4CTTIoer11.java:563)
at oracle.jdbc.driver.T4C8Oall.processError(T4C8Oall.java:1150)
at oracle.jdbc.driver.T4CTTIfun.receive(T4CTTIfun.java:770)
at oracle.jdbc.driver.T4CTTIfun.doRPC(T4CTTIfun.java:298)
at oracle.jdbc.driver.T4C8Oall.doOALL(T4C8Oall.java:497)
at oracle.jdbc.driver.T4CStatement.doOall8(T4CStatement.java:111)
at oracle.jdbc.driver.T4CStatement.executeForDescribe(T4CStatement.java:895)
at oracle.jdbc.driver.OracleStatement.prepareDefineBufferAndExecute(OracleStatement.java:1171)
at oracle.jdbc.driver.OracleStatement.executeMaybeDescribe(OracleStatement.java:1100)
at oracle.jdbc.driver.OracleStatement.executeSQLSelect(OracleStatement.java:1425)
at oracle.jdbc.driver.OracleStatement.doExecuteWithTimeout(OracleStatement.java:1308)
at oracle.jdbc.driver.OracleStatement.executeQuery(OracleStatement.java:1712)
at oracle.jdbc.driver.OracleStatementWrapper.executeQuery(OracleStatementWrapper.java:393)
at com.etl.common.database.DatabaseUtils.getColumnValues(DatabaseUtils.java:253)
at com.etl.common.database.DatabaseUtils.getDiffResultQueries(DatabaseUtils.java:237)
at com.etl.test.testscripts.TestCycIntf.CYCINTF_46__CYC_INTF__PCS_DT_Addnewrecorddata(TestCycIntf.java:1069)
at java.base/jdk.internal.reflect.DirectMethodHandleAccessor.invoke(DirectMethodHandleAccessor.java:104)
at java.base/java.lang.reflect.Method.invoke(Method.java:578)
at org.testng.internal.MethodInvocationHelper.invokeMethod(MethodInvocationHelper.java:133)
at org.testng.internal.TestInvoker.invokeMethod(TestInvoker.java:598)
at org.testng.internal.TestInvoker.invokeTestMethod(TestInvoker.java:173)
at org.testng.internal.MethodRunner.runInSequence(MethodRunner.java:46)
at org.testng.internal.TestInvoker$MethodInvocationAgent.invoke(TestInvoker.java:824)
at org.testng.internal.TestInvoker.invokeTestMethods(TestInvoker.java:146)
at org.testng.internal.TestMethodWorker.invokeTestMethods(TestMethodWorker.java:146)
at org.testng.internal.TestMethodWorker.run(TestMethodWorker.java:128)
at java.base/java.util.ArrayList.forEach(ArrayList.java:1511)
at org.testng.TestRunner.privateRun(TestRunner.java:794)
at org.testng.TestRunner.run(TestRunner.java:596)
at org.testng.SuiteRunner.runTest(SuiteRunner.java:377)
at org.testng.SuiteRunner.runSequentially(SuiteRunner.java:371)
at org.testng.SuiteRunner.privateRun(SuiteRunner.java:332)
at org.testng.SuiteRunner.run(SuiteRunner.java:276)
at org.testng.SuiteRunnerWorker.runSuite(SuiteRunnerWorker.java:53)
at org.testng.SuiteRunnerWorker.run(SuiteRunnerWorker.java:96)
at org.testng.TestNG.runSuitesSequentially(TestNG.java:1212)
at org.testng.TestNG.runSuitesSequentially(TestNG.java:1207)
at org.testng.TestNG.runSuitesLocally(TestNG.java:1134)
at org.testng.TestNG.runSuites(TestNG.java:1063)
at org.testng.TestNG.run(TestNG.java:1031)
at org.testng.remote.AbstractRemoteTestNG.run(AbstractRemoteTestNG.java:115)
at org.testng.remote.RemoteTestNG.initAndRun(RemoteTestNG.java:251)
at org.testng.remote.RemoteTestNG.main(RemoteTestNG.java:77)
Caused by: Error : 936, Position : 73, Sql = select UNQ_ID_IN_SRC_STM, PCS_DT from CYC_INTF where UNQ_ID_IN_SRC_STM = , OriginalSql = select UNQ_ID_IN_SRC_STM, PCS_DT from CYC_INTF where UNQ_ID_IN_SRC_STM = , Error Msg = ORA-00936: missing expression

at oracle.jdbc.driver.T4CTTIoer11.processError(T4CTTIoer11.java:636)
... 43 more
]]>
            </full-stacktrace>
          </exception> <!-- java.sql.SQLSyntaxErrorException -->
          <reporter-output>
          </reporter-output>
        </test-method> <!-- CYCINTF_46__CYC_INTF__PCS_DT_Addnewrecorddata -->
        <test-method signature="CYCINTF_47__CYC_INTF__CRN_ROW_IND_Addnewrecorddata()[pri:1, instance:com.etl.test.testscripts.TestCycIntf@37858383]" started-at="2022-11-30T17:01:15 ICT" name="CYCINTF_47__CYC_INTF__CRN_ROW_IND_Addnewrecorddata" finished-at="2022-11-30T17:01:15 ICT" duration-ms="104" status="FAIL">
          <exception class="java.sql.SQLSyntaxErrorException">
            <message>
              <![CDATA[ORA-00936: missing expression
]]>
            </message>
            <full-stacktrace>
              <![CDATA[java.sql.SQLSyntaxErrorException: ORA-00936: missing expression

at oracle.jdbc.driver.T4CTTIoer11.processError(T4CTTIoer11.java:629)
at oracle.jdbc.driver.T4CTTIoer11.processError(T4CTTIoer11.java:563)
at oracle.jdbc.driver.T4C8Oall.processError(T4C8Oall.java:1150)
at oracle.jdbc.driver.T4CTTIfun.receive(T4CTTIfun.java:770)
at oracle.jdbc.driver.T4CTTIfun.doRPC(T4CTTIfun.java:298)
at oracle.jdbc.driver.T4C8Oall.doOALL(T4C8Oall.java:497)
at oracle.jdbc.driver.T4CStatement.doOall8(T4CStatement.java:111)
at oracle.jdbc.driver.T4CStatement.executeForDescribe(T4CStatement.java:895)
at oracle.jdbc.driver.OracleStatement.prepareDefineBufferAndExecute(OracleStatement.java:1171)
at oracle.jdbc.driver.OracleStatement.executeMaybeDescribe(OracleStatement.java:1100)
at oracle.jdbc.driver.OracleStatement.executeSQLSelect(OracleStatement.java:1425)
at oracle.jdbc.driver.OracleStatement.doExecuteWithTimeout(OracleStatement.java:1308)
at oracle.jdbc.driver.OracleStatement.executeQuery(OracleStatement.java:1712)
at oracle.jdbc.driver.OracleStatementWrapper.executeQuery(OracleStatementWrapper.java:393)
at com.etl.common.database.DatabaseUtils.getColumnValues(DatabaseUtils.java:253)
at com.etl.common.database.DatabaseUtils.getDiffResultQueries(DatabaseUtils.java:237)
at com.etl.test.testscripts.TestCycIntf.CYCINTF_47__CYC_INTF__CRN_ROW_IND_Addnewrecorddata(TestCycIntf.java:1092)
at java.base/jdk.internal.reflect.DirectMethodHandleAccessor.invoke(DirectMethodHandleAccessor.java:104)
at java.base/java.lang.reflect.Method.invoke(Method.java:578)
at org.testng.internal.MethodInvocationHelper.invokeMethod(MethodInvocationHelper.java:133)
at org.testng.internal.TestInvoker.invokeMethod(TestInvoker.java:598)
at org.testng.internal.TestInvoker.invokeTestMethod(TestInvoker.java:173)
at org.testng.internal.MethodRunner.runInSequence(MethodRunner.java:46)
at org.testng.internal.TestInvoker$MethodInvocationAgent.invoke(TestInvoker.java:824)
at org.testng.internal.TestInvoker.invokeTestMethods(TestInvoker.java:146)
at org.testng.internal.TestMethodWorker.invokeTestMethods(TestMethodWorker.java:146)
at org.testng.internal.TestMethodWorker.run(TestMethodWorker.java:128)
at java.base/java.util.ArrayList.forEach(ArrayList.java:1511)
at org.testng.TestRunner.privateRun(TestRunner.java:794)
at org.testng.TestRunner.run(TestRunner.java:596)
at org.testng.SuiteRunner.runTest(SuiteRunner.java:377)
at org.testng.SuiteRunner.runSequentially(SuiteRunner.java:371)
at org.testng.SuiteRunner.privateRun(SuiteRunner.java:332)
at org.testng.SuiteRunner.run(SuiteRunner.java:276)
at org.testng.SuiteRunnerWorker.runSuite(SuiteRunnerWorker.java:53)
at org.testng.SuiteRunnerWorker.run(SuiteRunnerWorker.java:96)
at org.testng.TestNG.runSuitesSequentially(TestNG.java:1212)
at org.testng.TestNG.runSuitesSequentially(TestNG.java:1207)
at org.testng.TestNG.runSuitesLocally(TestNG.java:1134)
at org.testng.TestNG.runSuites(TestNG.java:1063)
at org.testng.TestNG.run(TestNG.java:1031)
at org.testng.remote.AbstractRemoteTestNG.run(AbstractRemoteTestNG.java:115)
at org.testng.remote.RemoteTestNG.initAndRun(RemoteTestNG.java:251)
at org.testng.remote.RemoteTestNG.main(RemoteTestNG.java:77)
Caused by: Error : 936, Position : 78, Sql = select UNQ_ID_IN_SRC_STM, CRN_ROW_IND from CYC_INTF where UNQ_ID_IN_SRC_STM = , OriginalSql = select UNQ_ID_IN_SRC_STM, CRN_ROW_IND from CYC_INTF where UNQ_ID_IN_SRC_STM = , Error Msg = ORA-00936: missing expression

at oracle.jdbc.driver.T4CTTIoer11.processError(T4CTTIoer11.java:636)
... 43 more
]]>
            </full-stacktrace>
          </exception> <!-- java.sql.SQLSyntaxErrorException -->
          <reporter-output>
          </reporter-output>
        </test-method> <!-- CYCINTF_47__CYC_INTF__CRN_ROW_IND_Addnewrecorddata -->
        <test-method signature="CYCINTF_48__CYC_INTF__EFF_FM_TMS_Addnewrecorddata()[pri:1, instance:com.etl.test.testscripts.TestCycIntf@37858383]" started-at="2022-11-30T17:01:15 ICT" name="CYCINTF_48__CYC_INTF__EFF_FM_TMS_Addnewrecorddata" finished-at="2022-11-30T17:01:15 ICT" duration-ms="96" status="FAIL">
          <exception class="java.sql.SQLSyntaxErrorException">
            <message>
              <![CDATA[ORA-00936: missing expression
]]>
            </message>
            <full-stacktrace>
              <![CDATA[java.sql.SQLSyntaxErrorException: ORA-00936: missing expression

at oracle.jdbc.driver.T4CTTIoer11.processError(T4CTTIoer11.java:629)
at oracle.jdbc.driver.T4CTTIoer11.processError(T4CTTIoer11.java:563)
at oracle.jdbc.driver.T4C8Oall.processError(T4C8Oall.java:1150)
at oracle.jdbc.driver.T4CTTIfun.receive(T4CTTIfun.java:770)
at oracle.jdbc.driver.T4CTTIfun.doRPC(T4CTTIfun.java:298)
at oracle.jdbc.driver.T4C8Oall.doOALL(T4C8Oall.java:497)
at oracle.jdbc.driver.T4CStatement.doOall8(T4CStatement.java:111)
at oracle.jdbc.driver.T4CStatement.executeForDescribe(T4CStatement.java:895)
at oracle.jdbc.driver.OracleStatement.prepareDefineBufferAndExecute(OracleStatement.java:1171)
at oracle.jdbc.driver.OracleStatement.executeMaybeDescribe(OracleStatement.java:1100)
at oracle.jdbc.driver.OracleStatement.executeSQLSelect(OracleStatement.java:1425)
at oracle.jdbc.driver.OracleStatement.doExecuteWithTimeout(OracleStatement.java:1308)
at oracle.jdbc.driver.OracleStatement.executeQuery(OracleStatement.java:1712)
at oracle.jdbc.driver.OracleStatementWrapper.executeQuery(OracleStatementWrapper.java:393)
at com.etl.common.database.DatabaseUtils.getColumnValues(DatabaseUtils.java:253)
at com.etl.common.database.DatabaseUtils.getDiffResultQueries(DatabaseUtils.java:237)
at com.etl.test.testscripts.TestCycIntf.CYCINTF_48__CYC_INTF__EFF_FM_TMS_Addnewrecorddata(TestCycIntf.java:1115)
at java.base/jdk.internal.reflect.DirectMethodHandleAccessor.invoke(DirectMethodHandleAccessor.java:104)
at java.base/java.lang.reflect.Method.invoke(Method.java:578)
at org.testng.internal.MethodInvocationHelper.invokeMethod(MethodInvocationHelper.java:133)
at org.testng.internal.TestInvoker.invokeMethod(TestInvoker.java:598)
at org.testng.internal.TestInvoker.invokeTestMethod(TestInvoker.java:173)
at org.testng.internal.MethodRunner.runInSequence(MethodRunner.java:46)
at org.testng.internal.TestInvoker$MethodInvocationAgent.invoke(TestInvoker.java:824)
at org.testng.internal.TestInvoker.invokeTestMethods(TestInvoker.java:146)
at org.testng.internal.TestMethodWorker.invokeTestMethods(TestMethodWorker.java:146)
at org.testng.internal.TestMethodWorker.run(TestMethodWorker.java:128)
at java.base/java.util.ArrayList.forEach(ArrayList.java:1511)
at org.testng.TestRunner.privateRun(TestRunner.java:794)
at org.testng.TestRunner.run(TestRunner.java:596)
at org.testng.SuiteRunner.runTest(SuiteRunner.java:377)
at org.testng.SuiteRunner.runSequentially(SuiteRunner.java:371)
at org.testng.SuiteRunner.privateRun(SuiteRunner.java:332)
at org.testng.SuiteRunner.run(SuiteRunner.java:276)
at org.testng.SuiteRunnerWorker.runSuite(SuiteRunnerWorker.java:53)
at org.testng.SuiteRunnerWorker.run(SuiteRunnerWorker.java:96)
at org.testng.TestNG.runSuitesSequentially(TestNG.java:1212)
at org.testng.TestNG.runSuitesSequentially(TestNG.java:1207)
at org.testng.TestNG.runSuitesLocally(TestNG.java:1134)
at org.testng.TestNG.runSuites(TestNG.java:1063)
at org.testng.TestNG.run(TestNG.java:1031)
at org.testng.remote.AbstractRemoteTestNG.run(AbstractRemoteTestNG.java:115)
at org.testng.remote.RemoteTestNG.initAndRun(RemoteTestNG.java:251)
at org.testng.remote.RemoteTestNG.main(RemoteTestNG.java:77)
Caused by: Error : 936, Position : 77, Sql = select UNQ_ID_IN_SRC_STM, EFF_FM_TMS from CYC_INTF where UNQ_ID_IN_SRC_STM = , OriginalSql = select UNQ_ID_IN_SRC_STM, EFF_FM_TMS from CYC_INTF where UNQ_ID_IN_SRC_STM = , Error Msg = ORA-00936: missing expression

at oracle.jdbc.driver.T4CTTIoer11.processError(T4CTTIoer11.java:636)
... 43 more
]]>
            </full-stacktrace>
          </exception> <!-- java.sql.SQLSyntaxErrorException -->
          <reporter-output>
          </reporter-output>
        </test-method> <!-- CYCINTF_48__CYC_INTF__EFF_FM_TMS_Addnewrecorddata -->
        <test-method signature="CYCINTF_49__CYC_INTF__EFF_TO_TMS_Addnewrecorddata()[pri:1, instance:com.etl.test.testscripts.TestCycIntf@37858383]" started-at="2022-11-30T17:01:15 ICT" name="CYCINTF_49__CYC_INTF__EFF_TO_TMS_Addnewrecorddata" finished-at="2022-11-30T17:01:15 ICT" duration-ms="108" status="FAIL">
          <exception class="java.sql.SQLSyntaxErrorException">
            <message>
              <![CDATA[ORA-00936: missing expression
]]>
            </message>
            <full-stacktrace>
              <![CDATA[java.sql.SQLSyntaxErrorException: ORA-00936: missing expression

at oracle.jdbc.driver.T4CTTIoer11.processError(T4CTTIoer11.java:629)
at oracle.jdbc.driver.T4CTTIoer11.processError(T4CTTIoer11.java:563)
at oracle.jdbc.driver.T4C8Oall.processError(T4C8Oall.java:1150)
at oracle.jdbc.driver.T4CTTIfun.receive(T4CTTIfun.java:770)
at oracle.jdbc.driver.T4CTTIfun.doRPC(T4CTTIfun.java:298)
at oracle.jdbc.driver.T4C8Oall.doOALL(T4C8Oall.java:497)
at oracle.jdbc.driver.T4CStatement.doOall8(T4CStatement.java:111)
at oracle.jdbc.driver.T4CStatement.executeForDescribe(T4CStatement.java:895)
at oracle.jdbc.driver.OracleStatement.prepareDefineBufferAndExecute(OracleStatement.java:1171)
at oracle.jdbc.driver.OracleStatement.executeMaybeDescribe(OracleStatement.java:1100)
at oracle.jdbc.driver.OracleStatement.executeSQLSelect(OracleStatement.java:1425)
at oracle.jdbc.driver.OracleStatement.doExecuteWithTimeout(OracleStatement.java:1308)
at oracle.jdbc.driver.OracleStatement.executeQuery(OracleStatement.java:1712)
at oracle.jdbc.driver.OracleStatementWrapper.executeQuery(OracleStatementWrapper.java:393)
at com.etl.common.database.DatabaseUtils.getColumnValues(DatabaseUtils.java:253)
at com.etl.common.database.DatabaseUtils.getDiffResultQueries(DatabaseUtils.java:237)
at com.etl.test.testscripts.TestCycIntf.CYCINTF_49__CYC_INTF__EFF_TO_TMS_Addnewrecorddata(TestCycIntf.java:1138)
at java.base/jdk.internal.reflect.DirectMethodHandleAccessor.invoke(DirectMethodHandleAccessor.java:104)
at java.base/java.lang.reflect.Method.invoke(Method.java:578)
at org.testng.internal.MethodInvocationHelper.invokeMethod(MethodInvocationHelper.java:133)
at org.testng.internal.TestInvoker.invokeMethod(TestInvoker.java:598)
at org.testng.internal.TestInvoker.invokeTestMethod(TestInvoker.java:173)
at org.testng.internal.MethodRunner.runInSequence(MethodRunner.java:46)
at org.testng.internal.TestInvoker$MethodInvocationAgent.invoke(TestInvoker.java:824)
at org.testng.internal.TestInvoker.invokeTestMethods(TestInvoker.java:146)
at org.testng.internal.TestMethodWorker.invokeTestMethods(TestMethodWorker.java:146)
at org.testng.internal.TestMethodWorker.run(TestMethodWorker.java:128)
at java.base/java.util.ArrayList.forEach(ArrayList.java:1511)
at org.testng.TestRunner.privateRun(TestRunner.java:794)
at org.testng.TestRunner.run(TestRunner.java:596)
at org.testng.SuiteRunner.runTest(SuiteRunner.java:377)
at org.testng.SuiteRunner.runSequentially(SuiteRunner.java:371)
at org.testng.SuiteRunner.privateRun(SuiteRunner.java:332)
at org.testng.SuiteRunner.run(SuiteRunner.java:276)
at org.testng.SuiteRunnerWorker.runSuite(SuiteRunnerWorker.java:53)
at org.testng.SuiteRunnerWorker.run(SuiteRunnerWorker.java:96)
at org.testng.TestNG.runSuitesSequentially(TestNG.java:1212)
at org.testng.TestNG.runSuitesSequentially(TestNG.java:1207)
at org.testng.TestNG.runSuitesLocally(TestNG.java:1134)
at org.testng.TestNG.runSuites(TestNG.java:1063)
at org.testng.TestNG.run(TestNG.java:1031)
at org.testng.remote.AbstractRemoteTestNG.run(AbstractRemoteTestNG.java:115)
at org.testng.remote.RemoteTestNG.initAndRun(RemoteTestNG.java:251)
at org.testng.remote.RemoteTestNG.main(RemoteTestNG.java:77)
Caused by: Error : 936, Position : 77, Sql = select UNQ_ID_IN_SRC_STM, EFF_TO_TMS from CYC_INTF where UNQ_ID_IN_SRC_STM = , OriginalSql = select UNQ_ID_IN_SRC_STM, EFF_TO_TMS from CYC_INTF where UNQ_ID_IN_SRC_STM = , Error Msg = ORA-00936: missing expression

at oracle.jdbc.driver.T4CTTIoer11.processError(T4CTTIoer11.java:636)
... 43 more
]]>
            </full-stacktrace>
          </exception> <!-- java.sql.SQLSyntaxErrorException -->
          <reporter-output>
          </reporter-output>
        </test-method> <!-- CYCINTF_49__CYC_INTF__EFF_TO_TMS_Addnewrecorddata -->
        <test-method signature="CYCINTF_13__CYC_INTF___CheckUniqueness()[pri:2, instance:com.etl.test.testscripts.TestCycIntf@37858383]" started-at="2022-11-30T17:01:15 ICT" name="CYCINTF_13__CYC_INTF___CheckUniqueness" finished-at="2022-11-30T17:01:15 ICT" duration-ms="1" status="FAIL">
          <exception class="java.sql.SQLException">
            <message>
              <![CDATA[SQL statement to execute cannot be empty or null]]>
            </message>
            <full-stacktrace>
              <![CDATA[java.sql.SQLException: SQL statement to execute cannot be empty or null
at oracle.jdbc.driver.OracleSql.initialize(OracleSql.java:126)
at oracle.jdbc.driver.OracleStatement.executeQuery(OracleStatement.java:1702)
at oracle.jdbc.driver.OracleStatementWrapper.executeQuery(OracleStatementWrapper.java:393)
at com.etl.common.database.DatabaseUtils.getColumnValues(DatabaseUtils.java:253)
at com.etl.common.database.DatabaseUtils.getDiffResultQueries(DatabaseUtils.java:236)
at com.etl.test.testscripts.TestCycIntf.CYCINTF_13__CYC_INTF___CheckUniqueness(TestCycIntf.java:307)
at java.base/jdk.internal.reflect.DirectMethodHandleAccessor.invoke(DirectMethodHandleAccessor.java:104)
at java.base/java.lang.reflect.Method.invoke(Method.java:578)
at org.testng.internal.MethodInvocationHelper.invokeMethod(MethodInvocationHelper.java:133)
at org.testng.internal.TestInvoker.invokeMethod(TestInvoker.java:598)
at org.testng.internal.TestInvoker.invokeTestMethod(TestInvoker.java:173)
at org.testng.internal.MethodRunner.runInSequence(MethodRunner.java:46)
at org.testng.internal.TestInvoker$MethodInvocationAgent.invoke(TestInvoker.java:824)
at org.testng.internal.TestInvoker.invokeTestMethods(TestInvoker.java:146)
at org.testng.internal.TestMethodWorker.invokeTestMethods(TestMethodWorker.java:146)
at org.testng.internal.TestMethodWorker.run(TestMethodWorker.java:128)
at java.base/java.util.ArrayList.forEach(ArrayList.java:1511)
at org.testng.TestRunner.privateRun(TestRunner.java:794)
at org.testng.TestRunner.run(TestRunner.java:596)
at org.testng.SuiteRunner.runTest(SuiteRunner.java:377)
at org.testng.SuiteRunner.runSequentially(SuiteRunner.java:371)
at org.testng.SuiteRunner.privateRun(SuiteRunner.java:332)
at org.testng.SuiteRunner.run(SuiteRunner.java:276)
at org.testng.SuiteRunnerWorker.runSuite(SuiteRunnerWorker.java:53)
at org.testng.SuiteRunnerWorker.run(SuiteRunnerWorker.java:96)
at org.testng.TestNG.runSuitesSequentially(TestNG.java:1212)
at org.testng.TestNG.runSuitesSequentially(TestNG.java:1207)
at org.testng.TestNG.runSuitesLocally(TestNG.java:1134)
at org.testng.TestNG.runSuites(TestNG.java:1063)
at org.testng.TestNG.run(TestNG.java:1031)
at org.testng.remote.AbstractRemoteTestNG.run(AbstractRemoteTestNG.java:115)
at org.testng.remote.RemoteTestNG.initAndRun(RemoteTestNG.java:251)
at org.testng.remote.RemoteTestNG.main(RemoteTestNG.java:77)
]]>
            </full-stacktrace>
          </exception> <!-- java.sql.SQLException -->
          <reporter-output>
          </reporter-output>
        </test-method> <!-- CYCINTF_13__CYC_INTF___CheckUniqueness -->
        <test-method signature="CYCINTF_14__CYC_INTF__CYC_ANCHOR_ID_CheckUniqueness()[pri:2, instance:com.etl.test.testscripts.TestCycIntf@37858383]" started-at="2022-11-30T17:01:15 ICT" name="CYCINTF_14__CYC_INTF__CYC_ANCHOR_ID_CheckUniqueness" finished-at="2022-11-30T17:01:15 ICT" duration-ms="1" status="FAIL">
          <exception class="java.sql.SQLException">
            <message>
              <![CDATA[SQL statement to execute cannot be empty or null]]>
            </message>
            <full-stacktrace>
              <![CDATA[java.sql.SQLException: SQL statement to execute cannot be empty or null
at oracle.jdbc.driver.OracleSql.initialize(OracleSql.java:126)
at oracle.jdbc.driver.OracleStatement.executeQuery(OracleStatement.java:1702)
at oracle.jdbc.driver.OracleStatementWrapper.executeQuery(OracleStatementWrapper.java:393)
at com.etl.common.database.DatabaseUtils.getColumnValues(DatabaseUtils.java:253)
at com.etl.common.database.DatabaseUtils.getDiffResultQueries(DatabaseUtils.java:236)
at com.etl.test.testscripts.TestCycIntf.CYCINTF_14__CYC_INTF__CYC_ANCHOR_ID_CheckUniqueness(TestCycIntf.java:330)
at java.base/jdk.internal.reflect.DirectMethodHandleAccessor.invoke(DirectMethodHandleAccessor.java:104)
at java.base/java.lang.reflect.Method.invoke(Method.java:578)
at org.testng.internal.MethodInvocationHelper.invokeMethod(MethodInvocationHelper.java:133)
at org.testng.internal.TestInvoker.invokeMethod(TestInvoker.java:598)
at org.testng.internal.TestInvoker.invokeTestMethod(TestInvoker.java:173)
at org.testng.internal.MethodRunner.runInSequence(MethodRunner.java:46)
at org.testng.internal.TestInvoker$MethodInvocationAgent.invoke(TestInvoker.java:824)
at org.testng.internal.TestInvoker.invokeTestMethods(TestInvoker.java:146)
at org.testng.internal.TestMethodWorker.invokeTestMethods(TestMethodWorker.java:146)
at org.testng.internal.TestMethodWorker.run(TestMethodWorker.java:128)
at java.base/java.util.ArrayList.forEach(ArrayList.java:1511)
at org.testng.TestRunner.privateRun(TestRunner.java:794)
at org.testng.TestRunner.run(TestRunner.java:596)
at org.testng.SuiteRunner.runTest(SuiteRunner.java:377)
at org.testng.SuiteRunner.runSequentially(SuiteRunner.java:371)
at org.testng.SuiteRunner.privateRun(SuiteRunner.java:332)
at org.testng.SuiteRunner.run(SuiteRunner.java:276)
at org.testng.SuiteRunnerWorker.runSuite(SuiteRunnerWorker.java:53)
at org.testng.SuiteRunnerWorker.run(SuiteRunnerWorker.java:96)
at org.testng.TestNG.runSuitesSequentially(TestNG.java:1212)
at org.testng.TestNG.runSuitesSequentially(TestNG.java:1207)
at org.testng.TestNG.runSuitesLocally(TestNG.java:1134)
at org.testng.TestNG.runSuites(TestNG.java:1063)
at org.testng.TestNG.run(TestNG.java:1031)
at org.testng.remote.AbstractRemoteTestNG.run(AbstractRemoteTestNG.java:115)
at org.testng.remote.RemoteTestNG.initAndRun(RemoteTestNG.java:251)
at org.testng.remote.RemoteTestNG.main(RemoteTestNG.java:77)
]]>
            </full-stacktrace>
          </exception> <!-- java.sql.SQLException -->
          <reporter-output>
          </reporter-output>
        </test-method> <!-- CYCINTF_14__CYC_INTF__CYC_ANCHOR_ID_CheckUniqueness -->
        <test-method signature="CYCINTF_15__CYC_INTF__UNQ_ID_IN_SRC_STM_CheckCompleteness()[pri:2, instance:com.etl.test.testscripts.TestCycIntf@37858383]" started-at="2022-11-30T17:01:15 ICT" name="CYCINTF_15__CYC_INTF__UNQ_ID_IN_SRC_STM_CheckCompleteness" finished-at="2022-11-30T17:01:15 ICT" duration-ms="1" status="FAIL">
          <exception class="java.sql.SQLException">
            <message>
              <![CDATA[SQL statement to execute cannot be empty or null]]>
            </message>
            <full-stacktrace>
              <![CDATA[java.sql.SQLException: SQL statement to execute cannot be empty or null
at oracle.jdbc.driver.OracleSql.initialize(OracleSql.java:126)
at oracle.jdbc.driver.OracleStatement.executeQuery(OracleStatement.java:1702)
at oracle.jdbc.driver.OracleStatementWrapper.executeQuery(OracleStatementWrapper.java:393)
at com.etl.common.database.DatabaseUtils.getColumnValues(DatabaseUtils.java:253)
at com.etl.common.database.DatabaseUtils.getDiffResultQueries(DatabaseUtils.java:236)
at com.etl.test.testscripts.TestCycIntf.CYCINTF_15__CYC_INTF__UNQ_ID_IN_SRC_STM_CheckCompleteness(TestCycIntf.java:353)
at java.base/jdk.internal.reflect.DirectMethodHandleAccessor.invoke(DirectMethodHandleAccessor.java:104)
at java.base/java.lang.reflect.Method.invoke(Method.java:578)
at org.testng.internal.MethodInvocationHelper.invokeMethod(MethodInvocationHelper.java:133)
at org.testng.internal.TestInvoker.invokeMethod(TestInvoker.java:598)
at org.testng.internal.TestInvoker.invokeTestMethod(TestInvoker.java:173)
at org.testng.internal.MethodRunner.runInSequence(MethodRunner.java:46)
at org.testng.internal.TestInvoker$MethodInvocationAgent.invoke(TestInvoker.java:824)
at org.testng.internal.TestInvoker.invokeTestMethods(TestInvoker.java:146)
at org.testng.internal.TestMethodWorker.invokeTestMethods(TestMethodWorker.java:146)
at org.testng.internal.TestMethodWorker.run(TestMethodWorker.java:128)
at java.base/java.util.ArrayList.forEach(ArrayList.java:1511)
at org.testng.TestRunner.privateRun(TestRunner.java:794)
at org.testng.TestRunner.run(TestRunner.java:596)
at org.testng.SuiteRunner.runTest(SuiteRunner.java:377)
at org.testng.SuiteRunner.runSequentially(SuiteRunner.java:371)
at org.testng.SuiteRunner.privateRun(SuiteRunner.java:332)
at org.testng.SuiteRunner.run(SuiteRunner.java:276)
at org.testng.SuiteRunnerWorker.runSuite(SuiteRunnerWorker.java:53)
at org.testng.SuiteRunnerWorker.run(SuiteRunnerWorker.java:96)
at org.testng.TestNG.runSuitesSequentially(TestNG.java:1212)
at org.testng.TestNG.runSuitesSequentially(TestNG.java:1207)
at org.testng.TestNG.runSuitesLocally(TestNG.java:1134)
at org.testng.TestNG.runSuites(TestNG.java:1063)
at org.testng.TestNG.run(TestNG.java:1031)
at org.testng.remote.AbstractRemoteTestNG.run(AbstractRemoteTestNG.java:115)
at org.testng.remote.RemoteTestNG.initAndRun(RemoteTestNG.java:251)
at org.testng.remote.RemoteTestNG.main(RemoteTestNG.java:77)
]]>
            </full-stacktrace>
          </exception> <!-- java.sql.SQLException -->
          <reporter-output>
          </reporter-output>
        </test-method> <!-- CYCINTF_15__CYC_INTF__UNQ_ID_IN_SRC_STM_CheckCompleteness -->
        <test-method signature="CYCINTF_16__CYC_INTF__PCS_DT_CheckCompleteness()[pri:2, instance:com.etl.test.testscripts.TestCycIntf@37858383]" started-at="2022-11-30T17:01:15 ICT" name="CYCINTF_16__CYC_INTF__PCS_DT_CheckCompleteness" finished-at="2022-11-30T17:01:15 ICT" duration-ms="1" status="FAIL">
          <exception class="java.sql.SQLException">
            <message>
              <![CDATA[SQL statement to execute cannot be empty or null]]>
            </message>
            <full-stacktrace>
              <![CDATA[java.sql.SQLException: SQL statement to execute cannot be empty or null
at oracle.jdbc.driver.OracleSql.initialize(OracleSql.java:126)
at oracle.jdbc.driver.OracleStatement.executeQuery(OracleStatement.java:1702)
at oracle.jdbc.driver.OracleStatementWrapper.executeQuery(OracleStatementWrapper.java:393)
at com.etl.common.database.DatabaseUtils.getColumnValues(DatabaseUtils.java:253)
at com.etl.common.database.DatabaseUtils.getDiffResultQueries(DatabaseUtils.java:236)
at com.etl.test.testscripts.TestCycIntf.CYCINTF_16__CYC_INTF__PCS_DT_CheckCompleteness(TestCycIntf.java:376)
at java.base/jdk.internal.reflect.DirectMethodHandleAccessor.invoke(DirectMethodHandleAccessor.java:104)
at java.base/java.lang.reflect.Method.invoke(Method.java:578)
at org.testng.internal.MethodInvocationHelper.invokeMethod(MethodInvocationHelper.java:133)
at org.testng.internal.TestInvoker.invokeMethod(TestInvoker.java:598)
at org.testng.internal.TestInvoker.invokeTestMethod(TestInvoker.java:173)
at org.testng.internal.MethodRunner.runInSequence(MethodRunner.java:46)
at org.testng.internal.TestInvoker$MethodInvocationAgent.invoke(TestInvoker.java:824)
at org.testng.internal.TestInvoker.invokeTestMethods(TestInvoker.java:146)
at org.testng.internal.TestMethodWorker.invokeTestMethods(TestMethodWorker.java:146)
at org.testng.internal.TestMethodWorker.run(TestMethodWorker.java:128)
at java.base/java.util.ArrayList.forEach(ArrayList.java:1511)
at org.testng.TestRunner.privateRun(TestRunner.java:794)
at org.testng.TestRunner.run(TestRunner.java:596)
at org.testng.SuiteRunner.runTest(SuiteRunner.java:377)
at org.testng.SuiteRunner.runSequentially(SuiteRunner.java:371)
at org.testng.SuiteRunner.privateRun(SuiteRunner.java:332)
at org.testng.SuiteRunner.run(SuiteRunner.java:276)
at org.testng.SuiteRunnerWorker.runSuite(SuiteRunnerWorker.java:53)
at org.testng.SuiteRunnerWorker.run(SuiteRunnerWorker.java:96)
at org.testng.TestNG.runSuitesSequentially(TestNG.java:1212)
at org.testng.TestNG.runSuitesSequentially(TestNG.java:1207)
at org.testng.TestNG.runSuitesLocally(TestNG.java:1134)
at org.testng.TestNG.runSuites(TestNG.java:1063)
at org.testng.TestNG.run(TestNG.java:1031)
at org.testng.remote.AbstractRemoteTestNG.run(AbstractRemoteTestNG.java:115)
at org.testng.remote.RemoteTestNG.initAndRun(RemoteTestNG.java:251)
at org.testng.remote.RemoteTestNG.main(RemoteTestNG.java:77)
]]>
            </full-stacktrace>
          </exception> <!-- java.sql.SQLException -->
          <reporter-output>
          </reporter-output>
        </test-method> <!-- CYCINTF_16__CYC_INTF__PCS_DT_CheckCompleteness -->
        <test-method signature="CYCINTF_17__CYC_INTF__PPN_TMS_CheckCompleteness()[pri:2, instance:com.etl.test.testscripts.TestCycIntf@37858383]" started-at="2022-11-30T17:01:15 ICT" name="CYCINTF_17__CYC_INTF__PPN_TMS_CheckCompleteness" finished-at="2022-11-30T17:01:15 ICT" duration-ms="0" status="FAIL">
          <exception class="java.sql.SQLException">
            <message>
              <![CDATA[SQL statement to execute cannot be empty or null]]>
            </message>
            <full-stacktrace>
              <![CDATA[java.sql.SQLException: SQL statement to execute cannot be empty or null
at oracle.jdbc.driver.OracleSql.initialize(OracleSql.java:126)
at oracle.jdbc.driver.OracleStatement.executeQuery(OracleStatement.java:1702)
at oracle.jdbc.driver.OracleStatementWrapper.executeQuery(OracleStatementWrapper.java:393)
at com.etl.common.database.DatabaseUtils.getColumnValues(DatabaseUtils.java:253)
at com.etl.common.database.DatabaseUtils.getDiffResultQueries(DatabaseUtils.java:236)
at com.etl.test.testscripts.TestCycIntf.CYCINTF_17__CYC_INTF__PPN_TMS_CheckCompleteness(TestCycIntf.java:399)
at java.base/jdk.internal.reflect.DirectMethodHandleAccessor.invoke(DirectMethodHandleAccessor.java:104)
at java.base/java.lang.reflect.Method.invoke(Method.java:578)
at org.testng.internal.MethodInvocationHelper.invokeMethod(MethodInvocationHelper.java:133)
at org.testng.internal.TestInvoker.invokeMethod(TestInvoker.java:598)
at org.testng.internal.TestInvoker.invokeTestMethod(TestInvoker.java:173)
at org.testng.internal.MethodRunner.runInSequence(MethodRunner.java:46)
at org.testng.internal.TestInvoker$MethodInvocationAgent.invoke(TestInvoker.java:824)
at org.testng.internal.TestInvoker.invokeTestMethods(TestInvoker.java:146)
at org.testng.internal.TestMethodWorker.invokeTestMethods(TestMethodWorker.java:146)
at org.testng.internal.TestMethodWorker.run(TestMethodWorker.java:128)
at java.base/java.util.ArrayList.forEach(ArrayList.java:1511)
at org.testng.TestRunner.privateRun(TestRunner.java:794)
at org.testng.TestRunner.run(TestRunner.java:596)
at org.testng.SuiteRunner.runTest(SuiteRunner.java:377)
at org.testng.SuiteRunner.runSequentially(SuiteRunner.java:371)
at org.testng.SuiteRunner.privateRun(SuiteRunner.java:332)
at org.testng.SuiteRunner.run(SuiteRunner.java:276)
at org.testng.SuiteRunnerWorker.runSuite(SuiteRunnerWorker.java:53)
at org.testng.SuiteRunnerWorker.run(SuiteRunnerWorker.java:96)
at org.testng.TestNG.runSuitesSequentially(TestNG.java:1212)
at org.testng.TestNG.runSuitesSequentially(TestNG.java:1207)
at org.testng.TestNG.runSuitesLocally(TestNG.java:1134)
at org.testng.TestNG.runSuites(TestNG.java:1063)
at org.testng.TestNG.run(TestNG.java:1031)
at org.testng.remote.AbstractRemoteTestNG.run(AbstractRemoteTestNG.java:115)
at org.testng.remote.RemoteTestNG.initAndRun(RemoteTestNG.java:251)
at org.testng.remote.RemoteTestNG.main(RemoteTestNG.java:77)
]]>
            </full-stacktrace>
          </exception> <!-- java.sql.SQLException -->
          <reporter-output>
          </reporter-output>
        </test-method> <!-- CYCINTF_17__CYC_INTF__PPN_TMS_CheckCompleteness -->
        <test-method signature="CYCINTF_18__CYC_INTF__SRC_STM_CODE_CheckCompleteness()[pri:2, instance:com.etl.test.testscripts.TestCycIntf@37858383]" started-at="2022-11-30T17:01:15 ICT" name="CYCINTF_18__CYC_INTF__SRC_STM_CODE_CheckCompleteness" finished-at="2022-11-30T17:01:15 ICT" duration-ms="0" status="FAIL">
          <exception class="java.sql.SQLException">
            <message>
              <![CDATA[SQL statement to execute cannot be empty or null]]>
            </message>
            <full-stacktrace>
              <![CDATA[java.sql.SQLException: SQL statement to execute cannot be empty or null
at oracle.jdbc.driver.OracleSql.initialize(OracleSql.java:126)
at oracle.jdbc.driver.OracleStatement.executeQuery(OracleStatement.java:1702)
at oracle.jdbc.driver.OracleStatementWrapper.executeQuery(OracleStatementWrapper.java:393)
at com.etl.common.database.DatabaseUtils.getColumnValues(DatabaseUtils.java:253)
at com.etl.common.database.DatabaseUtils.getDiffResultQueries(DatabaseUtils.java:236)
at com.etl.test.testscripts.TestCycIntf.CYCINTF_18__CYC_INTF__SRC_STM_CODE_CheckCompleteness(TestCycIntf.java:422)
at java.base/jdk.internal.reflect.DirectMethodHandleAccessor.invoke(DirectMethodHandleAccessor.java:104)
at java.base/java.lang.reflect.Method.invoke(Method.java:578)
at org.testng.internal.MethodInvocationHelper.invokeMethod(MethodInvocationHelper.java:133)
at org.testng.internal.TestInvoker.invokeMethod(TestInvoker.java:598)
at org.testng.internal.TestInvoker.invokeTestMethod(TestInvoker.java:173)
at org.testng.internal.MethodRunner.runInSequence(MethodRunner.java:46)
at org.testng.internal.TestInvoker$MethodInvocationAgent.invoke(TestInvoker.java:824)
at org.testng.internal.TestInvoker.invokeTestMethods(TestInvoker.java:146)
at org.testng.internal.TestMethodWorker.invokeTestMethods(TestMethodWorker.java:146)
at org.testng.internal.TestMethodWorker.run(TestMethodWorker.java:128)
at java.base/java.util.ArrayList.forEach(ArrayList.java:1511)
at org.testng.TestRunner.privateRun(TestRunner.java:794)
at org.testng.TestRunner.run(TestRunner.java:596)
at org.testng.SuiteRunner.runTest(SuiteRunner.java:377)
at org.testng.SuiteRunner.runSequentially(SuiteRunner.java:371)
at org.testng.SuiteRunner.privateRun(SuiteRunner.java:332)
at org.testng.SuiteRunner.run(SuiteRunner.java:276)
at org.testng.SuiteRunnerWorker.runSuite(SuiteRunnerWorker.java:53)
at org.testng.SuiteRunnerWorker.run(SuiteRunnerWorker.java:96)
at org.testng.TestNG.runSuitesSequentially(TestNG.java:1212)
at org.testng.TestNG.runSuitesSequentially(TestNG.java:1207)
at org.testng.TestNG.runSuitesLocally(TestNG.java:1134)
at org.testng.TestNG.runSuites(TestNG.java:1063)
at org.testng.TestNG.run(TestNG.java:1031)
at org.testng.remote.AbstractRemoteTestNG.run(AbstractRemoteTestNG.java:115)
at org.testng.remote.RemoteTestNG.initAndRun(RemoteTestNG.java:251)
at org.testng.remote.RemoteTestNG.main(RemoteTestNG.java:77)
]]>
            </full-stacktrace>
          </exception> <!-- java.sql.SQLException -->
          <reporter-output>
          </reporter-output>
        </test-method> <!-- CYCINTF_18__CYC_INTF__SRC_STM_CODE_CheckCompleteness -->
        <test-method signature="CYCINTF_19__CYC_INTF__SRC_STM_NM_CheckCompleteness()[pri:2, instance:com.etl.test.testscripts.TestCycIntf@37858383]" started-at="2022-11-30T17:01:15 ICT" name="CYCINTF_19__CYC_INTF__SRC_STM_NM_CheckCompleteness" finished-at="2022-11-30T17:01:15 ICT" duration-ms="1" status="FAIL">
          <exception class="java.sql.SQLException">
            <message>
              <![CDATA[SQL statement to execute cannot be empty or null]]>
            </message>
            <full-stacktrace>
              <![CDATA[java.sql.SQLException: SQL statement to execute cannot be empty or null
at oracle.jdbc.driver.OracleSql.initialize(OracleSql.java:126)
at oracle.jdbc.driver.OracleStatement.executeQuery(OracleStatement.java:1702)
at oracle.jdbc.driver.OracleStatementWrapper.executeQuery(OracleStatementWrapper.java:393)
at com.etl.common.database.DatabaseUtils.getColumnValues(DatabaseUtils.java:253)
at com.etl.common.database.DatabaseUtils.getDiffResultQueries(DatabaseUtils.java:236)
at com.etl.test.testscripts.TestCycIntf.CYCINTF_19__CYC_INTF__SRC_STM_NM_CheckCompleteness(TestCycIntf.java:445)
at java.base/jdk.internal.reflect.DirectMethodHandleAccessor.invoke(DirectMethodHandleAccessor.java:104)
at java.base/java.lang.reflect.Method.invoke(Method.java:578)
at org.testng.internal.MethodInvocationHelper.invokeMethod(MethodInvocationHelper.java:133)
at org.testng.internal.TestInvoker.invokeMethod(TestInvoker.java:598)
at org.testng.internal.TestInvoker.invokeTestMethod(TestInvoker.java:173)
at org.testng.internal.MethodRunner.runInSequence(MethodRunner.java:46)
at org.testng.internal.TestInvoker$MethodInvocationAgent.invoke(TestInvoker.java:824)
at org.testng.internal.TestInvoker.invokeTestMethods(TestInvoker.java:146)
at org.testng.internal.TestMethodWorker.invokeTestMethods(TestMethodWorker.java:146)
at org.testng.internal.TestMethodWorker.run(TestMethodWorker.java:128)
at java.base/java.util.ArrayList.forEach(ArrayList.java:1511)
at org.testng.TestRunner.privateRun(TestRunner.java:794)
at org.testng.TestRunner.run(TestRunner.java:596)
at org.testng.SuiteRunner.runTest(SuiteRunner.java:377)
at org.testng.SuiteRunner.runSequentially(SuiteRunner.java:371)
at org.testng.SuiteRunner.privateRun(SuiteRunner.java:332)
at org.testng.SuiteRunner.run(SuiteRunner.java:276)
at org.testng.SuiteRunnerWorker.runSuite(SuiteRunnerWorker.java:53)
at org.testng.SuiteRunnerWorker.run(SuiteRunnerWorker.java:96)
at org.testng.TestNG.runSuitesSequentially(TestNG.java:1212)
at org.testng.TestNG.runSuitesSequentially(TestNG.java:1207)
at org.testng.TestNG.runSuitesLocally(TestNG.java:1134)
at org.testng.TestNG.runSuites(TestNG.java:1063)
at org.testng.TestNG.run(TestNG.java:1031)
at org.testng.remote.AbstractRemoteTestNG.run(AbstractRemoteTestNG.java:115)
at org.testng.remote.RemoteTestNG.initAndRun(RemoteTestNG.java:251)
at org.testng.remote.RemoteTestNG.main(RemoteTestNG.java:77)
]]>
            </full-stacktrace>
          </exception> <!-- java.sql.SQLException -->
          <reporter-output>
          </reporter-output>
        </test-method> <!-- CYCINTF_19__CYC_INTF__SRC_STM_NM_CheckCompleteness -->
        <test-method signature="CYCINTF_20__CYC_INTF__CYC_ANCHOR_ID_CheckCompleteness()[pri:2, instance:com.etl.test.testscripts.TestCycIntf@37858383]" started-at="2022-11-30T17:01:15 ICT" name="CYCINTF_20__CYC_INTF__CYC_ANCHOR_ID_CheckCompleteness" finished-at="2022-11-30T17:01:15 ICT" duration-ms="1" status="FAIL">
          <exception class="java.sql.SQLException">
            <message>
              <![CDATA[SQL statement to execute cannot be empty or null]]>
            </message>
            <full-stacktrace>
              <![CDATA[java.sql.SQLException: SQL statement to execute cannot be empty or null
at oracle.jdbc.driver.OracleSql.initialize(OracleSql.java:126)
at oracle.jdbc.driver.OracleStatement.executeQuery(OracleStatement.java:1702)
at oracle.jdbc.driver.OracleStatementWrapper.executeQuery(OracleStatementWrapper.java:393)
at com.etl.common.database.DatabaseUtils.getColumnValues(DatabaseUtils.java:253)
at com.etl.common.database.DatabaseUtils.getDiffResultQueries(DatabaseUtils.java:236)
at com.etl.test.testscripts.TestCycIntf.CYCINTF_20__CYC_INTF__CYC_ANCHOR_ID_CheckCompleteness(TestCycIntf.java:468)
at java.base/jdk.internal.reflect.DirectMethodHandleAccessor.invoke(DirectMethodHandleAccessor.java:104)
at java.base/java.lang.reflect.Method.invoke(Method.java:578)
at org.testng.internal.MethodInvocationHelper.invokeMethod(MethodInvocationHelper.java:133)
at org.testng.internal.TestInvoker.invokeMethod(TestInvoker.java:598)
at org.testng.internal.TestInvoker.invokeTestMethod(TestInvoker.java:173)
at org.testng.internal.MethodRunner.runInSequence(MethodRunner.java:46)
at org.testng.internal.TestInvoker$MethodInvocationAgent.invoke(TestInvoker.java:824)
at org.testng.internal.TestInvoker.invokeTestMethods(TestInvoker.java:146)
at org.testng.internal.TestMethodWorker.invokeTestMethods(TestMethodWorker.java:146)
at org.testng.internal.TestMethodWorker.run(TestMethodWorker.java:128)
at java.base/java.util.ArrayList.forEach(ArrayList.java:1511)
at org.testng.TestRunner.privateRun(TestRunner.java:794)
at org.testng.TestRunner.run(TestRunner.java:596)
at org.testng.SuiteRunner.runTest(SuiteRunner.java:377)
at org.testng.SuiteRunner.runSequentially(SuiteRunner.java:371)
at org.testng.SuiteRunner.privateRun(SuiteRunner.java:332)
at org.testng.SuiteRunner.run(SuiteRunner.java:276)
at org.testng.SuiteRunnerWorker.runSuite(SuiteRunnerWorker.java:53)
at org.testng.SuiteRunnerWorker.run(SuiteRunnerWorker.java:96)
at org.testng.TestNG.runSuitesSequentially(TestNG.java:1212)
at org.testng.TestNG.runSuitesSequentially(TestNG.java:1207)
at org.testng.TestNG.runSuitesLocally(TestNG.java:1134)
at org.testng.TestNG.runSuites(TestNG.java:1063)
at org.testng.TestNG.run(TestNG.java:1031)
at org.testng.remote.AbstractRemoteTestNG.run(AbstractRemoteTestNG.java:115)
at org.testng.remote.RemoteTestNG.initAndRun(RemoteTestNG.java:251)
at org.testng.remote.RemoteTestNG.main(RemoteTestNG.java:77)
]]>
            </full-stacktrace>
          </exception> <!-- java.sql.SQLException -->
          <reporter-output>
          </reporter-output>
        </test-method> <!-- CYCINTF_20__CYC_INTF__CYC_ANCHOR_ID_CheckCompleteness -->
        <test-method signature="CYCINTF_21__CYC_INTF__CRN_ROW_IND_CheckCompleteness()[pri:2, instance:com.etl.test.testscripts.TestCycIntf@37858383]" started-at="2022-11-30T17:01:15 ICT" name="CYCINTF_21__CYC_INTF__CRN_ROW_IND_CheckCompleteness" finished-at="2022-11-30T17:01:15 ICT" duration-ms="1" status="FAIL">
          <exception class="java.sql.SQLException">
            <message>
              <![CDATA[SQL statement to execute cannot be empty or null]]>
            </message>
            <full-stacktrace>
              <![CDATA[java.sql.SQLException: SQL statement to execute cannot be empty or null
at oracle.jdbc.driver.OracleSql.initialize(OracleSql.java:126)
at oracle.jdbc.driver.OracleStatement.executeQuery(OracleStatement.java:1702)
at oracle.jdbc.driver.OracleStatementWrapper.executeQuery(OracleStatementWrapper.java:393)
at com.etl.common.database.DatabaseUtils.getColumnValues(DatabaseUtils.java:253)
at com.etl.common.database.DatabaseUtils.getDiffResultQueries(DatabaseUtils.java:236)
at com.etl.test.testscripts.TestCycIntf.CYCINTF_21__CYC_INTF__CRN_ROW_IND_CheckCompleteness(TestCycIntf.java:491)
at java.base/jdk.internal.reflect.DirectMethodHandleAccessor.invoke(DirectMethodHandleAccessor.java:104)
at java.base/java.lang.reflect.Method.invoke(Method.java:578)
at org.testng.internal.MethodInvocationHelper.invokeMethod(MethodInvocationHelper.java:133)
at org.testng.internal.TestInvoker.invokeMethod(TestInvoker.java:598)
at org.testng.internal.TestInvoker.invokeTestMethod(TestInvoker.java:173)
at org.testng.internal.MethodRunner.runInSequence(MethodRunner.java:46)
at org.testng.internal.TestInvoker$MethodInvocationAgent.invoke(TestInvoker.java:824)
at org.testng.internal.TestInvoker.invokeTestMethods(TestInvoker.java:146)
at org.testng.internal.TestMethodWorker.invokeTestMethods(TestMethodWorker.java:146)
at org.testng.internal.TestMethodWorker.run(TestMethodWorker.java:128)
at java.base/java.util.ArrayList.forEach(ArrayList.java:1511)
at org.testng.TestRunner.privateRun(TestRunner.java:794)
at org.testng.TestRunner.run(TestRunner.java:596)
at org.testng.SuiteRunner.runTest(SuiteRunner.java:377)
at org.testng.SuiteRunner.runSequentially(SuiteRunner.java:371)
at org.testng.SuiteRunner.privateRun(SuiteRunner.java:332)
at org.testng.SuiteRunner.run(SuiteRunner.java:276)
at org.testng.SuiteRunnerWorker.runSuite(SuiteRunnerWorker.java:53)
at org.testng.SuiteRunnerWorker.run(SuiteRunnerWorker.java:96)
at org.testng.TestNG.runSuitesSequentially(TestNG.java:1212)
at org.testng.TestNG.runSuitesSequentially(TestNG.java:1207)
at org.testng.TestNG.runSuitesLocally(TestNG.java:1134)
at org.testng.TestNG.runSuites(TestNG.java:1063)
at org.testng.TestNG.run(TestNG.java:1031)
at org.testng.remote.AbstractRemoteTestNG.run(AbstractRemoteTestNG.java:115)
at org.testng.remote.RemoteTestNG.initAndRun(RemoteTestNG.java:251)
at org.testng.remote.RemoteTestNG.main(RemoteTestNG.java:77)
]]>
            </full-stacktrace>
          </exception> <!-- java.sql.SQLException -->
          <reporter-output>
          </reporter-output>
        </test-method> <!-- CYCINTF_21__CYC_INTF__CRN_ROW_IND_CheckCompleteness -->
        <test-method signature="CYCINTF_22__CYC_INTF__EFF_FM_TMS_CheckCompleteness()[pri:2, instance:com.etl.test.testscripts.TestCycIntf@37858383]" started-at="2022-11-30T17:01:15 ICT" name="CYCINTF_22__CYC_INTF__EFF_FM_TMS_CheckCompleteness" finished-at="2022-11-30T17:01:15 ICT" duration-ms="1" status="FAIL">
          <exception class="java.sql.SQLException">
            <message>
              <![CDATA[SQL statement to execute cannot be empty or null]]>
            </message>
            <full-stacktrace>
              <![CDATA[java.sql.SQLException: SQL statement to execute cannot be empty or null
at oracle.jdbc.driver.OracleSql.initialize(OracleSql.java:126)
at oracle.jdbc.driver.OracleStatement.executeQuery(OracleStatement.java:1702)
at oracle.jdbc.driver.OracleStatementWrapper.executeQuery(OracleStatementWrapper.java:393)
at com.etl.common.database.DatabaseUtils.getColumnValues(DatabaseUtils.java:253)
at com.etl.common.database.DatabaseUtils.getDiffResultQueries(DatabaseUtils.java:236)
at com.etl.test.testscripts.TestCycIntf.CYCINTF_22__CYC_INTF__EFF_FM_TMS_CheckCompleteness(TestCycIntf.java:514)
at java.base/jdk.internal.reflect.DirectMethodHandleAccessor.invoke(DirectMethodHandleAccessor.java:104)
at java.base/java.lang.reflect.Method.invoke(Method.java:578)
at org.testng.internal.MethodInvocationHelper.invokeMethod(MethodInvocationHelper.java:133)
at org.testng.internal.TestInvoker.invokeMethod(TestInvoker.java:598)
at org.testng.internal.TestInvoker.invokeTestMethod(TestInvoker.java:173)
at org.testng.internal.MethodRunner.runInSequence(MethodRunner.java:46)
at org.testng.internal.TestInvoker$MethodInvocationAgent.invoke(TestInvoker.java:824)
at org.testng.internal.TestInvoker.invokeTestMethods(TestInvoker.java:146)
at org.testng.internal.TestMethodWorker.invokeTestMethods(TestMethodWorker.java:146)
at org.testng.internal.TestMethodWorker.run(TestMethodWorker.java:128)
at java.base/java.util.ArrayList.forEach(ArrayList.java:1511)
at org.testng.TestRunner.privateRun(TestRunner.java:794)
at org.testng.TestRunner.run(TestRunner.java:596)
at org.testng.SuiteRunner.runTest(SuiteRunner.java:377)
at org.testng.SuiteRunner.runSequentially(SuiteRunner.java:371)
at org.testng.SuiteRunner.privateRun(SuiteRunner.java:332)
at org.testng.SuiteRunner.run(SuiteRunner.java:276)
at org.testng.SuiteRunnerWorker.runSuite(SuiteRunnerWorker.java:53)
at org.testng.SuiteRunnerWorker.run(SuiteRunnerWorker.java:96)
at org.testng.TestNG.runSuitesSequentially(TestNG.java:1212)
at org.testng.TestNG.runSuitesSequentially(TestNG.java:1207)
at org.testng.TestNG.runSuitesLocally(TestNG.java:1134)
at org.testng.TestNG.runSuites(TestNG.java:1063)
at org.testng.TestNG.run(TestNG.java:1031)
at org.testng.remote.AbstractRemoteTestNG.run(AbstractRemoteTestNG.java:115)
at org.testng.remote.RemoteTestNG.initAndRun(RemoteTestNG.java:251)
at org.testng.remote.RemoteTestNG.main(RemoteTestNG.java:77)
]]>
            </full-stacktrace>
          </exception> <!-- java.sql.SQLException -->
          <reporter-output>
          </reporter-output>
        </test-method> <!-- CYCINTF_22__CYC_INTF__EFF_FM_TMS_CheckCompleteness -->
        <test-method signature="CYCINTF_23__CYC_INTF__EFF_TO_TMS_CheckCompleteness()[pri:2, instance:com.etl.test.testscripts.TestCycIntf@37858383]" started-at="2022-11-30T17:01:15 ICT" name="CYCINTF_23__CYC_INTF__EFF_TO_TMS_CheckCompleteness" finished-at="2022-11-30T17:01:15 ICT" duration-ms="1" status="FAIL">
          <exception class="java.sql.SQLException">
            <message>
              <![CDATA[SQL statement to execute cannot be empty or null]]>
            </message>
            <full-stacktrace>
              <![CDATA[java.sql.SQLException: SQL statement to execute cannot be empty or null
at oracle.jdbc.driver.OracleSql.initialize(OracleSql.java:126)
at oracle.jdbc.driver.OracleStatement.executeQuery(OracleStatement.java:1702)
at oracle.jdbc.driver.OracleStatementWrapper.executeQuery(OracleStatementWrapper.java:393)
at com.etl.common.database.DatabaseUtils.getColumnValues(DatabaseUtils.java:253)
at com.etl.common.database.DatabaseUtils.getDiffResultQueries(DatabaseUtils.java:236)
at com.etl.test.testscripts.TestCycIntf.CYCINTF_23__CYC_INTF__EFF_TO_TMS_CheckCompleteness(TestCycIntf.java:537)
at java.base/jdk.internal.reflect.DirectMethodHandleAccessor.invoke(DirectMethodHandleAccessor.java:104)
at java.base/java.lang.reflect.Method.invoke(Method.java:578)
at org.testng.internal.MethodInvocationHelper.invokeMethod(MethodInvocationHelper.java:133)
at org.testng.internal.TestInvoker.invokeMethod(TestInvoker.java:598)
at org.testng.internal.TestInvoker.invokeTestMethod(TestInvoker.java:173)
at org.testng.internal.MethodRunner.runInSequence(MethodRunner.java:46)
at org.testng.internal.TestInvoker$MethodInvocationAgent.invoke(TestInvoker.java:824)
at org.testng.internal.TestInvoker.invokeTestMethods(TestInvoker.java:146)
at org.testng.internal.TestMethodWorker.invokeTestMethods(TestMethodWorker.java:146)
at org.testng.internal.TestMethodWorker.run(TestMethodWorker.java:128)
at java.base/java.util.ArrayList.forEach(ArrayList.java:1511)
at org.testng.TestRunner.privateRun(TestRunner.java:794)
at org.testng.TestRunner.run(TestRunner.java:596)
at org.testng.SuiteRunner.runTest(SuiteRunner.java:377)
at org.testng.SuiteRunner.runSequentially(SuiteRunner.java:371)
at org.testng.SuiteRunner.privateRun(SuiteRunner.java:332)
at org.testng.SuiteRunner.run(SuiteRunner.java:276)
at org.testng.SuiteRunnerWorker.runSuite(SuiteRunnerWorker.java:53)
at org.testng.SuiteRunnerWorker.run(SuiteRunnerWorker.java:96)
at org.testng.TestNG.runSuitesSequentially(TestNG.java:1212)
at org.testng.TestNG.runSuitesSequentially(TestNG.java:1207)
at org.testng.TestNG.runSuitesLocally(TestNG.java:1134)
at org.testng.TestNG.runSuites(TestNG.java:1063)
at org.testng.TestNG.run(TestNG.java:1031)
at org.testng.remote.AbstractRemoteTestNG.run(AbstractRemoteTestNG.java:115)
at org.testng.remote.RemoteTestNG.initAndRun(RemoteTestNG.java:251)
at org.testng.remote.RemoteTestNG.main(RemoteTestNG.java:77)
]]>
            </full-stacktrace>
          </exception> <!-- java.sql.SQLException -->
          <reporter-output>
          </reporter-output>
        </test-method> <!-- CYCINTF_23__CYC_INTF__EFF_TO_TMS_CheckCompleteness -->
        <test-method signature="CYCINTF_24__CYC_INTF__SRC_STM_CODE_CheckValidity()[pri:2, instance:com.etl.test.testscripts.TestCycIntf@37858383]" started-at="2022-11-30T17:01:15 ICT" name="CYCINTF_24__CYC_INTF__SRC_STM_CODE_CheckValidity" finished-at="2022-11-30T17:01:15 ICT" duration-ms="0" status="FAIL">
          <exception class="java.sql.SQLException">
            <message>
              <![CDATA[SQL statement to execute cannot be empty or null]]>
            </message>
            <full-stacktrace>
              <![CDATA[java.sql.SQLException: SQL statement to execute cannot be empty or null
at oracle.jdbc.driver.OracleSql.initialize(OracleSql.java:126)
at oracle.jdbc.driver.OracleStatement.executeQuery(OracleStatement.java:1702)
at oracle.jdbc.driver.OracleStatementWrapper.executeQuery(OracleStatementWrapper.java:393)
at com.etl.common.database.DatabaseUtils.getColumnValues(DatabaseUtils.java:253)
at com.etl.common.database.DatabaseUtils.getDiffResultQueries(DatabaseUtils.java:236)
at com.etl.test.testscripts.TestCycIntf.CYCINTF_24__CYC_INTF__SRC_STM_CODE_CheckValidity(TestCycIntf.java:561)
at java.base/jdk.internal.reflect.DirectMethodHandleAccessor.invoke(DirectMethodHandleAccessor.java:104)
at java.base/java.lang.reflect.Method.invoke(Method.java:578)
at org.testng.internal.MethodInvocationHelper.invokeMethod(MethodInvocationHelper.java:133)
at org.testng.internal.TestInvoker.invokeMethod(TestInvoker.java:598)
at org.testng.internal.TestInvoker.invokeTestMethod(TestInvoker.java:173)
at org.testng.internal.MethodRunner.runInSequence(MethodRunner.java:46)
at org.testng.internal.TestInvoker$MethodInvocationAgent.invoke(TestInvoker.java:824)
at org.testng.internal.TestInvoker.invokeTestMethods(TestInvoker.java:146)
at org.testng.internal.TestMethodWorker.invokeTestMethods(TestMethodWorker.java:146)
at org.testng.internal.TestMethodWorker.run(TestMethodWorker.java:128)
at java.base/java.util.ArrayList.forEach(ArrayList.java:1511)
at org.testng.TestRunner.privateRun(TestRunner.java:794)
at org.testng.TestRunner.run(TestRunner.java:596)
at org.testng.SuiteRunner.runTest(SuiteRunner.java:377)
at org.testng.SuiteRunner.runSequentially(SuiteRunner.java:371)
at org.testng.SuiteRunner.privateRun(SuiteRunner.java:332)
at org.testng.SuiteRunner.run(SuiteRunner.java:276)
at org.testng.SuiteRunnerWorker.runSuite(SuiteRunnerWorker.java:53)
at org.testng.SuiteRunnerWorker.run(SuiteRunnerWorker.java:96)
at org.testng.TestNG.runSuitesSequentially(TestNG.java:1212)
at org.testng.TestNG.runSuitesSequentially(TestNG.java:1207)
at org.testng.TestNG.runSuitesLocally(TestNG.java:1134)
at org.testng.TestNG.runSuites(TestNG.java:1063)
at org.testng.TestNG.run(TestNG.java:1031)
at org.testng.remote.AbstractRemoteTestNG.run(AbstractRemoteTestNG.java:115)
at org.testng.remote.RemoteTestNG.initAndRun(RemoteTestNG.java:251)
at org.testng.remote.RemoteTestNG.main(RemoteTestNG.java:77)
]]>
            </full-stacktrace>
          </exception> <!-- java.sql.SQLException -->
          <reporter-output>
          </reporter-output>
        </test-method> <!-- CYCINTF_24__CYC_INTF__SRC_STM_CODE_CheckValidity -->
        <test-method signature="CYCINTF_25__CYC_INTF__SRC_STM_NM_CheckValidity()[pri:2, instance:com.etl.test.testscripts.TestCycIntf@37858383]" started-at="2022-11-30T17:01:15 ICT" name="CYCINTF_25__CYC_INTF__SRC_STM_NM_CheckValidity" finished-at="2022-11-30T17:01:15 ICT" duration-ms="1" status="FAIL">
          <exception class="java.sql.SQLException">
            <message>
              <![CDATA[SQL statement to execute cannot be empty or null]]>
            </message>
            <full-stacktrace>
              <![CDATA[java.sql.SQLException: SQL statement to execute cannot be empty or null
at oracle.jdbc.driver.OracleSql.initialize(OracleSql.java:126)
at oracle.jdbc.driver.OracleStatement.executeQuery(OracleStatement.java:1702)
at oracle.jdbc.driver.OracleStatementWrapper.executeQuery(OracleStatementWrapper.java:393)
at com.etl.common.database.DatabaseUtils.getColumnValues(DatabaseUtils.java:253)
at com.etl.common.database.DatabaseUtils.getDiffResultQueries(DatabaseUtils.java:236)
at com.etl.test.testscripts.TestCycIntf.CYCINTF_25__CYC_INTF__SRC_STM_NM_CheckValidity(TestCycIntf.java:585)
at java.base/jdk.internal.reflect.DirectMethodHandleAccessor.invoke(DirectMethodHandleAccessor.java:104)
at java.base/java.lang.reflect.Method.invoke(Method.java:578)
at org.testng.internal.MethodInvocationHelper.invokeMethod(MethodInvocationHelper.java:133)
at org.testng.internal.TestInvoker.invokeMethod(TestInvoker.java:598)
at org.testng.internal.TestInvoker.invokeTestMethod(TestInvoker.java:173)
at org.testng.internal.MethodRunner.runInSequence(MethodRunner.java:46)
at org.testng.internal.TestInvoker$MethodInvocationAgent.invoke(TestInvoker.java:824)
at org.testng.internal.TestInvoker.invokeTestMethods(TestInvoker.java:146)
at org.testng.internal.TestMethodWorker.invokeTestMethods(TestMethodWorker.java:146)
at org.testng.internal.TestMethodWorker.run(TestMethodWorker.java:128)
at java.base/java.util.ArrayList.forEach(ArrayList.java:1511)
at org.testng.TestRunner.privateRun(TestRunner.java:794)
at org.testng.TestRunner.run(TestRunner.java:596)
at org.testng.SuiteRunner.runTest(SuiteRunner.java:377)
at org.testng.SuiteRunner.runSequentially(SuiteRunner.java:371)
at org.testng.SuiteRunner.privateRun(SuiteRunner.java:332)
at org.testng.SuiteRunner.run(SuiteRunner.java:276)
at org.testng.SuiteRunnerWorker.runSuite(SuiteRunnerWorker.java:53)
at org.testng.SuiteRunnerWorker.run(SuiteRunnerWorker.java:96)
at org.testng.TestNG.runSuitesSequentially(TestNG.java:1212)
at org.testng.TestNG.runSuitesSequentially(TestNG.java:1207)
at org.testng.TestNG.runSuitesLocally(TestNG.java:1134)
at org.testng.TestNG.runSuites(TestNG.java:1063)
at org.testng.TestNG.run(TestNG.java:1031)
at org.testng.remote.AbstractRemoteTestNG.run(AbstractRemoteTestNG.java:115)
at org.testng.remote.RemoteTestNG.initAndRun(RemoteTestNG.java:251)
at org.testng.remote.RemoteTestNG.main(RemoteTestNG.java:77)
]]>
            </full-stacktrace>
          </exception> <!-- java.sql.SQLException -->
          <reporter-output>
          </reporter-output>
        </test-method> <!-- CYCINTF_25__CYC_INTF__SRC_STM_NM_CheckValidity -->
        <test-method signature="CYCINTF_26__CYC_INTF__CRN_ROW_IND_CheckValidity()[pri:2, instance:com.etl.test.testscripts.TestCycIntf@37858383]" started-at="2022-11-30T17:01:15 ICT" name="CYCINTF_26__CYC_INTF__CRN_ROW_IND_CheckValidity" finished-at="2022-11-30T17:01:15 ICT" duration-ms="1" status="FAIL">
          <exception class="java.sql.SQLException">
            <message>
              <![CDATA[SQL statement to execute cannot be empty or null]]>
            </message>
            <full-stacktrace>
              <![CDATA[java.sql.SQLException: SQL statement to execute cannot be empty or null
at oracle.jdbc.driver.OracleSql.initialize(OracleSql.java:126)
at oracle.jdbc.driver.OracleStatement.executeQuery(OracleStatement.java:1702)
at oracle.jdbc.driver.OracleStatementWrapper.executeQuery(OracleStatementWrapper.java:393)
at com.etl.common.database.DatabaseUtils.getColumnValues(DatabaseUtils.java:253)
at com.etl.common.database.DatabaseUtils.getDiffResultQueries(DatabaseUtils.java:236)
at com.etl.test.testscripts.TestCycIntf.CYCINTF_26__CYC_INTF__CRN_ROW_IND_CheckValidity(TestCycIntf.java:608)
at java.base/jdk.internal.reflect.DirectMethodHandleAccessor.invoke(DirectMethodHandleAccessor.java:104)
at java.base/java.lang.reflect.Method.invoke(Method.java:578)
at org.testng.internal.MethodInvocationHelper.invokeMethod(MethodInvocationHelper.java:133)
at org.testng.internal.TestInvoker.invokeMethod(TestInvoker.java:598)
at org.testng.internal.TestInvoker.invokeTestMethod(TestInvoker.java:173)
at org.testng.internal.MethodRunner.runInSequence(MethodRunner.java:46)
at org.testng.internal.TestInvoker$MethodInvocationAgent.invoke(TestInvoker.java:824)
at org.testng.internal.TestInvoker.invokeTestMethods(TestInvoker.java:146)
at org.testng.internal.TestMethodWorker.invokeTestMethods(TestMethodWorker.java:146)
at org.testng.internal.TestMethodWorker.run(TestMethodWorker.java:128)
at java.base/java.util.ArrayList.forEach(ArrayList.java:1511)
at org.testng.TestRunner.privateRun(TestRunner.java:794)
at org.testng.TestRunner.run(TestRunner.java:596)
at org.testng.SuiteRunner.runTest(SuiteRunner.java:377)
at org.testng.SuiteRunner.runSequentially(SuiteRunner.java:371)
at org.testng.SuiteRunner.privateRun(SuiteRunner.java:332)
at org.testng.SuiteRunner.run(SuiteRunner.java:276)
at org.testng.SuiteRunnerWorker.runSuite(SuiteRunnerWorker.java:53)
at org.testng.SuiteRunnerWorker.run(SuiteRunnerWorker.java:96)
at org.testng.TestNG.runSuitesSequentially(TestNG.java:1212)
at org.testng.TestNG.runSuitesSequentially(TestNG.java:1207)
at org.testng.TestNG.runSuitesLocally(TestNG.java:1134)
at org.testng.TestNG.runSuites(TestNG.java:1063)
at org.testng.TestNG.run(TestNG.java:1031)
at org.testng.remote.AbstractRemoteTestNG.run(AbstractRemoteTestNG.java:115)
at org.testng.remote.RemoteTestNG.initAndRun(RemoteTestNG.java:251)
at org.testng.remote.RemoteTestNG.main(RemoteTestNG.java:77)
]]>
            </full-stacktrace>
          </exception> <!-- java.sql.SQLException -->
          <reporter-output>
          </reporter-output>
        </test-method> <!-- CYCINTF_26__CYC_INTF__CRN_ROW_IND_CheckValidity -->
        <test-method signature="CYCINTF_27__CYC_INTF___CheckValidity()[pri:2, instance:com.etl.test.testscripts.TestCycIntf@37858383]" started-at="2022-11-30T17:01:15 ICT" name="CYCINTF_27__CYC_INTF___CheckValidity" finished-at="2022-11-30T17:01:15 ICT" duration-ms="1" status="FAIL">
          <exception class="java.sql.SQLException">
            <message>
              <![CDATA[SQL statement to execute cannot be empty or null]]>
            </message>
            <full-stacktrace>
              <![CDATA[java.sql.SQLException: SQL statement to execute cannot be empty or null
at oracle.jdbc.driver.OracleSql.initialize(OracleSql.java:126)
at oracle.jdbc.driver.OracleStatement.executeQuery(OracleStatement.java:1702)
at oracle.jdbc.driver.OracleStatementWrapper.executeQuery(OracleStatementWrapper.java:393)
at com.etl.common.database.DatabaseUtils.getColumnValues(DatabaseUtils.java:253)
at com.etl.common.database.DatabaseUtils.getDiffResultQueries(DatabaseUtils.java:236)
at com.etl.test.testscripts.TestCycIntf.CYCINTF_27__CYC_INTF___CheckValidity(TestCycIntf.java:631)
at java.base/jdk.internal.reflect.DirectMethodHandleAccessor.invoke(DirectMethodHandleAccessor.java:104)
at java.base/java.lang.reflect.Method.invoke(Method.java:578)
at org.testng.internal.MethodInvocationHelper.invokeMethod(MethodInvocationHelper.java:133)
at org.testng.internal.TestInvoker.invokeMethod(TestInvoker.java:598)
at org.testng.internal.TestInvoker.invokeTestMethod(TestInvoker.java:173)
at org.testng.internal.MethodRunner.runInSequence(MethodRunner.java:46)
at org.testng.internal.TestInvoker$MethodInvocationAgent.invoke(TestInvoker.java:824)
at org.testng.internal.TestInvoker.invokeTestMethods(TestInvoker.java:146)
at org.testng.internal.TestMethodWorker.invokeTestMethods(TestMethodWorker.java:146)
at org.testng.internal.TestMethodWorker.run(TestMethodWorker.java:128)
at java.base/java.util.ArrayList.forEach(ArrayList.java:1511)
at org.testng.TestRunner.privateRun(TestRunner.java:794)
at org.testng.TestRunner.run(TestRunner.java:596)
at org.testng.SuiteRunner.runTest(SuiteRunner.java:377)
at org.testng.SuiteRunner.runSequentially(SuiteRunner.java:371)
at org.testng.SuiteRunner.privateRun(SuiteRunner.java:332)
at org.testng.SuiteRunner.run(SuiteRunner.java:276)
at org.testng.SuiteRunnerWorker.runSuite(SuiteRunnerWorker.java:53)
at org.testng.SuiteRunnerWorker.run(SuiteRunnerWorker.java:96)
at org.testng.TestNG.runSuitesSequentially(TestNG.java:1212)
at org.testng.TestNG.runSuitesSequentially(TestNG.java:1207)
at org.testng.TestNG.runSuitesLocally(TestNG.java:1134)
at org.testng.TestNG.runSuites(TestNG.java:1063)
at org.testng.TestNG.run(TestNG.java:1031)
at org.testng.remote.AbstractRemoteTestNG.run(AbstractRemoteTestNG.java:115)
at org.testng.remote.RemoteTestNG.initAndRun(RemoteTestNG.java:251)
at org.testng.remote.RemoteTestNG.main(RemoteTestNG.java:77)
]]>
            </full-stacktrace>
          </exception> <!-- java.sql.SQLException -->
          <reporter-output>
          </reporter-output>
        </test-method> <!-- CYCINTF_27__CYC_INTF___CheckValidity -->
        <test-method signature="CYCINTF_28__CYC_INTF___Checkvalue()[pri:2, instance:com.etl.test.testscripts.TestCycIntf@37858383]" started-at="2022-11-30T17:01:15 ICT" name="CYCINTF_28__CYC_INTF___Checkvalue" finished-at="2022-11-30T17:01:15 ICT" duration-ms="1" status="FAIL">
          <exception class="java.sql.SQLException">
            <message>
              <![CDATA[SQL statement to execute cannot be empty or null]]>
            </message>
            <full-stacktrace>
              <![CDATA[java.sql.SQLException: SQL statement to execute cannot be empty or null
at oracle.jdbc.driver.OracleSql.initialize(OracleSql.java:126)
at oracle.jdbc.driver.OracleStatement.executeQuery(OracleStatement.java:1702)
at oracle.jdbc.driver.OracleStatementWrapper.executeQuery(OracleStatementWrapper.java:393)
at com.etl.common.database.DatabaseUtils.getColumnValues(DatabaseUtils.java:253)
at com.etl.common.database.DatabaseUtils.getDiffResultQueries(DatabaseUtils.java:236)
at com.etl.test.testscripts.TestCycIntf.CYCINTF_28__CYC_INTF___Checkvalue(TestCycIntf.java:654)
at java.base/jdk.internal.reflect.DirectMethodHandleAccessor.invoke(DirectMethodHandleAccessor.java:104)
at java.base/java.lang.reflect.Method.invoke(Method.java:578)
at org.testng.internal.MethodInvocationHelper.invokeMethod(MethodInvocationHelper.java:133)
at org.testng.internal.TestInvoker.invokeMethod(TestInvoker.java:598)
at org.testng.internal.TestInvoker.invokeTestMethod(TestInvoker.java:173)
at org.testng.internal.MethodRunner.runInSequence(MethodRunner.java:46)
at org.testng.internal.TestInvoker$MethodInvocationAgent.invoke(TestInvoker.java:824)
at org.testng.internal.TestInvoker.invokeTestMethods(TestInvoker.java:146)
at org.testng.internal.TestMethodWorker.invokeTestMethods(TestMethodWorker.java:146)
at org.testng.internal.TestMethodWorker.run(TestMethodWorker.java:128)
at java.base/java.util.ArrayList.forEach(ArrayList.java:1511)
at org.testng.TestRunner.privateRun(TestRunner.java:794)
at org.testng.TestRunner.run(TestRunner.java:596)
at org.testng.SuiteRunner.runTest(SuiteRunner.java:377)
at org.testng.SuiteRunner.runSequentially(SuiteRunner.java:371)
at org.testng.SuiteRunner.privateRun(SuiteRunner.java:332)
at org.testng.SuiteRunner.run(SuiteRunner.java:276)
at org.testng.SuiteRunnerWorker.runSuite(SuiteRunnerWorker.java:53)
at org.testng.SuiteRunnerWorker.run(SuiteRunnerWorker.java:96)
at org.testng.TestNG.runSuitesSequentially(TestNG.java:1212)
at org.testng.TestNG.runSuitesSequentially(TestNG.java:1207)
at org.testng.TestNG.runSuitesLocally(TestNG.java:1134)
at org.testng.TestNG.runSuites(TestNG.java:1063)
at org.testng.TestNG.run(TestNG.java:1031)
at org.testng.remote.AbstractRemoteTestNG.run(AbstractRemoteTestNG.java:115)
at org.testng.remote.RemoteTestNG.initAndRun(RemoteTestNG.java:251)
at org.testng.remote.RemoteTestNG.main(RemoteTestNG.java:77)
]]>
            </full-stacktrace>
          </exception> <!-- java.sql.SQLException -->
          <reporter-output>
          </reporter-output>
        </test-method> <!-- CYCINTF_28__CYC_INTF___Checkvalue -->
        <test-method signature="CYCINTF_29__CYC_INTF___Checkvalidity()[pri:2, instance:com.etl.test.testscripts.TestCycIntf@37858383]" started-at="2022-11-30T17:01:15 ICT" name="CYCINTF_29__CYC_INTF___Checkvalidity" finished-at="2022-11-30T17:01:15 ICT" duration-ms="1" status="FAIL">
          <exception class="java.sql.SQLException">
            <message>
              <![CDATA[SQL statement to execute cannot be empty or null]]>
            </message>
            <full-stacktrace>
              <![CDATA[java.sql.SQLException: SQL statement to execute cannot be empty or null
at oracle.jdbc.driver.OracleSql.initialize(OracleSql.java:126)
at oracle.jdbc.driver.OracleStatement.executeQuery(OracleStatement.java:1702)
at oracle.jdbc.driver.OracleStatementWrapper.executeQuery(OracleStatementWrapper.java:393)
at com.etl.common.database.DatabaseUtils.getColumnValues(DatabaseUtils.java:253)
at com.etl.common.database.DatabaseUtils.getDiffResultQueries(DatabaseUtils.java:236)
at com.etl.test.testscripts.TestCycIntf.CYCINTF_29__CYC_INTF___Checkvalidity(TestCycIntf.java:677)
at java.base/jdk.internal.reflect.DirectMethodHandleAccessor.invoke(DirectMethodHandleAccessor.java:104)
at java.base/java.lang.reflect.Method.invoke(Method.java:578)
at org.testng.internal.MethodInvocationHelper.invokeMethod(MethodInvocationHelper.java:133)
at org.testng.internal.TestInvoker.invokeMethod(TestInvoker.java:598)
at org.testng.internal.TestInvoker.invokeTestMethod(TestInvoker.java:173)
at org.testng.internal.MethodRunner.runInSequence(MethodRunner.java:46)
at org.testng.internal.TestInvoker$MethodInvocationAgent.invoke(TestInvoker.java:824)
at org.testng.internal.TestInvoker.invokeTestMethods(TestInvoker.java:146)
at org.testng.internal.TestMethodWorker.invokeTestMethods(TestMethodWorker.java:146)
at org.testng.internal.TestMethodWorker.run(TestMethodWorker.java:128)
at java.base/java.util.ArrayList.forEach(ArrayList.java:1511)
at org.testng.TestRunner.privateRun(TestRunner.java:794)
at org.testng.TestRunner.run(TestRunner.java:596)
at org.testng.SuiteRunner.runTest(SuiteRunner.java:377)
at org.testng.SuiteRunner.runSequentially(SuiteRunner.java:371)
at org.testng.SuiteRunner.privateRun(SuiteRunner.java:332)
at org.testng.SuiteRunner.run(SuiteRunner.java:276)
at org.testng.SuiteRunnerWorker.runSuite(SuiteRunnerWorker.java:53)
at org.testng.SuiteRunnerWorker.run(SuiteRunnerWorker.java:96)
at org.testng.TestNG.runSuitesSequentially(TestNG.java:1212)
at org.testng.TestNG.runSuitesSequentially(TestNG.java:1207)
at org.testng.TestNG.runSuitesLocally(TestNG.java:1134)
at org.testng.TestNG.runSuites(TestNG.java:1063)
at org.testng.TestNG.run(TestNG.java:1031)
at org.testng.remote.AbstractRemoteTestNG.run(AbstractRemoteTestNG.java:115)
at org.testng.remote.RemoteTestNG.initAndRun(RemoteTestNG.java:251)
at org.testng.remote.RemoteTestNG.main(RemoteTestNG.java:77)
]]>
            </full-stacktrace>
          </exception> <!-- java.sql.SQLException -->
          <reporter-output>
          </reporter-output>
        </test-method> <!-- CYCINTF_29__CYC_INTF___Checkvalidity -->
        <test-method signature="CYCINTF_30__CYC_INTF__PCS_DT_Checkvalue()[pri:2, instance:com.etl.test.testscripts.TestCycIntf@37858383]" started-at="2022-11-30T17:01:15 ICT" name="CYCINTF_30__CYC_INTF__PCS_DT_Checkvalue" finished-at="2022-11-30T17:01:15 ICT" duration-ms="0" status="FAIL">
          <exception class="java.sql.SQLException">
            <message>
              <![CDATA[SQL statement to execute cannot be empty or null]]>
            </message>
            <full-stacktrace>
              <![CDATA[java.sql.SQLException: SQL statement to execute cannot be empty or null
at oracle.jdbc.driver.OracleSql.initialize(OracleSql.java:126)
at oracle.jdbc.driver.OracleStatement.executeQuery(OracleStatement.java:1702)
at oracle.jdbc.driver.OracleStatementWrapper.executeQuery(OracleStatementWrapper.java:393)
at com.etl.common.database.DatabaseUtils.getColumnValues(DatabaseUtils.java:253)
at com.etl.common.database.DatabaseUtils.getDiffResultQueries(DatabaseUtils.java:236)
at com.etl.test.testscripts.TestCycIntf.CYCINTF_30__CYC_INTF__PCS_DT_Checkvalue(TestCycIntf.java:700)
at java.base/jdk.internal.reflect.DirectMethodHandleAccessor.invoke(DirectMethodHandleAccessor.java:104)
at java.base/java.lang.reflect.Method.invoke(Method.java:578)
at org.testng.internal.MethodInvocationHelper.invokeMethod(MethodInvocationHelper.java:133)
at org.testng.internal.TestInvoker.invokeMethod(TestInvoker.java:598)
at org.testng.internal.TestInvoker.invokeTestMethod(TestInvoker.java:173)
at org.testng.internal.MethodRunner.runInSequence(MethodRunner.java:46)
at org.testng.internal.TestInvoker$MethodInvocationAgent.invoke(TestInvoker.java:824)
at org.testng.internal.TestInvoker.invokeTestMethods(TestInvoker.java:146)
at org.testng.internal.TestMethodWorker.invokeTestMethods(TestMethodWorker.java:146)
at org.testng.internal.TestMethodWorker.run(TestMethodWorker.java:128)
at java.base/java.util.ArrayList.forEach(ArrayList.java:1511)
at org.testng.TestRunner.privateRun(TestRunner.java:794)
at org.testng.TestRunner.run(TestRunner.java:596)
at org.testng.SuiteRunner.runTest(SuiteRunner.java:377)
at org.testng.SuiteRunner.runSequentially(SuiteRunner.java:371)
at org.testng.SuiteRunner.privateRun(SuiteRunner.java:332)
at org.testng.SuiteRunner.run(SuiteRunner.java:276)
at org.testng.SuiteRunnerWorker.runSuite(SuiteRunnerWorker.java:53)
at org.testng.SuiteRunnerWorker.run(SuiteRunnerWorker.java:96)
at org.testng.TestNG.runSuitesSequentially(TestNG.java:1212)
at org.testng.TestNG.runSuitesSequentially(TestNG.java:1207)
at org.testng.TestNG.runSuitesLocally(TestNG.java:1134)
at org.testng.TestNG.runSuites(TestNG.java:1063)
at org.testng.TestNG.run(TestNG.java:1031)
at org.testng.remote.AbstractRemoteTestNG.run(AbstractRemoteTestNG.java:115)
at org.testng.remote.RemoteTestNG.initAndRun(RemoteTestNG.java:251)
at org.testng.remote.RemoteTestNG.main(RemoteTestNG.java:77)
]]>
            </full-stacktrace>
          </exception> <!-- java.sql.SQLException -->
          <reporter-output>
          </reporter-output>
        </test-method> <!-- CYCINTF_30__CYC_INTF__PCS_DT_Checkvalue -->
        <test-method signature="CYCINTF_31__CYC_INTF__PCS_DT_Checkformat()[pri:2, instance:com.etl.test.testscripts.TestCycIntf@37858383]" started-at="2022-11-30T17:01:15 ICT" name="CYCINTF_31__CYC_INTF__PCS_DT_Checkformat" finished-at="2022-11-30T17:01:15 ICT" duration-ms="0" status="FAIL">
          <exception class="java.sql.SQLException">
            <message>
              <![CDATA[SQL statement to execute cannot be empty or null]]>
            </message>
            <full-stacktrace>
              <![CDATA[java.sql.SQLException: SQL statement to execute cannot be empty or null
at oracle.jdbc.driver.OracleSql.initialize(OracleSql.java:126)
at oracle.jdbc.driver.OracleStatement.executeQuery(OracleStatement.java:1702)
at oracle.jdbc.driver.OracleStatementWrapper.executeQuery(OracleStatementWrapper.java:393)
at com.etl.common.database.DatabaseUtils.getColumnValues(DatabaseUtils.java:253)
at com.etl.common.database.DatabaseUtils.getDiffResultQueries(DatabaseUtils.java:236)
at com.etl.test.testscripts.TestCycIntf.CYCINTF_31__CYC_INTF__PCS_DT_Checkformat(TestCycIntf.java:723)
at java.base/jdk.internal.reflect.DirectMethodHandleAccessor.invoke(DirectMethodHandleAccessor.java:104)
at java.base/java.lang.reflect.Method.invoke(Method.java:578)
at org.testng.internal.MethodInvocationHelper.invokeMethod(MethodInvocationHelper.java:133)
at org.testng.internal.TestInvoker.invokeMethod(TestInvoker.java:598)
at org.testng.internal.TestInvoker.invokeTestMethod(TestInvoker.java:173)
at org.testng.internal.MethodRunner.runInSequence(MethodRunner.java:46)
at org.testng.internal.TestInvoker$MethodInvocationAgent.invoke(TestInvoker.java:824)
at org.testng.internal.TestInvoker.invokeTestMethods(TestInvoker.java:146)
at org.testng.internal.TestMethodWorker.invokeTestMethods(TestMethodWorker.java:146)
at org.testng.internal.TestMethodWorker.run(TestMethodWorker.java:128)
at java.base/java.util.ArrayList.forEach(ArrayList.java:1511)
at org.testng.TestRunner.privateRun(TestRunner.java:794)
at org.testng.TestRunner.run(TestRunner.java:596)
at org.testng.SuiteRunner.runTest(SuiteRunner.java:377)
at org.testng.SuiteRunner.runSequentially(SuiteRunner.java:371)
at org.testng.SuiteRunner.privateRun(SuiteRunner.java:332)
at org.testng.SuiteRunner.run(SuiteRunner.java:276)
at org.testng.SuiteRunnerWorker.runSuite(SuiteRunnerWorker.java:53)
at org.testng.SuiteRunnerWorker.run(SuiteRunnerWorker.java:96)
at org.testng.TestNG.runSuitesSequentially(TestNG.java:1212)
at org.testng.TestNG.runSuitesSequentially(TestNG.java:1207)
at org.testng.TestNG.runSuitesLocally(TestNG.java:1134)
at org.testng.TestNG.runSuites(TestNG.java:1063)
at org.testng.TestNG.run(TestNG.java:1031)
at org.testng.remote.AbstractRemoteTestNG.run(AbstractRemoteTestNG.java:115)
at org.testng.remote.RemoteTestNG.initAndRun(RemoteTestNG.java:251)
at org.testng.remote.RemoteTestNG.main(RemoteTestNG.java:77)
]]>
            </full-stacktrace>
          </exception> <!-- java.sql.SQLException -->
          <reporter-output>
          </reporter-output>
        </test-method> <!-- CYCINTF_31__CYC_INTF__PCS_DT_Checkformat -->
        <test-method signature="CYCINTF_32__CYC_INTF__CYC_CODE_Updaterecorddata()[pri:2, instance:com.etl.test.testscripts.TestCycIntf@37858383]" started-at="2022-11-30T17:01:15 ICT" name="CYCINTF_32__CYC_INTF__CYC_CODE_Updaterecorddata" finished-at="2022-11-30T17:01:15 ICT" duration-ms="1" status="FAIL">
          <exception class="java.sql.SQLException">
            <message>
              <![CDATA[SQL statement to execute cannot be empty or null]]>
            </message>
            <full-stacktrace>
              <![CDATA[java.sql.SQLException: SQL statement to execute cannot be empty or null
at oracle.jdbc.driver.OracleSql.initialize(OracleSql.java:126)
at oracle.jdbc.driver.OracleStatement.executeQuery(OracleStatement.java:1702)
at oracle.jdbc.driver.OracleStatementWrapper.executeQuery(OracleStatementWrapper.java:393)
at com.etl.common.database.DatabaseUtils.getColumnValues(DatabaseUtils.java:253)
at com.etl.common.database.DatabaseUtils.getDiffResultQueries(DatabaseUtils.java:236)
at com.etl.test.testscripts.TestCycIntf.CYCINTF_32__CYC_INTF__CYC_CODE_Updaterecorddata(TestCycIntf.java:746)
at java.base/jdk.internal.reflect.DirectMethodHandleAccessor.invoke(DirectMethodHandleAccessor.java:104)
at java.base/java.lang.reflect.Method.invoke(Method.java:578)
at org.testng.internal.MethodInvocationHelper.invokeMethod(MethodInvocationHelper.java:133)
at org.testng.internal.TestInvoker.invokeMethod(TestInvoker.java:598)
at org.testng.internal.TestInvoker.invokeTestMethod(TestInvoker.java:173)
at org.testng.internal.MethodRunner.runInSequence(MethodRunner.java:46)
at org.testng.internal.TestInvoker$MethodInvocationAgent.invoke(TestInvoker.java:824)
at org.testng.internal.TestInvoker.invokeTestMethods(TestInvoker.java:146)
at org.testng.internal.TestMethodWorker.invokeTestMethods(TestMethodWorker.java:146)
at org.testng.internal.TestMethodWorker.run(TestMethodWorker.java:128)
at java.base/java.util.ArrayList.forEach(ArrayList.java:1511)
at org.testng.TestRunner.privateRun(TestRunner.java:794)
at org.testng.TestRunner.run(TestRunner.java:596)
at org.testng.SuiteRunner.runTest(SuiteRunner.java:377)
at org.testng.SuiteRunner.runSequentially(SuiteRunner.java:371)
at org.testng.SuiteRunner.privateRun(SuiteRunner.java:332)
at org.testng.SuiteRunner.run(SuiteRunner.java:276)
at org.testng.SuiteRunnerWorker.runSuite(SuiteRunnerWorker.java:53)
at org.testng.SuiteRunnerWorker.run(SuiteRunnerWorker.java:96)
at org.testng.TestNG.runSuitesSequentially(TestNG.java:1212)
at org.testng.TestNG.runSuitesSequentially(TestNG.java:1207)
at org.testng.TestNG.runSuitesLocally(TestNG.java:1134)
at org.testng.TestNG.runSuites(TestNG.java:1063)
at org.testng.TestNG.run(TestNG.java:1031)
at org.testng.remote.AbstractRemoteTestNG.run(AbstractRemoteTestNG.java:115)
at org.testng.remote.RemoteTestNG.initAndRun(RemoteTestNG.java:251)
at org.testng.remote.RemoteTestNG.main(RemoteTestNG.java:77)
]]>
            </full-stacktrace>
          </exception> <!-- java.sql.SQLException -->
          <reporter-output>
          </reporter-output>
        </test-method> <!-- CYCINTF_32__CYC_INTF__CYC_CODE_Updaterecorddata -->
        <test-method signature="CYCINTF_33__CYC_INTF__CYC_NM_Updaterecorddata()[pri:2, instance:com.etl.test.testscripts.TestCycIntf@37858383]" started-at="2022-11-30T17:01:15 ICT" name="CYCINTF_33__CYC_INTF__CYC_NM_Updaterecorddata" finished-at="2022-11-30T17:01:15 ICT" duration-ms="0" status="FAIL">
          <exception class="java.sql.SQLException">
            <message>
              <![CDATA[SQL statement to execute cannot be empty or null]]>
            </message>
            <full-stacktrace>
              <![CDATA[java.sql.SQLException: SQL statement to execute cannot be empty or null
at oracle.jdbc.driver.OracleSql.initialize(OracleSql.java:126)
at oracle.jdbc.driver.OracleStatement.executeQuery(OracleStatement.java:1702)
at oracle.jdbc.driver.OracleStatementWrapper.executeQuery(OracleStatementWrapper.java:393)
at com.etl.common.database.DatabaseUtils.getColumnValues(DatabaseUtils.java:253)
at com.etl.common.database.DatabaseUtils.getDiffResultQueries(DatabaseUtils.java:236)
at com.etl.test.testscripts.TestCycIntf.CYCINTF_33__CYC_INTF__CYC_NM_Updaterecorddata(TestCycIntf.java:769)
at java.base/jdk.internal.reflect.DirectMethodHandleAccessor.invoke(DirectMethodHandleAccessor.java:104)
at java.base/java.lang.reflect.Method.invoke(Method.java:578)
at org.testng.internal.MethodInvocationHelper.invokeMethod(MethodInvocationHelper.java:133)
at org.testng.internal.TestInvoker.invokeMethod(TestInvoker.java:598)
at org.testng.internal.TestInvoker.invokeTestMethod(TestInvoker.java:173)
at org.testng.internal.MethodRunner.runInSequence(MethodRunner.java:46)
at org.testng.internal.TestInvoker$MethodInvocationAgent.invoke(TestInvoker.java:824)
at org.testng.internal.TestInvoker.invokeTestMethods(TestInvoker.java:146)
at org.testng.internal.TestMethodWorker.invokeTestMethods(TestMethodWorker.java:146)
at org.testng.internal.TestMethodWorker.run(TestMethodWorker.java:128)
at java.base/java.util.ArrayList.forEach(ArrayList.java:1511)
at org.testng.TestRunner.privateRun(TestRunner.java:794)
at org.testng.TestRunner.run(TestRunner.java:596)
at org.testng.SuiteRunner.runTest(SuiteRunner.java:377)
at org.testng.SuiteRunner.runSequentially(SuiteRunner.java:371)
at org.testng.SuiteRunner.privateRun(SuiteRunner.java:332)
at org.testng.SuiteRunner.run(SuiteRunner.java:276)
at org.testng.SuiteRunnerWorker.runSuite(SuiteRunnerWorker.java:53)
at org.testng.SuiteRunnerWorker.run(SuiteRunnerWorker.java:96)
at org.testng.TestNG.runSuitesSequentially(TestNG.java:1212)
at org.testng.TestNG.runSuitesSequentially(TestNG.java:1207)
at org.testng.TestNG.runSuitesLocally(TestNG.java:1134)
at org.testng.TestNG.runSuites(TestNG.java:1063)
at org.testng.TestNG.run(TestNG.java:1031)
at org.testng.remote.AbstractRemoteTestNG.run(AbstractRemoteTestNG.java:115)
at org.testng.remote.RemoteTestNG.initAndRun(RemoteTestNG.java:251)
at org.testng.remote.RemoteTestNG.main(RemoteTestNG.java:77)
]]>
            </full-stacktrace>
          </exception> <!-- java.sql.SQLException -->
          <reporter-output>
          </reporter-output>
        </test-method> <!-- CYCINTF_33__CYC_INTF__CYC_NM_Updaterecorddata -->
        <test-method signature="CYCINTF_34__CYC_INTF__CYC_STT_Updaterecorddata()[pri:2, instance:com.etl.test.testscripts.TestCycIntf@37858383]" started-at="2022-11-30T17:01:15 ICT" name="CYCINTF_34__CYC_INTF__CYC_STT_Updaterecorddata" finished-at="2022-11-30T17:01:15 ICT" duration-ms="0" status="FAIL">
          <exception class="java.sql.SQLException">
            <message>
              <![CDATA[SQL statement to execute cannot be empty or null]]>
            </message>
            <full-stacktrace>
              <![CDATA[java.sql.SQLException: SQL statement to execute cannot be empty or null
at oracle.jdbc.driver.OracleSql.initialize(OracleSql.java:126)
at oracle.jdbc.driver.OracleStatement.executeQuery(OracleStatement.java:1702)
at oracle.jdbc.driver.OracleStatementWrapper.executeQuery(OracleStatementWrapper.java:393)
at com.etl.common.database.DatabaseUtils.getColumnValues(DatabaseUtils.java:253)
at com.etl.common.database.DatabaseUtils.getDiffResultQueries(DatabaseUtils.java:236)
at com.etl.test.testscripts.TestCycIntf.CYCINTF_34__CYC_INTF__CYC_STT_Updaterecorddata(TestCycIntf.java:792)
at java.base/jdk.internal.reflect.DirectMethodHandleAccessor.invoke(DirectMethodHandleAccessor.java:104)
at java.base/java.lang.reflect.Method.invoke(Method.java:578)
at org.testng.internal.MethodInvocationHelper.invokeMethod(MethodInvocationHelper.java:133)
at org.testng.internal.TestInvoker.invokeMethod(TestInvoker.java:598)
at org.testng.internal.TestInvoker.invokeTestMethod(TestInvoker.java:173)
at org.testng.internal.MethodRunner.runInSequence(MethodRunner.java:46)
at org.testng.internal.TestInvoker$MethodInvocationAgent.invoke(TestInvoker.java:824)
at org.testng.internal.TestInvoker.invokeTestMethods(TestInvoker.java:146)
at org.testng.internal.TestMethodWorker.invokeTestMethods(TestMethodWorker.java:146)
at org.testng.internal.TestMethodWorker.run(TestMethodWorker.java:128)
at java.base/java.util.ArrayList.forEach(ArrayList.java:1511)
at org.testng.TestRunner.privateRun(TestRunner.java:794)
at org.testng.TestRunner.run(TestRunner.java:596)
at org.testng.SuiteRunner.runTest(SuiteRunner.java:377)
at org.testng.SuiteRunner.runSequentially(SuiteRunner.java:371)
at org.testng.SuiteRunner.privateRun(SuiteRunner.java:332)
at org.testng.SuiteRunner.run(SuiteRunner.java:276)
at org.testng.SuiteRunnerWorker.runSuite(SuiteRunnerWorker.java:53)
at org.testng.SuiteRunnerWorker.run(SuiteRunnerWorker.java:96)
at org.testng.TestNG.runSuitesSequentially(TestNG.java:1212)
at org.testng.TestNG.runSuitesSequentially(TestNG.java:1207)
at org.testng.TestNG.runSuitesLocally(TestNG.java:1134)
at org.testng.TestNG.runSuites(TestNG.java:1063)
at org.testng.TestNG.run(TestNG.java:1031)
at org.testng.remote.AbstractRemoteTestNG.run(AbstractRemoteTestNG.java:115)
at org.testng.remote.RemoteTestNG.initAndRun(RemoteTestNG.java:251)
at org.testng.remote.RemoteTestNG.main(RemoteTestNG.java:77)
]]>
            </full-stacktrace>
          </exception> <!-- java.sql.SQLException -->
          <reporter-output>
          </reporter-output>
        </test-method> <!-- CYCINTF_34__CYC_INTF__CYC_STT_Updaterecorddata -->
        <test-method signature="CYCINTF_35__CYC_INTF__PCS_DT_Updaterecorddata()[pri:2, instance:com.etl.test.testscripts.TestCycIntf@37858383]" started-at="2022-11-30T17:01:15 ICT" name="CYCINTF_35__CYC_INTF__PCS_DT_Updaterecorddata" finished-at="2022-11-30T17:01:15 ICT" duration-ms="0" status="FAIL">
          <exception class="java.sql.SQLException">
            <message>
              <![CDATA[SQL statement to execute cannot be empty or null]]>
            </message>
            <full-stacktrace>
              <![CDATA[java.sql.SQLException: SQL statement to execute cannot be empty or null
at oracle.jdbc.driver.OracleSql.initialize(OracleSql.java:126)
at oracle.jdbc.driver.OracleStatement.executeQuery(OracleStatement.java:1702)
at oracle.jdbc.driver.OracleStatementWrapper.executeQuery(OracleStatementWrapper.java:393)
at com.etl.common.database.DatabaseUtils.getColumnValues(DatabaseUtils.java:253)
at com.etl.common.database.DatabaseUtils.getDiffResultQueries(DatabaseUtils.java:236)
at com.etl.test.testscripts.TestCycIntf.CYCINTF_35__CYC_INTF__PCS_DT_Updaterecorddata(TestCycIntf.java:815)
at java.base/jdk.internal.reflect.DirectMethodHandleAccessor.invoke(DirectMethodHandleAccessor.java:104)
at java.base/java.lang.reflect.Method.invoke(Method.java:578)
at org.testng.internal.MethodInvocationHelper.invokeMethod(MethodInvocationHelper.java:133)
at org.testng.internal.TestInvoker.invokeMethod(TestInvoker.java:598)
at org.testng.internal.TestInvoker.invokeTestMethod(TestInvoker.java:173)
at org.testng.internal.MethodRunner.runInSequence(MethodRunner.java:46)
at org.testng.internal.TestInvoker$MethodInvocationAgent.invoke(TestInvoker.java:824)
at org.testng.internal.TestInvoker.invokeTestMethods(TestInvoker.java:146)
at org.testng.internal.TestMethodWorker.invokeTestMethods(TestMethodWorker.java:146)
at org.testng.internal.TestMethodWorker.run(TestMethodWorker.java:128)
at java.base/java.util.ArrayList.forEach(ArrayList.java:1511)
at org.testng.TestRunner.privateRun(TestRunner.java:794)
at org.testng.TestRunner.run(TestRunner.java:596)
at org.testng.SuiteRunner.runTest(SuiteRunner.java:377)
at org.testng.SuiteRunner.runSequentially(SuiteRunner.java:371)
at org.testng.SuiteRunner.privateRun(SuiteRunner.java:332)
at org.testng.SuiteRunner.run(SuiteRunner.java:276)
at org.testng.SuiteRunnerWorker.runSuite(SuiteRunnerWorker.java:53)
at org.testng.SuiteRunnerWorker.run(SuiteRunnerWorker.java:96)
at org.testng.TestNG.runSuitesSequentially(TestNG.java:1212)
at org.testng.TestNG.runSuitesSequentially(TestNG.java:1207)
at org.testng.TestNG.runSuitesLocally(TestNG.java:1134)
at org.testng.TestNG.runSuites(TestNG.java:1063)
at org.testng.TestNG.run(TestNG.java:1031)
at org.testng.remote.AbstractRemoteTestNG.run(AbstractRemoteTestNG.java:115)
at org.testng.remote.RemoteTestNG.initAndRun(RemoteTestNG.java:251)
at org.testng.remote.RemoteTestNG.main(RemoteTestNG.java:77)
]]>
            </full-stacktrace>
          </exception> <!-- java.sql.SQLException -->
          <reporter-output>
          </reporter-output>
        </test-method> <!-- CYCINTF_35__CYC_INTF__PCS_DT_Updaterecorddata -->
        <test-method signature="CYCINTF_36__CYC_INTF__CRN_ROW_IND_Updaterecorddata()[pri:2, instance:com.etl.test.testscripts.TestCycIntf@37858383]" started-at="2022-11-30T17:01:15 ICT" name="CYCINTF_36__CYC_INTF__CRN_ROW_IND_Updaterecorddata" finished-at="2022-11-30T17:01:15 ICT" duration-ms="0" status="FAIL">
          <exception class="java.sql.SQLException">
            <message>
              <![CDATA[SQL statement to execute cannot be empty or null]]>
            </message>
            <full-stacktrace>
              <![CDATA[java.sql.SQLException: SQL statement to execute cannot be empty or null
at oracle.jdbc.driver.OracleSql.initialize(OracleSql.java:126)
at oracle.jdbc.driver.OracleStatement.executeQuery(OracleStatement.java:1702)
at oracle.jdbc.driver.OracleStatementWrapper.executeQuery(OracleStatementWrapper.java:393)
at com.etl.common.database.DatabaseUtils.getColumnValues(DatabaseUtils.java:253)
at com.etl.common.database.DatabaseUtils.getDiffResultQueries(DatabaseUtils.java:236)
at com.etl.test.testscripts.TestCycIntf.CYCINTF_36__CYC_INTF__CRN_ROW_IND_Updaterecorddata(TestCycIntf.java:838)
at java.base/jdk.internal.reflect.DirectMethodHandleAccessor.invoke(DirectMethodHandleAccessor.java:104)
at java.base/java.lang.reflect.Method.invoke(Method.java:578)
at org.testng.internal.MethodInvocationHelper.invokeMethod(MethodInvocationHelper.java:133)
at org.testng.internal.TestInvoker.invokeMethod(TestInvoker.java:598)
at org.testng.internal.TestInvoker.invokeTestMethod(TestInvoker.java:173)
at org.testng.internal.MethodRunner.runInSequence(MethodRunner.java:46)
at org.testng.internal.TestInvoker$MethodInvocationAgent.invoke(TestInvoker.java:824)
at org.testng.internal.TestInvoker.invokeTestMethods(TestInvoker.java:146)
at org.testng.internal.TestMethodWorker.invokeTestMethods(TestMethodWorker.java:146)
at org.testng.internal.TestMethodWorker.run(TestMethodWorker.java:128)
at java.base/java.util.ArrayList.forEach(ArrayList.java:1511)
at org.testng.TestRunner.privateRun(TestRunner.java:794)
at org.testng.TestRunner.run(TestRunner.java:596)
at org.testng.SuiteRunner.runTest(SuiteRunner.java:377)
at org.testng.SuiteRunner.runSequentially(SuiteRunner.java:371)
at org.testng.SuiteRunner.privateRun(SuiteRunner.java:332)
at org.testng.SuiteRunner.run(SuiteRunner.java:276)
at org.testng.SuiteRunnerWorker.runSuite(SuiteRunnerWorker.java:53)
at org.testng.SuiteRunnerWorker.run(SuiteRunnerWorker.java:96)
at org.testng.TestNG.runSuitesSequentially(TestNG.java:1212)
at org.testng.TestNG.runSuitesSequentially(TestNG.java:1207)
at org.testng.TestNG.runSuitesLocally(TestNG.java:1134)
at org.testng.TestNG.runSuites(TestNG.java:1063)
at org.testng.TestNG.run(TestNG.java:1031)
at org.testng.remote.AbstractRemoteTestNG.run(AbstractRemoteTestNG.java:115)
at org.testng.remote.RemoteTestNG.initAndRun(RemoteTestNG.java:251)
at org.testng.remote.RemoteTestNG.main(RemoteTestNG.java:77)
]]>
            </full-stacktrace>
          </exception> <!-- java.sql.SQLException -->
          <reporter-output>
          </reporter-output>
        </test-method> <!-- CYCINTF_36__CYC_INTF__CRN_ROW_IND_Updaterecorddata -->
        <test-method signature="CYCINTF_37__CYC_INTF__EFF_FM_TMS_Updaterecorddata()[pri:2, instance:com.etl.test.testscripts.TestCycIntf@37858383]" started-at="2022-11-30T17:01:15 ICT" name="CYCINTF_37__CYC_INTF__EFF_FM_TMS_Updaterecorddata" finished-at="2022-11-30T17:01:15 ICT" duration-ms="0" status="FAIL">
          <exception class="java.sql.SQLException">
            <message>
              <![CDATA[SQL statement to execute cannot be empty or null]]>
            </message>
            <full-stacktrace>
              <![CDATA[java.sql.SQLException: SQL statement to execute cannot be empty or null
at oracle.jdbc.driver.OracleSql.initialize(OracleSql.java:126)
at oracle.jdbc.driver.OracleStatement.executeQuery(OracleStatement.java:1702)
at oracle.jdbc.driver.OracleStatementWrapper.executeQuery(OracleStatementWrapper.java:393)
at com.etl.common.database.DatabaseUtils.getColumnValues(DatabaseUtils.java:253)
at com.etl.common.database.DatabaseUtils.getDiffResultQueries(DatabaseUtils.java:236)
at com.etl.test.testscripts.TestCycIntf.CYCINTF_37__CYC_INTF__EFF_FM_TMS_Updaterecorddata(TestCycIntf.java:861)
at java.base/jdk.internal.reflect.DirectMethodHandleAccessor.invoke(DirectMethodHandleAccessor.java:104)
at java.base/java.lang.reflect.Method.invoke(Method.java:578)
at org.testng.internal.MethodInvocationHelper.invokeMethod(MethodInvocationHelper.java:133)
at org.testng.internal.TestInvoker.invokeMethod(TestInvoker.java:598)
at org.testng.internal.TestInvoker.invokeTestMethod(TestInvoker.java:173)
at org.testng.internal.MethodRunner.runInSequence(MethodRunner.java:46)
at org.testng.internal.TestInvoker$MethodInvocationAgent.invoke(TestInvoker.java:824)
at org.testng.internal.TestInvoker.invokeTestMethods(TestInvoker.java:146)
at org.testng.internal.TestMethodWorker.invokeTestMethods(TestMethodWorker.java:146)
at org.testng.internal.TestMethodWorker.run(TestMethodWorker.java:128)
at java.base/java.util.ArrayList.forEach(ArrayList.java:1511)
at org.testng.TestRunner.privateRun(TestRunner.java:794)
at org.testng.TestRunner.run(TestRunner.java:596)
at org.testng.SuiteRunner.runTest(SuiteRunner.java:377)
at org.testng.SuiteRunner.runSequentially(SuiteRunner.java:371)
at org.testng.SuiteRunner.privateRun(SuiteRunner.java:332)
at org.testng.SuiteRunner.run(SuiteRunner.java:276)
at org.testng.SuiteRunnerWorker.runSuite(SuiteRunnerWorker.java:53)
at org.testng.SuiteRunnerWorker.run(SuiteRunnerWorker.java:96)
at org.testng.TestNG.runSuitesSequentially(TestNG.java:1212)
at org.testng.TestNG.runSuitesSequentially(TestNG.java:1207)
at org.testng.TestNG.runSuitesLocally(TestNG.java:1134)
at org.testng.TestNG.runSuites(TestNG.java:1063)
at org.testng.TestNG.run(TestNG.java:1031)
at org.testng.remote.AbstractRemoteTestNG.run(AbstractRemoteTestNG.java:115)
at org.testng.remote.RemoteTestNG.initAndRun(RemoteTestNG.java:251)
at org.testng.remote.RemoteTestNG.main(RemoteTestNG.java:77)
]]>
            </full-stacktrace>
          </exception> <!-- java.sql.SQLException -->
          <reporter-output>
          </reporter-output>
        </test-method> <!-- CYCINTF_37__CYC_INTF__EFF_FM_TMS_Updaterecorddata -->
        <test-method signature="CYCINTF_38__CYC_INTF__EFF_TO_TMS_Updaterecorddata()[pri:2, instance:com.etl.test.testscripts.TestCycIntf@37858383]" started-at="2022-11-30T17:01:15 ICT" name="CYCINTF_38__CYC_INTF__EFF_TO_TMS_Updaterecorddata" finished-at="2022-11-30T17:01:15 ICT" duration-ms="0" status="FAIL">
          <exception class="java.sql.SQLException">
            <message>
              <![CDATA[SQL statement to execute cannot be empty or null]]>
            </message>
            <full-stacktrace>
              <![CDATA[java.sql.SQLException: SQL statement to execute cannot be empty or null
at oracle.jdbc.driver.OracleSql.initialize(OracleSql.java:126)
at oracle.jdbc.driver.OracleStatement.executeQuery(OracleStatement.java:1702)
at oracle.jdbc.driver.OracleStatementWrapper.executeQuery(OracleStatementWrapper.java:393)
at com.etl.common.database.DatabaseUtils.getColumnValues(DatabaseUtils.java:253)
at com.etl.common.database.DatabaseUtils.getDiffResultQueries(DatabaseUtils.java:236)
at com.etl.test.testscripts.TestCycIntf.CYCINTF_38__CYC_INTF__EFF_TO_TMS_Updaterecorddata(TestCycIntf.java:884)
at java.base/jdk.internal.reflect.DirectMethodHandleAccessor.invoke(DirectMethodHandleAccessor.java:104)
at java.base/java.lang.reflect.Method.invoke(Method.java:578)
at org.testng.internal.MethodInvocationHelper.invokeMethod(MethodInvocationHelper.java:133)
at org.testng.internal.TestInvoker.invokeMethod(TestInvoker.java:598)
at org.testng.internal.TestInvoker.invokeTestMethod(TestInvoker.java:173)
at org.testng.internal.MethodRunner.runInSequence(MethodRunner.java:46)
at org.testng.internal.TestInvoker$MethodInvocationAgent.invoke(TestInvoker.java:824)
at org.testng.internal.TestInvoker.invokeTestMethods(TestInvoker.java:146)
at org.testng.internal.TestMethodWorker.invokeTestMethods(TestMethodWorker.java:146)
at org.testng.internal.TestMethodWorker.run(TestMethodWorker.java:128)
at java.base/java.util.ArrayList.forEach(ArrayList.java:1511)
at org.testng.TestRunner.privateRun(TestRunner.java:794)
at org.testng.TestRunner.run(TestRunner.java:596)
at org.testng.SuiteRunner.runTest(SuiteRunner.java:377)
at org.testng.SuiteRunner.runSequentially(SuiteRunner.java:371)
at org.testng.SuiteRunner.privateRun(SuiteRunner.java:332)
at org.testng.SuiteRunner.run(SuiteRunner.java:276)
at org.testng.SuiteRunnerWorker.runSuite(SuiteRunnerWorker.java:53)
at org.testng.SuiteRunnerWorker.run(SuiteRunnerWorker.java:96)
at org.testng.TestNG.runSuitesSequentially(TestNG.java:1212)
at org.testng.TestNG.runSuitesSequentially(TestNG.java:1207)
at org.testng.TestNG.runSuitesLocally(TestNG.java:1134)
at org.testng.TestNG.runSuites(TestNG.java:1063)
at org.testng.TestNG.run(TestNG.java:1031)
at org.testng.remote.AbstractRemoteTestNG.run(AbstractRemoteTestNG.java:115)
at org.testng.remote.RemoteTestNG.initAndRun(RemoteTestNG.java:251)
at org.testng.remote.RemoteTestNG.main(RemoteTestNG.java:77)
]]>
            </full-stacktrace>
          </exception> <!-- java.sql.SQLException -->
          <reporter-output>
          </reporter-output>
        </test-method> <!-- CYCINTF_38__CYC_INTF__EFF_TO_TMS_Updaterecorddata -->
        <test-method signature="CYCINTF_39__CYC_INTF_Deleterecorddata()[pri:2, instance:com.etl.test.testscripts.TestCycIntf@37858383]" started-at="2022-11-30T17:01:15 ICT" name="CYCINTF_39__CYC_INTF_Deleterecorddata" finished-at="2022-11-30T17:01:15 ICT" duration-ms="1" status="FAIL">
          <exception class="java.sql.SQLException">
            <message>
              <![CDATA[SQL statement to execute cannot be empty or null]]>
            </message>
            <full-stacktrace>
              <![CDATA[java.sql.SQLException: SQL statement to execute cannot be empty or null
at oracle.jdbc.driver.OracleSql.initialize(OracleSql.java:126)
at oracle.jdbc.driver.OracleStatement.executeQuery(OracleStatement.java:1702)
at oracle.jdbc.driver.OracleStatementWrapper.executeQuery(OracleStatementWrapper.java:393)
at com.etl.common.database.DatabaseUtils.getColumnValues(DatabaseUtils.java:253)
at com.etl.common.database.DatabaseUtils.getDiffResultQueries(DatabaseUtils.java:236)
at com.etl.test.testscripts.TestCycIntf.CYCINTF_39__CYC_INTF_Deleterecorddata(TestCycIntf.java:908)
at java.base/jdk.internal.reflect.DirectMethodHandleAccessor.invoke(DirectMethodHandleAccessor.java:104)
at java.base/java.lang.reflect.Method.invoke(Method.java:578)
at org.testng.internal.MethodInvocationHelper.invokeMethod(MethodInvocationHelper.java:133)
at org.testng.internal.TestInvoker.invokeMethod(TestInvoker.java:598)
at org.testng.internal.TestInvoker.invokeTestMethod(TestInvoker.java:173)
at org.testng.internal.MethodRunner.runInSequence(MethodRunner.java:46)
at org.testng.internal.TestInvoker$MethodInvocationAgent.invoke(TestInvoker.java:824)
at org.testng.internal.TestInvoker.invokeTestMethods(TestInvoker.java:146)
at org.testng.internal.TestMethodWorker.invokeTestMethods(TestMethodWorker.java:146)
at org.testng.internal.TestMethodWorker.run(TestMethodWorker.java:128)
at java.base/java.util.ArrayList.forEach(ArrayList.java:1511)
at org.testng.TestRunner.privateRun(TestRunner.java:794)
at org.testng.TestRunner.run(TestRunner.java:596)
at org.testng.SuiteRunner.runTest(SuiteRunner.java:377)
at org.testng.SuiteRunner.runSequentially(SuiteRunner.java:371)
at org.testng.SuiteRunner.privateRun(SuiteRunner.java:332)
at org.testng.SuiteRunner.run(SuiteRunner.java:276)
at org.testng.SuiteRunnerWorker.runSuite(SuiteRunnerWorker.java:53)
at org.testng.SuiteRunnerWorker.run(SuiteRunnerWorker.java:96)
at org.testng.TestNG.runSuitesSequentially(TestNG.java:1212)
at org.testng.TestNG.runSuitesSequentially(TestNG.java:1207)
at org.testng.TestNG.runSuitesLocally(TestNG.java:1134)
at org.testng.TestNG.runSuites(TestNG.java:1063)
at org.testng.TestNG.run(TestNG.java:1031)
at org.testng.remote.AbstractRemoteTestNG.run(AbstractRemoteTestNG.java:115)
at org.testng.remote.RemoteTestNG.initAndRun(RemoteTestNG.java:251)
at org.testng.remote.RemoteTestNG.main(RemoteTestNG.java:77)
]]>
            </full-stacktrace>
          </exception> <!-- java.sql.SQLException -->
          <reporter-output>
          </reporter-output>
        </test-method> <!-- CYCINTF_39__CYC_INTF_Deleterecorddata -->
        <test-method signature="CYCINTF_40__CYC_INTF__UNQ_ID_IN_SRC_STM_Addnewrecorddata()[pri:2, instance:com.etl.test.testscripts.TestCycIntf@37858383]" started-at="2022-11-30T17:01:15 ICT" name="CYCINTF_40__CYC_INTF__UNQ_ID_IN_SRC_STM_Addnewrecorddata" finished-at="2022-11-30T17:01:15 ICT" duration-ms="80" status="FAIL">
          <exception class="java.sql.SQLSyntaxErrorException">
            <message>
              <![CDATA[ORA-00942: table or view does not exist
]]>
            </message>
            <full-stacktrace>
              <![CDATA[java.sql.SQLSyntaxErrorException: ORA-00942: table or view does not exist

at oracle.jdbc.driver.T4CTTIoer11.processError(T4CTTIoer11.java:629)
at oracle.jdbc.driver.T4CTTIoer11.processError(T4CTTIoer11.java:563)
at oracle.jdbc.driver.T4C8Oall.processError(T4C8Oall.java:1150)
at oracle.jdbc.driver.T4CTTIfun.receive(T4CTTIfun.java:770)
at oracle.jdbc.driver.T4CTTIfun.doRPC(T4CTTIfun.java:298)
at oracle.jdbc.driver.T4C8Oall.doOALL(T4C8Oall.java:497)
at oracle.jdbc.driver.T4CStatement.doOall8(T4CStatement.java:111)
at oracle.jdbc.driver.T4CStatement.executeForDescribe(T4CStatement.java:895)
at oracle.jdbc.driver.OracleStatement.prepareDefineBufferAndExecute(OracleStatement.java:1171)
at oracle.jdbc.driver.OracleStatement.executeMaybeDescribe(OracleStatement.java:1100)
at oracle.jdbc.driver.OracleStatement.executeSQLSelect(OracleStatement.java:1425)
at oracle.jdbc.driver.OracleStatement.doExecuteWithTimeout(OracleStatement.java:1308)
at oracle.jdbc.driver.OracleStatement.executeQuery(OracleStatement.java:1712)
at oracle.jdbc.driver.OracleStatementWrapper.executeQuery(OracleStatementWrapper.java:393)
at com.etl.common.database.DatabaseUtils.getColumnValues(DatabaseUtils.java:253)
at com.etl.common.database.DatabaseUtils.getDiffResultQueries(DatabaseUtils.java:237)
at com.etl.test.testscripts.TestCycIntf.CYCINTF_40__CYC_INTF__UNQ_ID_IN_SRC_STM_Addnewrecorddata(TestCycIntf.java:931)
at java.base/jdk.internal.reflect.DirectMethodHandleAccessor.invoke(DirectMethodHandleAccessor.java:104)
at java.base/java.lang.reflect.Method.invoke(Method.java:578)
at org.testng.internal.MethodInvocationHelper.invokeMethod(MethodInvocationHelper.java:133)
at org.testng.internal.TestInvoker.invokeMethod(TestInvoker.java:598)
at org.testng.internal.TestInvoker.invokeTestMethod(TestInvoker.java:173)
at org.testng.internal.MethodRunner.runInSequence(MethodRunner.java:46)
at org.testng.internal.TestInvoker$MethodInvocationAgent.invoke(TestInvoker.java:824)
at org.testng.internal.TestInvoker.invokeTestMethods(TestInvoker.java:146)
at org.testng.internal.TestMethodWorker.invokeTestMethods(TestMethodWorker.java:146)
at org.testng.internal.TestMethodWorker.run(TestMethodWorker.java:128)
at java.base/java.util.ArrayList.forEach(ArrayList.java:1511)
at org.testng.TestRunner.privateRun(TestRunner.java:794)
at org.testng.TestRunner.run(TestRunner.java:596)
at org.testng.SuiteRunner.runTest(SuiteRunner.java:377)
at org.testng.SuiteRunner.runSequentially(SuiteRunner.java:371)
at org.testng.SuiteRunner.privateRun(SuiteRunner.java:332)
at org.testng.SuiteRunner.run(SuiteRunner.java:276)
at org.testng.SuiteRunnerWorker.runSuite(SuiteRunnerWorker.java:53)
at org.testng.SuiteRunnerWorker.run(SuiteRunnerWorker.java:96)
at org.testng.TestNG.runSuitesSequentially(TestNG.java:1212)
at org.testng.TestNG.runSuitesSequentially(TestNG.java:1207)
at org.testng.TestNG.runSuitesLocally(TestNG.java:1134)
at org.testng.TestNG.runSuites(TestNG.java:1063)
at org.testng.TestNG.run(TestNG.java:1031)
at org.testng.remote.AbstractRemoteTestNG.run(AbstractRemoteTestNG.java:115)
at org.testng.remote.RemoteTestNG.initAndRun(RemoteTestNG.java:251)
at org.testng.remote.RemoteTestNG.main(RemoteTestNG.java:77)
Caused by: Error : 942, Position : 30, Sql = select UNQ_ID_IN_SRC_STM from CYC_INTF where UNQ_ID_IN_SRC_STM = '', OriginalSql = select UNQ_ID_IN_SRC_STM from CYC_INTF where UNQ_ID_IN_SRC_STM = '', Error Msg = ORA-00942: table or view does not exist

at oracle.jdbc.driver.T4CTTIoer11.processError(T4CTTIoer11.java:636)
... 43 more
]]>
            </full-stacktrace>
          </exception> <!-- java.sql.SQLSyntaxErrorException -->
          <reporter-output>
          </reporter-output>
        </test-method> <!-- CYCINTF_40__CYC_INTF__UNQ_ID_IN_SRC_STM_Addnewrecorddata -->
        <test-method signature="CYCINTF_41__CYC_INTF__CYC_CODE_Addnewrecorddata()[pri:2, instance:com.etl.test.testscripts.TestCycIntf@37858383]" started-at="2022-11-30T17:01:15 ICT" name="CYCINTF_41__CYC_INTF__CYC_CODE_Addnewrecorddata" finished-at="2022-11-30T17:01:15 ICT" duration-ms="93" status="FAIL">
          <exception class="java.sql.SQLSyntaxErrorException">
            <message>
              <![CDATA[ORA-00936: missing expression
]]>
            </message>
            <full-stacktrace>
              <![CDATA[java.sql.SQLSyntaxErrorException: ORA-00936: missing expression

at oracle.jdbc.driver.T4CTTIoer11.processError(T4CTTIoer11.java:629)
at oracle.jdbc.driver.T4CTTIoer11.processError(T4CTTIoer11.java:563)
at oracle.jdbc.driver.T4C8Oall.processError(T4C8Oall.java:1150)
at oracle.jdbc.driver.T4CTTIfun.receive(T4CTTIfun.java:770)
at oracle.jdbc.driver.T4CTTIfun.doRPC(T4CTTIfun.java:298)
at oracle.jdbc.driver.T4C8Oall.doOALL(T4C8Oall.java:497)
at oracle.jdbc.driver.T4CStatement.doOall8(T4CStatement.java:111)
at oracle.jdbc.driver.T4CStatement.executeForDescribe(T4CStatement.java:895)
at oracle.jdbc.driver.OracleStatement.prepareDefineBufferAndExecute(OracleStatement.java:1171)
at oracle.jdbc.driver.OracleStatement.executeMaybeDescribe(OracleStatement.java:1100)
at oracle.jdbc.driver.OracleStatement.executeSQLSelect(OracleStatement.java:1425)
at oracle.jdbc.driver.OracleStatement.doExecuteWithTimeout(OracleStatement.java:1308)
at oracle.jdbc.driver.OracleStatement.executeQuery(OracleStatement.java:1712)
at oracle.jdbc.driver.OracleStatementWrapper.executeQuery(OracleStatementWrapper.java:393)
at com.etl.common.database.DatabaseUtils.getColumnValues(DatabaseUtils.java:253)
at com.etl.common.database.DatabaseUtils.getDiffResultQueries(DatabaseUtils.java:237)
at com.etl.test.testscripts.TestCycIntf.CYCINTF_41__CYC_INTF__CYC_CODE_Addnewrecorddata(TestCycIntf.java:954)
at java.base/jdk.internal.reflect.DirectMethodHandleAccessor.invoke(DirectMethodHandleAccessor.java:104)
at java.base/java.lang.reflect.Method.invoke(Method.java:578)
at org.testng.internal.MethodInvocationHelper.invokeMethod(MethodInvocationHelper.java:133)
at org.testng.internal.TestInvoker.invokeMethod(TestInvoker.java:598)
at org.testng.internal.TestInvoker.invokeTestMethod(TestInvoker.java:173)
at org.testng.internal.MethodRunner.runInSequence(MethodRunner.java:46)
at org.testng.internal.TestInvoker$MethodInvocationAgent.invoke(TestInvoker.java:824)
at org.testng.internal.TestInvoker.invokeTestMethods(TestInvoker.java:146)
at org.testng.internal.TestMethodWorker.invokeTestMethods(TestMethodWorker.java:146)
at org.testng.internal.TestMethodWorker.run(TestMethodWorker.java:128)
at java.base/java.util.ArrayList.forEach(ArrayList.java:1511)
at org.testng.TestRunner.privateRun(TestRunner.java:794)
at org.testng.TestRunner.run(TestRunner.java:596)
at org.testng.SuiteRunner.runTest(SuiteRunner.java:377)
at org.testng.SuiteRunner.runSequentially(SuiteRunner.java:371)
at org.testng.SuiteRunner.privateRun(SuiteRunner.java:332)
at org.testng.SuiteRunner.run(SuiteRunner.java:276)
at org.testng.SuiteRunnerWorker.runSuite(SuiteRunnerWorker.java:53)
at org.testng.SuiteRunnerWorker.run(SuiteRunnerWorker.java:96)
at org.testng.TestNG.runSuitesSequentially(TestNG.java:1212)
at org.testng.TestNG.runSuitesSequentially(TestNG.java:1207)
at org.testng.TestNG.runSuitesLocally(TestNG.java:1134)
at org.testng.TestNG.runSuites(TestNG.java:1063)
at org.testng.TestNG.run(TestNG.java:1031)
at org.testng.remote.AbstractRemoteTestNG.run(AbstractRemoteTestNG.java:115)
at org.testng.remote.RemoteTestNG.initAndRun(RemoteTestNG.java:251)
at org.testng.remote.RemoteTestNG.main(RemoteTestNG.java:77)
Caused by: Error : 936, Position : 75, Sql = select UNQ_ID_IN_SRC_STM, CYC_CODE from CYC_INTF where UNQ_ID_IN_SRC_STM = , OriginalSql = select UNQ_ID_IN_SRC_STM, CYC_CODE from CYC_INTF where UNQ_ID_IN_SRC_STM = , Error Msg = ORA-00936: missing expression

at oracle.jdbc.driver.T4CTTIoer11.processError(T4CTTIoer11.java:636)
... 43 more
]]>
            </full-stacktrace>
          </exception> <!-- java.sql.SQLSyntaxErrorException -->
          <reporter-output>
          </reporter-output>
        </test-method> <!-- CYCINTF_41__CYC_INTF__CYC_CODE_Addnewrecorddata -->
        <test-method is-config="true" signature="afterClass()[pri:0, instance:com.etl.test.testscripts.TestCycIntf@37858383]" started-at="2022-11-30T17:01:15 ICT" name="afterClass" finished-at="2022-11-30T17:01:15 ICT" duration-ms="72" status="PASS">
          <reporter-output>
          </reporter-output>
        </test-method> <!-- afterClass -->
      </class> <!-- com.etl.test.testscripts.TestCycIntf -->
    </test> <!-- Test -->
  </suite> <!-- TestCycIntf -->
</testng-results>
