<?xml version="1.0" encoding="UTF-8"?>
<!-- Generated by org.testng.reporters.JUnitReportReporter -->
<testsuite hostname="DESKTOP-8RQVNON" failures="0" tests="49" name="com.etl.test.testscripts.TestCycIntf" time="2.349" errors="49" timestamp="2022-11-30T17:01:16 ICT" skipped="0">
  <testcase classname="com.etl.test.testscripts.TestCycIntf" name="CYCINTF_08__CYC_INTF__SRC_STM_NM_CheckValidateValues" time="0.100">
    <error message="ORA-01756: quoted string not properly terminated
" type="java.sql.SQLSyntaxErrorException">
      <![CDATA[java.sql.SQLSyntaxErrorException: ORA-01756: quoted string not properly terminated

at oracle.jdbc.driver.T4CTTIoer11.processError(T4CTTIoer11.java:629)
at oracle.jdbc.driver.T4CTTIoer11.processError(T4CTTIoer11.java:563)
at oracle.jdbc.driver.T4C8Oall.processError(T4C8Oall.java:1150)
at oracle.jdbc.driver.T4CTTIfun.receive(T4CTTIfun.java:770)
at oracle.jdbc.driver.T4CTTIfun.doRPC(T4CTTIfun.java:298)
at oracle.jdbc.driver.T4C8Oall.doOALL(T4C8Oall.java:497)
at oracle.jdbc.driver.T4CStatement.doOall8(T4CStatement.java:111)
at oracle.jdbc.driver.T4CStatement.executeForDescribe(T4CStatement.java:895)
at oracle.jdbc.driver.OracleStatement.prepareDefineBufferAndExecute(OracleStatement.java:1171)
at oracle.jdbc.driver.OracleStatement.executeMaybeDescribe(OracleStatement.java:1100)
at oracle.jdbc.driver.OracleStatement.executeSQLSelect(OracleStatement.java:1425)
at oracle.jdbc.driver.OracleStatement.doExecuteWithTimeout(OracleStatement.java:1308)
at oracle.jdbc.driver.OracleStatement.executeQuery(OracleStatement.java:1712)
at oracle.jdbc.driver.OracleStatementWrapper.executeQuery(OracleStatementWrapper.java:393)
at com.etl.common.database.DatabaseUtils.getColumnValues(DatabaseUtils.java:253)
at com.etl.common.database.DatabaseUtils.getDiffResultQueries(DatabaseUtils.java:236)
at com.etl.test.testscripts.TestCycIntf.CYCINTF_08__CYC_INTF__SRC_STM_NM_CheckValidateValues(TestCycIntf.java:192)
at java.base/jdk.internal.reflect.DirectMethodHandleAccessor.invoke(DirectMethodHandleAccessor.java:104)
at java.base/java.lang.reflect.Method.invoke(Method.java:578)
at org.testng.internal.MethodInvocationHelper.invokeMethod(MethodInvocationHelper.java:133)
at org.testng.internal.TestInvoker.invokeMethod(TestInvoker.java:598)
at org.testng.internal.TestInvoker.invokeTestMethod(TestInvoker.java:173)
at org.testng.internal.MethodRunner.runInSequence(MethodRunner.java:46)
at org.testng.internal.TestInvoker$MethodInvocationAgent.invoke(TestInvoker.java:824)
at org.testng.internal.TestInvoker.invokeTestMethods(TestInvoker.java:146)
at org.testng.internal.TestMethodWorker.invokeTestMethods(TestMethodWorker.java:146)
at org.testng.internal.TestMethodWorker.run(TestMethodWorker.java:128)
at java.base/java.util.ArrayList.forEach(ArrayList.java:1511)
at org.testng.TestRunner.privateRun(TestRunner.java:794)
at org.testng.TestRunner.run(TestRunner.java:596)
at org.testng.SuiteRunner.runTest(SuiteRunner.java:377)
at org.testng.SuiteRunner.runSequentially(SuiteRunner.java:371)
at org.testng.SuiteRunner.privateRun(SuiteRunner.java:332)
at org.testng.SuiteRunner.run(SuiteRunner.java:276)
at org.testng.SuiteRunnerWorker.runSuite(SuiteRunnerWorker.java:53)
at org.testng.SuiteRunnerWorker.run(SuiteRunnerWorker.java:96)
at org.testng.TestNG.runSuitesSequentially(TestNG.java:1212)
at org.testng.TestNG.runSuitesSequentially(TestNG.java:1207)
at org.testng.TestNG.runSuitesLocally(TestNG.java:1134)
at org.testng.TestNG.runSuites(TestNG.java:1063)
at org.testng.TestNG.run(TestNG.java:1031)
at org.testng.remote.AbstractRemoteTestNG.run(AbstractRemoteTestNG.java:115)
at org.testng.remote.RemoteTestNG.initAndRun(RemoteTestNG.java:251)
at org.testng.remote.RemoteTestNG.main(RemoteTestNG.java:77)
Caused by: Error : 1756, Position : 25, Sql = Select CYCLE_ID,CALL TEAM' From CLOSED_CYCLE, OriginalSql = Select CYCLE_ID,CALL TEAM' From CLOSED_CYCLE, Error Msg = ORA-01756: quoted string not properly terminated

at oracle.jdbc.driver.T4CTTIoer11.processError(T4CTTIoer11.java:636)
... 43 more
]]>
    </error>
  </testcase> <!-- CYCINTF_08__CYC_INTF__SRC_STM_NM_CheckValidateValues -->
  <system-out/>
  <testcase classname="com.etl.test.testscripts.TestCycIntf" name="CYCINTF_10__CYC_INTF__CRN_ROW_IND_CheckValidateValues" time="0.106">
    <error message="ORA-00942: table or view does not exist
" type="java.sql.SQLSyntaxErrorException">
      <![CDATA[java.sql.SQLSyntaxErrorException: ORA-00942: table or view does not exist

at oracle.jdbc.driver.T4CTTIoer11.processError(T4CTTIoer11.java:629)
at oracle.jdbc.driver.T4CTTIoer11.processError(T4CTTIoer11.java:563)
at oracle.jdbc.driver.T4C8Oall.processError(T4C8Oall.java:1150)
at oracle.jdbc.driver.T4CTTIfun.receive(T4CTTIfun.java:770)
at oracle.jdbc.driver.T4CTTIfun.doRPC(T4CTTIfun.java:298)
at oracle.jdbc.driver.T4C8Oall.doOALL(T4C8Oall.java:497)
at oracle.jdbc.driver.T4CStatement.doOall8(T4CStatement.java:111)
at oracle.jdbc.driver.T4CStatement.executeForDescribe(T4CStatement.java:895)
at oracle.jdbc.driver.OracleStatement.prepareDefineBufferAndExecute(OracleStatement.java:1171)
at oracle.jdbc.driver.OracleStatement.executeMaybeDescribe(OracleStatement.java:1100)
at oracle.jdbc.driver.OracleStatement.executeSQLSelect(OracleStatement.java:1425)
at oracle.jdbc.driver.OracleStatement.doExecuteWithTimeout(OracleStatement.java:1308)
at oracle.jdbc.driver.OracleStatement.executeQuery(OracleStatement.java:1712)
at oracle.jdbc.driver.OracleStatementWrapper.executeQuery(OracleStatementWrapper.java:393)
at com.etl.common.database.DatabaseUtils.getColumnValues(DatabaseUtils.java:253)
at com.etl.common.database.DatabaseUtils.getDiffResultQueries(DatabaseUtils.java:237)
at com.etl.test.testscripts.TestCycIntf.CYCINTF_10__CYC_INTF__CRN_ROW_IND_CheckValidateValues(TestCycIntf.java:238)
at java.base/jdk.internal.reflect.DirectMethodHandleAccessor.invoke(DirectMethodHandleAccessor.java:104)
at java.base/java.lang.reflect.Method.invoke(Method.java:578)
at org.testng.internal.MethodInvocationHelper.invokeMethod(MethodInvocationHelper.java:133)
at org.testng.internal.TestInvoker.invokeMethod(TestInvoker.java:598)
at org.testng.internal.TestInvoker.invokeTestMethod(TestInvoker.java:173)
at org.testng.internal.MethodRunner.runInSequence(MethodRunner.java:46)
at org.testng.internal.TestInvoker$MethodInvocationAgent.invoke(TestInvoker.java:824)
at org.testng.internal.TestInvoker.invokeTestMethods(TestInvoker.java:146)
at org.testng.internal.TestMethodWorker.invokeTestMethods(TestMethodWorker.java:146)
at org.testng.internal.TestMethodWorker.run(TestMethodWorker.java:128)
at java.base/java.util.ArrayList.forEach(ArrayList.java:1511)
at org.testng.TestRunner.privateRun(TestRunner.java:794)
at org.testng.TestRunner.run(TestRunner.java:596)
at org.testng.SuiteRunner.runTest(SuiteRunner.java:377)
at org.testng.SuiteRunner.runSequentially(SuiteRunner.java:371)
at org.testng.SuiteRunner.privateRun(SuiteRunner.java:332)
at org.testng.SuiteRunner.run(SuiteRunner.java:276)
at org.testng.SuiteRunnerWorker.runSuite(SuiteRunnerWorker.java:53)
at org.testng.SuiteRunnerWorker.run(SuiteRunnerWorker.java:96)
at org.testng.TestNG.runSuitesSequentially(TestNG.java:1212)
at org.testng.TestNG.runSuitesSequentially(TestNG.java:1207)
at org.testng.TestNG.runSuitesLocally(TestNG.java:1134)
at org.testng.TestNG.runSuites(TestNG.java:1063)
at org.testng.TestNG.run(TestNG.java:1031)
at org.testng.remote.AbstractRemoteTestNG.run(AbstractRemoteTestNG.java:115)
at org.testng.remote.RemoteTestNG.initAndRun(RemoteTestNG.java:251)
at org.testng.remote.RemoteTestNG.main(RemoteTestNG.java:77)
Caused by: Error : 942, Position : 42, Sql = Select UNQ_ID_IN_SRC_STM,CRN_ROW_IND From CYC_INTF, OriginalSql = Select UNQ_ID_IN_SRC_STM,CRN_ROW_IND From CYC_INTF, Error Msg = ORA-00942: table or view does not exist

at oracle.jdbc.driver.T4CTTIoer11.processError(T4CTTIoer11.java:636)
... 43 more
]]>
    </error>
  </testcase> <!-- CYCINTF_10__CYC_INTF__CRN_ROW_IND_CheckValidateValues -->
  <system-out/>
  <testcase classname="com.etl.test.testscripts.TestCycIntf" name="CYCINTF_11__CYC_INTF__EFF_FM_TMS_CheckValidateValues" time="0.096">
    <error message="ORA-00904: &quot;SYS_DATE&quot;: invalid identifier
" type="java.sql.SQLSyntaxErrorException">
      <![CDATA[java.sql.SQLSyntaxErrorException: ORA-00904: "SYS_DATE": invalid identifier

at oracle.jdbc.driver.T4CTTIoer11.processError(T4CTTIoer11.java:629)
at oracle.jdbc.driver.T4CTTIoer11.processError(T4CTTIoer11.java:563)
at oracle.jdbc.driver.T4C8Oall.processError(T4C8Oall.java:1150)
at oracle.jdbc.driver.T4CTTIfun.receive(T4CTTIfun.java:770)
at oracle.jdbc.driver.T4CTTIfun.doRPC(T4CTTIfun.java:298)
at oracle.jdbc.driver.T4C8Oall.doOALL(T4C8Oall.java:497)
at oracle.jdbc.driver.T4CStatement.doOall8(T4CStatement.java:111)
at oracle.jdbc.driver.T4CStatement.executeForDescribe(T4CStatement.java:895)
at oracle.jdbc.driver.OracleStatement.prepareDefineBufferAndExecute(OracleStatement.java:1171)
at oracle.jdbc.driver.OracleStatement.executeMaybeDescribe(OracleStatement.java:1100)
at oracle.jdbc.driver.OracleStatement.executeSQLSelect(OracleStatement.java:1425)
at oracle.jdbc.driver.OracleStatement.doExecuteWithTimeout(OracleStatement.java:1308)
at oracle.jdbc.driver.OracleStatement.executeQuery(OracleStatement.java:1712)
at oracle.jdbc.driver.OracleStatementWrapper.executeQuery(OracleStatementWrapper.java:393)
at com.etl.common.database.DatabaseUtils.getColumnValues(DatabaseUtils.java:253)
at com.etl.common.database.DatabaseUtils.getDiffResultQueries(DatabaseUtils.java:236)
at com.etl.test.testscripts.TestCycIntf.CYCINTF_11__CYC_INTF__EFF_FM_TMS_CheckValidateValues(TestCycIntf.java:261)
at java.base/jdk.internal.reflect.DirectMethodHandleAccessor.invoke(DirectMethodHandleAccessor.java:104)
at java.base/java.lang.reflect.Method.invoke(Method.java:578)
at org.testng.internal.MethodInvocationHelper.invokeMethod(MethodInvocationHelper.java:133)
at org.testng.internal.TestInvoker.invokeMethod(TestInvoker.java:598)
at org.testng.internal.TestInvoker.invokeTestMethod(TestInvoker.java:173)
at org.testng.internal.MethodRunner.runInSequence(MethodRunner.java:46)
at org.testng.internal.TestInvoker$MethodInvocationAgent.invoke(TestInvoker.java:824)
at org.testng.internal.TestInvoker.invokeTestMethods(TestInvoker.java:146)
at org.testng.internal.TestMethodWorker.invokeTestMethods(TestMethodWorker.java:146)
at org.testng.internal.TestMethodWorker.run(TestMethodWorker.java:128)
at java.base/java.util.ArrayList.forEach(ArrayList.java:1511)
at org.testng.TestRunner.privateRun(TestRunner.java:794)
at org.testng.TestRunner.run(TestRunner.java:596)
at org.testng.SuiteRunner.runTest(SuiteRunner.java:377)
at org.testng.SuiteRunner.runSequentially(SuiteRunner.java:371)
at org.testng.SuiteRunner.privateRun(SuiteRunner.java:332)
at org.testng.SuiteRunner.run(SuiteRunner.java:276)
at org.testng.SuiteRunnerWorker.runSuite(SuiteRunnerWorker.java:53)
at org.testng.SuiteRunnerWorker.run(SuiteRunnerWorker.java:96)
at org.testng.TestNG.runSuitesSequentially(TestNG.java:1212)
at org.testng.TestNG.runSuitesSequentially(TestNG.java:1207)
at org.testng.TestNG.runSuitesLocally(TestNG.java:1134)
at org.testng.TestNG.runSuites(TestNG.java:1063)
at org.testng.TestNG.run(TestNG.java:1031)
at org.testng.remote.AbstractRemoteTestNG.run(AbstractRemoteTestNG.java:115)
at org.testng.remote.RemoteTestNG.initAndRun(RemoteTestNG.java:251)
at org.testng.remote.RemoteTestNG.main(RemoteTestNG.java:77)
Caused by: Error : 904, Position : 16, Sql = Select CYCLE_ID,SYS_DATE From CLOSED_CYCLE, OriginalSql = Select CYCLE_ID,SYS_DATE From CLOSED_CYCLE, Error Msg = ORA-00904: "SYS_DATE": invalid identifier

at oracle.jdbc.driver.T4CTTIoer11.processError(T4CTTIoer11.java:636)
... 43 more
]]>
    </error>
  </testcase> <!-- CYCINTF_11__CYC_INTF__EFF_FM_TMS_CheckValidateValues -->
  <system-out/>
  <testcase classname="com.etl.test.testscripts.TestCycIntf" name="CYCINTF_04__CYC_INTF__CYC_CODE_CheckValidateValues" time="0.118">
    <error message="ORA-00942: table or view does not exist
" type="java.sql.SQLSyntaxErrorException">
      <![CDATA[java.sql.SQLSyntaxErrorException: ORA-00942: table or view does not exist

at oracle.jdbc.driver.T4CTTIoer11.processError(T4CTTIoer11.java:629)
at oracle.jdbc.driver.T4CTTIoer11.processError(T4CTTIoer11.java:563)
at oracle.jdbc.driver.T4C8Oall.processError(T4C8Oall.java:1150)
at oracle.jdbc.driver.T4CTTIfun.receive(T4CTTIfun.java:770)
at oracle.jdbc.driver.T4CTTIfun.doRPC(T4CTTIfun.java:298)
at oracle.jdbc.driver.T4C8Oall.doOALL(T4C8Oall.java:497)
at oracle.jdbc.driver.T4CStatement.doOall8(T4CStatement.java:111)
at oracle.jdbc.driver.T4CStatement.executeForDescribe(T4CStatement.java:895)
at oracle.jdbc.driver.OracleStatement.prepareDefineBufferAndExecute(OracleStatement.java:1171)
at oracle.jdbc.driver.OracleStatement.executeMaybeDescribe(OracleStatement.java:1100)
at oracle.jdbc.driver.OracleStatement.executeSQLSelect(OracleStatement.java:1425)
at oracle.jdbc.driver.OracleStatement.doExecuteWithTimeout(OracleStatement.java:1308)
at oracle.jdbc.driver.OracleStatement.executeQuery(OracleStatement.java:1712)
at oracle.jdbc.driver.OracleStatementWrapper.executeQuery(OracleStatementWrapper.java:393)
at com.etl.common.database.DatabaseUtils.getColumnValues(DatabaseUtils.java:253)
at com.etl.common.database.DatabaseUtils.getDiffResultQueries(DatabaseUtils.java:237)
at com.etl.test.testscripts.TestCycIntf.CYCINTF_04__CYC_INTF__CYC_CODE_CheckValidateValues(TestCycIntf.java:100)
at java.base/jdk.internal.reflect.DirectMethodHandleAccessor.invoke(DirectMethodHandleAccessor.java:104)
at java.base/java.lang.reflect.Method.invoke(Method.java:578)
at org.testng.internal.MethodInvocationHelper.invokeMethod(MethodInvocationHelper.java:133)
at org.testng.internal.TestInvoker.invokeMethod(TestInvoker.java:598)
at org.testng.internal.TestInvoker.invokeTestMethod(TestInvoker.java:173)
at org.testng.internal.MethodRunner.runInSequence(MethodRunner.java:46)
at org.testng.internal.TestInvoker$MethodInvocationAgent.invoke(TestInvoker.java:824)
at org.testng.internal.TestInvoker.invokeTestMethods(TestInvoker.java:146)
at org.testng.internal.TestMethodWorker.invokeTestMethods(TestMethodWorker.java:146)
at org.testng.internal.TestMethodWorker.run(TestMethodWorker.java:128)
at java.base/java.util.ArrayList.forEach(ArrayList.java:1511)
at org.testng.TestRunner.privateRun(TestRunner.java:794)
at org.testng.TestRunner.run(TestRunner.java:596)
at org.testng.SuiteRunner.runTest(SuiteRunner.java:377)
at org.testng.SuiteRunner.runSequentially(SuiteRunner.java:371)
at org.testng.SuiteRunner.privateRun(SuiteRunner.java:332)
at org.testng.SuiteRunner.run(SuiteRunner.java:276)
at org.testng.SuiteRunnerWorker.runSuite(SuiteRunnerWorker.java:53)
at org.testng.SuiteRunnerWorker.run(SuiteRunnerWorker.java:96)
at org.testng.TestNG.runSuitesSequentially(TestNG.java:1212)
at org.testng.TestNG.runSuitesSequentially(TestNG.java:1207)
at org.testng.TestNG.runSuitesLocally(TestNG.java:1134)
at org.testng.TestNG.runSuites(TestNG.java:1063)
at org.testng.TestNG.run(TestNG.java:1031)
at org.testng.remote.AbstractRemoteTestNG.run(AbstractRemoteTestNG.java:115)
at org.testng.remote.RemoteTestNG.initAndRun(RemoteTestNG.java:251)
at org.testng.remote.RemoteTestNG.main(RemoteTestNG.java:77)
Caused by: Error : 942, Position : 39, Sql = Select UNQ_ID_IN_SRC_STM,CYC_CODE From CYC_INTF, OriginalSql = Select UNQ_ID_IN_SRC_STM,CYC_CODE From CYC_INTF, Error Msg = ORA-00942: table or view does not exist

at oracle.jdbc.driver.T4CTTIoer11.processError(T4CTTIoer11.java:636)
... 43 more
]]>
    </error>
  </testcase> <!-- CYCINTF_04__CYC_INTF__CYC_CODE_CheckValidateValues -->
  <system-out/>
  <testcase classname="com.etl.test.testscripts.TestCycIntf" name="CYCINTF_12__CYC_INTF__EFF_TO_TMS_CheckValidateValues" time="0.099">
    <error message="ORA-00923: FROM keyword not found where expected
" type="java.sql.SQLSyntaxErrorException">
      <![CDATA[java.sql.SQLSyntaxErrorException: ORA-00923: FROM keyword not found where expected

at oracle.jdbc.driver.T4CTTIoer11.processError(T4CTTIoer11.java:629)
at oracle.jdbc.driver.T4CTTIoer11.processError(T4CTTIoer11.java:563)
at oracle.jdbc.driver.T4C8Oall.processError(T4C8Oall.java:1150)
at oracle.jdbc.driver.T4CTTIfun.receive(T4CTTIfun.java:770)
at oracle.jdbc.driver.T4CTTIfun.doRPC(T4CTTIfun.java:298)
at oracle.jdbc.driver.T4C8Oall.doOALL(T4C8Oall.java:497)
at oracle.jdbc.driver.T4CStatement.doOall8(T4CStatement.java:111)
at oracle.jdbc.driver.T4CStatement.executeForDescribe(T4CStatement.java:895)
at oracle.jdbc.driver.OracleStatement.prepareDefineBufferAndExecute(OracleStatement.java:1171)
at oracle.jdbc.driver.OracleStatement.executeMaybeDescribe(OracleStatement.java:1100)
at oracle.jdbc.driver.OracleStatement.executeSQLSelect(OracleStatement.java:1425)
at oracle.jdbc.driver.OracleStatement.doExecuteWithTimeout(OracleStatement.java:1308)
at oracle.jdbc.driver.OracleStatement.executeQuery(OracleStatement.java:1712)
at oracle.jdbc.driver.OracleStatementWrapper.executeQuery(OracleStatementWrapper.java:393)
at com.etl.common.database.DatabaseUtils.getColumnValues(DatabaseUtils.java:253)
at com.etl.common.database.DatabaseUtils.getDiffResultQueries(DatabaseUtils.java:236)
at com.etl.test.testscripts.TestCycIntf.CYCINTF_12__CYC_INTF__EFF_TO_TMS_CheckValidateValues(TestCycIntf.java:284)
at java.base/jdk.internal.reflect.DirectMethodHandleAccessor.invoke(DirectMethodHandleAccessor.java:104)
at java.base/java.lang.reflect.Method.invoke(Method.java:578)
at org.testng.internal.MethodInvocationHelper.invokeMethod(MethodInvocationHelper.java:133)
at org.testng.internal.TestInvoker.invokeMethod(TestInvoker.java:598)
at org.testng.internal.TestInvoker.invokeTestMethod(TestInvoker.java:173)
at org.testng.internal.MethodRunner.runInSequence(MethodRunner.java:46)
at org.testng.internal.TestInvoker$MethodInvocationAgent.invoke(TestInvoker.java:824)
at org.testng.internal.TestInvoker.invokeTestMethods(TestInvoker.java:146)
at org.testng.internal.TestMethodWorker.invokeTestMethods(TestMethodWorker.java:146)
at org.testng.internal.TestMethodWorker.run(TestMethodWorker.java:128)
at java.base/java.util.ArrayList.forEach(ArrayList.java:1511)
at org.testng.TestRunner.privateRun(TestRunner.java:794)
at org.testng.TestRunner.run(TestRunner.java:596)
at org.testng.SuiteRunner.runTest(SuiteRunner.java:377)
at org.testng.SuiteRunner.runSequentially(SuiteRunner.java:371)
at org.testng.SuiteRunner.privateRun(SuiteRunner.java:332)
at org.testng.SuiteRunner.run(SuiteRunner.java:276)
at org.testng.SuiteRunnerWorker.runSuite(SuiteRunnerWorker.java:53)
at org.testng.SuiteRunnerWorker.run(SuiteRunnerWorker.java:96)
at org.testng.TestNG.runSuitesSequentially(TestNG.java:1212)
at org.testng.TestNG.runSuitesSequentially(TestNG.java:1207)
at org.testng.TestNG.runSuitesLocally(TestNG.java:1134)
at org.testng.TestNG.runSuites(TestNG.java:1063)
at org.testng.TestNG.run(TestNG.java:1031)
at org.testng.remote.AbstractRemoteTestNG.run(AbstractRemoteTestNG.java:115)
at org.testng.remote.RemoteTestNG.initAndRun(RemoteTestNG.java:251)
at org.testng.remote.RemoteTestNG.main(RemoteTestNG.java:77)
Caused by: Error : 923, Position : 26, Sql = Select CYCLE_ID,1/1/2400  11:59:59 PM From CLOSED_CYCLE, OriginalSql = Select CYCLE_ID,1/1/2400  11:59:59 PM From CLOSED_CYCLE, Error Msg = ORA-00923: FROM keyword not found where expected

at oracle.jdbc.driver.T4CTTIoer11.processError(T4CTTIoer11.java:636)
... 43 more
]]>
    </error>
  </testcase> <!-- CYCINTF_12__CYC_INTF__EFF_TO_TMS_CheckValidateValues -->
  <system-out/>
  <testcase classname="com.etl.test.testscripts.TestCycIntf" name="CYCINTF_47__CYC_INTF__CRN_ROW_IND_Addnewrecorddata" time="0.104">
    <error message="ORA-00936: missing expression
" type="java.sql.SQLSyntaxErrorException">
      <![CDATA[java.sql.SQLSyntaxErrorException: ORA-00936: missing expression

at oracle.jdbc.driver.T4CTTIoer11.processError(T4CTTIoer11.java:629)
at oracle.jdbc.driver.T4CTTIoer11.processError(T4CTTIoer11.java:563)
at oracle.jdbc.driver.T4C8Oall.processError(T4C8Oall.java:1150)
at oracle.jdbc.driver.T4CTTIfun.receive(T4CTTIfun.java:770)
at oracle.jdbc.driver.T4CTTIfun.doRPC(T4CTTIfun.java:298)
at oracle.jdbc.driver.T4C8Oall.doOALL(T4C8Oall.java:497)
at oracle.jdbc.driver.T4CStatement.doOall8(T4CStatement.java:111)
at oracle.jdbc.driver.T4CStatement.executeForDescribe(T4CStatement.java:895)
at oracle.jdbc.driver.OracleStatement.prepareDefineBufferAndExecute(OracleStatement.java:1171)
at oracle.jdbc.driver.OracleStatement.executeMaybeDescribe(OracleStatement.java:1100)
at oracle.jdbc.driver.OracleStatement.executeSQLSelect(OracleStatement.java:1425)
at oracle.jdbc.driver.OracleStatement.doExecuteWithTimeout(OracleStatement.java:1308)
at oracle.jdbc.driver.OracleStatement.executeQuery(OracleStatement.java:1712)
at oracle.jdbc.driver.OracleStatementWrapper.executeQuery(OracleStatementWrapper.java:393)
at com.etl.common.database.DatabaseUtils.getColumnValues(DatabaseUtils.java:253)
at com.etl.common.database.DatabaseUtils.getDiffResultQueries(DatabaseUtils.java:237)
at com.etl.test.testscripts.TestCycIntf.CYCINTF_47__CYC_INTF__CRN_ROW_IND_Addnewrecorddata(TestCycIntf.java:1092)
at java.base/jdk.internal.reflect.DirectMethodHandleAccessor.invoke(DirectMethodHandleAccessor.java:104)
at java.base/java.lang.reflect.Method.invoke(Method.java:578)
at org.testng.internal.MethodInvocationHelper.invokeMethod(MethodInvocationHelper.java:133)
at org.testng.internal.TestInvoker.invokeMethod(TestInvoker.java:598)
at org.testng.internal.TestInvoker.invokeTestMethod(TestInvoker.java:173)
at org.testng.internal.MethodRunner.runInSequence(MethodRunner.java:46)
at org.testng.internal.TestInvoker$MethodInvocationAgent.invoke(TestInvoker.java:824)
at org.testng.internal.TestInvoker.invokeTestMethods(TestInvoker.java:146)
at org.testng.internal.TestMethodWorker.invokeTestMethods(TestMethodWorker.java:146)
at org.testng.internal.TestMethodWorker.run(TestMethodWorker.java:128)
at java.base/java.util.ArrayList.forEach(ArrayList.java:1511)
at org.testng.TestRunner.privateRun(TestRunner.java:794)
at org.testng.TestRunner.run(TestRunner.java:596)
at org.testng.SuiteRunner.runTest(SuiteRunner.java:377)
at org.testng.SuiteRunner.runSequentially(SuiteRunner.java:371)
at org.testng.SuiteRunner.privateRun(SuiteRunner.java:332)
at org.testng.SuiteRunner.run(SuiteRunner.java:276)
at org.testng.SuiteRunnerWorker.runSuite(SuiteRunnerWorker.java:53)
at org.testng.SuiteRunnerWorker.run(SuiteRunnerWorker.java:96)
at org.testng.TestNG.runSuitesSequentially(TestNG.java:1212)
at org.testng.TestNG.runSuitesSequentially(TestNG.java:1207)
at org.testng.TestNG.runSuitesLocally(TestNG.java:1134)
at org.testng.TestNG.runSuites(TestNG.java:1063)
at org.testng.TestNG.run(TestNG.java:1031)
at org.testng.remote.AbstractRemoteTestNG.run(AbstractRemoteTestNG.java:115)
at org.testng.remote.RemoteTestNG.initAndRun(RemoteTestNG.java:251)
at org.testng.remote.RemoteTestNG.main(RemoteTestNG.java:77)
Caused by: Error : 936, Position : 78, Sql = select UNQ_ID_IN_SRC_STM, CRN_ROW_IND from CYC_INTF where UNQ_ID_IN_SRC_STM = , OriginalSql = select UNQ_ID_IN_SRC_STM, CRN_ROW_IND from CYC_INTF where UNQ_ID_IN_SRC_STM = , Error Msg = ORA-00936: missing expression

at oracle.jdbc.driver.T4CTTIoer11.processError(T4CTTIoer11.java:636)
... 43 more
]]>
    </error>
  </testcase> <!-- CYCINTF_47__CYC_INTF__CRN_ROW_IND_Addnewrecorddata -->
  <system-out/>
  <testcase classname="com.etl.test.testscripts.TestCycIntf" name="CYCINTF_49__CYC_INTF__EFF_TO_TMS_Addnewrecorddata" time="0.108">
    <error message="ORA-00936: missing expression
" type="java.sql.SQLSyntaxErrorException">
      <![CDATA[java.sql.SQLSyntaxErrorException: ORA-00936: missing expression

at oracle.jdbc.driver.T4CTTIoer11.processError(T4CTTIoer11.java:629)
at oracle.jdbc.driver.T4CTTIoer11.processError(T4CTTIoer11.java:563)
at oracle.jdbc.driver.T4C8Oall.processError(T4C8Oall.java:1150)
at oracle.jdbc.driver.T4CTTIfun.receive(T4CTTIfun.java:770)
at oracle.jdbc.driver.T4CTTIfun.doRPC(T4CTTIfun.java:298)
at oracle.jdbc.driver.T4C8Oall.doOALL(T4C8Oall.java:497)
at oracle.jdbc.driver.T4CStatement.doOall8(T4CStatement.java:111)
at oracle.jdbc.driver.T4CStatement.executeForDescribe(T4CStatement.java:895)
at oracle.jdbc.driver.OracleStatement.prepareDefineBufferAndExecute(OracleStatement.java:1171)
at oracle.jdbc.driver.OracleStatement.executeMaybeDescribe(OracleStatement.java:1100)
at oracle.jdbc.driver.OracleStatement.executeSQLSelect(OracleStatement.java:1425)
at oracle.jdbc.driver.OracleStatement.doExecuteWithTimeout(OracleStatement.java:1308)
at oracle.jdbc.driver.OracleStatement.executeQuery(OracleStatement.java:1712)
at oracle.jdbc.driver.OracleStatementWrapper.executeQuery(OracleStatementWrapper.java:393)
at com.etl.common.database.DatabaseUtils.getColumnValues(DatabaseUtils.java:253)
at com.etl.common.database.DatabaseUtils.getDiffResultQueries(DatabaseUtils.java:237)
at com.etl.test.testscripts.TestCycIntf.CYCINTF_49__CYC_INTF__EFF_TO_TMS_Addnewrecorddata(TestCycIntf.java:1138)
at java.base/jdk.internal.reflect.DirectMethodHandleAccessor.invoke(DirectMethodHandleAccessor.java:104)
at java.base/java.lang.reflect.Method.invoke(Method.java:578)
at org.testng.internal.MethodInvocationHelper.invokeMethod(MethodInvocationHelper.java:133)
at org.testng.internal.TestInvoker.invokeMethod(TestInvoker.java:598)
at org.testng.internal.TestInvoker.invokeTestMethod(TestInvoker.java:173)
at org.testng.internal.MethodRunner.runInSequence(MethodRunner.java:46)
at org.testng.internal.TestInvoker$MethodInvocationAgent.invoke(TestInvoker.java:824)
at org.testng.internal.TestInvoker.invokeTestMethods(TestInvoker.java:146)
at org.testng.internal.TestMethodWorker.invokeTestMethods(TestMethodWorker.java:146)
at org.testng.internal.TestMethodWorker.run(TestMethodWorker.java:128)
at java.base/java.util.ArrayList.forEach(ArrayList.java:1511)
at org.testng.TestRunner.privateRun(TestRunner.java:794)
at org.testng.TestRunner.run(TestRunner.java:596)
at org.testng.SuiteRunner.runTest(SuiteRunner.java:377)
at org.testng.SuiteRunner.runSequentially(SuiteRunner.java:371)
at org.testng.SuiteRunner.privateRun(SuiteRunner.java:332)
at org.testng.SuiteRunner.run(SuiteRunner.java:276)
at org.testng.SuiteRunnerWorker.runSuite(SuiteRunnerWorker.java:53)
at org.testng.SuiteRunnerWorker.run(SuiteRunnerWorker.java:96)
at org.testng.TestNG.runSuitesSequentially(TestNG.java:1212)
at org.testng.TestNG.runSuitesSequentially(TestNG.java:1207)
at org.testng.TestNG.runSuitesLocally(TestNG.java:1134)
at org.testng.TestNG.runSuites(TestNG.java:1063)
at org.testng.TestNG.run(TestNG.java:1031)
at org.testng.remote.AbstractRemoteTestNG.run(AbstractRemoteTestNG.java:115)
at org.testng.remote.RemoteTestNG.initAndRun(RemoteTestNG.java:251)
at org.testng.remote.RemoteTestNG.main(RemoteTestNG.java:77)
Caused by: Error : 936, Position : 77, Sql = select UNQ_ID_IN_SRC_STM, EFF_TO_TMS from CYC_INTF where UNQ_ID_IN_SRC_STM = , OriginalSql = select UNQ_ID_IN_SRC_STM, EFF_TO_TMS from CYC_INTF where UNQ_ID_IN_SRC_STM = , Error Msg = ORA-00936: missing expression

at oracle.jdbc.driver.T4CTTIoer11.processError(T4CTTIoer11.java:636)
... 43 more
]]>
    </error>
  </testcase> <!-- CYCINTF_49__CYC_INTF__EFF_TO_TMS_Addnewrecorddata -->
  <system-out/>
  <testcase classname="com.etl.test.testscripts.TestCycIntf" name="CYCINTF_05__CYC_INTF__CYC_NM_CheckValidateValues" time="0.136">
    <error message="ORA-00942: table or view does not exist
" type="java.sql.SQLSyntaxErrorException">
      <![CDATA[java.sql.SQLSyntaxErrorException: ORA-00942: table or view does not exist

at oracle.jdbc.driver.T4CTTIoer11.processError(T4CTTIoer11.java:629)
at oracle.jdbc.driver.T4CTTIoer11.processError(T4CTTIoer11.java:563)
at oracle.jdbc.driver.T4C8Oall.processError(T4C8Oall.java:1150)
at oracle.jdbc.driver.T4CTTIfun.receive(T4CTTIfun.java:770)
at oracle.jdbc.driver.T4CTTIfun.doRPC(T4CTTIfun.java:298)
at oracle.jdbc.driver.T4C8Oall.doOALL(T4C8Oall.java:497)
at oracle.jdbc.driver.T4CStatement.doOall8(T4CStatement.java:111)
at oracle.jdbc.driver.T4CStatement.executeForDescribe(T4CStatement.java:895)
at oracle.jdbc.driver.OracleStatement.prepareDefineBufferAndExecute(OracleStatement.java:1171)
at oracle.jdbc.driver.OracleStatement.executeMaybeDescribe(OracleStatement.java:1100)
at oracle.jdbc.driver.OracleStatement.executeSQLSelect(OracleStatement.java:1425)
at oracle.jdbc.driver.OracleStatement.doExecuteWithTimeout(OracleStatement.java:1308)
at oracle.jdbc.driver.OracleStatement.executeQuery(OracleStatement.java:1712)
at oracle.jdbc.driver.OracleStatementWrapper.executeQuery(OracleStatementWrapper.java:393)
at com.etl.common.database.DatabaseUtils.getColumnValues(DatabaseUtils.java:253)
at com.etl.common.database.DatabaseUtils.getDiffResultQueries(DatabaseUtils.java:237)
at com.etl.test.testscripts.TestCycIntf.CYCINTF_05__CYC_INTF__CYC_NM_CheckValidateValues(TestCycIntf.java:123)
at java.base/jdk.internal.reflect.DirectMethodHandleAccessor.invoke(DirectMethodHandleAccessor.java:104)
at java.base/java.lang.reflect.Method.invoke(Method.java:578)
at org.testng.internal.MethodInvocationHelper.invokeMethod(MethodInvocationHelper.java:133)
at org.testng.internal.TestInvoker.invokeMethod(TestInvoker.java:598)
at org.testng.internal.TestInvoker.invokeTestMethod(TestInvoker.java:173)
at org.testng.internal.MethodRunner.runInSequence(MethodRunner.java:46)
at org.testng.internal.TestInvoker$MethodInvocationAgent.invoke(TestInvoker.java:824)
at org.testng.internal.TestInvoker.invokeTestMethods(TestInvoker.java:146)
at org.testng.internal.TestMethodWorker.invokeTestMethods(TestMethodWorker.java:146)
at org.testng.internal.TestMethodWorker.run(TestMethodWorker.java:128)
at java.base/java.util.ArrayList.forEach(ArrayList.java:1511)
at org.testng.TestRunner.privateRun(TestRunner.java:794)
at org.testng.TestRunner.run(TestRunner.java:596)
at org.testng.SuiteRunner.runTest(SuiteRunner.java:377)
at org.testng.SuiteRunner.runSequentially(SuiteRunner.java:371)
at org.testng.SuiteRunner.privateRun(SuiteRunner.java:332)
at org.testng.SuiteRunner.run(SuiteRunner.java:276)
at org.testng.SuiteRunnerWorker.runSuite(SuiteRunnerWorker.java:53)
at org.testng.SuiteRunnerWorker.run(SuiteRunnerWorker.java:96)
at org.testng.TestNG.runSuitesSequentially(TestNG.java:1212)
at org.testng.TestNG.runSuitesSequentially(TestNG.java:1207)
at org.testng.TestNG.runSuitesLocally(TestNG.java:1134)
at org.testng.TestNG.runSuites(TestNG.java:1063)
at org.testng.TestNG.run(TestNG.java:1031)
at org.testng.remote.AbstractRemoteTestNG.run(AbstractRemoteTestNG.java:115)
at org.testng.remote.RemoteTestNG.initAndRun(RemoteTestNG.java:251)
at org.testng.remote.RemoteTestNG.main(RemoteTestNG.java:77)
Caused by: Error : 942, Position : 37, Sql = Select UNQ_ID_IN_SRC_STM,CYC_NM From CYC_INTF, OriginalSql = Select UNQ_ID_IN_SRC_STM,CYC_NM From CYC_INTF, Error Msg = ORA-00942: table or view does not exist

at oracle.jdbc.driver.T4CTTIoer11.processError(T4CTTIoer11.java:636)
... 43 more
]]>
    </error>
  </testcase> <!-- CYCINTF_05__CYC_INTF__CYC_NM_CheckValidateValues -->
  <system-out/>
  <testcase classname="com.etl.test.testscripts.TestCycIntf" name="CYCINTF_48__CYC_INTF__EFF_FM_TMS_Addnewrecorddata" time="0.096">
    <error message="ORA-00936: missing expression
" type="java.sql.SQLSyntaxErrorException">
      <![CDATA[java.sql.SQLSyntaxErrorException: ORA-00936: missing expression

at oracle.jdbc.driver.T4CTTIoer11.processError(T4CTTIoer11.java:629)
at oracle.jdbc.driver.T4CTTIoer11.processError(T4CTTIoer11.java:563)
at oracle.jdbc.driver.T4C8Oall.processError(T4C8Oall.java:1150)
at oracle.jdbc.driver.T4CTTIfun.receive(T4CTTIfun.java:770)
at oracle.jdbc.driver.T4CTTIfun.doRPC(T4CTTIfun.java:298)
at oracle.jdbc.driver.T4C8Oall.doOALL(T4C8Oall.java:497)
at oracle.jdbc.driver.T4CStatement.doOall8(T4CStatement.java:111)
at oracle.jdbc.driver.T4CStatement.executeForDescribe(T4CStatement.java:895)
at oracle.jdbc.driver.OracleStatement.prepareDefineBufferAndExecute(OracleStatement.java:1171)
at oracle.jdbc.driver.OracleStatement.executeMaybeDescribe(OracleStatement.java:1100)
at oracle.jdbc.driver.OracleStatement.executeSQLSelect(OracleStatement.java:1425)
at oracle.jdbc.driver.OracleStatement.doExecuteWithTimeout(OracleStatement.java:1308)
at oracle.jdbc.driver.OracleStatement.executeQuery(OracleStatement.java:1712)
at oracle.jdbc.driver.OracleStatementWrapper.executeQuery(OracleStatementWrapper.java:393)
at com.etl.common.database.DatabaseUtils.getColumnValues(DatabaseUtils.java:253)
at com.etl.common.database.DatabaseUtils.getDiffResultQueries(DatabaseUtils.java:237)
at com.etl.test.testscripts.TestCycIntf.CYCINTF_48__CYC_INTF__EFF_FM_TMS_Addnewrecorddata(TestCycIntf.java:1115)
at java.base/jdk.internal.reflect.DirectMethodHandleAccessor.invoke(DirectMethodHandleAccessor.java:104)
at java.base/java.lang.reflect.Method.invoke(Method.java:578)
at org.testng.internal.MethodInvocationHelper.invokeMethod(MethodInvocationHelper.java:133)
at org.testng.internal.TestInvoker.invokeMethod(TestInvoker.java:598)
at org.testng.internal.TestInvoker.invokeTestMethod(TestInvoker.java:173)
at org.testng.internal.MethodRunner.runInSequence(MethodRunner.java:46)
at org.testng.internal.TestInvoker$MethodInvocationAgent.invoke(TestInvoker.java:824)
at org.testng.internal.TestInvoker.invokeTestMethods(TestInvoker.java:146)
at org.testng.internal.TestMethodWorker.invokeTestMethods(TestMethodWorker.java:146)
at org.testng.internal.TestMethodWorker.run(TestMethodWorker.java:128)
at java.base/java.util.ArrayList.forEach(ArrayList.java:1511)
at org.testng.TestRunner.privateRun(TestRunner.java:794)
at org.testng.TestRunner.run(TestRunner.java:596)
at org.testng.SuiteRunner.runTest(SuiteRunner.java:377)
at org.testng.SuiteRunner.runSequentially(SuiteRunner.java:371)
at org.testng.SuiteRunner.privateRun(SuiteRunner.java:332)
at org.testng.SuiteRunner.run(SuiteRunner.java:276)
at org.testng.SuiteRunnerWorker.runSuite(SuiteRunnerWorker.java:53)
at org.testng.SuiteRunnerWorker.run(SuiteRunnerWorker.java:96)
at org.testng.TestNG.runSuitesSequentially(TestNG.java:1212)
at org.testng.TestNG.runSuitesSequentially(TestNG.java:1207)
at org.testng.TestNG.runSuitesLocally(TestNG.java:1134)
at org.testng.TestNG.runSuites(TestNG.java:1063)
at org.testng.TestNG.run(TestNG.java:1031)
at org.testng.remote.AbstractRemoteTestNG.run(AbstractRemoteTestNG.java:115)
at org.testng.remote.RemoteTestNG.initAndRun(RemoteTestNG.java:251)
at org.testng.remote.RemoteTestNG.main(RemoteTestNG.java:77)
Caused by: Error : 936, Position : 77, Sql = select UNQ_ID_IN_SRC_STM, EFF_FM_TMS from CYC_INTF where UNQ_ID_IN_SRC_STM = , OriginalSql = select UNQ_ID_IN_SRC_STM, EFF_FM_TMS from CYC_INTF where UNQ_ID_IN_SRC_STM = , Error Msg = ORA-00936: missing expression

at oracle.jdbc.driver.T4CTTIoer11.processError(T4CTTIoer11.java:636)
... 43 more
]]>
    </error>
  </testcase> <!-- CYCINTF_48__CYC_INTF__EFF_FM_TMS_Addnewrecorddata -->
  <system-out/>
  <testcase classname="com.etl.test.testscripts.TestCycIntf" name="CYCINTF_02__CYC_INTF_CheckRecordCounts" time="0.072">
    <error message="ORA-00942: table or view does not exist
" type="java.sql.SQLSyntaxErrorException">
      <![CDATA[java.sql.SQLSyntaxErrorException: ORA-00942: table or view does not exist

at oracle.jdbc.driver.T4CTTIoer11.processError(T4CTTIoer11.java:629)
at oracle.jdbc.driver.T4CTTIoer11.processError(T4CTTIoer11.java:563)
at oracle.jdbc.driver.T4C8Oall.processError(T4C8Oall.java:1150)
at oracle.jdbc.driver.T4CTTIfun.receive(T4CTTIfun.java:770)
at oracle.jdbc.driver.T4CTTIfun.doRPC(T4CTTIfun.java:298)
at oracle.jdbc.driver.T4C8Oall.doOALL(T4C8Oall.java:497)
at oracle.jdbc.driver.T4CStatement.doOall8(T4CStatement.java:111)
at oracle.jdbc.driver.T4CStatement.executeForDescribe(T4CStatement.java:895)
at oracle.jdbc.driver.OracleStatement.prepareDefineBufferAndExecute(OracleStatement.java:1171)
at oracle.jdbc.driver.OracleStatement.executeMaybeDescribe(OracleStatement.java:1100)
at oracle.jdbc.driver.OracleStatement.executeSQLSelect(OracleStatement.java:1425)
at oracle.jdbc.driver.OracleStatement.doExecuteWithTimeout(OracleStatement.java:1308)
at oracle.jdbc.driver.OracleStatement.executeQuery(OracleStatement.java:1712)
at oracle.jdbc.driver.OracleStatementWrapper.executeQuery(OracleStatementWrapper.java:393)
at com.etl.common.database.DatabaseUtils.getColumnValues(DatabaseUtils.java:253)
at com.etl.common.database.DatabaseUtils.getDiffResultQueries(DatabaseUtils.java:237)
at com.etl.test.testscripts.TestCycIntf.CYCINTF_02__CYC_INTF_CheckRecordCounts(TestCycIntf.java:54)
at java.base/jdk.internal.reflect.DirectMethodHandleAccessor.invoke(DirectMethodHandleAccessor.java:104)
at java.base/java.lang.reflect.Method.invoke(Method.java:578)
at org.testng.internal.MethodInvocationHelper.invokeMethod(MethodInvocationHelper.java:133)
at org.testng.internal.TestInvoker.invokeMethod(TestInvoker.java:598)
at org.testng.internal.TestInvoker.invokeTestMethod(TestInvoker.java:173)
at org.testng.internal.MethodRunner.runInSequence(MethodRunner.java:46)
at org.testng.internal.TestInvoker$MethodInvocationAgent.invoke(TestInvoker.java:824)
at org.testng.internal.TestInvoker.invokeTestMethods(TestInvoker.java:146)
at org.testng.internal.TestMethodWorker.invokeTestMethods(TestMethodWorker.java:146)
at org.testng.internal.TestMethodWorker.run(TestMethodWorker.java:128)
at java.base/java.util.ArrayList.forEach(ArrayList.java:1511)
at org.testng.TestRunner.privateRun(TestRunner.java:794)
at org.testng.TestRunner.run(TestRunner.java:596)
at org.testng.SuiteRunner.runTest(SuiteRunner.java:377)
at org.testng.SuiteRunner.runSequentially(SuiteRunner.java:371)
at org.testng.SuiteRunner.privateRun(SuiteRunner.java:332)
at org.testng.SuiteRunner.run(SuiteRunner.java:276)
at org.testng.SuiteRunnerWorker.runSuite(SuiteRunnerWorker.java:53)
at org.testng.SuiteRunnerWorker.run(SuiteRunnerWorker.java:96)
at org.testng.TestNG.runSuitesSequentially(TestNG.java:1212)
at org.testng.TestNG.runSuitesSequentially(TestNG.java:1207)
at org.testng.TestNG.runSuitesLocally(TestNG.java:1134)
at org.testng.TestNG.runSuites(TestNG.java:1063)
at org.testng.TestNG.run(TestNG.java:1031)
at org.testng.remote.AbstractRemoteTestNG.run(AbstractRemoteTestNG.java:115)
at org.testng.remote.RemoteTestNG.initAndRun(RemoteTestNG.java:251)
at org.testng.remote.RemoteTestNG.main(RemoteTestNG.java:77)
Caused by: Error : 942, Position : 21, Sql = select count(*) from "CYC_INTF", OriginalSql = select count(*) from "CYC_INTF", Error Msg = ORA-00942: table or view does not exist

at oracle.jdbc.driver.T4CTTIoer11.processError(T4CTTIoer11.java:636)
... 43 more
]]>
    </error>
  </testcase> <!-- CYCINTF_02__CYC_INTF_CheckRecordCounts -->
  <system-out/>
  <testcase classname="com.etl.test.testscripts.TestCycIntf" name="CYCINTF_42__CYC_INTF__CYC_NM_Addnewrecorddata" time="0.104">
    <error message="ORA-00936: missing expression
" type="java.sql.SQLSyntaxErrorException">
      <![CDATA[java.sql.SQLSyntaxErrorException: ORA-00936: missing expression

at oracle.jdbc.driver.T4CTTIoer11.processError(T4CTTIoer11.java:629)
at oracle.jdbc.driver.T4CTTIoer11.processError(T4CTTIoer11.java:563)
at oracle.jdbc.driver.T4C8Oall.processError(T4C8Oall.java:1150)
at oracle.jdbc.driver.T4CTTIfun.receive(T4CTTIfun.java:770)
at oracle.jdbc.driver.T4CTTIfun.doRPC(T4CTTIfun.java:298)
at oracle.jdbc.driver.T4C8Oall.doOALL(T4C8Oall.java:497)
at oracle.jdbc.driver.T4CStatement.doOall8(T4CStatement.java:111)
at oracle.jdbc.driver.T4CStatement.executeForDescribe(T4CStatement.java:895)
at oracle.jdbc.driver.OracleStatement.prepareDefineBufferAndExecute(OracleStatement.java:1171)
at oracle.jdbc.driver.OracleStatement.executeMaybeDescribe(OracleStatement.java:1100)
at oracle.jdbc.driver.OracleStatement.executeSQLSelect(OracleStatement.java:1425)
at oracle.jdbc.driver.OracleStatement.doExecuteWithTimeout(OracleStatement.java:1308)
at oracle.jdbc.driver.OracleStatement.executeQuery(OracleStatement.java:1712)
at oracle.jdbc.driver.OracleStatementWrapper.executeQuery(OracleStatementWrapper.java:393)
at com.etl.common.database.DatabaseUtils.getColumnValues(DatabaseUtils.java:253)
at com.etl.common.database.DatabaseUtils.getDiffResultQueries(DatabaseUtils.java:237)
at com.etl.test.testscripts.TestCycIntf.CYCINTF_42__CYC_INTF__CYC_NM_Addnewrecorddata(TestCycIntf.java:977)
at java.base/jdk.internal.reflect.DirectMethodHandleAccessor.invoke(DirectMethodHandleAccessor.java:104)
at java.base/java.lang.reflect.Method.invoke(Method.java:578)
at org.testng.internal.MethodInvocationHelper.invokeMethod(MethodInvocationHelper.java:133)
at org.testng.internal.TestInvoker.invokeMethod(TestInvoker.java:598)
at org.testng.internal.TestInvoker.invokeTestMethod(TestInvoker.java:173)
at org.testng.internal.MethodRunner.runInSequence(MethodRunner.java:46)
at org.testng.internal.TestInvoker$MethodInvocationAgent.invoke(TestInvoker.java:824)
at org.testng.internal.TestInvoker.invokeTestMethods(TestInvoker.java:146)
at org.testng.internal.TestMethodWorker.invokeTestMethods(TestMethodWorker.java:146)
at org.testng.internal.TestMethodWorker.run(TestMethodWorker.java:128)
at java.base/java.util.ArrayList.forEach(ArrayList.java:1511)
at org.testng.TestRunner.privateRun(TestRunner.java:794)
at org.testng.TestRunner.run(TestRunner.java:596)
at org.testng.SuiteRunner.runTest(SuiteRunner.java:377)
at org.testng.SuiteRunner.runSequentially(SuiteRunner.java:371)
at org.testng.SuiteRunner.privateRun(SuiteRunner.java:332)
at org.testng.SuiteRunner.run(SuiteRunner.java:276)
at org.testng.SuiteRunnerWorker.runSuite(SuiteRunnerWorker.java:53)
at org.testng.SuiteRunnerWorker.run(SuiteRunnerWorker.java:96)
at org.testng.TestNG.runSuitesSequentially(TestNG.java:1212)
at org.testng.TestNG.runSuitesSequentially(TestNG.java:1207)
at org.testng.TestNG.runSuitesLocally(TestNG.java:1134)
at org.testng.TestNG.runSuites(TestNG.java:1063)
at org.testng.TestNG.run(TestNG.java:1031)
at org.testng.remote.AbstractRemoteTestNG.run(AbstractRemoteTestNG.java:115)
at org.testng.remote.RemoteTestNG.initAndRun(RemoteTestNG.java:251)
at org.testng.remote.RemoteTestNG.main(RemoteTestNG.java:77)
Caused by: Error : 936, Position : 73, Sql = select UNQ_ID_IN_SRC_STM, CYC_NM from CYC_INTF where UNQ_ID_IN_SRC_STM = , OriginalSql = select UNQ_ID_IN_SRC_STM, CYC_NM from CYC_INTF where UNQ_ID_IN_SRC_STM = , Error Msg = ORA-00936: missing expression

at oracle.jdbc.driver.T4CTTIoer11.processError(T4CTTIoer11.java:636)
... 43 more
]]>
    </error>
  </testcase> <!-- CYCINTF_42__CYC_INTF__CYC_NM_Addnewrecorddata -->
  <system-out/>
  <testcase classname="com.etl.test.testscripts.TestCycIntf" name="CYCINTF_07__CYC_INTF__SRC_STM_CODE_CheckValidateValues" time="0.043">
    <error message="ORA-01756: quoted string not properly terminated
" type="java.sql.SQLSyntaxErrorException">
      <![CDATA[java.sql.SQLSyntaxErrorException: ORA-01756: quoted string not properly terminated

at oracle.jdbc.driver.T4CTTIoer11.processError(T4CTTIoer11.java:629)
at oracle.jdbc.driver.T4CTTIoer11.processError(T4CTTIoer11.java:563)
at oracle.jdbc.driver.T4C8Oall.processError(T4C8Oall.java:1150)
at oracle.jdbc.driver.T4CTTIfun.receive(T4CTTIfun.java:770)
at oracle.jdbc.driver.T4CTTIfun.doRPC(T4CTTIfun.java:298)
at oracle.jdbc.driver.T4C8Oall.doOALL(T4C8Oall.java:497)
at oracle.jdbc.driver.T4CStatement.doOall8(T4CStatement.java:111)
at oracle.jdbc.driver.T4CStatement.executeForDescribe(T4CStatement.java:895)
at oracle.jdbc.driver.OracleStatement.prepareDefineBufferAndExecute(OracleStatement.java:1171)
at oracle.jdbc.driver.OracleStatement.executeMaybeDescribe(OracleStatement.java:1100)
at oracle.jdbc.driver.OracleStatement.executeSQLSelect(OracleStatement.java:1425)
at oracle.jdbc.driver.OracleStatement.doExecuteWithTimeout(OracleStatement.java:1308)
at oracle.jdbc.driver.OracleStatement.executeQuery(OracleStatement.java:1712)
at oracle.jdbc.driver.OracleStatementWrapper.executeQuery(OracleStatementWrapper.java:393)
at com.etl.common.database.DatabaseUtils.getColumnValues(DatabaseUtils.java:253)
at com.etl.common.database.DatabaseUtils.getDiffResultQueries(DatabaseUtils.java:236)
at com.etl.test.testscripts.TestCycIntf.CYCINTF_07__CYC_INTF__SRC_STM_CODE_CheckValidateValues(TestCycIntf.java:169)
at java.base/jdk.internal.reflect.DirectMethodHandleAccessor.invoke(DirectMethodHandleAccessor.java:104)
at java.base/java.lang.reflect.Method.invoke(Method.java:578)
at org.testng.internal.MethodInvocationHelper.invokeMethod(MethodInvocationHelper.java:133)
at org.testng.internal.TestInvoker.invokeMethod(TestInvoker.java:598)
at org.testng.internal.TestInvoker.invokeTestMethod(TestInvoker.java:173)
at org.testng.internal.MethodRunner.runInSequence(MethodRunner.java:46)
at org.testng.internal.TestInvoker$MethodInvocationAgent.invoke(TestInvoker.java:824)
at org.testng.internal.TestInvoker.invokeTestMethods(TestInvoker.java:146)
at org.testng.internal.TestMethodWorker.invokeTestMethods(TestMethodWorker.java:146)
at org.testng.internal.TestMethodWorker.run(TestMethodWorker.java:128)
at java.base/java.util.ArrayList.forEach(ArrayList.java:1511)
at org.testng.TestRunner.privateRun(TestRunner.java:794)
at org.testng.TestRunner.run(TestRunner.java:596)
at org.testng.SuiteRunner.runTest(SuiteRunner.java:377)
at org.testng.SuiteRunner.runSequentially(SuiteRunner.java:371)
at org.testng.SuiteRunner.privateRun(SuiteRunner.java:332)
at org.testng.SuiteRunner.run(SuiteRunner.java:276)
at org.testng.SuiteRunnerWorker.runSuite(SuiteRunnerWorker.java:53)
at org.testng.SuiteRunnerWorker.run(SuiteRunnerWorker.java:96)
at org.testng.TestNG.runSuitesSequentially(TestNG.java:1212)
at org.testng.TestNG.runSuitesSequentially(TestNG.java:1207)
at org.testng.TestNG.runSuitesLocally(TestNG.java:1134)
at org.testng.TestNG.runSuites(TestNG.java:1063)
at org.testng.TestNG.run(TestNG.java:1031)
at org.testng.remote.AbstractRemoteTestNG.run(AbstractRemoteTestNG.java:115)
at org.testng.remote.RemoteTestNG.initAndRun(RemoteTestNG.java:251)
at org.testng.remote.RemoteTestNG.main(RemoteTestNG.java:77)
Caused by: Error : 1756, Position : 20, Sql = Select CYCLE_ID,TEAM' From CLOSED_CYCLE, OriginalSql = Select CYCLE_ID,TEAM' From CLOSED_CYCLE, Error Msg = ORA-01756: quoted string not properly terminated

at oracle.jdbc.driver.T4CTTIoer11.processError(T4CTTIoer11.java:636)
... 43 more
]]>
    </error>
  </testcase> <!-- CYCINTF_07__CYC_INTF__SRC_STM_CODE_CheckValidateValues -->
  <system-out/>
  <testcase classname="com.etl.test.testscripts.TestCycIntf" name="CYCINTF_44__CYC_INTF__SRC_STM_CODE_Addnewrecorddata" time="0.105">
    <error message="ORA-00936: missing expression
" type="java.sql.SQLSyntaxErrorException">
      <![CDATA[java.sql.SQLSyntaxErrorException: ORA-00936: missing expression

at oracle.jdbc.driver.T4CTTIoer11.processError(T4CTTIoer11.java:629)
at oracle.jdbc.driver.T4CTTIoer11.processError(T4CTTIoer11.java:563)
at oracle.jdbc.driver.T4C8Oall.processError(T4C8Oall.java:1150)
at oracle.jdbc.driver.T4CTTIfun.receive(T4CTTIfun.java:770)
at oracle.jdbc.driver.T4CTTIfun.doRPC(T4CTTIfun.java:298)
at oracle.jdbc.driver.T4C8Oall.doOALL(T4C8Oall.java:497)
at oracle.jdbc.driver.T4CStatement.doOall8(T4CStatement.java:111)
at oracle.jdbc.driver.T4CStatement.executeForDescribe(T4CStatement.java:895)
at oracle.jdbc.driver.OracleStatement.prepareDefineBufferAndExecute(OracleStatement.java:1171)
at oracle.jdbc.driver.OracleStatement.executeMaybeDescribe(OracleStatement.java:1100)
at oracle.jdbc.driver.OracleStatement.executeSQLSelect(OracleStatement.java:1425)
at oracle.jdbc.driver.OracleStatement.doExecuteWithTimeout(OracleStatement.java:1308)
at oracle.jdbc.driver.OracleStatement.executeQuery(OracleStatement.java:1712)
at oracle.jdbc.driver.OracleStatementWrapper.executeQuery(OracleStatementWrapper.java:393)
at com.etl.common.database.DatabaseUtils.getColumnValues(DatabaseUtils.java:253)
at com.etl.common.database.DatabaseUtils.getDiffResultQueries(DatabaseUtils.java:237)
at com.etl.test.testscripts.TestCycIntf.CYCINTF_44__CYC_INTF__SRC_STM_CODE_Addnewrecorddata(TestCycIntf.java:1023)
at java.base/jdk.internal.reflect.DirectMethodHandleAccessor.invoke(DirectMethodHandleAccessor.java:104)
at java.base/java.lang.reflect.Method.invoke(Method.java:578)
at org.testng.internal.MethodInvocationHelper.invokeMethod(MethodInvocationHelper.java:133)
at org.testng.internal.TestInvoker.invokeMethod(TestInvoker.java:598)
at org.testng.internal.TestInvoker.invokeTestMethod(TestInvoker.java:173)
at org.testng.internal.MethodRunner.runInSequence(MethodRunner.java:46)
at org.testng.internal.TestInvoker$MethodInvocationAgent.invoke(TestInvoker.java:824)
at org.testng.internal.TestInvoker.invokeTestMethods(TestInvoker.java:146)
at org.testng.internal.TestMethodWorker.invokeTestMethods(TestMethodWorker.java:146)
at org.testng.internal.TestMethodWorker.run(TestMethodWorker.java:128)
at java.base/java.util.ArrayList.forEach(ArrayList.java:1511)
at org.testng.TestRunner.privateRun(TestRunner.java:794)
at org.testng.TestRunner.run(TestRunner.java:596)
at org.testng.SuiteRunner.runTest(SuiteRunner.java:377)
at org.testng.SuiteRunner.runSequentially(SuiteRunner.java:371)
at org.testng.SuiteRunner.privateRun(SuiteRunner.java:332)
at org.testng.SuiteRunner.run(SuiteRunner.java:276)
at org.testng.SuiteRunnerWorker.runSuite(SuiteRunnerWorker.java:53)
at org.testng.SuiteRunnerWorker.run(SuiteRunnerWorker.java:96)
at org.testng.TestNG.runSuitesSequentially(TestNG.java:1212)
at org.testng.TestNG.runSuitesSequentially(TestNG.java:1207)
at org.testng.TestNG.runSuitesLocally(TestNG.java:1134)
at org.testng.TestNG.runSuites(TestNG.java:1063)
at org.testng.TestNG.run(TestNG.java:1031)
at org.testng.remote.AbstractRemoteTestNG.run(AbstractRemoteTestNG.java:115)
at org.testng.remote.RemoteTestNG.initAndRun(RemoteTestNG.java:251)
at org.testng.remote.RemoteTestNG.main(RemoteTestNG.java:77)
Caused by: Error : 936, Position : 79, Sql = select UNQ_ID_IN_SRC_STM, SRC_STM_CODE from CYC_INTF where UNQ_ID_IN_SRC_STM = , OriginalSql = select UNQ_ID_IN_SRC_STM, SRC_STM_CODE from CYC_INTF where UNQ_ID_IN_SRC_STM = , Error Msg = ORA-00936: missing expression

at oracle.jdbc.driver.T4CTTIoer11.processError(T4CTTIoer11.java:636)
... 43 more
]]>
    </error>
  </testcase> <!-- CYCINTF_44__CYC_INTF__SRC_STM_CODE_Addnewrecorddata -->
  <system-out/>
  <testcase classname="com.etl.test.testscripts.TestCycIntf" name="CYCINTF_06__CYC_INTF__CYC_STT_CheckValidateValues" time="0.139">
    <error message="ORA-00942: table or view does not exist
" type="java.sql.SQLSyntaxErrorException">
      <![CDATA[java.sql.SQLSyntaxErrorException: ORA-00942: table or view does not exist

at oracle.jdbc.driver.T4CTTIoer11.processError(T4CTTIoer11.java:629)
at oracle.jdbc.driver.T4CTTIoer11.processError(T4CTTIoer11.java:563)
at oracle.jdbc.driver.T4C8Oall.processError(T4C8Oall.java:1150)
at oracle.jdbc.driver.T4CTTIfun.receive(T4CTTIfun.java:770)
at oracle.jdbc.driver.T4CTTIfun.doRPC(T4CTTIfun.java:298)
at oracle.jdbc.driver.T4C8Oall.doOALL(T4C8Oall.java:497)
at oracle.jdbc.driver.T4CStatement.doOall8(T4CStatement.java:111)
at oracle.jdbc.driver.T4CStatement.executeForDescribe(T4CStatement.java:895)
at oracle.jdbc.driver.OracleStatement.prepareDefineBufferAndExecute(OracleStatement.java:1171)
at oracle.jdbc.driver.OracleStatement.executeMaybeDescribe(OracleStatement.java:1100)
at oracle.jdbc.driver.OracleStatement.executeSQLSelect(OracleStatement.java:1425)
at oracle.jdbc.driver.OracleStatement.doExecuteWithTimeout(OracleStatement.java:1308)
at oracle.jdbc.driver.OracleStatement.executeQuery(OracleStatement.java:1712)
at oracle.jdbc.driver.OracleStatementWrapper.executeQuery(OracleStatementWrapper.java:393)
at com.etl.common.database.DatabaseUtils.getColumnValues(DatabaseUtils.java:253)
at com.etl.common.database.DatabaseUtils.getDiffResultQueries(DatabaseUtils.java:237)
at com.etl.test.testscripts.TestCycIntf.CYCINTF_06__CYC_INTF__CYC_STT_CheckValidateValues(TestCycIntf.java:146)
at java.base/jdk.internal.reflect.DirectMethodHandleAccessor.invoke(DirectMethodHandleAccessor.java:104)
at java.base/java.lang.reflect.Method.invoke(Method.java:578)
at org.testng.internal.MethodInvocationHelper.invokeMethod(MethodInvocationHelper.java:133)
at org.testng.internal.TestInvoker.invokeMethod(TestInvoker.java:598)
at org.testng.internal.TestInvoker.invokeTestMethod(TestInvoker.java:173)
at org.testng.internal.MethodRunner.runInSequence(MethodRunner.java:46)
at org.testng.internal.TestInvoker$MethodInvocationAgent.invoke(TestInvoker.java:824)
at org.testng.internal.TestInvoker.invokeTestMethods(TestInvoker.java:146)
at org.testng.internal.TestMethodWorker.invokeTestMethods(TestMethodWorker.java:146)
at org.testng.internal.TestMethodWorker.run(TestMethodWorker.java:128)
at java.base/java.util.ArrayList.forEach(ArrayList.java:1511)
at org.testng.TestRunner.privateRun(TestRunner.java:794)
at org.testng.TestRunner.run(TestRunner.java:596)
at org.testng.SuiteRunner.runTest(SuiteRunner.java:377)
at org.testng.SuiteRunner.runSequentially(SuiteRunner.java:371)
at org.testng.SuiteRunner.privateRun(SuiteRunner.java:332)
at org.testng.SuiteRunner.run(SuiteRunner.java:276)
at org.testng.SuiteRunnerWorker.runSuite(SuiteRunnerWorker.java:53)
at org.testng.SuiteRunnerWorker.run(SuiteRunnerWorker.java:96)
at org.testng.TestNG.runSuitesSequentially(TestNG.java:1212)
at org.testng.TestNG.runSuitesSequentially(TestNG.java:1207)
at org.testng.TestNG.runSuitesLocally(TestNG.java:1134)
at org.testng.TestNG.runSuites(TestNG.java:1063)
at org.testng.TestNG.run(TestNG.java:1031)
at org.testng.remote.AbstractRemoteTestNG.run(AbstractRemoteTestNG.java:115)
at org.testng.remote.RemoteTestNG.initAndRun(RemoteTestNG.java:251)
at org.testng.remote.RemoteTestNG.main(RemoteTestNG.java:77)
Caused by: Error : 942, Position : 38, Sql = Select UNQ_ID_IN_SRC_STM,CYC_STT From CYC_INTF, OriginalSql = Select UNQ_ID_IN_SRC_STM,CYC_STT From CYC_INTF, Error Msg = ORA-00942: table or view does not exist

at oracle.jdbc.driver.T4CTTIoer11.processError(T4CTTIoer11.java:636)
... 43 more
]]>
    </error>
  </testcase> <!-- CYCINTF_06__CYC_INTF__CYC_STT_CheckValidateValues -->
  <system-out/>
  <testcase classname="com.etl.test.testscripts.TestCycIntf" name="CYCINTF_03__CYC_INTF__UNQ_ID_IN_SRC_STM_CheckValidateValues" time="0.119">
    <error message="ORA-00942: table or view does not exist
" type="java.sql.SQLSyntaxErrorException">
      <![CDATA[java.sql.SQLSyntaxErrorException: ORA-00942: table or view does not exist

at oracle.jdbc.driver.T4CTTIoer11.processError(T4CTTIoer11.java:629)
at oracle.jdbc.driver.T4CTTIoer11.processError(T4CTTIoer11.java:563)
at oracle.jdbc.driver.T4C8Oall.processError(T4C8Oall.java:1150)
at oracle.jdbc.driver.T4CTTIfun.receive(T4CTTIfun.java:770)
at oracle.jdbc.driver.T4CTTIfun.doRPC(T4CTTIfun.java:298)
at oracle.jdbc.driver.T4C8Oall.doOALL(T4C8Oall.java:497)
at oracle.jdbc.driver.T4CStatement.doOall8(T4CStatement.java:111)
at oracle.jdbc.driver.T4CStatement.executeForDescribe(T4CStatement.java:895)
at oracle.jdbc.driver.OracleStatement.prepareDefineBufferAndExecute(OracleStatement.java:1171)
at oracle.jdbc.driver.OracleStatement.executeMaybeDescribe(OracleStatement.java:1100)
at oracle.jdbc.driver.OracleStatement.executeSQLSelect(OracleStatement.java:1425)
at oracle.jdbc.driver.OracleStatement.doExecuteWithTimeout(OracleStatement.java:1308)
at oracle.jdbc.driver.OracleStatement.executeQuery(OracleStatement.java:1712)
at oracle.jdbc.driver.OracleStatementWrapper.executeQuery(OracleStatementWrapper.java:393)
at com.etl.common.database.DatabaseUtils.getColumnValues(DatabaseUtils.java:253)
at com.etl.common.database.DatabaseUtils.getDiffResultQueries(DatabaseUtils.java:237)
at com.etl.test.testscripts.TestCycIntf.CYCINTF_03__CYC_INTF__UNQ_ID_IN_SRC_STM_CheckValidateValues(TestCycIntf.java:77)
at java.base/jdk.internal.reflect.DirectMethodHandleAccessor.invoke(DirectMethodHandleAccessor.java:104)
at java.base/java.lang.reflect.Method.invoke(Method.java:578)
at org.testng.internal.MethodInvocationHelper.invokeMethod(MethodInvocationHelper.java:133)
at org.testng.internal.TestInvoker.invokeMethod(TestInvoker.java:598)
at org.testng.internal.TestInvoker.invokeTestMethod(TestInvoker.java:173)
at org.testng.internal.MethodRunner.runInSequence(MethodRunner.java:46)
at org.testng.internal.TestInvoker$MethodInvocationAgent.invoke(TestInvoker.java:824)
at org.testng.internal.TestInvoker.invokeTestMethods(TestInvoker.java:146)
at org.testng.internal.TestMethodWorker.invokeTestMethods(TestMethodWorker.java:146)
at org.testng.internal.TestMethodWorker.run(TestMethodWorker.java:128)
at java.base/java.util.ArrayList.forEach(ArrayList.java:1511)
at org.testng.TestRunner.privateRun(TestRunner.java:794)
at org.testng.TestRunner.run(TestRunner.java:596)
at org.testng.SuiteRunner.runTest(SuiteRunner.java:377)
at org.testng.SuiteRunner.runSequentially(SuiteRunner.java:371)
at org.testng.SuiteRunner.privateRun(SuiteRunner.java:332)
at org.testng.SuiteRunner.run(SuiteRunner.java:276)
at org.testng.SuiteRunnerWorker.runSuite(SuiteRunnerWorker.java:53)
at org.testng.SuiteRunnerWorker.run(SuiteRunnerWorker.java:96)
at org.testng.TestNG.runSuitesSequentially(TestNG.java:1212)
at org.testng.TestNG.runSuitesSequentially(TestNG.java:1207)
at org.testng.TestNG.runSuitesLocally(TestNG.java:1134)
at org.testng.TestNG.runSuites(TestNG.java:1063)
at org.testng.TestNG.run(TestNG.java:1031)
at org.testng.remote.AbstractRemoteTestNG.run(AbstractRemoteTestNG.java:115)
at org.testng.remote.RemoteTestNG.initAndRun(RemoteTestNG.java:251)
at org.testng.remote.RemoteTestNG.main(RemoteTestNG.java:77)
Caused by: Error : 942, Position : 30, Sql = Select UNQ_ID_IN_SRC_STM From CYC_INTF, OriginalSql = Select UNQ_ID_IN_SRC_STM From CYC_INTF, Error Msg = ORA-00942: table or view does not exist

at oracle.jdbc.driver.T4CTTIoer11.processError(T4CTTIoer11.java:636)
... 43 more
]]>
    </error>
  </testcase> <!-- CYCINTF_03__CYC_INTF__UNQ_ID_IN_SRC_STM_CheckValidateValues -->
  <system-out/>
  <testcase classname="com.etl.test.testscripts.TestCycIntf" name="CYCINTF_01__CYC_INTF_VerifyTargetSchematable" time="0.158">
    <error message="ORA-00936: missing expression
" type="java.sql.SQLSyntaxErrorException">
      <![CDATA[java.sql.SQLSyntaxErrorException: ORA-00936: missing expression

at oracle.jdbc.driver.T4CTTIoer11.processError(T4CTTIoer11.java:629)
at oracle.jdbc.driver.T4CTTIoer11.processError(T4CTTIoer11.java:563)
at oracle.jdbc.driver.T4C8Oall.processError(T4C8Oall.java:1150)
at oracle.jdbc.driver.T4CTTIfun.receive(T4CTTIfun.java:770)
at oracle.jdbc.driver.T4CTTIfun.doRPC(T4CTTIfun.java:298)
at oracle.jdbc.driver.T4C8Oall.doOALL(T4C8Oall.java:497)
at oracle.jdbc.driver.T4CStatement.doOall8(T4CStatement.java:111)
at oracle.jdbc.driver.T4CStatement.executeForDescribe(T4CStatement.java:895)
at oracle.jdbc.driver.OracleStatement.prepareDefineBufferAndExecute(OracleStatement.java:1171)
at oracle.jdbc.driver.OracleStatement.executeMaybeDescribe(OracleStatement.java:1100)
at oracle.jdbc.driver.OracleStatement.executeSQLSelect(OracleStatement.java:1425)
at oracle.jdbc.driver.OracleStatement.doExecuteWithTimeout(OracleStatement.java:1308)
at oracle.jdbc.driver.OracleStatement.executeQuery(OracleStatement.java:1712)
at oracle.jdbc.driver.OracleStatementWrapper.executeQuery(OracleStatementWrapper.java:393)
at com.etl.common.database.DatabaseUtils.getColumnValues(DatabaseUtils.java:253)
at com.etl.common.database.DatabaseUtils.getDiffResultQueries(DatabaseUtils.java:236)
at com.etl.test.testscripts.TestCycIntf.CYCINTF_01__CYC_INTF_VerifyTargetSchematable(TestCycIntf.java:31)
at java.base/jdk.internal.reflect.DirectMethodHandleAccessor.invoke(DirectMethodHandleAccessor.java:104)
at java.base/java.lang.reflect.Method.invoke(Method.java:578)
at org.testng.internal.MethodInvocationHelper.invokeMethod(MethodInvocationHelper.java:133)
at org.testng.internal.TestInvoker.invokeMethod(TestInvoker.java:598)
at org.testng.internal.TestInvoker.invokeTestMethod(TestInvoker.java:173)
at org.testng.internal.MethodRunner.runInSequence(MethodRunner.java:46)
at org.testng.internal.TestInvoker$MethodInvocationAgent.invoke(TestInvoker.java:824)
at org.testng.internal.TestInvoker.invokeTestMethods(TestInvoker.java:146)
at org.testng.internal.TestMethodWorker.invokeTestMethods(TestMethodWorker.java:146)
at org.testng.internal.TestMethodWorker.run(TestMethodWorker.java:128)
at java.base/java.util.ArrayList.forEach(ArrayList.java:1511)
at org.testng.TestRunner.privateRun(TestRunner.java:794)
at org.testng.TestRunner.run(TestRunner.java:596)
at org.testng.SuiteRunner.runTest(SuiteRunner.java:377)
at org.testng.SuiteRunner.runSequentially(SuiteRunner.java:371)
at org.testng.SuiteRunner.privateRun(SuiteRunner.java:332)
at org.testng.SuiteRunner.run(SuiteRunner.java:276)
at org.testng.SuiteRunnerWorker.runSuite(SuiteRunnerWorker.java:53)
at org.testng.SuiteRunnerWorker.run(SuiteRunnerWorker.java:96)
at org.testng.TestNG.runSuitesSequentially(TestNG.java:1212)
at org.testng.TestNG.runSuitesSequentially(TestNG.java:1207)
at org.testng.TestNG.runSuitesLocally(TestNG.java:1134)
at org.testng.TestNG.runSuites(TestNG.java:1063)
at org.testng.TestNG.run(TestNG.java:1031)
at org.testng.remote.AbstractRemoteTestNG.run(AbstractRemoteTestNG.java:115)
at org.testng.remote.RemoteTestNG.initAndRun(RemoteTestNG.java:251)
at org.testng.remote.RemoteTestNG.main(RemoteTestNG.java:77)
Caused by: Error : 936, Position : 41, Sql = Select table_name,column_name,data_type, * From information_schema.columns a where table_name = 'CYC_INTF_DES', OriginalSql = Select table_name,column_name,data_type, * From information_schema.columns a where table_name = 'CYC_INTF_DES', Error Msg = ORA-00936: missing expression

at oracle.jdbc.driver.T4CTTIoer11.processError(T4CTTIoer11.java:636)
... 43 more
]]>
    </error>
  </testcase> <!-- CYCINTF_01__CYC_INTF_VerifyTargetSchematable -->
  <system-out/>
  <testcase classname="com.etl.test.testscripts.TestCycIntf" name="CYCINTF_43__CYC_INTF__CYC_STT_Addnewrecorddata" time="0.107">
    <error message="ORA-00936: missing expression
" type="java.sql.SQLSyntaxErrorException">
      <![CDATA[java.sql.SQLSyntaxErrorException: ORA-00936: missing expression

at oracle.jdbc.driver.T4CTTIoer11.processError(T4CTTIoer11.java:629)
at oracle.jdbc.driver.T4CTTIoer11.processError(T4CTTIoer11.java:563)
at oracle.jdbc.driver.T4C8Oall.processError(T4C8Oall.java:1150)
at oracle.jdbc.driver.T4CTTIfun.receive(T4CTTIfun.java:770)
at oracle.jdbc.driver.T4CTTIfun.doRPC(T4CTTIfun.java:298)
at oracle.jdbc.driver.T4C8Oall.doOALL(T4C8Oall.java:497)
at oracle.jdbc.driver.T4CStatement.doOall8(T4CStatement.java:111)
at oracle.jdbc.driver.T4CStatement.executeForDescribe(T4CStatement.java:895)
at oracle.jdbc.driver.OracleStatement.prepareDefineBufferAndExecute(OracleStatement.java:1171)
at oracle.jdbc.driver.OracleStatement.executeMaybeDescribe(OracleStatement.java:1100)
at oracle.jdbc.driver.OracleStatement.executeSQLSelect(OracleStatement.java:1425)
at oracle.jdbc.driver.OracleStatement.doExecuteWithTimeout(OracleStatement.java:1308)
at oracle.jdbc.driver.OracleStatement.executeQuery(OracleStatement.java:1712)
at oracle.jdbc.driver.OracleStatementWrapper.executeQuery(OracleStatementWrapper.java:393)
at com.etl.common.database.DatabaseUtils.getColumnValues(DatabaseUtils.java:253)
at com.etl.common.database.DatabaseUtils.getDiffResultQueries(DatabaseUtils.java:237)
at com.etl.test.testscripts.TestCycIntf.CYCINTF_43__CYC_INTF__CYC_STT_Addnewrecorddata(TestCycIntf.java:1000)
at java.base/jdk.internal.reflect.DirectMethodHandleAccessor.invoke(DirectMethodHandleAccessor.java:104)
at java.base/java.lang.reflect.Method.invoke(Method.java:578)
at org.testng.internal.MethodInvocationHelper.invokeMethod(MethodInvocationHelper.java:133)
at org.testng.internal.TestInvoker.invokeMethod(TestInvoker.java:598)
at org.testng.internal.TestInvoker.invokeTestMethod(TestInvoker.java:173)
at org.testng.internal.MethodRunner.runInSequence(MethodRunner.java:46)
at org.testng.internal.TestInvoker$MethodInvocationAgent.invoke(TestInvoker.java:824)
at org.testng.internal.TestInvoker.invokeTestMethods(TestInvoker.java:146)
at org.testng.internal.TestMethodWorker.invokeTestMethods(TestMethodWorker.java:146)
at org.testng.internal.TestMethodWorker.run(TestMethodWorker.java:128)
at java.base/java.util.ArrayList.forEach(ArrayList.java:1511)
at org.testng.TestRunner.privateRun(TestRunner.java:794)
at org.testng.TestRunner.run(TestRunner.java:596)
at org.testng.SuiteRunner.runTest(SuiteRunner.java:377)
at org.testng.SuiteRunner.runSequentially(SuiteRunner.java:371)
at org.testng.SuiteRunner.privateRun(SuiteRunner.java:332)
at org.testng.SuiteRunner.run(SuiteRunner.java:276)
at org.testng.SuiteRunnerWorker.runSuite(SuiteRunnerWorker.java:53)
at org.testng.SuiteRunnerWorker.run(SuiteRunnerWorker.java:96)
at org.testng.TestNG.runSuitesSequentially(TestNG.java:1212)
at org.testng.TestNG.runSuitesSequentially(TestNG.java:1207)
at org.testng.TestNG.runSuitesLocally(TestNG.java:1134)
at org.testng.TestNG.runSuites(TestNG.java:1063)
at org.testng.TestNG.run(TestNG.java:1031)
at org.testng.remote.AbstractRemoteTestNG.run(AbstractRemoteTestNG.java:115)
at org.testng.remote.RemoteTestNG.initAndRun(RemoteTestNG.java:251)
at org.testng.remote.RemoteTestNG.main(RemoteTestNG.java:77)
Caused by: Error : 936, Position : 74, Sql = select UNQ_ID_IN_SRC_STM, CYC_STT from CYC_INTF where UNQ_ID_IN_SRC_STM = , OriginalSql = select UNQ_ID_IN_SRC_STM, CYC_STT from CYC_INTF where UNQ_ID_IN_SRC_STM = , Error Msg = ORA-00936: missing expression

at oracle.jdbc.driver.T4CTTIoer11.processError(T4CTTIoer11.java:636)
... 43 more
]]>
    </error>
  </testcase> <!-- CYCINTF_43__CYC_INTF__CYC_STT_Addnewrecorddata -->
  <system-out/>
  <testcase classname="com.etl.test.testscripts.TestCycIntf" name="CYCINTF_09__CYC_INTF__PCS_DT_CheckValidateValues" time="0.104">
    <error message="ORA-01008: not all variables bound
" type="java.sql.SQLException">
      <![CDATA[java.sql.SQLException: ORA-01008: not all variables bound

at oracle.jdbc.driver.T4CTTIoer11.processError(T4CTTIoer11.java:629)
at oracle.jdbc.driver.T4CTTIoer11.processError(T4CTTIoer11.java:563)
at oracle.jdbc.driver.T4C8Oall.processError(T4C8Oall.java:1150)
at oracle.jdbc.driver.T4CTTIfun.receive(T4CTTIfun.java:770)
at oracle.jdbc.driver.T4CTTIfun.doRPC(T4CTTIfun.java:298)
at oracle.jdbc.driver.T4C8Oall.doOALL(T4C8Oall.java:497)
at oracle.jdbc.driver.T4CStatement.doOall8(T4CStatement.java:111)
at oracle.jdbc.driver.T4CStatement.executeForDescribe(T4CStatement.java:895)
at oracle.jdbc.driver.OracleStatement.prepareDefineBufferAndExecute(OracleStatement.java:1171)
at oracle.jdbc.driver.OracleStatement.executeMaybeDescribe(OracleStatement.java:1100)
at oracle.jdbc.driver.OracleStatement.executeSQLSelect(OracleStatement.java:1425)
at oracle.jdbc.driver.OracleStatement.doExecuteWithTimeout(OracleStatement.java:1308)
at oracle.jdbc.driver.OracleStatement.executeQuery(OracleStatement.java:1712)
at oracle.jdbc.driver.OracleStatementWrapper.executeQuery(OracleStatementWrapper.java:393)
at com.etl.common.database.DatabaseUtils.getColumnValues(DatabaseUtils.java:253)
at com.etl.common.database.DatabaseUtils.getDiffResultQueries(DatabaseUtils.java:236)
at com.etl.test.testscripts.TestCycIntf.CYCINTF_09__CYC_INTF__PCS_DT_CheckValidateValues(TestCycIntf.java:215)
at java.base/jdk.internal.reflect.DirectMethodHandleAccessor.invoke(DirectMethodHandleAccessor.java:104)
at java.base/java.lang.reflect.Method.invoke(Method.java:578)
at org.testng.internal.MethodInvocationHelper.invokeMethod(MethodInvocationHelper.java:133)
at org.testng.internal.TestInvoker.invokeMethod(TestInvoker.java:598)
at org.testng.internal.TestInvoker.invokeTestMethod(TestInvoker.java:173)
at org.testng.internal.MethodRunner.runInSequence(MethodRunner.java:46)
at org.testng.internal.TestInvoker$MethodInvocationAgent.invoke(TestInvoker.java:824)
at org.testng.internal.TestInvoker.invokeTestMethods(TestInvoker.java:146)
at org.testng.internal.TestMethodWorker.invokeTestMethods(TestMethodWorker.java:146)
at org.testng.internal.TestMethodWorker.run(TestMethodWorker.java:128)
at java.base/java.util.ArrayList.forEach(ArrayList.java:1511)
at org.testng.TestRunner.privateRun(TestRunner.java:794)
at org.testng.TestRunner.run(TestRunner.java:596)
at org.testng.SuiteRunner.runTest(SuiteRunner.java:377)
at org.testng.SuiteRunner.runSequentially(SuiteRunner.java:371)
at org.testng.SuiteRunner.privateRun(SuiteRunner.java:332)
at org.testng.SuiteRunner.run(SuiteRunner.java:276)
at org.testng.SuiteRunnerWorker.runSuite(SuiteRunnerWorker.java:53)
at org.testng.SuiteRunnerWorker.run(SuiteRunnerWorker.java:96)
at org.testng.TestNG.runSuitesSequentially(TestNG.java:1212)
at org.testng.TestNG.runSuitesSequentially(TestNG.java:1207)
at org.testng.TestNG.runSuitesLocally(TestNG.java:1134)
at org.testng.TestNG.runSuites(TestNG.java:1063)
at org.testng.TestNG.run(TestNG.java:1031)
at org.testng.remote.AbstractRemoteTestNG.run(AbstractRemoteTestNG.java:115)
at org.testng.remote.RemoteTestNG.initAndRun(RemoteTestNG.java:251)
at org.testng.remote.RemoteTestNG.main(RemoteTestNG.java:77)
Caused by: Error : 1008, Position : 0, Sql = Select CYCLE_ID,:ETL_DATE From CLOSED_CYCLE, OriginalSql = Select CYCLE_ID,:ETL_DATE From CLOSED_CYCLE, Error Msg = ORA-01008: not all variables bound

at oracle.jdbc.driver.T4CTTIoer11.processError(T4CTTIoer11.java:636)
... 43 more
]]>
    </error>
  </testcase> <!-- CYCINTF_09__CYC_INTF__PCS_DT_CheckValidateValues -->
  <system-out/>
  <testcase classname="com.etl.test.testscripts.TestCycIntf" name="CYCINTF_46__CYC_INTF__PCS_DT_Addnewrecorddata" time="0.144">
    <error message="ORA-00936: missing expression
" type="java.sql.SQLSyntaxErrorException">
      <![CDATA[java.sql.SQLSyntaxErrorException: ORA-00936: missing expression

at oracle.jdbc.driver.T4CTTIoer11.processError(T4CTTIoer11.java:629)
at oracle.jdbc.driver.T4CTTIoer11.processError(T4CTTIoer11.java:563)
at oracle.jdbc.driver.T4C8Oall.processError(T4C8Oall.java:1150)
at oracle.jdbc.driver.T4CTTIfun.receive(T4CTTIfun.java:770)
at oracle.jdbc.driver.T4CTTIfun.doRPC(T4CTTIfun.java:298)
at oracle.jdbc.driver.T4C8Oall.doOALL(T4C8Oall.java:497)
at oracle.jdbc.driver.T4CStatement.doOall8(T4CStatement.java:111)
at oracle.jdbc.driver.T4CStatement.executeForDescribe(T4CStatement.java:895)
at oracle.jdbc.driver.OracleStatement.prepareDefineBufferAndExecute(OracleStatement.java:1171)
at oracle.jdbc.driver.OracleStatement.executeMaybeDescribe(OracleStatement.java:1100)
at oracle.jdbc.driver.OracleStatement.executeSQLSelect(OracleStatement.java:1425)
at oracle.jdbc.driver.OracleStatement.doExecuteWithTimeout(OracleStatement.java:1308)
at oracle.jdbc.driver.OracleStatement.executeQuery(OracleStatement.java:1712)
at oracle.jdbc.driver.OracleStatementWrapper.executeQuery(OracleStatementWrapper.java:393)
at com.etl.common.database.DatabaseUtils.getColumnValues(DatabaseUtils.java:253)
at com.etl.common.database.DatabaseUtils.getDiffResultQueries(DatabaseUtils.java:237)
at com.etl.test.testscripts.TestCycIntf.CYCINTF_46__CYC_INTF__PCS_DT_Addnewrecorddata(TestCycIntf.java:1069)
at java.base/jdk.internal.reflect.DirectMethodHandleAccessor.invoke(DirectMethodHandleAccessor.java:104)
at java.base/java.lang.reflect.Method.invoke(Method.java:578)
at org.testng.internal.MethodInvocationHelper.invokeMethod(MethodInvocationHelper.java:133)
at org.testng.internal.TestInvoker.invokeMethod(TestInvoker.java:598)
at org.testng.internal.TestInvoker.invokeTestMethod(TestInvoker.java:173)
at org.testng.internal.MethodRunner.runInSequence(MethodRunner.java:46)
at org.testng.internal.TestInvoker$MethodInvocationAgent.invoke(TestInvoker.java:824)
at org.testng.internal.TestInvoker.invokeTestMethods(TestInvoker.java:146)
at org.testng.internal.TestMethodWorker.invokeTestMethods(TestMethodWorker.java:146)
at org.testng.internal.TestMethodWorker.run(TestMethodWorker.java:128)
at java.base/java.util.ArrayList.forEach(ArrayList.java:1511)
at org.testng.TestRunner.privateRun(TestRunner.java:794)
at org.testng.TestRunner.run(TestRunner.java:596)
at org.testng.SuiteRunner.runTest(SuiteRunner.java:377)
at org.testng.SuiteRunner.runSequentially(SuiteRunner.java:371)
at org.testng.SuiteRunner.privateRun(SuiteRunner.java:332)
at org.testng.SuiteRunner.run(SuiteRunner.java:276)
at org.testng.SuiteRunnerWorker.runSuite(SuiteRunnerWorker.java:53)
at org.testng.SuiteRunnerWorker.run(SuiteRunnerWorker.java:96)
at org.testng.TestNG.runSuitesSequentially(TestNG.java:1212)
at org.testng.TestNG.runSuitesSequentially(TestNG.java:1207)
at org.testng.TestNG.runSuitesLocally(TestNG.java:1134)
at org.testng.TestNG.runSuites(TestNG.java:1063)
at org.testng.TestNG.run(TestNG.java:1031)
at org.testng.remote.AbstractRemoteTestNG.run(AbstractRemoteTestNG.java:115)
at org.testng.remote.RemoteTestNG.initAndRun(RemoteTestNG.java:251)
at org.testng.remote.RemoteTestNG.main(RemoteTestNG.java:77)
Caused by: Error : 936, Position : 73, Sql = select UNQ_ID_IN_SRC_STM, PCS_DT from CYC_INTF where UNQ_ID_IN_SRC_STM = , OriginalSql = select UNQ_ID_IN_SRC_STM, PCS_DT from CYC_INTF where UNQ_ID_IN_SRC_STM = , Error Msg = ORA-00936: missing expression

at oracle.jdbc.driver.T4CTTIoer11.processError(T4CTTIoer11.java:636)
... 43 more
]]>
    </error>
  </testcase> <!-- CYCINTF_46__CYC_INTF__PCS_DT_Addnewrecorddata -->
  <system-out/>
  <testcase classname="com.etl.test.testscripts.TestCycIntf" name="CYCINTF_45__CYC_INTF__SRC_STM_NM_Addnewrecorddata" time="0.102">
    <error message="ORA-00936: missing expression
" type="java.sql.SQLSyntaxErrorException">
      <![CDATA[java.sql.SQLSyntaxErrorException: ORA-00936: missing expression

at oracle.jdbc.driver.T4CTTIoer11.processError(T4CTTIoer11.java:629)
at oracle.jdbc.driver.T4CTTIoer11.processError(T4CTTIoer11.java:563)
at oracle.jdbc.driver.T4C8Oall.processError(T4C8Oall.java:1150)
at oracle.jdbc.driver.T4CTTIfun.receive(T4CTTIfun.java:770)
at oracle.jdbc.driver.T4CTTIfun.doRPC(T4CTTIfun.java:298)
at oracle.jdbc.driver.T4C8Oall.doOALL(T4C8Oall.java:497)
at oracle.jdbc.driver.T4CStatement.doOall8(T4CStatement.java:111)
at oracle.jdbc.driver.T4CStatement.executeForDescribe(T4CStatement.java:895)
at oracle.jdbc.driver.OracleStatement.prepareDefineBufferAndExecute(OracleStatement.java:1171)
at oracle.jdbc.driver.OracleStatement.executeMaybeDescribe(OracleStatement.java:1100)
at oracle.jdbc.driver.OracleStatement.executeSQLSelect(OracleStatement.java:1425)
at oracle.jdbc.driver.OracleStatement.doExecuteWithTimeout(OracleStatement.java:1308)
at oracle.jdbc.driver.OracleStatement.executeQuery(OracleStatement.java:1712)
at oracle.jdbc.driver.OracleStatementWrapper.executeQuery(OracleStatementWrapper.java:393)
at com.etl.common.database.DatabaseUtils.getColumnValues(DatabaseUtils.java:253)
at com.etl.common.database.DatabaseUtils.getDiffResultQueries(DatabaseUtils.java:237)
at com.etl.test.testscripts.TestCycIntf.CYCINTF_45__CYC_INTF__SRC_STM_NM_Addnewrecorddata(TestCycIntf.java:1046)
at java.base/jdk.internal.reflect.DirectMethodHandleAccessor.invoke(DirectMethodHandleAccessor.java:104)
at java.base/java.lang.reflect.Method.invoke(Method.java:578)
at org.testng.internal.MethodInvocationHelper.invokeMethod(MethodInvocationHelper.java:133)
at org.testng.internal.TestInvoker.invokeMethod(TestInvoker.java:598)
at org.testng.internal.TestInvoker.invokeTestMethod(TestInvoker.java:173)
at org.testng.internal.MethodRunner.runInSequence(MethodRunner.java:46)
at org.testng.internal.TestInvoker$MethodInvocationAgent.invoke(TestInvoker.java:824)
at org.testng.internal.TestInvoker.invokeTestMethods(TestInvoker.java:146)
at org.testng.internal.TestMethodWorker.invokeTestMethods(TestMethodWorker.java:146)
at org.testng.internal.TestMethodWorker.run(TestMethodWorker.java:128)
at java.base/java.util.ArrayList.forEach(ArrayList.java:1511)
at org.testng.TestRunner.privateRun(TestRunner.java:794)
at org.testng.TestRunner.run(TestRunner.java:596)
at org.testng.SuiteRunner.runTest(SuiteRunner.java:377)
at org.testng.SuiteRunner.runSequentially(SuiteRunner.java:371)
at org.testng.SuiteRunner.privateRun(SuiteRunner.java:332)
at org.testng.SuiteRunner.run(SuiteRunner.java:276)
at org.testng.SuiteRunnerWorker.runSuite(SuiteRunnerWorker.java:53)
at org.testng.SuiteRunnerWorker.run(SuiteRunnerWorker.java:96)
at org.testng.TestNG.runSuitesSequentially(TestNG.java:1212)
at org.testng.TestNG.runSuitesSequentially(TestNG.java:1207)
at org.testng.TestNG.runSuitesLocally(TestNG.java:1134)
at org.testng.TestNG.runSuites(TestNG.java:1063)
at org.testng.TestNG.run(TestNG.java:1031)
at org.testng.remote.AbstractRemoteTestNG.run(AbstractRemoteTestNG.java:115)
at org.testng.remote.RemoteTestNG.initAndRun(RemoteTestNG.java:251)
at org.testng.remote.RemoteTestNG.main(RemoteTestNG.java:77)
Caused by: Error : 936, Position : 77, Sql = select UNQ_ID_IN_SRC_STM, SRC_STM_NM from CYC_INTF where UNQ_ID_IN_SRC_STM = , OriginalSql = select UNQ_ID_IN_SRC_STM, SRC_STM_NM from CYC_INTF where UNQ_ID_IN_SRC_STM = , Error Msg = ORA-00936: missing expression

at oracle.jdbc.driver.T4CTTIoer11.processError(T4CTTIoer11.java:636)
... 43 more
]]>
    </error>
  </testcase> <!-- CYCINTF_45__CYC_INTF__SRC_STM_NM_Addnewrecorddata -->
  <system-out/>
  <testcase classname="com.etl.test.testscripts.TestCycIntf" name="CYCINTF_36__CYC_INTF__CRN_ROW_IND_Updaterecorddata" time="0.000">
    <error message="SQL statement to execute cannot be empty or null" type="java.sql.SQLException">
      <![CDATA[java.sql.SQLException: SQL statement to execute cannot be empty or null
at oracle.jdbc.driver.OracleSql.initialize(OracleSql.java:126)
at oracle.jdbc.driver.OracleStatement.executeQuery(OracleStatement.java:1702)
at oracle.jdbc.driver.OracleStatementWrapper.executeQuery(OracleStatementWrapper.java:393)
at com.etl.common.database.DatabaseUtils.getColumnValues(DatabaseUtils.java:253)
at com.etl.common.database.DatabaseUtils.getDiffResultQueries(DatabaseUtils.java:236)
at com.etl.test.testscripts.TestCycIntf.CYCINTF_36__CYC_INTF__CRN_ROW_IND_Updaterecorddata(TestCycIntf.java:838)
at java.base/jdk.internal.reflect.DirectMethodHandleAccessor.invoke(DirectMethodHandleAccessor.java:104)
at java.base/java.lang.reflect.Method.invoke(Method.java:578)
at org.testng.internal.MethodInvocationHelper.invokeMethod(MethodInvocationHelper.java:133)
at org.testng.internal.TestInvoker.invokeMethod(TestInvoker.java:598)
at org.testng.internal.TestInvoker.invokeTestMethod(TestInvoker.java:173)
at org.testng.internal.MethodRunner.runInSequence(MethodRunner.java:46)
at org.testng.internal.TestInvoker$MethodInvocationAgent.invoke(TestInvoker.java:824)
at org.testng.internal.TestInvoker.invokeTestMethods(TestInvoker.java:146)
at org.testng.internal.TestMethodWorker.invokeTestMethods(TestMethodWorker.java:146)
at org.testng.internal.TestMethodWorker.run(TestMethodWorker.java:128)
at java.base/java.util.ArrayList.forEach(ArrayList.java:1511)
at org.testng.TestRunner.privateRun(TestRunner.java:794)
at org.testng.TestRunner.run(TestRunner.java:596)
at org.testng.SuiteRunner.runTest(SuiteRunner.java:377)
at org.testng.SuiteRunner.runSequentially(SuiteRunner.java:371)
at org.testng.SuiteRunner.privateRun(SuiteRunner.java:332)
at org.testng.SuiteRunner.run(SuiteRunner.java:276)
at org.testng.SuiteRunnerWorker.runSuite(SuiteRunnerWorker.java:53)
at org.testng.SuiteRunnerWorker.run(SuiteRunnerWorker.java:96)
at org.testng.TestNG.runSuitesSequentially(TestNG.java:1212)
at org.testng.TestNG.runSuitesSequentially(TestNG.java:1207)
at org.testng.TestNG.runSuitesLocally(TestNG.java:1134)
at org.testng.TestNG.runSuites(TestNG.java:1063)
at org.testng.TestNG.run(TestNG.java:1031)
at org.testng.remote.AbstractRemoteTestNG.run(AbstractRemoteTestNG.java:115)
at org.testng.remote.RemoteTestNG.initAndRun(RemoteTestNG.java:251)
at org.testng.remote.RemoteTestNG.main(RemoteTestNG.java:77)
]]>
    </error>
  </testcase> <!-- CYCINTF_36__CYC_INTF__CRN_ROW_IND_Updaterecorddata -->
  <system-out/>
  <testcase classname="com.etl.test.testscripts.TestCycIntf" name="CYCINTF_38__CYC_INTF__EFF_TO_TMS_Updaterecorddata" time="0.000">
    <error message="SQL statement to execute cannot be empty or null" type="java.sql.SQLException">
      <![CDATA[java.sql.SQLException: SQL statement to execute cannot be empty or null
at oracle.jdbc.driver.OracleSql.initialize(OracleSql.java:126)
at oracle.jdbc.driver.OracleStatement.executeQuery(OracleStatement.java:1702)
at oracle.jdbc.driver.OracleStatementWrapper.executeQuery(OracleStatementWrapper.java:393)
at com.etl.common.database.DatabaseUtils.getColumnValues(DatabaseUtils.java:253)
at com.etl.common.database.DatabaseUtils.getDiffResultQueries(DatabaseUtils.java:236)
at com.etl.test.testscripts.TestCycIntf.CYCINTF_38__CYC_INTF__EFF_TO_TMS_Updaterecorddata(TestCycIntf.java:884)
at java.base/jdk.internal.reflect.DirectMethodHandleAccessor.invoke(DirectMethodHandleAccessor.java:104)
at java.base/java.lang.reflect.Method.invoke(Method.java:578)
at org.testng.internal.MethodInvocationHelper.invokeMethod(MethodInvocationHelper.java:133)
at org.testng.internal.TestInvoker.invokeMethod(TestInvoker.java:598)
at org.testng.internal.TestInvoker.invokeTestMethod(TestInvoker.java:173)
at org.testng.internal.MethodRunner.runInSequence(MethodRunner.java:46)
at org.testng.internal.TestInvoker$MethodInvocationAgent.invoke(TestInvoker.java:824)
at org.testng.internal.TestInvoker.invokeTestMethods(TestInvoker.java:146)
at org.testng.internal.TestMethodWorker.invokeTestMethods(TestMethodWorker.java:146)
at org.testng.internal.TestMethodWorker.run(TestMethodWorker.java:128)
at java.base/java.util.ArrayList.forEach(ArrayList.java:1511)
at org.testng.TestRunner.privateRun(TestRunner.java:794)
at org.testng.TestRunner.run(TestRunner.java:596)
at org.testng.SuiteRunner.runTest(SuiteRunner.java:377)
at org.testng.SuiteRunner.runSequentially(SuiteRunner.java:371)
at org.testng.SuiteRunner.privateRun(SuiteRunner.java:332)
at org.testng.SuiteRunner.run(SuiteRunner.java:276)
at org.testng.SuiteRunnerWorker.runSuite(SuiteRunnerWorker.java:53)
at org.testng.SuiteRunnerWorker.run(SuiteRunnerWorker.java:96)
at org.testng.TestNG.runSuitesSequentially(TestNG.java:1212)
at org.testng.TestNG.runSuitesSequentially(TestNG.java:1207)
at org.testng.TestNG.runSuitesLocally(TestNG.java:1134)
at org.testng.TestNG.runSuites(TestNG.java:1063)
at org.testng.TestNG.run(TestNG.java:1031)
at org.testng.remote.AbstractRemoteTestNG.run(AbstractRemoteTestNG.java:115)
at org.testng.remote.RemoteTestNG.initAndRun(RemoteTestNG.java:251)
at org.testng.remote.RemoteTestNG.main(RemoteTestNG.java:77)
]]>
    </error>
  </testcase> <!-- CYCINTF_38__CYC_INTF__EFF_TO_TMS_Updaterecorddata -->
  <system-out/>
  <testcase classname="com.etl.test.testscripts.TestCycIntf" name="CYCINTF_20__CYC_INTF__CYC_ANCHOR_ID_CheckCompleteness" time="0.001">
    <error message="SQL statement to execute cannot be empty or null" type="java.sql.SQLException">
      <![CDATA[java.sql.SQLException: SQL statement to execute cannot be empty or null
at oracle.jdbc.driver.OracleSql.initialize(OracleSql.java:126)
at oracle.jdbc.driver.OracleStatement.executeQuery(OracleStatement.java:1702)
at oracle.jdbc.driver.OracleStatementWrapper.executeQuery(OracleStatementWrapper.java:393)
at com.etl.common.database.DatabaseUtils.getColumnValues(DatabaseUtils.java:253)
at com.etl.common.database.DatabaseUtils.getDiffResultQueries(DatabaseUtils.java:236)
at com.etl.test.testscripts.TestCycIntf.CYCINTF_20__CYC_INTF__CYC_ANCHOR_ID_CheckCompleteness(TestCycIntf.java:468)
at java.base/jdk.internal.reflect.DirectMethodHandleAccessor.invoke(DirectMethodHandleAccessor.java:104)
at java.base/java.lang.reflect.Method.invoke(Method.java:578)
at org.testng.internal.MethodInvocationHelper.invokeMethod(MethodInvocationHelper.java:133)
at org.testng.internal.TestInvoker.invokeMethod(TestInvoker.java:598)
at org.testng.internal.TestInvoker.invokeTestMethod(TestInvoker.java:173)
at org.testng.internal.MethodRunner.runInSequence(MethodRunner.java:46)
at org.testng.internal.TestInvoker$MethodInvocationAgent.invoke(TestInvoker.java:824)
at org.testng.internal.TestInvoker.invokeTestMethods(TestInvoker.java:146)
at org.testng.internal.TestMethodWorker.invokeTestMethods(TestMethodWorker.java:146)
at org.testng.internal.TestMethodWorker.run(TestMethodWorker.java:128)
at java.base/java.util.ArrayList.forEach(ArrayList.java:1511)
at org.testng.TestRunner.privateRun(TestRunner.java:794)
at org.testng.TestRunner.run(TestRunner.java:596)
at org.testng.SuiteRunner.runTest(SuiteRunner.java:377)
at org.testng.SuiteRunner.runSequentially(SuiteRunner.java:371)
at org.testng.SuiteRunner.privateRun(SuiteRunner.java:332)
at org.testng.SuiteRunner.run(SuiteRunner.java:276)
at org.testng.SuiteRunnerWorker.runSuite(SuiteRunnerWorker.java:53)
at org.testng.SuiteRunnerWorker.run(SuiteRunnerWorker.java:96)
at org.testng.TestNG.runSuitesSequentially(TestNG.java:1212)
at org.testng.TestNG.runSuitesSequentially(TestNG.java:1207)
at org.testng.TestNG.runSuitesLocally(TestNG.java:1134)
at org.testng.TestNG.runSuites(TestNG.java:1063)
at org.testng.TestNG.run(TestNG.java:1031)
at org.testng.remote.AbstractRemoteTestNG.run(AbstractRemoteTestNG.java:115)
at org.testng.remote.RemoteTestNG.initAndRun(RemoteTestNG.java:251)
at org.testng.remote.RemoteTestNG.main(RemoteTestNG.java:77)
]]>
    </error>
  </testcase> <!-- CYCINTF_20__CYC_INTF__CYC_ANCHOR_ID_CheckCompleteness -->
  <system-out/>
  <testcase classname="com.etl.test.testscripts.TestCycIntf" name="CYCINTF_15__CYC_INTF__UNQ_ID_IN_SRC_STM_CheckCompleteness" time="0.001">
    <error message="SQL statement to execute cannot be empty or null" type="java.sql.SQLException">
      <![CDATA[java.sql.SQLException: SQL statement to execute cannot be empty or null
at oracle.jdbc.driver.OracleSql.initialize(OracleSql.java:126)
at oracle.jdbc.driver.OracleStatement.executeQuery(OracleStatement.java:1702)
at oracle.jdbc.driver.OracleStatementWrapper.executeQuery(OracleStatementWrapper.java:393)
at com.etl.common.database.DatabaseUtils.getColumnValues(DatabaseUtils.java:253)
at com.etl.common.database.DatabaseUtils.getDiffResultQueries(DatabaseUtils.java:236)
at com.etl.test.testscripts.TestCycIntf.CYCINTF_15__CYC_INTF__UNQ_ID_IN_SRC_STM_CheckCompleteness(TestCycIntf.java:353)
at java.base/jdk.internal.reflect.DirectMethodHandleAccessor.invoke(DirectMethodHandleAccessor.java:104)
at java.base/java.lang.reflect.Method.invoke(Method.java:578)
at org.testng.internal.MethodInvocationHelper.invokeMethod(MethodInvocationHelper.java:133)
at org.testng.internal.TestInvoker.invokeMethod(TestInvoker.java:598)
at org.testng.internal.TestInvoker.invokeTestMethod(TestInvoker.java:173)
at org.testng.internal.MethodRunner.runInSequence(MethodRunner.java:46)
at org.testng.internal.TestInvoker$MethodInvocationAgent.invoke(TestInvoker.java:824)
at org.testng.internal.TestInvoker.invokeTestMethods(TestInvoker.java:146)
at org.testng.internal.TestMethodWorker.invokeTestMethods(TestMethodWorker.java:146)
at org.testng.internal.TestMethodWorker.run(TestMethodWorker.java:128)
at java.base/java.util.ArrayList.forEach(ArrayList.java:1511)
at org.testng.TestRunner.privateRun(TestRunner.java:794)
at org.testng.TestRunner.run(TestRunner.java:596)
at org.testng.SuiteRunner.runTest(SuiteRunner.java:377)
at org.testng.SuiteRunner.runSequentially(SuiteRunner.java:371)
at org.testng.SuiteRunner.privateRun(SuiteRunner.java:332)
at org.testng.SuiteRunner.run(SuiteRunner.java:276)
at org.testng.SuiteRunnerWorker.runSuite(SuiteRunnerWorker.java:53)
at org.testng.SuiteRunnerWorker.run(SuiteRunnerWorker.java:96)
at org.testng.TestNG.runSuitesSequentially(TestNG.java:1212)
at org.testng.TestNG.runSuitesSequentially(TestNG.java:1207)
at org.testng.TestNG.runSuitesLocally(TestNG.java:1134)
at org.testng.TestNG.runSuites(TestNG.java:1063)
at org.testng.TestNG.run(TestNG.java:1031)
at org.testng.remote.AbstractRemoteTestNG.run(AbstractRemoteTestNG.java:115)
at org.testng.remote.RemoteTestNG.initAndRun(RemoteTestNG.java:251)
at org.testng.remote.RemoteTestNG.main(RemoteTestNG.java:77)
]]>
    </error>
  </testcase> <!-- CYCINTF_15__CYC_INTF__UNQ_ID_IN_SRC_STM_CheckCompleteness -->
  <system-out/>
  <testcase classname="com.etl.test.testscripts.TestCycIntf" name="CYCINTF_33__CYC_INTF__CYC_NM_Updaterecorddata" time="0.000">
    <error message="SQL statement to execute cannot be empty or null" type="java.sql.SQLException">
      <![CDATA[java.sql.SQLException: SQL statement to execute cannot be empty or null
at oracle.jdbc.driver.OracleSql.initialize(OracleSql.java:126)
at oracle.jdbc.driver.OracleStatement.executeQuery(OracleStatement.java:1702)
at oracle.jdbc.driver.OracleStatementWrapper.executeQuery(OracleStatementWrapper.java:393)
at com.etl.common.database.DatabaseUtils.getColumnValues(DatabaseUtils.java:253)
at com.etl.common.database.DatabaseUtils.getDiffResultQueries(DatabaseUtils.java:236)
at com.etl.test.testscripts.TestCycIntf.CYCINTF_33__CYC_INTF__CYC_NM_Updaterecorddata(TestCycIntf.java:769)
at java.base/jdk.internal.reflect.DirectMethodHandleAccessor.invoke(DirectMethodHandleAccessor.java:104)
at java.base/java.lang.reflect.Method.invoke(Method.java:578)
at org.testng.internal.MethodInvocationHelper.invokeMethod(MethodInvocationHelper.java:133)
at org.testng.internal.TestInvoker.invokeMethod(TestInvoker.java:598)
at org.testng.internal.TestInvoker.invokeTestMethod(TestInvoker.java:173)
at org.testng.internal.MethodRunner.runInSequence(MethodRunner.java:46)
at org.testng.internal.TestInvoker$MethodInvocationAgent.invoke(TestInvoker.java:824)
at org.testng.internal.TestInvoker.invokeTestMethods(TestInvoker.java:146)
at org.testng.internal.TestMethodWorker.invokeTestMethods(TestMethodWorker.java:146)
at org.testng.internal.TestMethodWorker.run(TestMethodWorker.java:128)
at java.base/java.util.ArrayList.forEach(ArrayList.java:1511)
at org.testng.TestRunner.privateRun(TestRunner.java:794)
at org.testng.TestRunner.run(TestRunner.java:596)
at org.testng.SuiteRunner.runTest(SuiteRunner.java:377)
at org.testng.SuiteRunner.runSequentially(SuiteRunner.java:371)
at org.testng.SuiteRunner.privateRun(SuiteRunner.java:332)
at org.testng.SuiteRunner.run(SuiteRunner.java:276)
at org.testng.SuiteRunnerWorker.runSuite(SuiteRunnerWorker.java:53)
at org.testng.SuiteRunnerWorker.run(SuiteRunnerWorker.java:96)
at org.testng.TestNG.runSuitesSequentially(TestNG.java:1212)
at org.testng.TestNG.runSuitesSequentially(TestNG.java:1207)
at org.testng.TestNG.runSuitesLocally(TestNG.java:1134)
at org.testng.TestNG.runSuites(TestNG.java:1063)
at org.testng.TestNG.run(TestNG.java:1031)
at org.testng.remote.AbstractRemoteTestNG.run(AbstractRemoteTestNG.java:115)
at org.testng.remote.RemoteTestNG.initAndRun(RemoteTestNG.java:251)
at org.testng.remote.RemoteTestNG.main(RemoteTestNG.java:77)
]]>
    </error>
  </testcase> <!-- CYCINTF_33__CYC_INTF__CYC_NM_Updaterecorddata -->
  <system-out/>
  <testcase classname="com.etl.test.testscripts.TestCycIntf" name="CYCINTF_27__CYC_INTF___CheckValidity" time="0.001">
    <error message="SQL statement to execute cannot be empty or null" type="java.sql.SQLException">
      <![CDATA[java.sql.SQLException: SQL statement to execute cannot be empty or null
at oracle.jdbc.driver.OracleSql.initialize(OracleSql.java:126)
at oracle.jdbc.driver.OracleStatement.executeQuery(OracleStatement.java:1702)
at oracle.jdbc.driver.OracleStatementWrapper.executeQuery(OracleStatementWrapper.java:393)
at com.etl.common.database.DatabaseUtils.getColumnValues(DatabaseUtils.java:253)
at com.etl.common.database.DatabaseUtils.getDiffResultQueries(DatabaseUtils.java:236)
at com.etl.test.testscripts.TestCycIntf.CYCINTF_27__CYC_INTF___CheckValidity(TestCycIntf.java:631)
at java.base/jdk.internal.reflect.DirectMethodHandleAccessor.invoke(DirectMethodHandleAccessor.java:104)
at java.base/java.lang.reflect.Method.invoke(Method.java:578)
at org.testng.internal.MethodInvocationHelper.invokeMethod(MethodInvocationHelper.java:133)
at org.testng.internal.TestInvoker.invokeMethod(TestInvoker.java:598)
at org.testng.internal.TestInvoker.invokeTestMethod(TestInvoker.java:173)
at org.testng.internal.MethodRunner.runInSequence(MethodRunner.java:46)
at org.testng.internal.TestInvoker$MethodInvocationAgent.invoke(TestInvoker.java:824)
at org.testng.internal.TestInvoker.invokeTestMethods(TestInvoker.java:146)
at org.testng.internal.TestMethodWorker.invokeTestMethods(TestMethodWorker.java:146)
at org.testng.internal.TestMethodWorker.run(TestMethodWorker.java:128)
at java.base/java.util.ArrayList.forEach(ArrayList.java:1511)
at org.testng.TestRunner.privateRun(TestRunner.java:794)
at org.testng.TestRunner.run(TestRunner.java:596)
at org.testng.SuiteRunner.runTest(SuiteRunner.java:377)
at org.testng.SuiteRunner.runSequentially(SuiteRunner.java:371)
at org.testng.SuiteRunner.privateRun(SuiteRunner.java:332)
at org.testng.SuiteRunner.run(SuiteRunner.java:276)
at org.testng.SuiteRunnerWorker.runSuite(SuiteRunnerWorker.java:53)
at org.testng.SuiteRunnerWorker.run(SuiteRunnerWorker.java:96)
at org.testng.TestNG.runSuitesSequentially(TestNG.java:1212)
at org.testng.TestNG.runSuitesSequentially(TestNG.java:1207)
at org.testng.TestNG.runSuitesLocally(TestNG.java:1134)
at org.testng.TestNG.runSuites(TestNG.java:1063)
at org.testng.TestNG.run(TestNG.java:1031)
at org.testng.remote.AbstractRemoteTestNG.run(AbstractRemoteTestNG.java:115)
at org.testng.remote.RemoteTestNG.initAndRun(RemoteTestNG.java:251)
at org.testng.remote.RemoteTestNG.main(RemoteTestNG.java:77)
]]>
    </error>
  </testcase> <!-- CYCINTF_27__CYC_INTF___CheckValidity -->
  <system-out/>
  <testcase classname="com.etl.test.testscripts.TestCycIntf" name="CYCINTF_14__CYC_INTF__CYC_ANCHOR_ID_CheckUniqueness" time="0.001">
    <error message="SQL statement to execute cannot be empty or null" type="java.sql.SQLException">
      <![CDATA[java.sql.SQLException: SQL statement to execute cannot be empty or null
at oracle.jdbc.driver.OracleSql.initialize(OracleSql.java:126)
at oracle.jdbc.driver.OracleStatement.executeQuery(OracleStatement.java:1702)
at oracle.jdbc.driver.OracleStatementWrapper.executeQuery(OracleStatementWrapper.java:393)
at com.etl.common.database.DatabaseUtils.getColumnValues(DatabaseUtils.java:253)
at com.etl.common.database.DatabaseUtils.getDiffResultQueries(DatabaseUtils.java:236)
at com.etl.test.testscripts.TestCycIntf.CYCINTF_14__CYC_INTF__CYC_ANCHOR_ID_CheckUniqueness(TestCycIntf.java:330)
at java.base/jdk.internal.reflect.DirectMethodHandleAccessor.invoke(DirectMethodHandleAccessor.java:104)
at java.base/java.lang.reflect.Method.invoke(Method.java:578)
at org.testng.internal.MethodInvocationHelper.invokeMethod(MethodInvocationHelper.java:133)
at org.testng.internal.TestInvoker.invokeMethod(TestInvoker.java:598)
at org.testng.internal.TestInvoker.invokeTestMethod(TestInvoker.java:173)
at org.testng.internal.MethodRunner.runInSequence(MethodRunner.java:46)
at org.testng.internal.TestInvoker$MethodInvocationAgent.invoke(TestInvoker.java:824)
at org.testng.internal.TestInvoker.invokeTestMethods(TestInvoker.java:146)
at org.testng.internal.TestMethodWorker.invokeTestMethods(TestMethodWorker.java:146)
at org.testng.internal.TestMethodWorker.run(TestMethodWorker.java:128)
at java.base/java.util.ArrayList.forEach(ArrayList.java:1511)
at org.testng.TestRunner.privateRun(TestRunner.java:794)
at org.testng.TestRunner.run(TestRunner.java:596)
at org.testng.SuiteRunner.runTest(SuiteRunner.java:377)
at org.testng.SuiteRunner.runSequentially(SuiteRunner.java:371)
at org.testng.SuiteRunner.privateRun(SuiteRunner.java:332)
at org.testng.SuiteRunner.run(SuiteRunner.java:276)
at org.testng.SuiteRunnerWorker.runSuite(SuiteRunnerWorker.java:53)
at org.testng.SuiteRunnerWorker.run(SuiteRunnerWorker.java:96)
at org.testng.TestNG.runSuitesSequentially(TestNG.java:1212)
at org.testng.TestNG.runSuitesSequentially(TestNG.java:1207)
at org.testng.TestNG.runSuitesLocally(TestNG.java:1134)
at org.testng.TestNG.runSuites(TestNG.java:1063)
at org.testng.TestNG.run(TestNG.java:1031)
at org.testng.remote.AbstractRemoteTestNG.run(AbstractRemoteTestNG.java:115)
at org.testng.remote.RemoteTestNG.initAndRun(RemoteTestNG.java:251)
at org.testng.remote.RemoteTestNG.main(RemoteTestNG.java:77)
]]>
    </error>
  </testcase> <!-- CYCINTF_14__CYC_INTF__CYC_ANCHOR_ID_CheckUniqueness -->
  <system-out/>
  <testcase classname="com.etl.test.testscripts.TestCycIntf" name="CYCINTF_41__CYC_INTF__CYC_CODE_Addnewrecorddata" time="0.093">
    <error message="ORA-00936: missing expression
" type="java.sql.SQLSyntaxErrorException">
      <![CDATA[java.sql.SQLSyntaxErrorException: ORA-00936: missing expression

at oracle.jdbc.driver.T4CTTIoer11.processError(T4CTTIoer11.java:629)
at oracle.jdbc.driver.T4CTTIoer11.processError(T4CTTIoer11.java:563)
at oracle.jdbc.driver.T4C8Oall.processError(T4C8Oall.java:1150)
at oracle.jdbc.driver.T4CTTIfun.receive(T4CTTIfun.java:770)
at oracle.jdbc.driver.T4CTTIfun.doRPC(T4CTTIfun.java:298)
at oracle.jdbc.driver.T4C8Oall.doOALL(T4C8Oall.java:497)
at oracle.jdbc.driver.T4CStatement.doOall8(T4CStatement.java:111)
at oracle.jdbc.driver.T4CStatement.executeForDescribe(T4CStatement.java:895)
at oracle.jdbc.driver.OracleStatement.prepareDefineBufferAndExecute(OracleStatement.java:1171)
at oracle.jdbc.driver.OracleStatement.executeMaybeDescribe(OracleStatement.java:1100)
at oracle.jdbc.driver.OracleStatement.executeSQLSelect(OracleStatement.java:1425)
at oracle.jdbc.driver.OracleStatement.doExecuteWithTimeout(OracleStatement.java:1308)
at oracle.jdbc.driver.OracleStatement.executeQuery(OracleStatement.java:1712)
at oracle.jdbc.driver.OracleStatementWrapper.executeQuery(OracleStatementWrapper.java:393)
at com.etl.common.database.DatabaseUtils.getColumnValues(DatabaseUtils.java:253)
at com.etl.common.database.DatabaseUtils.getDiffResultQueries(DatabaseUtils.java:237)
at com.etl.test.testscripts.TestCycIntf.CYCINTF_41__CYC_INTF__CYC_CODE_Addnewrecorddata(TestCycIntf.java:954)
at java.base/jdk.internal.reflect.DirectMethodHandleAccessor.invoke(DirectMethodHandleAccessor.java:104)
at java.base/java.lang.reflect.Method.invoke(Method.java:578)
at org.testng.internal.MethodInvocationHelper.invokeMethod(MethodInvocationHelper.java:133)
at org.testng.internal.TestInvoker.invokeMethod(TestInvoker.java:598)
at org.testng.internal.TestInvoker.invokeTestMethod(TestInvoker.java:173)
at org.testng.internal.MethodRunner.runInSequence(MethodRunner.java:46)
at org.testng.internal.TestInvoker$MethodInvocationAgent.invoke(TestInvoker.java:824)
at org.testng.internal.TestInvoker.invokeTestMethods(TestInvoker.java:146)
at org.testng.internal.TestMethodWorker.invokeTestMethods(TestMethodWorker.java:146)
at org.testng.internal.TestMethodWorker.run(TestMethodWorker.java:128)
at java.base/java.util.ArrayList.forEach(ArrayList.java:1511)
at org.testng.TestRunner.privateRun(TestRunner.java:794)
at org.testng.TestRunner.run(TestRunner.java:596)
at org.testng.SuiteRunner.runTest(SuiteRunner.java:377)
at org.testng.SuiteRunner.runSequentially(SuiteRunner.java:371)
at org.testng.SuiteRunner.privateRun(SuiteRunner.java:332)
at org.testng.SuiteRunner.run(SuiteRunner.java:276)
at org.testng.SuiteRunnerWorker.runSuite(SuiteRunnerWorker.java:53)
at org.testng.SuiteRunnerWorker.run(SuiteRunnerWorker.java:96)
at org.testng.TestNG.runSuitesSequentially(TestNG.java:1212)
at org.testng.TestNG.runSuitesSequentially(TestNG.java:1207)
at org.testng.TestNG.runSuitesLocally(TestNG.java:1134)
at org.testng.TestNG.runSuites(TestNG.java:1063)
at org.testng.TestNG.run(TestNG.java:1031)
at org.testng.remote.AbstractRemoteTestNG.run(AbstractRemoteTestNG.java:115)
at org.testng.remote.RemoteTestNG.initAndRun(RemoteTestNG.java:251)
at org.testng.remote.RemoteTestNG.main(RemoteTestNG.java:77)
Caused by: Error : 936, Position : 75, Sql = select UNQ_ID_IN_SRC_STM, CYC_CODE from CYC_INTF where UNQ_ID_IN_SRC_STM = , OriginalSql = select UNQ_ID_IN_SRC_STM, CYC_CODE from CYC_INTF where UNQ_ID_IN_SRC_STM = , Error Msg = ORA-00936: missing expression

at oracle.jdbc.driver.T4CTTIoer11.processError(T4CTTIoer11.java:636)
... 43 more
]]>
    </error>
  </testcase> <!-- CYCINTF_41__CYC_INTF__CYC_CODE_Addnewrecorddata -->
  <system-out/>
  <testcase classname="com.etl.test.testscripts.TestCycIntf" name="CYCINTF_17__CYC_INTF__PPN_TMS_CheckCompleteness" time="0.000">
    <error message="SQL statement to execute cannot be empty or null" type="java.sql.SQLException">
      <![CDATA[java.sql.SQLException: SQL statement to execute cannot be empty or null
at oracle.jdbc.driver.OracleSql.initialize(OracleSql.java:126)
at oracle.jdbc.driver.OracleStatement.executeQuery(OracleStatement.java:1702)
at oracle.jdbc.driver.OracleStatementWrapper.executeQuery(OracleStatementWrapper.java:393)
at com.etl.common.database.DatabaseUtils.getColumnValues(DatabaseUtils.java:253)
at com.etl.common.database.DatabaseUtils.getDiffResultQueries(DatabaseUtils.java:236)
at com.etl.test.testscripts.TestCycIntf.CYCINTF_17__CYC_INTF__PPN_TMS_CheckCompleteness(TestCycIntf.java:399)
at java.base/jdk.internal.reflect.DirectMethodHandleAccessor.invoke(DirectMethodHandleAccessor.java:104)
at java.base/java.lang.reflect.Method.invoke(Method.java:578)
at org.testng.internal.MethodInvocationHelper.invokeMethod(MethodInvocationHelper.java:133)
at org.testng.internal.TestInvoker.invokeMethod(TestInvoker.java:598)
at org.testng.internal.TestInvoker.invokeTestMethod(TestInvoker.java:173)
at org.testng.internal.MethodRunner.runInSequence(MethodRunner.java:46)
at org.testng.internal.TestInvoker$MethodInvocationAgent.invoke(TestInvoker.java:824)
at org.testng.internal.TestInvoker.invokeTestMethods(TestInvoker.java:146)
at org.testng.internal.TestMethodWorker.invokeTestMethods(TestMethodWorker.java:146)
at org.testng.internal.TestMethodWorker.run(TestMethodWorker.java:128)
at java.base/java.util.ArrayList.forEach(ArrayList.java:1511)
at org.testng.TestRunner.privateRun(TestRunner.java:794)
at org.testng.TestRunner.run(TestRunner.java:596)
at org.testng.SuiteRunner.runTest(SuiteRunner.java:377)
at org.testng.SuiteRunner.runSequentially(SuiteRunner.java:371)
at org.testng.SuiteRunner.privateRun(SuiteRunner.java:332)
at org.testng.SuiteRunner.run(SuiteRunner.java:276)
at org.testng.SuiteRunnerWorker.runSuite(SuiteRunnerWorker.java:53)
at org.testng.SuiteRunnerWorker.run(SuiteRunnerWorker.java:96)
at org.testng.TestNG.runSuitesSequentially(TestNG.java:1212)
at org.testng.TestNG.runSuitesSequentially(TestNG.java:1207)
at org.testng.TestNG.runSuitesLocally(TestNG.java:1134)
at org.testng.TestNG.runSuites(TestNG.java:1063)
at org.testng.TestNG.run(TestNG.java:1031)
at org.testng.remote.AbstractRemoteTestNG.run(AbstractRemoteTestNG.java:115)
at org.testng.remote.RemoteTestNG.initAndRun(RemoteTestNG.java:251)
at org.testng.remote.RemoteTestNG.main(RemoteTestNG.java:77)
]]>
    </error>
  </testcase> <!-- CYCINTF_17__CYC_INTF__PPN_TMS_CheckCompleteness -->
  <system-out/>
  <testcase classname="com.etl.test.testscripts.TestCycIntf" name="CYCINTF_19__CYC_INTF__SRC_STM_NM_CheckCompleteness" time="0.001">
    <error message="SQL statement to execute cannot be empty or null" type="java.sql.SQLException">
      <![CDATA[java.sql.SQLException: SQL statement to execute cannot be empty or null
at oracle.jdbc.driver.OracleSql.initialize(OracleSql.java:126)
at oracle.jdbc.driver.OracleStatement.executeQuery(OracleStatement.java:1702)
at oracle.jdbc.driver.OracleStatementWrapper.executeQuery(OracleStatementWrapper.java:393)
at com.etl.common.database.DatabaseUtils.getColumnValues(DatabaseUtils.java:253)
at com.etl.common.database.DatabaseUtils.getDiffResultQueries(DatabaseUtils.java:236)
at com.etl.test.testscripts.TestCycIntf.CYCINTF_19__CYC_INTF__SRC_STM_NM_CheckCompleteness(TestCycIntf.java:445)
at java.base/jdk.internal.reflect.DirectMethodHandleAccessor.invoke(DirectMethodHandleAccessor.java:104)
at java.base/java.lang.reflect.Method.invoke(Method.java:578)
at org.testng.internal.MethodInvocationHelper.invokeMethod(MethodInvocationHelper.java:133)
at org.testng.internal.TestInvoker.invokeMethod(TestInvoker.java:598)
at org.testng.internal.TestInvoker.invokeTestMethod(TestInvoker.java:173)
at org.testng.internal.MethodRunner.runInSequence(MethodRunner.java:46)
at org.testng.internal.TestInvoker$MethodInvocationAgent.invoke(TestInvoker.java:824)
at org.testng.internal.TestInvoker.invokeTestMethods(TestInvoker.java:146)
at org.testng.internal.TestMethodWorker.invokeTestMethods(TestMethodWorker.java:146)
at org.testng.internal.TestMethodWorker.run(TestMethodWorker.java:128)
at java.base/java.util.ArrayList.forEach(ArrayList.java:1511)
at org.testng.TestRunner.privateRun(TestRunner.java:794)
at org.testng.TestRunner.run(TestRunner.java:596)
at org.testng.SuiteRunner.runTest(SuiteRunner.java:377)
at org.testng.SuiteRunner.runSequentially(SuiteRunner.java:371)
at org.testng.SuiteRunner.privateRun(SuiteRunner.java:332)
at org.testng.SuiteRunner.run(SuiteRunner.java:276)
at org.testng.SuiteRunnerWorker.runSuite(SuiteRunnerWorker.java:53)
at org.testng.SuiteRunnerWorker.run(SuiteRunnerWorker.java:96)
at org.testng.TestNG.runSuitesSequentially(TestNG.java:1212)
at org.testng.TestNG.runSuitesSequentially(TestNG.java:1207)
at org.testng.TestNG.runSuitesLocally(TestNG.java:1134)
at org.testng.TestNG.runSuites(TestNG.java:1063)
at org.testng.TestNG.run(TestNG.java:1031)
at org.testng.remote.AbstractRemoteTestNG.run(AbstractRemoteTestNG.java:115)
at org.testng.remote.RemoteTestNG.initAndRun(RemoteTestNG.java:251)
at org.testng.remote.RemoteTestNG.main(RemoteTestNG.java:77)
]]>
    </error>
  </testcase> <!-- CYCINTF_19__CYC_INTF__SRC_STM_NM_CheckCompleteness -->
  <system-out/>
  <testcase classname="com.etl.test.testscripts.TestCycIntf" name="CYCINTF_24__CYC_INTF__SRC_STM_CODE_CheckValidity" time="0.000">
    <error message="SQL statement to execute cannot be empty or null" type="java.sql.SQLException">
      <![CDATA[java.sql.SQLException: SQL statement to execute cannot be empty or null
at oracle.jdbc.driver.OracleSql.initialize(OracleSql.java:126)
at oracle.jdbc.driver.OracleStatement.executeQuery(OracleStatement.java:1702)
at oracle.jdbc.driver.OracleStatementWrapper.executeQuery(OracleStatementWrapper.java:393)
at com.etl.common.database.DatabaseUtils.getColumnValues(DatabaseUtils.java:253)
at com.etl.common.database.DatabaseUtils.getDiffResultQueries(DatabaseUtils.java:236)
at com.etl.test.testscripts.TestCycIntf.CYCINTF_24__CYC_INTF__SRC_STM_CODE_CheckValidity(TestCycIntf.java:561)
at java.base/jdk.internal.reflect.DirectMethodHandleAccessor.invoke(DirectMethodHandleAccessor.java:104)
at java.base/java.lang.reflect.Method.invoke(Method.java:578)
at org.testng.internal.MethodInvocationHelper.invokeMethod(MethodInvocationHelper.java:133)
at org.testng.internal.TestInvoker.invokeMethod(TestInvoker.java:598)
at org.testng.internal.TestInvoker.invokeTestMethod(TestInvoker.java:173)
at org.testng.internal.MethodRunner.runInSequence(MethodRunner.java:46)
at org.testng.internal.TestInvoker$MethodInvocationAgent.invoke(TestInvoker.java:824)
at org.testng.internal.TestInvoker.invokeTestMethods(TestInvoker.java:146)
at org.testng.internal.TestMethodWorker.invokeTestMethods(TestMethodWorker.java:146)
at org.testng.internal.TestMethodWorker.run(TestMethodWorker.java:128)
at java.base/java.util.ArrayList.forEach(ArrayList.java:1511)
at org.testng.TestRunner.privateRun(TestRunner.java:794)
at org.testng.TestRunner.run(TestRunner.java:596)
at org.testng.SuiteRunner.runTest(SuiteRunner.java:377)
at org.testng.SuiteRunner.runSequentially(SuiteRunner.java:371)
at org.testng.SuiteRunner.privateRun(SuiteRunner.java:332)
at org.testng.SuiteRunner.run(SuiteRunner.java:276)
at org.testng.SuiteRunnerWorker.runSuite(SuiteRunnerWorker.java:53)
at org.testng.SuiteRunnerWorker.run(SuiteRunnerWorker.java:96)
at org.testng.TestNG.runSuitesSequentially(TestNG.java:1212)
at org.testng.TestNG.runSuitesSequentially(TestNG.java:1207)
at org.testng.TestNG.runSuitesLocally(TestNG.java:1134)
at org.testng.TestNG.runSuites(TestNG.java:1063)
at org.testng.TestNG.run(TestNG.java:1031)
at org.testng.remote.AbstractRemoteTestNG.run(AbstractRemoteTestNG.java:115)
at org.testng.remote.RemoteTestNG.initAndRun(RemoteTestNG.java:251)
at org.testng.remote.RemoteTestNG.main(RemoteTestNG.java:77)
]]>
    </error>
  </testcase> <!-- CYCINTF_24__CYC_INTF__SRC_STM_CODE_CheckValidity -->
  <system-out/>
  <testcase classname="com.etl.test.testscripts.TestCycIntf" name="CYCINTF_26__CYC_INTF__CRN_ROW_IND_CheckValidity" time="0.001">
    <error message="SQL statement to execute cannot be empty or null" type="java.sql.SQLException">
      <![CDATA[java.sql.SQLException: SQL statement to execute cannot be empty or null
at oracle.jdbc.driver.OracleSql.initialize(OracleSql.java:126)
at oracle.jdbc.driver.OracleStatement.executeQuery(OracleStatement.java:1702)
at oracle.jdbc.driver.OracleStatementWrapper.executeQuery(OracleStatementWrapper.java:393)
at com.etl.common.database.DatabaseUtils.getColumnValues(DatabaseUtils.java:253)
at com.etl.common.database.DatabaseUtils.getDiffResultQueries(DatabaseUtils.java:236)
at com.etl.test.testscripts.TestCycIntf.CYCINTF_26__CYC_INTF__CRN_ROW_IND_CheckValidity(TestCycIntf.java:608)
at java.base/jdk.internal.reflect.DirectMethodHandleAccessor.invoke(DirectMethodHandleAccessor.java:104)
at java.base/java.lang.reflect.Method.invoke(Method.java:578)
at org.testng.internal.MethodInvocationHelper.invokeMethod(MethodInvocationHelper.java:133)
at org.testng.internal.TestInvoker.invokeMethod(TestInvoker.java:598)
at org.testng.internal.TestInvoker.invokeTestMethod(TestInvoker.java:173)
at org.testng.internal.MethodRunner.runInSequence(MethodRunner.java:46)
at org.testng.internal.TestInvoker$MethodInvocationAgent.invoke(TestInvoker.java:824)
at org.testng.internal.TestInvoker.invokeTestMethods(TestInvoker.java:146)
at org.testng.internal.TestMethodWorker.invokeTestMethods(TestMethodWorker.java:146)
at org.testng.internal.TestMethodWorker.run(TestMethodWorker.java:128)
at java.base/java.util.ArrayList.forEach(ArrayList.java:1511)
at org.testng.TestRunner.privateRun(TestRunner.java:794)
at org.testng.TestRunner.run(TestRunner.java:596)
at org.testng.SuiteRunner.runTest(SuiteRunner.java:377)
at org.testng.SuiteRunner.runSequentially(SuiteRunner.java:371)
at org.testng.SuiteRunner.privateRun(SuiteRunner.java:332)
at org.testng.SuiteRunner.run(SuiteRunner.java:276)
at org.testng.SuiteRunnerWorker.runSuite(SuiteRunnerWorker.java:53)
at org.testng.SuiteRunnerWorker.run(SuiteRunnerWorker.java:96)
at org.testng.TestNG.runSuitesSequentially(TestNG.java:1212)
at org.testng.TestNG.runSuitesSequentially(TestNG.java:1207)
at org.testng.TestNG.runSuitesLocally(TestNG.java:1134)
at org.testng.TestNG.runSuites(TestNG.java:1063)
at org.testng.TestNG.run(TestNG.java:1031)
at org.testng.remote.AbstractRemoteTestNG.run(AbstractRemoteTestNG.java:115)
at org.testng.remote.RemoteTestNG.initAndRun(RemoteTestNG.java:251)
at org.testng.remote.RemoteTestNG.main(RemoteTestNG.java:77)
]]>
    </error>
  </testcase> <!-- CYCINTF_26__CYC_INTF__CRN_ROW_IND_CheckValidity -->
  <system-out/>
  <testcase classname="com.etl.test.testscripts.TestCycIntf" name="CYCINTF_40__CYC_INTF__UNQ_ID_IN_SRC_STM_Addnewrecorddata" time="0.080">
    <error message="ORA-00942: table or view does not exist
" type="java.sql.SQLSyntaxErrorException">
      <![CDATA[java.sql.SQLSyntaxErrorException: ORA-00942: table or view does not exist

at oracle.jdbc.driver.T4CTTIoer11.processError(T4CTTIoer11.java:629)
at oracle.jdbc.driver.T4CTTIoer11.processError(T4CTTIoer11.java:563)
at oracle.jdbc.driver.T4C8Oall.processError(T4C8Oall.java:1150)
at oracle.jdbc.driver.T4CTTIfun.receive(T4CTTIfun.java:770)
at oracle.jdbc.driver.T4CTTIfun.doRPC(T4CTTIfun.java:298)
at oracle.jdbc.driver.T4C8Oall.doOALL(T4C8Oall.java:497)
at oracle.jdbc.driver.T4CStatement.doOall8(T4CStatement.java:111)
at oracle.jdbc.driver.T4CStatement.executeForDescribe(T4CStatement.java:895)
at oracle.jdbc.driver.OracleStatement.prepareDefineBufferAndExecute(OracleStatement.java:1171)
at oracle.jdbc.driver.OracleStatement.executeMaybeDescribe(OracleStatement.java:1100)
at oracle.jdbc.driver.OracleStatement.executeSQLSelect(OracleStatement.java:1425)
at oracle.jdbc.driver.OracleStatement.doExecuteWithTimeout(OracleStatement.java:1308)
at oracle.jdbc.driver.OracleStatement.executeQuery(OracleStatement.java:1712)
at oracle.jdbc.driver.OracleStatementWrapper.executeQuery(OracleStatementWrapper.java:393)
at com.etl.common.database.DatabaseUtils.getColumnValues(DatabaseUtils.java:253)
at com.etl.common.database.DatabaseUtils.getDiffResultQueries(DatabaseUtils.java:237)
at com.etl.test.testscripts.TestCycIntf.CYCINTF_40__CYC_INTF__UNQ_ID_IN_SRC_STM_Addnewrecorddata(TestCycIntf.java:931)
at java.base/jdk.internal.reflect.DirectMethodHandleAccessor.invoke(DirectMethodHandleAccessor.java:104)
at java.base/java.lang.reflect.Method.invoke(Method.java:578)
at org.testng.internal.MethodInvocationHelper.invokeMethod(MethodInvocationHelper.java:133)
at org.testng.internal.TestInvoker.invokeMethod(TestInvoker.java:598)
at org.testng.internal.TestInvoker.invokeTestMethod(TestInvoker.java:173)
at org.testng.internal.MethodRunner.runInSequence(MethodRunner.java:46)
at org.testng.internal.TestInvoker$MethodInvocationAgent.invoke(TestInvoker.java:824)
at org.testng.internal.TestInvoker.invokeTestMethods(TestInvoker.java:146)
at org.testng.internal.TestMethodWorker.invokeTestMethods(TestMethodWorker.java:146)
at org.testng.internal.TestMethodWorker.run(TestMethodWorker.java:128)
at java.base/java.util.ArrayList.forEach(ArrayList.java:1511)
at org.testng.TestRunner.privateRun(TestRunner.java:794)
at org.testng.TestRunner.run(TestRunner.java:596)
at org.testng.SuiteRunner.runTest(SuiteRunner.java:377)
at org.testng.SuiteRunner.runSequentially(SuiteRunner.java:371)
at org.testng.SuiteRunner.privateRun(SuiteRunner.java:332)
at org.testng.SuiteRunner.run(SuiteRunner.java:276)
at org.testng.SuiteRunnerWorker.runSuite(SuiteRunnerWorker.java:53)
at org.testng.SuiteRunnerWorker.run(SuiteRunnerWorker.java:96)
at org.testng.TestNG.runSuitesSequentially(TestNG.java:1212)
at org.testng.TestNG.runSuitesSequentially(TestNG.java:1207)
at org.testng.TestNG.runSuitesLocally(TestNG.java:1134)
at org.testng.TestNG.runSuites(TestNG.java:1063)
at org.testng.TestNG.run(TestNG.java:1031)
at org.testng.remote.AbstractRemoteTestNG.run(AbstractRemoteTestNG.java:115)
at org.testng.remote.RemoteTestNG.initAndRun(RemoteTestNG.java:251)
at org.testng.remote.RemoteTestNG.main(RemoteTestNG.java:77)
Caused by: Error : 942, Position : 30, Sql = select UNQ_ID_IN_SRC_STM from CYC_INTF where UNQ_ID_IN_SRC_STM = '', OriginalSql = select UNQ_ID_IN_SRC_STM from CYC_INTF where UNQ_ID_IN_SRC_STM = '', Error Msg = ORA-00942: table or view does not exist

at oracle.jdbc.driver.T4CTTIoer11.processError(T4CTTIoer11.java:636)
... 43 more
]]>
    </error>
  </testcase> <!-- CYCINTF_40__CYC_INTF__UNQ_ID_IN_SRC_STM_Addnewrecorddata -->
  <system-out/>
  <testcase classname="com.etl.test.testscripts.TestCycIntf" name="CYCINTF_35__CYC_INTF__PCS_DT_Updaterecorddata" time="0.000">
    <error message="SQL statement to execute cannot be empty or null" type="java.sql.SQLException">
      <![CDATA[java.sql.SQLException: SQL statement to execute cannot be empty or null
at oracle.jdbc.driver.OracleSql.initialize(OracleSql.java:126)
at oracle.jdbc.driver.OracleStatement.executeQuery(OracleStatement.java:1702)
at oracle.jdbc.driver.OracleStatementWrapper.executeQuery(OracleStatementWrapper.java:393)
at com.etl.common.database.DatabaseUtils.getColumnValues(DatabaseUtils.java:253)
at com.etl.common.database.DatabaseUtils.getDiffResultQueries(DatabaseUtils.java:236)
at com.etl.test.testscripts.TestCycIntf.CYCINTF_35__CYC_INTF__PCS_DT_Updaterecorddata(TestCycIntf.java:815)
at java.base/jdk.internal.reflect.DirectMethodHandleAccessor.invoke(DirectMethodHandleAccessor.java:104)
at java.base/java.lang.reflect.Method.invoke(Method.java:578)
at org.testng.internal.MethodInvocationHelper.invokeMethod(MethodInvocationHelper.java:133)
at org.testng.internal.TestInvoker.invokeMethod(TestInvoker.java:598)
at org.testng.internal.TestInvoker.invokeTestMethod(TestInvoker.java:173)
at org.testng.internal.MethodRunner.runInSequence(MethodRunner.java:46)
at org.testng.internal.TestInvoker$MethodInvocationAgent.invoke(TestInvoker.java:824)
at org.testng.internal.TestInvoker.invokeTestMethods(TestInvoker.java:146)
at org.testng.internal.TestMethodWorker.invokeTestMethods(TestMethodWorker.java:146)
at org.testng.internal.TestMethodWorker.run(TestMethodWorker.java:128)
at java.base/java.util.ArrayList.forEach(ArrayList.java:1511)
at org.testng.TestRunner.privateRun(TestRunner.java:794)
at org.testng.TestRunner.run(TestRunner.java:596)
at org.testng.SuiteRunner.runTest(SuiteRunner.java:377)
at org.testng.SuiteRunner.runSequentially(SuiteRunner.java:371)
at org.testng.SuiteRunner.privateRun(SuiteRunner.java:332)
at org.testng.SuiteRunner.run(SuiteRunner.java:276)
at org.testng.SuiteRunnerWorker.runSuite(SuiteRunnerWorker.java:53)
at org.testng.SuiteRunnerWorker.run(SuiteRunnerWorker.java:96)
at org.testng.TestNG.runSuitesSequentially(TestNG.java:1212)
at org.testng.TestNG.runSuitesSequentially(TestNG.java:1207)
at org.testng.TestNG.runSuitesLocally(TestNG.java:1134)
at org.testng.TestNG.runSuites(TestNG.java:1063)
at org.testng.TestNG.run(TestNG.java:1031)
at org.testng.remote.AbstractRemoteTestNG.run(AbstractRemoteTestNG.java:115)
at org.testng.remote.RemoteTestNG.initAndRun(RemoteTestNG.java:251)
at org.testng.remote.RemoteTestNG.main(RemoteTestNG.java:77)
]]>
    </error>
  </testcase> <!-- CYCINTF_35__CYC_INTF__PCS_DT_Updaterecorddata -->
  <system-out/>
  <testcase classname="com.etl.test.testscripts.TestCycIntf" name="CYCINTF_22__CYC_INTF__EFF_FM_TMS_CheckCompleteness" time="0.001">
    <error message="SQL statement to execute cannot be empty or null" type="java.sql.SQLException">
      <![CDATA[java.sql.SQLException: SQL statement to execute cannot be empty or null
at oracle.jdbc.driver.OracleSql.initialize(OracleSql.java:126)
at oracle.jdbc.driver.OracleStatement.executeQuery(OracleStatement.java:1702)
at oracle.jdbc.driver.OracleStatementWrapper.executeQuery(OracleStatementWrapper.java:393)
at com.etl.common.database.DatabaseUtils.getColumnValues(DatabaseUtils.java:253)
at com.etl.common.database.DatabaseUtils.getDiffResultQueries(DatabaseUtils.java:236)
at com.etl.test.testscripts.TestCycIntf.CYCINTF_22__CYC_INTF__EFF_FM_TMS_CheckCompleteness(TestCycIntf.java:514)
at java.base/jdk.internal.reflect.DirectMethodHandleAccessor.invoke(DirectMethodHandleAccessor.java:104)
at java.base/java.lang.reflect.Method.invoke(Method.java:578)
at org.testng.internal.MethodInvocationHelper.invokeMethod(MethodInvocationHelper.java:133)
at org.testng.internal.TestInvoker.invokeMethod(TestInvoker.java:598)
at org.testng.internal.TestInvoker.invokeTestMethod(TestInvoker.java:173)
at org.testng.internal.MethodRunner.runInSequence(MethodRunner.java:46)
at org.testng.internal.TestInvoker$MethodInvocationAgent.invoke(TestInvoker.java:824)
at org.testng.internal.TestInvoker.invokeTestMethods(TestInvoker.java:146)
at org.testng.internal.TestMethodWorker.invokeTestMethods(TestMethodWorker.java:146)
at org.testng.internal.TestMethodWorker.run(TestMethodWorker.java:128)
at java.base/java.util.ArrayList.forEach(ArrayList.java:1511)
at org.testng.TestRunner.privateRun(TestRunner.java:794)
at org.testng.TestRunner.run(TestRunner.java:596)
at org.testng.SuiteRunner.runTest(SuiteRunner.java:377)
at org.testng.SuiteRunner.runSequentially(SuiteRunner.java:371)
at org.testng.SuiteRunner.privateRun(SuiteRunner.java:332)
at org.testng.SuiteRunner.run(SuiteRunner.java:276)
at org.testng.SuiteRunnerWorker.runSuite(SuiteRunnerWorker.java:53)
at org.testng.SuiteRunnerWorker.run(SuiteRunnerWorker.java:96)
at org.testng.TestNG.runSuitesSequentially(TestNG.java:1212)
at org.testng.TestNG.runSuitesSequentially(TestNG.java:1207)
at org.testng.TestNG.runSuitesLocally(TestNG.java:1134)
at org.testng.TestNG.runSuites(TestNG.java:1063)
at org.testng.TestNG.run(TestNG.java:1031)
at org.testng.remote.AbstractRemoteTestNG.run(AbstractRemoteTestNG.java:115)
at org.testng.remote.RemoteTestNG.initAndRun(RemoteTestNG.java:251)
at org.testng.remote.RemoteTestNG.main(RemoteTestNG.java:77)
]]>
    </error>
  </testcase> <!-- CYCINTF_22__CYC_INTF__EFF_FM_TMS_CheckCompleteness -->
  <system-out/>
  <testcase classname="com.etl.test.testscripts.TestCycIntf" name="CYCINTF_23__CYC_INTF__EFF_TO_TMS_CheckCompleteness" time="0.001">
    <error message="SQL statement to execute cannot be empty or null" type="java.sql.SQLException">
      <![CDATA[java.sql.SQLException: SQL statement to execute cannot be empty or null
at oracle.jdbc.driver.OracleSql.initialize(OracleSql.java:126)
at oracle.jdbc.driver.OracleStatement.executeQuery(OracleStatement.java:1702)
at oracle.jdbc.driver.OracleStatementWrapper.executeQuery(OracleStatementWrapper.java:393)
at com.etl.common.database.DatabaseUtils.getColumnValues(DatabaseUtils.java:253)
at com.etl.common.database.DatabaseUtils.getDiffResultQueries(DatabaseUtils.java:236)
at com.etl.test.testscripts.TestCycIntf.CYCINTF_23__CYC_INTF__EFF_TO_TMS_CheckCompleteness(TestCycIntf.java:537)
at java.base/jdk.internal.reflect.DirectMethodHandleAccessor.invoke(DirectMethodHandleAccessor.java:104)
at java.base/java.lang.reflect.Method.invoke(Method.java:578)
at org.testng.internal.MethodInvocationHelper.invokeMethod(MethodInvocationHelper.java:133)
at org.testng.internal.TestInvoker.invokeMethod(TestInvoker.java:598)
at org.testng.internal.TestInvoker.invokeTestMethod(TestInvoker.java:173)
at org.testng.internal.MethodRunner.runInSequence(MethodRunner.java:46)
at org.testng.internal.TestInvoker$MethodInvocationAgent.invoke(TestInvoker.java:824)
at org.testng.internal.TestInvoker.invokeTestMethods(TestInvoker.java:146)
at org.testng.internal.TestMethodWorker.invokeTestMethods(TestMethodWorker.java:146)
at org.testng.internal.TestMethodWorker.run(TestMethodWorker.java:128)
at java.base/java.util.ArrayList.forEach(ArrayList.java:1511)
at org.testng.TestRunner.privateRun(TestRunner.java:794)
at org.testng.TestRunner.run(TestRunner.java:596)
at org.testng.SuiteRunner.runTest(SuiteRunner.java:377)
at org.testng.SuiteRunner.runSequentially(SuiteRunner.java:371)
at org.testng.SuiteRunner.privateRun(SuiteRunner.java:332)
at org.testng.SuiteRunner.run(SuiteRunner.java:276)
at org.testng.SuiteRunnerWorker.runSuite(SuiteRunnerWorker.java:53)
at org.testng.SuiteRunnerWorker.run(SuiteRunnerWorker.java:96)
at org.testng.TestNG.runSuitesSequentially(TestNG.java:1212)
at org.testng.TestNG.runSuitesSequentially(TestNG.java:1207)
at org.testng.TestNG.runSuitesLocally(TestNG.java:1134)
at org.testng.TestNG.runSuites(TestNG.java:1063)
at org.testng.TestNG.run(TestNG.java:1031)
at org.testng.remote.AbstractRemoteTestNG.run(AbstractRemoteTestNG.java:115)
at org.testng.remote.RemoteTestNG.initAndRun(RemoteTestNG.java:251)
at org.testng.remote.RemoteTestNG.main(RemoteTestNG.java:77)
]]>
    </error>
  </testcase> <!-- CYCINTF_23__CYC_INTF__EFF_TO_TMS_CheckCompleteness -->
  <system-out/>
  <testcase classname="com.etl.test.testscripts.TestCycIntf" name="CYCINTF_28__CYC_INTF___Checkvalue" time="0.001">
    <error message="SQL statement to execute cannot be empty or null" type="java.sql.SQLException">
      <![CDATA[java.sql.SQLException: SQL statement to execute cannot be empty or null
at oracle.jdbc.driver.OracleSql.initialize(OracleSql.java:126)
at oracle.jdbc.driver.OracleStatement.executeQuery(OracleStatement.java:1702)
at oracle.jdbc.driver.OracleStatementWrapper.executeQuery(OracleStatementWrapper.java:393)
at com.etl.common.database.DatabaseUtils.getColumnValues(DatabaseUtils.java:253)
at com.etl.common.database.DatabaseUtils.getDiffResultQueries(DatabaseUtils.java:236)
at com.etl.test.testscripts.TestCycIntf.CYCINTF_28__CYC_INTF___Checkvalue(TestCycIntf.java:654)
at java.base/jdk.internal.reflect.DirectMethodHandleAccessor.invoke(DirectMethodHandleAccessor.java:104)
at java.base/java.lang.reflect.Method.invoke(Method.java:578)
at org.testng.internal.MethodInvocationHelper.invokeMethod(MethodInvocationHelper.java:133)
at org.testng.internal.TestInvoker.invokeMethod(TestInvoker.java:598)
at org.testng.internal.TestInvoker.invokeTestMethod(TestInvoker.java:173)
at org.testng.internal.MethodRunner.runInSequence(MethodRunner.java:46)
at org.testng.internal.TestInvoker$MethodInvocationAgent.invoke(TestInvoker.java:824)
at org.testng.internal.TestInvoker.invokeTestMethods(TestInvoker.java:146)
at org.testng.internal.TestMethodWorker.invokeTestMethods(TestMethodWorker.java:146)
at org.testng.internal.TestMethodWorker.run(TestMethodWorker.java:128)
at java.base/java.util.ArrayList.forEach(ArrayList.java:1511)
at org.testng.TestRunner.privateRun(TestRunner.java:794)
at org.testng.TestRunner.run(TestRunner.java:596)
at org.testng.SuiteRunner.runTest(SuiteRunner.java:377)
at org.testng.SuiteRunner.runSequentially(SuiteRunner.java:371)
at org.testng.SuiteRunner.privateRun(SuiteRunner.java:332)
at org.testng.SuiteRunner.run(SuiteRunner.java:276)
at org.testng.SuiteRunnerWorker.runSuite(SuiteRunnerWorker.java:53)
at org.testng.SuiteRunnerWorker.run(SuiteRunnerWorker.java:96)
at org.testng.TestNG.runSuitesSequentially(TestNG.java:1212)
at org.testng.TestNG.runSuitesSequentially(TestNG.java:1207)
at org.testng.TestNG.runSuitesLocally(TestNG.java:1134)
at org.testng.TestNG.runSuites(TestNG.java:1063)
at org.testng.TestNG.run(TestNG.java:1031)
at org.testng.remote.AbstractRemoteTestNG.run(AbstractRemoteTestNG.java:115)
at org.testng.remote.RemoteTestNG.initAndRun(RemoteTestNG.java:251)
at org.testng.remote.RemoteTestNG.main(RemoteTestNG.java:77)
]]>
    </error>
  </testcase> <!-- CYCINTF_28__CYC_INTF___Checkvalue -->
  <system-out/>
  <testcase classname="com.etl.test.testscripts.TestCycIntf" name="CYCINTF_30__CYC_INTF__PCS_DT_Checkvalue" time="0.000">
    <error message="SQL statement to execute cannot be empty or null" type="java.sql.SQLException">
      <![CDATA[java.sql.SQLException: SQL statement to execute cannot be empty or null
at oracle.jdbc.driver.OracleSql.initialize(OracleSql.java:126)
at oracle.jdbc.driver.OracleStatement.executeQuery(OracleStatement.java:1702)
at oracle.jdbc.driver.OracleStatementWrapper.executeQuery(OracleStatementWrapper.java:393)
at com.etl.common.database.DatabaseUtils.getColumnValues(DatabaseUtils.java:253)
at com.etl.common.database.DatabaseUtils.getDiffResultQueries(DatabaseUtils.java:236)
at com.etl.test.testscripts.TestCycIntf.CYCINTF_30__CYC_INTF__PCS_DT_Checkvalue(TestCycIntf.java:700)
at java.base/jdk.internal.reflect.DirectMethodHandleAccessor.invoke(DirectMethodHandleAccessor.java:104)
at java.base/java.lang.reflect.Method.invoke(Method.java:578)
at org.testng.internal.MethodInvocationHelper.invokeMethod(MethodInvocationHelper.java:133)
at org.testng.internal.TestInvoker.invokeMethod(TestInvoker.java:598)
at org.testng.internal.TestInvoker.invokeTestMethod(TestInvoker.java:173)
at org.testng.internal.MethodRunner.runInSequence(MethodRunner.java:46)
at org.testng.internal.TestInvoker$MethodInvocationAgent.invoke(TestInvoker.java:824)
at org.testng.internal.TestInvoker.invokeTestMethods(TestInvoker.java:146)
at org.testng.internal.TestMethodWorker.invokeTestMethods(TestMethodWorker.java:146)
at org.testng.internal.TestMethodWorker.run(TestMethodWorker.java:128)
at java.base/java.util.ArrayList.forEach(ArrayList.java:1511)
at org.testng.TestRunner.privateRun(TestRunner.java:794)
at org.testng.TestRunner.run(TestRunner.java:596)
at org.testng.SuiteRunner.runTest(SuiteRunner.java:377)
at org.testng.SuiteRunner.runSequentially(SuiteRunner.java:371)
at org.testng.SuiteRunner.privateRun(SuiteRunner.java:332)
at org.testng.SuiteRunner.run(SuiteRunner.java:276)
at org.testng.SuiteRunnerWorker.runSuite(SuiteRunnerWorker.java:53)
at org.testng.SuiteRunnerWorker.run(SuiteRunnerWorker.java:96)
at org.testng.TestNG.runSuitesSequentially(TestNG.java:1212)
at org.testng.TestNG.runSuitesSequentially(TestNG.java:1207)
at org.testng.TestNG.runSuitesLocally(TestNG.java:1134)
at org.testng.TestNG.runSuites(TestNG.java:1063)
at org.testng.TestNG.run(TestNG.java:1031)
at org.testng.remote.AbstractRemoteTestNG.run(AbstractRemoteTestNG.java:115)
at org.testng.remote.RemoteTestNG.initAndRun(RemoteTestNG.java:251)
at org.testng.remote.RemoteTestNG.main(RemoteTestNG.java:77)
]]>
    </error>
  </testcase> <!-- CYCINTF_30__CYC_INTF__PCS_DT_Checkvalue -->
  <system-out/>
  <testcase classname="com.etl.test.testscripts.TestCycIntf" name="CYCINTF_34__CYC_INTF__CYC_STT_Updaterecorddata" time="0.000">
    <error message="SQL statement to execute cannot be empty or null" type="java.sql.SQLException">
      <![CDATA[java.sql.SQLException: SQL statement to execute cannot be empty or null
at oracle.jdbc.driver.OracleSql.initialize(OracleSql.java:126)
at oracle.jdbc.driver.OracleStatement.executeQuery(OracleStatement.java:1702)
at oracle.jdbc.driver.OracleStatementWrapper.executeQuery(OracleStatementWrapper.java:393)
at com.etl.common.database.DatabaseUtils.getColumnValues(DatabaseUtils.java:253)
at com.etl.common.database.DatabaseUtils.getDiffResultQueries(DatabaseUtils.java:236)
at com.etl.test.testscripts.TestCycIntf.CYCINTF_34__CYC_INTF__CYC_STT_Updaterecorddata(TestCycIntf.java:792)
at java.base/jdk.internal.reflect.DirectMethodHandleAccessor.invoke(DirectMethodHandleAccessor.java:104)
at java.base/java.lang.reflect.Method.invoke(Method.java:578)
at org.testng.internal.MethodInvocationHelper.invokeMethod(MethodInvocationHelper.java:133)
at org.testng.internal.TestInvoker.invokeMethod(TestInvoker.java:598)
at org.testng.internal.TestInvoker.invokeTestMethod(TestInvoker.java:173)
at org.testng.internal.MethodRunner.runInSequence(MethodRunner.java:46)
at org.testng.internal.TestInvoker$MethodInvocationAgent.invoke(TestInvoker.java:824)
at org.testng.internal.TestInvoker.invokeTestMethods(TestInvoker.java:146)
at org.testng.internal.TestMethodWorker.invokeTestMethods(TestMethodWorker.java:146)
at org.testng.internal.TestMethodWorker.run(TestMethodWorker.java:128)
at java.base/java.util.ArrayList.forEach(ArrayList.java:1511)
at org.testng.TestRunner.privateRun(TestRunner.java:794)
at org.testng.TestRunner.run(TestRunner.java:596)
at org.testng.SuiteRunner.runTest(SuiteRunner.java:377)
at org.testng.SuiteRunner.runSequentially(SuiteRunner.java:371)
at org.testng.SuiteRunner.privateRun(SuiteRunner.java:332)
at org.testng.SuiteRunner.run(SuiteRunner.java:276)
at org.testng.SuiteRunnerWorker.runSuite(SuiteRunnerWorker.java:53)
at org.testng.SuiteRunnerWorker.run(SuiteRunnerWorker.java:96)
at org.testng.TestNG.runSuitesSequentially(TestNG.java:1212)
at org.testng.TestNG.runSuitesSequentially(TestNG.java:1207)
at org.testng.TestNG.runSuitesLocally(TestNG.java:1134)
at org.testng.TestNG.runSuites(TestNG.java:1063)
at org.testng.TestNG.run(TestNG.java:1031)
at org.testng.remote.AbstractRemoteTestNG.run(AbstractRemoteTestNG.java:115)
at org.testng.remote.RemoteTestNG.initAndRun(RemoteTestNG.java:251)
at org.testng.remote.RemoteTestNG.main(RemoteTestNG.java:77)
]]>
    </error>
  </testcase> <!-- CYCINTF_34__CYC_INTF__CYC_STT_Updaterecorddata -->
  <system-out/>
  <testcase classname="com.etl.test.testscripts.TestCycIntf" name="CYCINTF_25__CYC_INTF__SRC_STM_NM_CheckValidity" time="0.001">
    <error message="SQL statement to execute cannot be empty or null" type="java.sql.SQLException">
      <![CDATA[java.sql.SQLException: SQL statement to execute cannot be empty or null
at oracle.jdbc.driver.OracleSql.initialize(OracleSql.java:126)
at oracle.jdbc.driver.OracleStatement.executeQuery(OracleStatement.java:1702)
at oracle.jdbc.driver.OracleStatementWrapper.executeQuery(OracleStatementWrapper.java:393)
at com.etl.common.database.DatabaseUtils.getColumnValues(DatabaseUtils.java:253)
at com.etl.common.database.DatabaseUtils.getDiffResultQueries(DatabaseUtils.java:236)
at com.etl.test.testscripts.TestCycIntf.CYCINTF_25__CYC_INTF__SRC_STM_NM_CheckValidity(TestCycIntf.java:585)
at java.base/jdk.internal.reflect.DirectMethodHandleAccessor.invoke(DirectMethodHandleAccessor.java:104)
at java.base/java.lang.reflect.Method.invoke(Method.java:578)
at org.testng.internal.MethodInvocationHelper.invokeMethod(MethodInvocationHelper.java:133)
at org.testng.internal.TestInvoker.invokeMethod(TestInvoker.java:598)
at org.testng.internal.TestInvoker.invokeTestMethod(TestInvoker.java:173)
at org.testng.internal.MethodRunner.runInSequence(MethodRunner.java:46)
at org.testng.internal.TestInvoker$MethodInvocationAgent.invoke(TestInvoker.java:824)
at org.testng.internal.TestInvoker.invokeTestMethods(TestInvoker.java:146)
at org.testng.internal.TestMethodWorker.invokeTestMethods(TestMethodWorker.java:146)
at org.testng.internal.TestMethodWorker.run(TestMethodWorker.java:128)
at java.base/java.util.ArrayList.forEach(ArrayList.java:1511)
at org.testng.TestRunner.privateRun(TestRunner.java:794)
at org.testng.TestRunner.run(TestRunner.java:596)
at org.testng.SuiteRunner.runTest(SuiteRunner.java:377)
at org.testng.SuiteRunner.runSequentially(SuiteRunner.java:371)
at org.testng.SuiteRunner.privateRun(SuiteRunner.java:332)
at org.testng.SuiteRunner.run(SuiteRunner.java:276)
at org.testng.SuiteRunnerWorker.runSuite(SuiteRunnerWorker.java:53)
at org.testng.SuiteRunnerWorker.run(SuiteRunnerWorker.java:96)
at org.testng.TestNG.runSuitesSequentially(TestNG.java:1212)
at org.testng.TestNG.runSuitesSequentially(TestNG.java:1207)
at org.testng.TestNG.runSuitesLocally(TestNG.java:1134)
at org.testng.TestNG.runSuites(TestNG.java:1063)
at org.testng.TestNG.run(TestNG.java:1031)
at org.testng.remote.AbstractRemoteTestNG.run(AbstractRemoteTestNG.java:115)
at org.testng.remote.RemoteTestNG.initAndRun(RemoteTestNG.java:251)
at org.testng.remote.RemoteTestNG.main(RemoteTestNG.java:77)
]]>
    </error>
  </testcase> <!-- CYCINTF_25__CYC_INTF__SRC_STM_NM_CheckValidity -->
  <system-out/>
  <testcase classname="com.etl.test.testscripts.TestCycIntf" name="CYCINTF_31__CYC_INTF__PCS_DT_Checkformat" time="0.000">
    <error message="SQL statement to execute cannot be empty or null" type="java.sql.SQLException">
      <![CDATA[java.sql.SQLException: SQL statement to execute cannot be empty or null
at oracle.jdbc.driver.OracleSql.initialize(OracleSql.java:126)
at oracle.jdbc.driver.OracleStatement.executeQuery(OracleStatement.java:1702)
at oracle.jdbc.driver.OracleStatementWrapper.executeQuery(OracleStatementWrapper.java:393)
at com.etl.common.database.DatabaseUtils.getColumnValues(DatabaseUtils.java:253)
at com.etl.common.database.DatabaseUtils.getDiffResultQueries(DatabaseUtils.java:236)
at com.etl.test.testscripts.TestCycIntf.CYCINTF_31__CYC_INTF__PCS_DT_Checkformat(TestCycIntf.java:723)
at java.base/jdk.internal.reflect.DirectMethodHandleAccessor.invoke(DirectMethodHandleAccessor.java:104)
at java.base/java.lang.reflect.Method.invoke(Method.java:578)
at org.testng.internal.MethodInvocationHelper.invokeMethod(MethodInvocationHelper.java:133)
at org.testng.internal.TestInvoker.invokeMethod(TestInvoker.java:598)
at org.testng.internal.TestInvoker.invokeTestMethod(TestInvoker.java:173)
at org.testng.internal.MethodRunner.runInSequence(MethodRunner.java:46)
at org.testng.internal.TestInvoker$MethodInvocationAgent.invoke(TestInvoker.java:824)
at org.testng.internal.TestInvoker.invokeTestMethods(TestInvoker.java:146)
at org.testng.internal.TestMethodWorker.invokeTestMethods(TestMethodWorker.java:146)
at org.testng.internal.TestMethodWorker.run(TestMethodWorker.java:128)
at java.base/java.util.ArrayList.forEach(ArrayList.java:1511)
at org.testng.TestRunner.privateRun(TestRunner.java:794)
at org.testng.TestRunner.run(TestRunner.java:596)
at org.testng.SuiteRunner.runTest(SuiteRunner.java:377)
at org.testng.SuiteRunner.runSequentially(SuiteRunner.java:371)
at org.testng.SuiteRunner.privateRun(SuiteRunner.java:332)
at org.testng.SuiteRunner.run(SuiteRunner.java:276)
at org.testng.SuiteRunnerWorker.runSuite(SuiteRunnerWorker.java:53)
at org.testng.SuiteRunnerWorker.run(SuiteRunnerWorker.java:96)
at org.testng.TestNG.runSuitesSequentially(TestNG.java:1212)
at org.testng.TestNG.runSuitesSequentially(TestNG.java:1207)
at org.testng.TestNG.runSuitesLocally(TestNG.java:1134)
at org.testng.TestNG.runSuites(TestNG.java:1063)
at org.testng.TestNG.run(TestNG.java:1031)
at org.testng.remote.AbstractRemoteTestNG.run(AbstractRemoteTestNG.java:115)
at org.testng.remote.RemoteTestNG.initAndRun(RemoteTestNG.java:251)
at org.testng.remote.RemoteTestNG.main(RemoteTestNG.java:77)
]]>
    </error>
  </testcase> <!-- CYCINTF_31__CYC_INTF__PCS_DT_Checkformat -->
  <system-out/>
  <testcase classname="com.etl.test.testscripts.TestCycIntf" name="CYCINTF_13__CYC_INTF___CheckUniqueness" time="0.001">
    <error message="SQL statement to execute cannot be empty or null" type="java.sql.SQLException">
      <![CDATA[java.sql.SQLException: SQL statement to execute cannot be empty or null
at oracle.jdbc.driver.OracleSql.initialize(OracleSql.java:126)
at oracle.jdbc.driver.OracleStatement.executeQuery(OracleStatement.java:1702)
at oracle.jdbc.driver.OracleStatementWrapper.executeQuery(OracleStatementWrapper.java:393)
at com.etl.common.database.DatabaseUtils.getColumnValues(DatabaseUtils.java:253)
at com.etl.common.database.DatabaseUtils.getDiffResultQueries(DatabaseUtils.java:236)
at com.etl.test.testscripts.TestCycIntf.CYCINTF_13__CYC_INTF___CheckUniqueness(TestCycIntf.java:307)
at java.base/jdk.internal.reflect.DirectMethodHandleAccessor.invoke(DirectMethodHandleAccessor.java:104)
at java.base/java.lang.reflect.Method.invoke(Method.java:578)
at org.testng.internal.MethodInvocationHelper.invokeMethod(MethodInvocationHelper.java:133)
at org.testng.internal.TestInvoker.invokeMethod(TestInvoker.java:598)
at org.testng.internal.TestInvoker.invokeTestMethod(TestInvoker.java:173)
at org.testng.internal.MethodRunner.runInSequence(MethodRunner.java:46)
at org.testng.internal.TestInvoker$MethodInvocationAgent.invoke(TestInvoker.java:824)
at org.testng.internal.TestInvoker.invokeTestMethods(TestInvoker.java:146)
at org.testng.internal.TestMethodWorker.invokeTestMethods(TestMethodWorker.java:146)
at org.testng.internal.TestMethodWorker.run(TestMethodWorker.java:128)
at java.base/java.util.ArrayList.forEach(ArrayList.java:1511)
at org.testng.TestRunner.privateRun(TestRunner.java:794)
at org.testng.TestRunner.run(TestRunner.java:596)
at org.testng.SuiteRunner.runTest(SuiteRunner.java:377)
at org.testng.SuiteRunner.runSequentially(SuiteRunner.java:371)
at org.testng.SuiteRunner.privateRun(SuiteRunner.java:332)
at org.testng.SuiteRunner.run(SuiteRunner.java:276)
at org.testng.SuiteRunnerWorker.runSuite(SuiteRunnerWorker.java:53)
at org.testng.SuiteRunnerWorker.run(SuiteRunnerWorker.java:96)
at org.testng.TestNG.runSuitesSequentially(TestNG.java:1212)
at org.testng.TestNG.runSuitesSequentially(TestNG.java:1207)
at org.testng.TestNG.runSuitesLocally(TestNG.java:1134)
at org.testng.TestNG.runSuites(TestNG.java:1063)
at org.testng.TestNG.run(TestNG.java:1031)
at org.testng.remote.AbstractRemoteTestNG.run(AbstractRemoteTestNG.java:115)
at org.testng.remote.RemoteTestNG.initAndRun(RemoteTestNG.java:251)
at org.testng.remote.RemoteTestNG.main(RemoteTestNG.java:77)
]]>
    </error>
  </testcase> <!-- CYCINTF_13__CYC_INTF___CheckUniqueness -->
  <system-out/>
  <testcase classname="com.etl.test.testscripts.TestCycIntf" name="CYCINTF_29__CYC_INTF___Checkvalidity" time="0.001">
    <error message="SQL statement to execute cannot be empty or null" type="java.sql.SQLException">
      <![CDATA[java.sql.SQLException: SQL statement to execute cannot be empty or null
at oracle.jdbc.driver.OracleSql.initialize(OracleSql.java:126)
at oracle.jdbc.driver.OracleStatement.executeQuery(OracleStatement.java:1702)
at oracle.jdbc.driver.OracleStatementWrapper.executeQuery(OracleStatementWrapper.java:393)
at com.etl.common.database.DatabaseUtils.getColumnValues(DatabaseUtils.java:253)
at com.etl.common.database.DatabaseUtils.getDiffResultQueries(DatabaseUtils.java:236)
at com.etl.test.testscripts.TestCycIntf.CYCINTF_29__CYC_INTF___Checkvalidity(TestCycIntf.java:677)
at java.base/jdk.internal.reflect.DirectMethodHandleAccessor.invoke(DirectMethodHandleAccessor.java:104)
at java.base/java.lang.reflect.Method.invoke(Method.java:578)
at org.testng.internal.MethodInvocationHelper.invokeMethod(MethodInvocationHelper.java:133)
at org.testng.internal.TestInvoker.invokeMethod(TestInvoker.java:598)
at org.testng.internal.TestInvoker.invokeTestMethod(TestInvoker.java:173)
at org.testng.internal.MethodRunner.runInSequence(MethodRunner.java:46)
at org.testng.internal.TestInvoker$MethodInvocationAgent.invoke(TestInvoker.java:824)
at org.testng.internal.TestInvoker.invokeTestMethods(TestInvoker.java:146)
at org.testng.internal.TestMethodWorker.invokeTestMethods(TestMethodWorker.java:146)
at org.testng.internal.TestMethodWorker.run(TestMethodWorker.java:128)
at java.base/java.util.ArrayList.forEach(ArrayList.java:1511)
at org.testng.TestRunner.privateRun(TestRunner.java:794)
at org.testng.TestRunner.run(TestRunner.java:596)
at org.testng.SuiteRunner.runTest(SuiteRunner.java:377)
at org.testng.SuiteRunner.runSequentially(SuiteRunner.java:371)
at org.testng.SuiteRunner.privateRun(SuiteRunner.java:332)
at org.testng.SuiteRunner.run(SuiteRunner.java:276)
at org.testng.SuiteRunnerWorker.runSuite(SuiteRunnerWorker.java:53)
at org.testng.SuiteRunnerWorker.run(SuiteRunnerWorker.java:96)
at org.testng.TestNG.runSuitesSequentially(TestNG.java:1212)
at org.testng.TestNG.runSuitesSequentially(TestNG.java:1207)
at org.testng.TestNG.runSuitesLocally(TestNG.java:1134)
at org.testng.TestNG.runSuites(TestNG.java:1063)
at org.testng.TestNG.run(TestNG.java:1031)
at org.testng.remote.AbstractRemoteTestNG.run(AbstractRemoteTestNG.java:115)
at org.testng.remote.RemoteTestNG.initAndRun(RemoteTestNG.java:251)
at org.testng.remote.RemoteTestNG.main(RemoteTestNG.java:77)
]]>
    </error>
  </testcase> <!-- CYCINTF_29__CYC_INTF___Checkvalidity -->
  <system-out/>
  <testcase classname="com.etl.test.testscripts.TestCycIntf" name="CYCINTF_37__CYC_INTF__EFF_FM_TMS_Updaterecorddata" time="0.000">
    <error message="SQL statement to execute cannot be empty or null" type="java.sql.SQLException">
      <![CDATA[java.sql.SQLException: SQL statement to execute cannot be empty or null
at oracle.jdbc.driver.OracleSql.initialize(OracleSql.java:126)
at oracle.jdbc.driver.OracleStatement.executeQuery(OracleStatement.java:1702)
at oracle.jdbc.driver.OracleStatementWrapper.executeQuery(OracleStatementWrapper.java:393)
at com.etl.common.database.DatabaseUtils.getColumnValues(DatabaseUtils.java:253)
at com.etl.common.database.DatabaseUtils.getDiffResultQueries(DatabaseUtils.java:236)
at com.etl.test.testscripts.TestCycIntf.CYCINTF_37__CYC_INTF__EFF_FM_TMS_Updaterecorddata(TestCycIntf.java:861)
at java.base/jdk.internal.reflect.DirectMethodHandleAccessor.invoke(DirectMethodHandleAccessor.java:104)
at java.base/java.lang.reflect.Method.invoke(Method.java:578)
at org.testng.internal.MethodInvocationHelper.invokeMethod(MethodInvocationHelper.java:133)
at org.testng.internal.TestInvoker.invokeMethod(TestInvoker.java:598)
at org.testng.internal.TestInvoker.invokeTestMethod(TestInvoker.java:173)
at org.testng.internal.MethodRunner.runInSequence(MethodRunner.java:46)
at org.testng.internal.TestInvoker$MethodInvocationAgent.invoke(TestInvoker.java:824)
at org.testng.internal.TestInvoker.invokeTestMethods(TestInvoker.java:146)
at org.testng.internal.TestMethodWorker.invokeTestMethods(TestMethodWorker.java:146)
at org.testng.internal.TestMethodWorker.run(TestMethodWorker.java:128)
at java.base/java.util.ArrayList.forEach(ArrayList.java:1511)
at org.testng.TestRunner.privateRun(TestRunner.java:794)
at org.testng.TestRunner.run(TestRunner.java:596)
at org.testng.SuiteRunner.runTest(SuiteRunner.java:377)
at org.testng.SuiteRunner.runSequentially(SuiteRunner.java:371)
at org.testng.SuiteRunner.privateRun(SuiteRunner.java:332)
at org.testng.SuiteRunner.run(SuiteRunner.java:276)
at org.testng.SuiteRunnerWorker.runSuite(SuiteRunnerWorker.java:53)
at org.testng.SuiteRunnerWorker.run(SuiteRunnerWorker.java:96)
at org.testng.TestNG.runSuitesSequentially(TestNG.java:1212)
at org.testng.TestNG.runSuitesSequentially(TestNG.java:1207)
at org.testng.TestNG.runSuitesLocally(TestNG.java:1134)
at org.testng.TestNG.runSuites(TestNG.java:1063)
at org.testng.TestNG.run(TestNG.java:1031)
at org.testng.remote.AbstractRemoteTestNG.run(AbstractRemoteTestNG.java:115)
at org.testng.remote.RemoteTestNG.initAndRun(RemoteTestNG.java:251)
at org.testng.remote.RemoteTestNG.main(RemoteTestNG.java:77)
]]>
    </error>
  </testcase> <!-- CYCINTF_37__CYC_INTF__EFF_FM_TMS_Updaterecorddata -->
  <system-out/>
  <testcase classname="com.etl.test.testscripts.TestCycIntf" name="CYCINTF_21__CYC_INTF__CRN_ROW_IND_CheckCompleteness" time="0.001">
    <error message="SQL statement to execute cannot be empty or null" type="java.sql.SQLException">
      <![CDATA[java.sql.SQLException: SQL statement to execute cannot be empty or null
at oracle.jdbc.driver.OracleSql.initialize(OracleSql.java:126)
at oracle.jdbc.driver.OracleStatement.executeQuery(OracleStatement.java:1702)
at oracle.jdbc.driver.OracleStatementWrapper.executeQuery(OracleStatementWrapper.java:393)
at com.etl.common.database.DatabaseUtils.getColumnValues(DatabaseUtils.java:253)
at com.etl.common.database.DatabaseUtils.getDiffResultQueries(DatabaseUtils.java:236)
at com.etl.test.testscripts.TestCycIntf.CYCINTF_21__CYC_INTF__CRN_ROW_IND_CheckCompleteness(TestCycIntf.java:491)
at java.base/jdk.internal.reflect.DirectMethodHandleAccessor.invoke(DirectMethodHandleAccessor.java:104)
at java.base/java.lang.reflect.Method.invoke(Method.java:578)
at org.testng.internal.MethodInvocationHelper.invokeMethod(MethodInvocationHelper.java:133)
at org.testng.internal.TestInvoker.invokeMethod(TestInvoker.java:598)
at org.testng.internal.TestInvoker.invokeTestMethod(TestInvoker.java:173)
at org.testng.internal.MethodRunner.runInSequence(MethodRunner.java:46)
at org.testng.internal.TestInvoker$MethodInvocationAgent.invoke(TestInvoker.java:824)
at org.testng.internal.TestInvoker.invokeTestMethods(TestInvoker.java:146)
at org.testng.internal.TestMethodWorker.invokeTestMethods(TestMethodWorker.java:146)
at org.testng.internal.TestMethodWorker.run(TestMethodWorker.java:128)
at java.base/java.util.ArrayList.forEach(ArrayList.java:1511)
at org.testng.TestRunner.privateRun(TestRunner.java:794)
at org.testng.TestRunner.run(TestRunner.java:596)
at org.testng.SuiteRunner.runTest(SuiteRunner.java:377)
at org.testng.SuiteRunner.runSequentially(SuiteRunner.java:371)
at org.testng.SuiteRunner.privateRun(SuiteRunner.java:332)
at org.testng.SuiteRunner.run(SuiteRunner.java:276)
at org.testng.SuiteRunnerWorker.runSuite(SuiteRunnerWorker.java:53)
at org.testng.SuiteRunnerWorker.run(SuiteRunnerWorker.java:96)
at org.testng.TestNG.runSuitesSequentially(TestNG.java:1212)
at org.testng.TestNG.runSuitesSequentially(TestNG.java:1207)
at org.testng.TestNG.runSuitesLocally(TestNG.java:1134)
at org.testng.TestNG.runSuites(TestNG.java:1063)
at org.testng.TestNG.run(TestNG.java:1031)
at org.testng.remote.AbstractRemoteTestNG.run(AbstractRemoteTestNG.java:115)
at org.testng.remote.RemoteTestNG.initAndRun(RemoteTestNG.java:251)
at org.testng.remote.RemoteTestNG.main(RemoteTestNG.java:77)
]]>
    </error>
  </testcase> <!-- CYCINTF_21__CYC_INTF__CRN_ROW_IND_CheckCompleteness -->
  <system-out/>
  <testcase classname="com.etl.test.testscripts.TestCycIntf" name="CYCINTF_32__CYC_INTF__CYC_CODE_Updaterecorddata" time="0.001">
    <error message="SQL statement to execute cannot be empty or null" type="java.sql.SQLException">
      <![CDATA[java.sql.SQLException: SQL statement to execute cannot be empty or null
at oracle.jdbc.driver.OracleSql.initialize(OracleSql.java:126)
at oracle.jdbc.driver.OracleStatement.executeQuery(OracleStatement.java:1702)
at oracle.jdbc.driver.OracleStatementWrapper.executeQuery(OracleStatementWrapper.java:393)
at com.etl.common.database.DatabaseUtils.getColumnValues(DatabaseUtils.java:253)
at com.etl.common.database.DatabaseUtils.getDiffResultQueries(DatabaseUtils.java:236)
at com.etl.test.testscripts.TestCycIntf.CYCINTF_32__CYC_INTF__CYC_CODE_Updaterecorddata(TestCycIntf.java:746)
at java.base/jdk.internal.reflect.DirectMethodHandleAccessor.invoke(DirectMethodHandleAccessor.java:104)
at java.base/java.lang.reflect.Method.invoke(Method.java:578)
at org.testng.internal.MethodInvocationHelper.invokeMethod(MethodInvocationHelper.java:133)
at org.testng.internal.TestInvoker.invokeMethod(TestInvoker.java:598)
at org.testng.internal.TestInvoker.invokeTestMethod(TestInvoker.java:173)
at org.testng.internal.MethodRunner.runInSequence(MethodRunner.java:46)
at org.testng.internal.TestInvoker$MethodInvocationAgent.invoke(TestInvoker.java:824)
at org.testng.internal.TestInvoker.invokeTestMethods(TestInvoker.java:146)
at org.testng.internal.TestMethodWorker.invokeTestMethods(TestMethodWorker.java:146)
at org.testng.internal.TestMethodWorker.run(TestMethodWorker.java:128)
at java.base/java.util.ArrayList.forEach(ArrayList.java:1511)
at org.testng.TestRunner.privateRun(TestRunner.java:794)
at org.testng.TestRunner.run(TestRunner.java:596)
at org.testng.SuiteRunner.runTest(SuiteRunner.java:377)
at org.testng.SuiteRunner.runSequentially(SuiteRunner.java:371)
at org.testng.SuiteRunner.privateRun(SuiteRunner.java:332)
at org.testng.SuiteRunner.run(SuiteRunner.java:276)
at org.testng.SuiteRunnerWorker.runSuite(SuiteRunnerWorker.java:53)
at org.testng.SuiteRunnerWorker.run(SuiteRunnerWorker.java:96)
at org.testng.TestNG.runSuitesSequentially(TestNG.java:1212)
at org.testng.TestNG.runSuitesSequentially(TestNG.java:1207)
at org.testng.TestNG.runSuitesLocally(TestNG.java:1134)
at org.testng.TestNG.runSuites(TestNG.java:1063)
at org.testng.TestNG.run(TestNG.java:1031)
at org.testng.remote.AbstractRemoteTestNG.run(AbstractRemoteTestNG.java:115)
at org.testng.remote.RemoteTestNG.initAndRun(RemoteTestNG.java:251)
at org.testng.remote.RemoteTestNG.main(RemoteTestNG.java:77)
]]>
    </error>
  </testcase> <!-- CYCINTF_32__CYC_INTF__CYC_CODE_Updaterecorddata -->
  <system-out/>
  <testcase classname="com.etl.test.testscripts.TestCycIntf" name="CYCINTF_18__CYC_INTF__SRC_STM_CODE_CheckCompleteness" time="0.000">
    <error message="SQL statement to execute cannot be empty or null" type="java.sql.SQLException">
      <![CDATA[java.sql.SQLException: SQL statement to execute cannot be empty or null
at oracle.jdbc.driver.OracleSql.initialize(OracleSql.java:126)
at oracle.jdbc.driver.OracleStatement.executeQuery(OracleStatement.java:1702)
at oracle.jdbc.driver.OracleStatementWrapper.executeQuery(OracleStatementWrapper.java:393)
at com.etl.common.database.DatabaseUtils.getColumnValues(DatabaseUtils.java:253)
at com.etl.common.database.DatabaseUtils.getDiffResultQueries(DatabaseUtils.java:236)
at com.etl.test.testscripts.TestCycIntf.CYCINTF_18__CYC_INTF__SRC_STM_CODE_CheckCompleteness(TestCycIntf.java:422)
at java.base/jdk.internal.reflect.DirectMethodHandleAccessor.invoke(DirectMethodHandleAccessor.java:104)
at java.base/java.lang.reflect.Method.invoke(Method.java:578)
at org.testng.internal.MethodInvocationHelper.invokeMethod(MethodInvocationHelper.java:133)
at org.testng.internal.TestInvoker.invokeMethod(TestInvoker.java:598)
at org.testng.internal.TestInvoker.invokeTestMethod(TestInvoker.java:173)
at org.testng.internal.MethodRunner.runInSequence(MethodRunner.java:46)
at org.testng.internal.TestInvoker$MethodInvocationAgent.invoke(TestInvoker.java:824)
at org.testng.internal.TestInvoker.invokeTestMethods(TestInvoker.java:146)
at org.testng.internal.TestMethodWorker.invokeTestMethods(TestMethodWorker.java:146)
at org.testng.internal.TestMethodWorker.run(TestMethodWorker.java:128)
at java.base/java.util.ArrayList.forEach(ArrayList.java:1511)
at org.testng.TestRunner.privateRun(TestRunner.java:794)
at org.testng.TestRunner.run(TestRunner.java:596)
at org.testng.SuiteRunner.runTest(SuiteRunner.java:377)
at org.testng.SuiteRunner.runSequentially(SuiteRunner.java:371)
at org.testng.SuiteRunner.privateRun(SuiteRunner.java:332)
at org.testng.SuiteRunner.run(SuiteRunner.java:276)
at org.testng.SuiteRunnerWorker.runSuite(SuiteRunnerWorker.java:53)
at org.testng.SuiteRunnerWorker.run(SuiteRunnerWorker.java:96)
at org.testng.TestNG.runSuitesSequentially(TestNG.java:1212)
at org.testng.TestNG.runSuitesSequentially(TestNG.java:1207)
at org.testng.TestNG.runSuitesLocally(TestNG.java:1134)
at org.testng.TestNG.runSuites(TestNG.java:1063)
at org.testng.TestNG.run(TestNG.java:1031)
at org.testng.remote.AbstractRemoteTestNG.run(AbstractRemoteTestNG.java:115)
at org.testng.remote.RemoteTestNG.initAndRun(RemoteTestNG.java:251)
at org.testng.remote.RemoteTestNG.main(RemoteTestNG.java:77)
]]>
    </error>
  </testcase> <!-- CYCINTF_18__CYC_INTF__SRC_STM_CODE_CheckCompleteness -->
  <system-out/>
  <testcase classname="com.etl.test.testscripts.TestCycIntf" name="CYCINTF_39__CYC_INTF_Deleterecorddata" time="0.001">
    <error message="SQL statement to execute cannot be empty or null" type="java.sql.SQLException">
      <![CDATA[java.sql.SQLException: SQL statement to execute cannot be empty or null
at oracle.jdbc.driver.OracleSql.initialize(OracleSql.java:126)
at oracle.jdbc.driver.OracleStatement.executeQuery(OracleStatement.java:1702)
at oracle.jdbc.driver.OracleStatementWrapper.executeQuery(OracleStatementWrapper.java:393)
at com.etl.common.database.DatabaseUtils.getColumnValues(DatabaseUtils.java:253)
at com.etl.common.database.DatabaseUtils.getDiffResultQueries(DatabaseUtils.java:236)
at com.etl.test.testscripts.TestCycIntf.CYCINTF_39__CYC_INTF_Deleterecorddata(TestCycIntf.java:908)
at java.base/jdk.internal.reflect.DirectMethodHandleAccessor.invoke(DirectMethodHandleAccessor.java:104)
at java.base/java.lang.reflect.Method.invoke(Method.java:578)
at org.testng.internal.MethodInvocationHelper.invokeMethod(MethodInvocationHelper.java:133)
at org.testng.internal.TestInvoker.invokeMethod(TestInvoker.java:598)
at org.testng.internal.TestInvoker.invokeTestMethod(TestInvoker.java:173)
at org.testng.internal.MethodRunner.runInSequence(MethodRunner.java:46)
at org.testng.internal.TestInvoker$MethodInvocationAgent.invoke(TestInvoker.java:824)
at org.testng.internal.TestInvoker.invokeTestMethods(TestInvoker.java:146)
at org.testng.internal.TestMethodWorker.invokeTestMethods(TestMethodWorker.java:146)
at org.testng.internal.TestMethodWorker.run(TestMethodWorker.java:128)
at java.base/java.util.ArrayList.forEach(ArrayList.java:1511)
at org.testng.TestRunner.privateRun(TestRunner.java:794)
at org.testng.TestRunner.run(TestRunner.java:596)
at org.testng.SuiteRunner.runTest(SuiteRunner.java:377)
at org.testng.SuiteRunner.runSequentially(SuiteRunner.java:371)
at org.testng.SuiteRunner.privateRun(SuiteRunner.java:332)
at org.testng.SuiteRunner.run(SuiteRunner.java:276)
at org.testng.SuiteRunnerWorker.runSuite(SuiteRunnerWorker.java:53)
at org.testng.SuiteRunnerWorker.run(SuiteRunnerWorker.java:96)
at org.testng.TestNG.runSuitesSequentially(TestNG.java:1212)
at org.testng.TestNG.runSuitesSequentially(TestNG.java:1207)
at org.testng.TestNG.runSuitesLocally(TestNG.java:1134)
at org.testng.TestNG.runSuites(TestNG.java:1063)
at org.testng.TestNG.run(TestNG.java:1031)
at org.testng.remote.AbstractRemoteTestNG.run(AbstractRemoteTestNG.java:115)
at org.testng.remote.RemoteTestNG.initAndRun(RemoteTestNG.java:251)
at org.testng.remote.RemoteTestNG.main(RemoteTestNG.java:77)
]]>
    </error>
  </testcase> <!-- CYCINTF_39__CYC_INTF_Deleterecorddata -->
  <system-out/>
  <testcase classname="com.etl.test.testscripts.TestCycIntf" name="CYCINTF_16__CYC_INTF__PCS_DT_CheckCompleteness" time="0.001">
    <error message="SQL statement to execute cannot be empty or null" type="java.sql.SQLException">
      <![CDATA[java.sql.SQLException: SQL statement to execute cannot be empty or null
at oracle.jdbc.driver.OracleSql.initialize(OracleSql.java:126)
at oracle.jdbc.driver.OracleStatement.executeQuery(OracleStatement.java:1702)
at oracle.jdbc.driver.OracleStatementWrapper.executeQuery(OracleStatementWrapper.java:393)
at com.etl.common.database.DatabaseUtils.getColumnValues(DatabaseUtils.java:253)
at com.etl.common.database.DatabaseUtils.getDiffResultQueries(DatabaseUtils.java:236)
at com.etl.test.testscripts.TestCycIntf.CYCINTF_16__CYC_INTF__PCS_DT_CheckCompleteness(TestCycIntf.java:376)
at java.base/jdk.internal.reflect.DirectMethodHandleAccessor.invoke(DirectMethodHandleAccessor.java:104)
at java.base/java.lang.reflect.Method.invoke(Method.java:578)
at org.testng.internal.MethodInvocationHelper.invokeMethod(MethodInvocationHelper.java:133)
at org.testng.internal.TestInvoker.invokeMethod(TestInvoker.java:598)
at org.testng.internal.TestInvoker.invokeTestMethod(TestInvoker.java:173)
at org.testng.internal.MethodRunner.runInSequence(MethodRunner.java:46)
at org.testng.internal.TestInvoker$MethodInvocationAgent.invoke(TestInvoker.java:824)
at org.testng.internal.TestInvoker.invokeTestMethods(TestInvoker.java:146)
at org.testng.internal.TestMethodWorker.invokeTestMethods(TestMethodWorker.java:146)
at org.testng.internal.TestMethodWorker.run(TestMethodWorker.java:128)
at java.base/java.util.ArrayList.forEach(ArrayList.java:1511)
at org.testng.TestRunner.privateRun(TestRunner.java:794)
at org.testng.TestRunner.run(TestRunner.java:596)
at org.testng.SuiteRunner.runTest(SuiteRunner.java:377)
at org.testng.SuiteRunner.runSequentially(SuiteRunner.java:371)
at org.testng.SuiteRunner.privateRun(SuiteRunner.java:332)
at org.testng.SuiteRunner.run(SuiteRunner.java:276)
at org.testng.SuiteRunnerWorker.runSuite(SuiteRunnerWorker.java:53)
at org.testng.SuiteRunnerWorker.run(SuiteRunnerWorker.java:96)
at org.testng.TestNG.runSuitesSequentially(TestNG.java:1212)
at org.testng.TestNG.runSuitesSequentially(TestNG.java:1207)
at org.testng.TestNG.runSuitesLocally(TestNG.java:1134)
at org.testng.TestNG.runSuites(TestNG.java:1063)
at org.testng.TestNG.run(TestNG.java:1031)
at org.testng.remote.AbstractRemoteTestNG.run(AbstractRemoteTestNG.java:115)
at org.testng.remote.RemoteTestNG.initAndRun(RemoteTestNG.java:251)
at org.testng.remote.RemoteTestNG.main(RemoteTestNG.java:77)
]]>
    </error>
  </testcase> <!-- CYCINTF_16__CYC_INTF__PCS_DT_CheckCompleteness -->
  <system-out/>
</testsuite> <!-- com.etl.test.testscripts.TestCycIntf -->
